Removed Pin From Net: NetName=3.3 V Pin=L3-2
Removed Pin From Net: NetName=GND Pin=U8-3
Removed Member From Class: ClassName=Sheet4 Member=C44
Removed Member From Class: ClassName=Sheet2 Member=L3
Removed Member From Class: ClassName=Sheet2 Member=U8
Change Component Designator: OldDesignator=C7 NewDesignator=C6
Change Component Designator: OldDesignator=C8 NewDesignator=C7
Change Component Designator: OldDesignator=C9 NewDesignator=C8
Change Component Designator: OldDesignator=C10 NewDesignator=C9
Change Component Designator: OldDesignator=C11 NewDesignator=C10
Change Component Designator: OldDesignator=C12 NewDesignator=C11
Change Component Designator: OldDesignator=C13 NewDesignator=C12
Change Component Designator: OldDesignator=C14 NewDesignator=C13
Change Component Designator: OldDesignator=C15 NewDesignator=C14
Change Component Designator: OldDesignator=C16 NewDesignator=C15
Change Component Designator: OldDesignator=C17 NewDesignator=C16
Change Component Designator: OldDesignator=C18 NewDesignator=C17
Change Component Designator: OldDesignator=C19 NewDesignator=C18
Change Component Designator: OldDesignator=C20 NewDesignator=C19
Change Component Designator: OldDesignator=C21 NewDesignator=C20
Change Component Designator: OldDesignator=C22 NewDesignator=C21
Change Component Designator: OldDesignator=C23 NewDesignator=C22
Change Component Designator: OldDesignator=C24 NewDesignator=C23
Change Component Designator: OldDesignator=C25 NewDesignator=C24
Change Component Designator: OldDesignator=C26 NewDesignator=C25
Change Component Designator: OldDesignator=C27 NewDesignator=C26
Change Component Designator: OldDesignator=C28 NewDesignator=C27
Change Component Designator: OldDesignator=C29 NewDesignator=C28
Change Component Designator: OldDesignator=C31 NewDesignator=C29
Change Component Designator: OldDesignator=C32 NewDesignator=C30
Change Component Designator: OldDesignator=C34 NewDesignator=C41
Change Component Designator: OldDesignator=C35 NewDesignator=C32
Change Component Designator: OldDesignator=C36 NewDesignator=C42
Change Component Designator: OldDesignator=C37 NewDesignator=C33
Change Component Designator: OldDesignator=C38 NewDesignator=C34
Change Component Designator: OldDesignator=C39 NewDesignator=C35
Change Component Designator: OldDesignator=C40 NewDesignator=C36
Change Component Designator: OldDesignator=C41 NewDesignator=C37
Change Component Designator: OldDesignator=C42 NewDesignator=C38
Change Component Designator: OldDesignator=C43 NewDesignator=C39
Change Component Designator: OldDesignator=C44 NewDesignator=C40
Change Component Designator: OldDesignator=D5 NewDesignator=D4
Change Component Designator: OldDesignator=D7 NewDesignator=D5
Change Component Designator: OldDesignator=D8 NewDesignator=D6
Change Component Designator: OldDesignator=D9 NewDesignator=D7
Change Component Designator: OldDesignator=D10 NewDesignator=D8
Change Component Designator: OldDesignator=D11 NewDesignator=D9
Change Component Designator: OldDesignator=D12 NewDesignator=D10
Change Component Designator: OldDesignator=D13 NewDesignator=D11
Change Component Designator: OldDesignator=R17 NewDesignator=R27
Change Component Designator: OldDesignator=R18 NewDesignator=R31
Change Component Designator: OldDesignator=R21 NewDesignator=R17
Change Component Designator: OldDesignator=R22 NewDesignator=R18
Change Component Designator: OldDesignator=R23 NewDesignator=R21
Change Component Designator: OldDesignator=R24 NewDesignator=R22
Change Component Designator: OldDesignator=R25 NewDesignator=R23
Change Component Designator: OldDesignator=R26 NewDesignator=R24
Change Component Designator: OldDesignator=R27 NewDesignator=R25
Change Component Designator: OldDesignator=R28 NewDesignator=R26
Change Component Designator: OldDesignator=R29 NewDesignator=R28
Change Component Designator: OldDesignator=R30 NewDesignator=R29
Change Component Designator: OldDesignator=R31 NewDesignator=R30
Change Component Designator: OldDesignator=R33 NewDesignator=R52
Change Component Designator: OldDesignator=R34 NewDesignator=R33
Change Component Designator: OldDesignator=R37 NewDesignator=R38
Change Component Designator: OldDesignator=R38 NewDesignator=R50
Change Component Designator: OldDesignator=R39 NewDesignator=R51
Change Component Designator: OldDesignator=R40 NewDesignator=R39
Change Component Designator: OldDesignator=R41 NewDesignator=R40
Change Component Designator: OldDesignator=R42 NewDesignator=R41
Change Component Designator: OldDesignator=R43 NewDesignator=R53
Change Component Designator: OldDesignator=R44 NewDesignator=R54
Change Component Designator: OldDesignator=R45 NewDesignator=R46
Change Component Designator: OldDesignator=R46 NewDesignator=R47
Change Component Designator: OldDesignator=R47 NewDesignator=R48
Change Component Designator: OldDesignator=R48 NewDesignator=R49
Change Component Designator: OldDesignator=R49 NewDesignator=R42
Change Component Designator: OldDesignator=R50 NewDesignator=R43
Change Component Designator: OldDesignator=R51 NewDesignator=R44
Change Component Designator: OldDesignator=R52 NewDesignator=R45
Change Component Designator: OldDesignator=SW2 NewDesignator=SW3
Change Component Designator: OldDesignator=SW3 NewDesignator=SW2
Change Component Designator: OldDesignator=U6 NewDesignator=U5
Change Component Designator: OldDesignator=U7 NewDesignator=U6
Change Component Designator: OldDesignator=U10 NewDesignator=U12
Change Component Designator: OldDesignator=U11 NewDesignator=U8
Change Component Designator: OldDesignator=U12 NewDesignator=U10
Change Component Designator: OldDesignator=U14 NewDesignator=U11
Change Component Designator: OldDesignator=X7 NewDesignator=X6
Change Component Designator: OldDesignator=X8 NewDesignator=X10
Change Component Designator: OldDesignator=X9 NewDesignator=X7
Change Component Designator: OldDesignator=X10 NewDesignator=X8
Change Component Designator: OldDesignator=X12 NewDesignator=X9
Added Component: Designator=C31(CAP_0603)
Add component. Clean all parameters for all variants
Add component (AddParameter): Name = "ChipDip"; Value = ""; VariantName = "[No Variations]"
Add component (AddParameter): Name = "Type"; Value = "CAP_CERAMIC"; VariantName = "[No Variations]"
Add component (AddParameter): Name = "Value"; Value = "0,1 לך"; VariantName = "[No Variations]"
Added Component: Designator=R19(RES_0603)
Add component. Clean all parameters for all variants
Add component (AddParameter): Name = "ChipDip"; Value = ""; VariantName = "[No Variations]"
Add component (AddParameter): Name = "Type"; Value = "RESISTOR"; VariantName = "[No Variations]"
Add component (AddParameter): Name = "Value"; Value = "4,7 ך"; VariantName = "[No Variations]"
Added Component: Designator=R20(RES_0603)
Add component. Clean all parameters for all variants
Add component (AddParameter): Name = "ChipDip"; Value = ""; VariantName = "[No Variations]"
Add component (AddParameter): Name = "Type"; Value = "RESISTOR"; VariantName = "[No Variations]"
Add component (AddParameter): Name = "Value"; Value = "4,7 ך"; VariantName = "[No Variations]"
Added Component: Designator=R34(RES_0603)
Add component. Clean all parameters for all variants
Add component (AddParameter): Name = "ChipDip"; Value = ""; VariantName = "[No Variations]"
Add component (AddParameter): Name = "Type"; Value = "RESISTOR"; VariantName = "[No Variations]"
Add component (AddParameter): Name = "Value"; Value = "10 ך"; VariantName = "[No Variations]"
Added Component: Designator=R37(RES_0603)
Add component. Clean all parameters for all variants
Add component (AddParameter): Name = "ChipDip"; Value = "9000079731"; VariantName = "[No Variations]"
Add component (AddParameter): Name = "Type"; Value = "RESISTOR"; VariantName = "[No Variations]"
Add component (AddParameter): Name = "Value"; Value = "6,2 ך"; VariantName = "[No Variations]"
Added Component: Designator=U7(TI-DBV6_M)
Add component. Clean all parameters for all variants
Add component (AddParameter): Name = "ChipDip"; Value = "2502826194"; VariantName = "[No Variations]"
Add component (AddParameter): Name = "ComponentLink1Description"; Value = "Manufacturer URL"; VariantName = "[No Variations]"
Add component (AddParameter): Name = "ComponentLink1URL"; Value = "http://www.ti.com/"; VariantName = "[No Variations]"
Add component (AddParameter): Name = "ComponentLink2Description"; Value = "Datasheet"; VariantName = "[No Variations]"
Add component (AddParameter): Name = "ComponentLink2URL"; Value = "http://www.ti.com/general/docs/lit/getliterature.tsp?genericPartNumber=ADS1110&fileType=pdf"; VariantName = "[No Variations]"
Add component (AddParameter): Name = "ComponentLink3Description"; Value = "Package Specification"; VariantName = "[No Variations]"
Add component (AddParameter): Name = "ComponentLink3URL"; Value = "http://www.ti.com/litv/pdf/mpds026h"; VariantName = "[No Variations]"
Add component (AddParameter): Name = "Model"; Value = "ADS1110A0IDBVR"; VariantName = "[No Variations]"
Add component (AddParameter): Name = "Type"; Value = "IC"; VariantName = "[No Variations]"
Added Pin To Net: NetName=3.3 V Pin=C16-1
Added Pin To Net: NetName=3.3 V Pin=C18-1
Added Pin To Net: NetName=3.3 V Pin=C20-1
Added Pin To Net: NetName=3.3 V Pin=C27-1
Added Pin To Net: NetName=3.3 V Pin=C31-1
Added Pin To Net: NetName=GND Pin=C31-2
Added Pin To Net: NetName=3.3 V Pin=R19-2
Added Pin To Net: NetName=3.3 V Pin=R20-2
Added Pin To Net: NetName=GND Pin=R34-1
Added Pin To Net: NetName=3.3 V Pin=U5-21
Added Pin To Net: NetName=3.3 V Pin=U5-22
Added Pin To Net: NetName=GND Pin=U7-2
Added Pin To Net: NetName=3.3 V Pin=U7-5
Added Pin To Net: NetName=GND Pin=U7-6
Change Net Name : Old Net Name=NetC7_1 New Net Name=NetC6_1
Change Net Name : Old Net Name=NetC7_2 New Net Name=NetC6_2
Change Net Name : Old Net Name=NetC8_1 New Net Name=NetC7_1
Change Net Name : Old Net Name=NetC9_1 New Net Name=NetC8_1
Change Net Name : Old Net Name=NetC40_1 New Net Name=NetC36_1
Change Net Name : Old Net Name=NetC40_2 New Net Name=NetC36_2
Change Net Name : Old Net Name=NetD5_A New Net Name=NetD4_A
Change Net Name : Old Net Name=NetD7_1 New Net Name=NetD5_1
Change Net Name : Old Net Name=NetD7_2 New Net Name=NetD5_2
Change Net Name : Old Net Name=NetD7_3 New Net Name=NetD5_3
Change Net Name : Old Net Name=NetD8_A New Net Name=NetD6_A
Change Net Name : Old Net Name=NetD9_A New Net Name=NetD7_A
Change Net Name : Old Net Name=NetD10_A New Net Name=NetD8_A
Change Net Name : Old Net Name=NetD11_K New Net Name=NetD9_K
Change Net Name : Old Net Name=NetD12_A New Net Name=NetD10_A
Change Net Name : Old Net Name=NetD13_A New Net Name=NetD11_A
Change Net Name : Old Net Name=NetR17_1 New Net Name=NetR27_1
Change Net Name : Old Net Name=NetR18_1 New Net Name=NetR31_1
Change Net Name : Old Net Name=NetR24_2 New Net Name=NetR22_2
Change Net Name : Old Net Name=NetR30_1 New Net Name=NetR29_1
Change Net Name : Old Net Name=NetR33_2 New Net Name=NetR52_2
Change Net Name : Old Net Name=NetR40_2 New Net Name=NetR39_2
Change Net Name : Old Net Name=NetR41_2 New Net Name=NetR40_2
Change Net Name : Old Net Name=NetR44_1 New Net Name=NetR54_1
Change Net Name : Old Net Name=NetR44_2 New Net Name=NetR54_2
Change Net Name : Old Net Name=NetR45_2 New Net Name=NetR46_2
Change Net Name : Old Net Name=NetR48_1 New Net Name=NetR49_1
Change Net Name : Old Net Name=NetR48_2 New Net Name=NetR49_2
Added Pin To Net: NetName=I2C_3_SCL Pin=R19-1
Added Pin To Net: NetName=I2C_3_SCL Pin=U5-67
Added Pin To Net: NetName=I2C_3_SCL Pin=U7-3
Added Net: Name=I2C_3_SCL
Added Pin To Net: NetName=I2C_3_SDA Pin=R20-1
Added Pin To Net: NetName=I2C_3_SDA Pin=U5-66
Added Pin To Net: NetName=I2C_3_SDA Pin=U7-4
Added Net: Name=I2C_3_SDA
Added Pin To Net: NetName=NetR34_2 Pin=R34-2
Added Pin To Net: NetName=NetR34_2 Pin=R37-2
Added Pin To Net: NetName=NetR34_2 Pin=U7-1
Added Net: Name=NetR34_2
Added Pin To Net: NetName=NetR37_1 Pin=R37-1
Added Pin To Net: NetName=NetR37_1 Pin=U9-5
Added Pin To Net: NetName=NetR37_1 Pin=U9-6
Added Net: Name=NetR37_1
Added Member To Class: ClassName=Sheet4 Member=Component C31 0,1 לך
Added Member To Class: ClassName=Sheet4 Member=Component C41 10 לך
Added Member To Class: ClassName=Sheet2 Member=Component R19 4,7 ך
Added Member To Class: ClassName=Sheet2 Member=Component R20 4,7 ך
Added Member To Class: ClassName=Sheet4 Member=Component R53 10 ך
Added Member To Class: ClassName=Sheet4 Member=Component R54 100
Added Member To Class: ClassName=Sheet4 Member=Component U7 ADS1110A0IDBVR
