Removed Pin From Net: NetName=MODBUS_DERE Pin=U6-25
Removed Pin From Net: NetName=EM_STOP_PIN Pin=U6-26
Removed Pin From Net: NetName=SPI_2_SCK Pin=U6-52
Removed Pin From Net: NetName=SPI_2_MISO Pin=U6-53
Removed Pin From Net: NetName=SPI_2_MOSI Pin=U6-54
Removed Pin From Net: NetName=FLASH_WP Pin=U6-55
Removed Pin From Net: NetName=FLASH_CS Pin=U6-56
Removed Pin From Net: NetName=OC_0 Pin=U6-57
Removed Pin From Net: NetName=OC_1 Pin=U6-58
Removed Pin From Net: NetName=OC_2 Pin=U6-59
Removed Pin From Net: NetName=OC_3 Pin=U6-60
Removed Pin From Net: NetName=LED_B Pin=U6-64
Removed Pin From Net: NetName=LED_G Pin=U6-65
Removed Pin From Net: NetName=LED_R Pin=U6-66
Removed Pin From Net: NetName=EXT_MCU_COCK Pin=U6-77
Removed Pin From Net: NetName=EXT_MCU_SYNC Pin=U6-78
Removed Pin From Net: NetName=EXT_MCU_STOP Pin=U6-79
Removed Pin From Net: NetName=CAN_1_RX Pin=U6-81
Removed Pin From Net: NetName=CAN_1_TX Pin=U6-82
Removed Pin From Net: NetName=SUPPLY_INT Pin=U6-88
Removed Pin From Net: NetName=BUZZ_PWM Pin=U6-90
Removed Pin From Net: NetName=CAN_2_RX Pin=U6-91
Removed Pin From Net: NetName=CAN_2_TX Pin=U6-92
Removed Pin From Net: NetName=I2C_1_SDA Pin=U6-93
Removed Pin From Net: NetName=I2C_1_SCL Pin=U6-95
