Removed Pin From Net: NetName=GND Pin=C34-1
Removed Pin From Net: NetName=GND Pin=C34-2
Removed Pin From Net: NetName=GND Pin=C35-1
Removed Pin From Net: NetName=GND Pin=C35-2
Removed Member From Class: ClassName=Sheet4 Member=C45
Removed Member From Class: ClassName=Sheet4 Member=C46
Change Component Designator: OldDesignator=C36 NewDesignator=C34
Change Component Designator: OldDesignator=C37 NewDesignator=C35
Change Component Designator: OldDesignator=C38 NewDesignator=C36
Change Component Designator: OldDesignator=C39 NewDesignator=C37
Change Component Designator: OldDesignator=C40 NewDesignator=C38
Change Component Designator: OldDesignator=C41 NewDesignator=C39
Change Component Designator: OldDesignator=C42 NewDesignator=C40
Change Component Designator: OldDesignator=C43 NewDesignator=C41
Change Component Designator: OldDesignator=C44 NewDesignator=C42
Change Component Designator: OldDesignator=C45 NewDesignator=C43
Change Component Designator: OldDesignator=C46 NewDesignator=C44
Change Component Designator: OldDesignator=D5 NewDesignator=D6
Change Component Designator: OldDesignator=D6 NewDesignator=D5
Change Component Designator: OldDesignator=X11 NewDesignator=X12
Change Component Designator: OldDesignator=X12 NewDesignator=X11
Change Net Name : Old Net Name=NetC42_1 New Net Name=NetC40_1
Change Net Name : Old Net Name=NetC42_2 New Net Name=NetC40_2
Change Net Name : Old Net Name=NetD5_A New Net Name=NetD6_A
Change Net Name : Old Net Name=NetD5_K New Net Name=NetD6_K
Change Net Name : Old Net Name=NetD6_A New Net Name=NetD5_A
