Change Component Designator: Old Designator=C12 New Designator=C11
Change Component Designator: Old Designator=C13 New Designator=C12
Change Component Designator: Old Designator=C14 New Designator=C13
Change Component Designator: Old Designator=C15 New Designator=C14
Change Component Designator: Old Designator=C16 New Designator=C15
Change Component Designator: Old Designator=C17 New Designator=C16
Change Component Designator: Old Designator=C18 New Designator=C17
Change Component Designator: Old Designator=C19 New Designator=C18
Change Component Designator: Old Designator=C20 New Designator=C19
Change Component Designator: Old Designator=C21 New Designator=C20
Change Component Designator: Old Designator=C22 New Designator=C21
Change Component Designator: Old Designator=C23 New Designator=C22
Change Component Designator: Old Designator=C24 New Designator=C23
Change Component Designator: Old Designator=C25 New Designator=C24
Change Component Designator: Old Designator=C26 New Designator=C25
Change Component Designator: Old Designator=C27 New Designator=C26
Change Component Designator: Old Designator=C28 New Designator=C27
Change Component Designator: Old Designator=C29 New Designator=C28
Change Component Designator: Old Designator=C31 New Designator=C29
Change Component Designator: Old Designator=C32 New Designator=C30
Change Component Designator: Old Designator=D5 New Designator=D4
Change Component Designator: Old Designator=D7 New Designator=D5
Change Component Designator: Old Designator=R17 New Designator=R27
Change Component Designator: Old Designator=R18 New Designator=R31
Change Component Designator: Old Designator=R21 New Designator=R17
Change Component Designator: Old Designator=R22 New Designator=R18
Change Component Designator: Old Designator=R23 New Designator=R21
Change Component Designator: Old Designator=R24 New Designator=R22
Change Component Designator: Old Designator=R25 New Designator=R23
Change Component Designator: Old Designator=R26 New Designator=R24
Change Component Designator: Old Designator=R27 New Designator=R25
Change Component Designator: Old Designator=R28 New Designator=R26
Change Component Designator: Old Designator=R29 New Designator=R28
Change Component Designator: Old Designator=R30 New Designator=R29
Change Component Designator: Old Designator=R31 New Designator=R30
Change Component Designator: Old Designator=R? New Designator=R19
Change Component Designator: Old Designator=R? New Designator=R20
Change Component Designator: Old Designator=SW2 New Designator=SW3
Change Component Designator: Old Designator=SW3 New Designator=SW2
Change Component Designator: Old Designator=U6 New Designator=U5
Change Component Designator: Old Designator=U6 New Designator=U5
Change Component Designator: Old Designator=U7 New Designator=U6
Change Component Designator: Old Designator=X7 New Designator=X6
