Removed Pin From Net: NetName=NetK1_4 Pin=VD5-A
Removed Member From Class: ClassName=Sheet1 Member=VD7
Change Component Designator: OldDesignator=D2 NewDesignator=D3
Change Component Designator: OldDesignator=D3 NewDesignator=D4
Change Component Designator: OldDesignator=D4 NewDesignator=D5
Change Component Designator: OldDesignator=D5 NewDesignator=D6
Change Component Designator: OldDesignator=D6 NewDesignator=D7
Change Component Designator: OldDesignator=D7 NewDesignator=D8
Change Component Designator: OldDesignator=D8 NewDesignator=D9
Change Component Designator: OldDesignator=D9 NewDesignator=D10
Change Component Designator: OldDesignator=D10 NewDesignator=D11
Change Component Designator: OldDesignator=D11 NewDesignator=D12
Change Component Designator: OldDesignator=D12 NewDesignator=D13
Change Component Designator: OldDesignator=D13 NewDesignator=D14
Change Component Designator: OldDesignator=D14 NewDesignator=D15
Change Component Designator: OldDesignator=D15 NewDesignator=D16
Change Component Designator: OldDesignator=D16 NewDesignator=D17
Change Component Designator: OldDesignator=D17 NewDesignator=D18
Change Component Designator: OldDesignator=D18 NewDesignator=D19
Change Component Designator: OldDesignator=D19 NewDesignator=D20
Change Component Designator: OldDesignator=VD6 NewDesignator=VD5
Change Component Designator: OldDesignator=VD7 NewDesignator=VD6
Change Component Designator: OldDesignator=VD8 NewDesignator=VD7
Change Component Designator: OldDesignator=VD9 NewDesignator=VD8
Change Component Designator: OldDesignator=VD10 NewDesignator=VD9
Change Component Designator: OldDesignator=VD11 NewDesignator=VD10
Change Component Designator: OldDesignator=VD12 NewDesignator=VD11
Change Component Designator: OldDesignator=VD13 NewDesignator=VD12
Change Component Designator: OldDesignator=VD14 NewDesignator=VD13
Change Component Designator: OldDesignator=VD15 NewDesignator=VD14
Change Component Designator: OldDesignator=VD16 NewDesignator=VD15
Change Component Designator: OldDesignator=VD17 NewDesignator=VD16
Added Component: Designator=D2(SOD-323)
Add component. Clean all parameters for all variants
Add component (AddParameter): Name = "Manufacturer"; Value = ""; VariantName = "[No Variations]"
Add component (AddParameter): Name = "Manufacturer Part Number"; Value = ""; VariantName = "[No Variations]"
Add component (AddParameter): Name = "Model"; Value = "B0520WS"; VariantName = "[No Variations]"
Added Pin To Net: NetName=NetK1_4 Pin=D2-A
Change Net Name : Old Net Name=NetD3_A New Net Name=NetD4_A
Change Net Name : Old Net Name=NetD4_A New Net Name=NetD5_A
Change Net Name : Old Net Name=NetD5_A New Net Name=NetD6_A
Change Net Name : Old Net Name=NetD6_A New Net Name=NetD7_A
Change Net Name : Old Net Name=NetD7_A New Net Name=NetD8_A
Change Net Name : Old Net Name=NetD8_1 New Net Name=NetD9_1
Change Net Name : Old Net Name=NetD8_2 New Net Name=NetD9_2
Change Net Name : Old Net Name=NetD8_3 New Net Name=NetD9_3
Change Net Name : Old Net Name=NetD9_A New Net Name=NetD10_A
Change Net Name : Old Net Name=NetD9_K New Net Name=NetD10_K
Change Net Name : Old Net Name=NetD10_A New Net Name=NetD11_A
Change Net Name : Old Net Name=NetD10_K New Net Name=NetD11_K
Change Net Name : Old Net Name=NetD11_A New Net Name=NetD12_A
Change Net Name : Old Net Name=NetD12_A New Net Name=NetD13_A
Change Net Name : Old Net Name=NetD13_A New Net Name=NetD14_A
Change Net Name : Old Net Name=NetD14_A New Net Name=NetD15_A
Change Net Name : Old Net Name=NetD15_A New Net Name=NetD16_A
Change Net Name : Old Net Name=NetD16_K New Net Name=NetD17_K
Change Net Name : Old Net Name=NetD17_A New Net Name=NetD18_A
Change Net Name : Old Net Name=NetD18_K New Net Name=NetD19_K
Change Net Name : Old Net Name=NetD19_A New Net Name=NetD20_A
Change Net Name : Old Net Name=NetK1_4 New Net Name=NetD2_A
Added Pin To Net: NetName=NetD2_K Pin=D2-K
Added Pin To Net: NetName=NetD2_K Pin=K1-2
Added Net: Name=NetD2_K
Added Member To Class: ClassName=Sheet1 Member=Component D5 GREEN
