Removed Pin From Net: NetName=LOOP_IN_0 Pin=VD12-2
Removed Pin From Net: NetName=LOOP_IN_1 Pin=VD16-2
Removed Pin From Net: NetName=LOOP_IN_2 Pin=VD20-2
Removed Pin From Net: NetName=GND Pin=X20-2
Removed Pin From Net: NetName=GND Pin=X23-2
Removed Pin From Net: NetName=GND Pin=X25-2
Change Component Footprint: Designator=BT1 Old Footprint=FP-S8421-45R-MFG New Footprint=FP-S8411-45R-MFG
Change Component Footprint: Designator=VD12 Old Footprint=SOD80 New Footprint=ONSC-SOT-323-3-419-04_V
Change Component Footprint: Designator=VD16 Old Footprint=SOD80 New Footprint=ONSC-SOT-323-3-419-04_V
Change Component Footprint: Designator=VD20 Old Footprint=SOD80 New Footprint=ONSC-SOT-323-3-419-04_V
Change Component Footprint: Designator=VD14 Old Footprint=SOD80 New Footprint=SOD323
Change Component Comment : Designator=VD12 Old Comment=4,3 Â New Comment=BAT54S
Change Component Comment : Designator=VD16 Old Comment=4,3 Â New Comment=BAT54S
Change Component Comment : Designator=VD20 Old Comment=4,3 Â New Comment=BAT54S
Change Component Comment : Designator=BT1 Old Comment=S8421-45R New Comment=S8411-45R
Change component parameters: Designator = "VD12"; Footprint = "ONSC-SOT-323-3-419-04_V"; UniqueID = "\DEGCFXVG"
Change component parameters. Clean all parameters for all variants
Change component parameters (AddParameter): Name = "ChipDip"; Value = "9001106105"; VariantName = "[No Variations]"
Change component parameters (AddParameter): Name = "ComponentLink1Description"; Value = "Manufacturer URL"; VariantName = "[No Variations]"
Change component parameters (AddParameter): Name = "ComponentLink1URL"; Value = "http://www.onsemi.com/"; VariantName = "[No Variations]"
Change component parameters (AddParameter): Name = "ComponentLink2Description"; Value = "Datasheet"; VariantName = "[No Variations]"
Change component parameters (AddParameter): Name = "ComponentLink2URL"; Value = "http://www.onsemi.cn/pub_link/Collateral/BAT54SWT1-D.PDF"; VariantName = "[No Variations]"
Change component parameters (AddParameter): Name = "ComponentLink3Description"; Value = "Package Specification"; VariantName = "[No Variations]"
Change component parameters (AddParameter): Name = "ComponentLink3URL"; Value = "http://www.onsemi.com/pub_link/Collateral/419-04.PDF"; VariantName = "[No Variations]"
Change component parameters (AddParameter): Name = "Model"; Value = "BAT54S"; VariantName = "[No Variations]"
Change component parameters: Designator = "VD16"; Footprint = "ONSC-SOT-323-3-419-04_V"; UniqueID = "\NWHIVZML"
Change component parameters. Clean all parameters for all variants
Change component parameters (AddParameter): Name = "ChipDip"; Value = "9001106105"; VariantName = "[No Variations]"
Change component parameters (AddParameter): Name = "ComponentLink1Description"; Value = "Manufacturer URL"; VariantName = "[No Variations]"
Change component parameters (AddParameter): Name = "ComponentLink1URL"; Value = "http://www.onsemi.com/"; VariantName = "[No Variations]"
Change component parameters (AddParameter): Name = "ComponentLink2Description"; Value = "Datasheet"; VariantName = "[No Variations]"
Change component parameters (AddParameter): Name = "ComponentLink2URL"; Value = "http://www.onsemi.cn/pub_link/Collateral/BAT54SWT1-D.PDF"; VariantName = "[No Variations]"
Change component parameters (AddParameter): Name = "ComponentLink3Description"; Value = "Package Specification"; VariantName = "[No Variations]"
Change component parameters (AddParameter): Name = "ComponentLink3URL"; Value = "http://www.onsemi.com/pub_link/Collateral/419-04.PDF"; VariantName = "[No Variations]"
Change component parameters (AddParameter): Name = "Model"; Value = "BAT54S"; VariantName = "[No Variations]"
Change component parameters: Designator = "VD20"; Footprint = "ONSC-SOT-323-3-419-04_V"; UniqueID = "\YRSZQIYO"
Change component parameters. Clean all parameters for all variants
Change component parameters (AddParameter): Name = "ChipDip"; Value = "9001106105"; VariantName = "[No Variations]"
Change component parameters (AddParameter): Name = "ComponentLink1Description"; Value = "Manufacturer URL"; VariantName = "[No Variations]"
Change component parameters (AddParameter): Name = "ComponentLink1URL"; Value = "http://www.onsemi.com/"; VariantName = "[No Variations]"
Change component parameters (AddParameter): Name = "ComponentLink2Description"; Value = "Datasheet"; VariantName = "[No Variations]"
Change component parameters (AddParameter): Name = "ComponentLink2URL"; Value = "http://www.onsemi.cn/pub_link/Collateral/BAT54SWT1-D.PDF"; VariantName = "[No Variations]"
Change component parameters (AddParameter): Name = "ComponentLink3Description"; Value = "Package Specification"; VariantName = "[No Variations]"
Change component parameters (AddParameter): Name = "ComponentLink3URL"; Value = "http://www.onsemi.com/pub_link/Collateral/419-04.PDF"; VariantName = "[No Variations]"
Change component parameters (AddParameter): Name = "Model"; Value = "BAT54S"; VariantName = "[No Variations]"
Change component parameters: Designator = "BT1"; Footprint = "FP-S8411-45R-MFG"; UniqueID = "\FNXOOFHB"
Change component parameters. Clean all parameters for all variants
Change component parameters (AddParameter): Name = "ChipDip"; Value = "8001775368"; VariantName = "[No Variations]"
Change component parameters (AddParameter): Name = "Model"; Value = "S8411-45R"; VariantName = "[No Variations]"
Added Pin To Net: NetName=5 V Pin=VD12-2
Added Pin To Net: NetName=LOOP_IN_1 Pin=VD12-3
Added Pin To Net: NetName=5 V Pin=VD16-2
Added Pin To Net: NetName=LOOP_IN_0 Pin=VD16-3
Added Pin To Net: NetName=5 V Pin=VD20-2
Added Pin To Net: NetName=LOOP_IN_2 Pin=VD20-3
Added Pin To Net: NetName=12 V Pin=X20-2
Added Pin To Net: NetName=12 V Pin=X23-2
Added Pin To Net: NetName=12 V Pin=X25-2
