Removed Member From Class: ClassName=Sheet2 Member=C10
Removed Member From Class: ClassName=Sheet2 Member=C11
Removed Member From Class: ClassName=Sheet5 Member=C52
Removed Member From Class: ClassName=Sheet5 Member=C53
Removed Member From Class: ClassName=Sheet2 Member=R27
Removed Member From Class: ClassName=Sheet2 Member=R28
Removed Member From Class: ClassName=Sheet2 Member=R29
Removed Member From Class: ClassName=Sheet3 Member=R39
Removed Member From Class: ClassName=Sheet3 Member=R47
Removed Member From Class: ClassName=Sheet3 Member=R49
Removed Member From Class: ClassName=Sheet2 Member=X4
Removed Member From Class: ClassName=Sheet4 Member=X4
Removed Member From Class: ClassName=Sheet5 Member=X12
Removed Member From Class: ClassName=Sheet5 Member=X13
Added Component: Designator=D5(SMC-DO-214AB)
Add component. Clean all parameters for all variants
Add component (AddParameter): Name = "Distributor Link"; Value = ""; VariantName = "[No Variations]"
Add component (AddParameter): Name = "Manufacturer"; Value = ""; VariantName = "[No Variations]"
Add component (AddParameter): Name = "Manufacturer Part Number"; Value = ""; VariantName = "[No Variations]"
Added Component: Designator=R84(OMTE-RES7X2.5-2)
Add component. Clean all parameters for all variants
Add component (AddParameter): Name = "Catalog Drawings"; Value = "OD,OF,OASeries"; VariantName = "[No Variations]"
Add component (AddParameter): Name = "Category"; Value = "Resistors"; VariantName = "[No Variations]"
Add component (AddParameter): Name = "Composition"; Value = "CarbonComposition"; VariantName = "[No Variations]"
Add component (AddParameter): Name = "Datasheet URL"; Value = "http://www.ohmite.com/cat/res_od_of_oa.pdf"; VariantName = "[No Variations]"
Add component (AddParameter): Name = "Datasheet Version"; Value = "06/2016"; VariantName = "[No Variations]"
Add component (AddParameter): Name = "EDA / CAD Models"; Value = "DownloadfromAcceleratedDesigns"; VariantName = "[No Variations]"
Add component (AddParameter): Name = "Family"; Value = "ThroughHoleResistors"; VariantName = "[No Variations]"
Add component (AddParameter): Name = "Features"; Value = "PulseWithstanding"; VariantName = "[No Variations]"
Add component (AddParameter): Name = "Height"; Value = "-"; VariantName = "[No Variations]"
Add component (AddParameter): Name = "Manufacturer"; Value = "Ohmite"; VariantName = "[No Variations]"
Add component (AddParameter): Name = "Manufacturer URL"; Value = "http://www.ohmite.com/"; VariantName = "[No Variations]"
Add component (AddParameter): Name = "Mounting Technology"; Value = "ThroughHole"; VariantName = "[No Variations]"
Add component (AddParameter): Name = "Number of Terminations"; Value = "2"; VariantName = "[No Variations]"
Add component (AddParameter): Name = "Online Catalog"; Value = "OD,OF,OASeries,LittleDemon®"; VariantName = "[No Variations]"
Add component (AddParameter): Name = "Operating Temperature"; Value = "-"; VariantName = "[No Variations]"
Add component (AddParameter): Name = "Package / Case"; Value = "Axial"; VariantName = "[No Variations]"
Add component (AddParameter): Name = "Package Description"; Value = "2-Pin THD Resistor, Body 7 x 2.5 mm, Lead Dia. 0.6 mm"; VariantName = "[No Variations]"
Add component (AddParameter): Name = "Package Reference"; Value = "RES7X2.5"; VariantName = "[No Variations]"
Add component (AddParameter): Name = "Packaging"; Value = "Bulk  "; VariantName = "[No Variations]"
Add component (AddParameter): Name = "PartNumber"; Value = "OD103JE"; VariantName = "[No Variations]"
Add component (AddParameter): Name = "Power (Watts)"; Value = "0.25W,1/4W"; VariantName = "[No Variations]"
Add component (AddParameter): Name = "Power Rating"; Value = "0.25W"; VariantName = "[No Variations]"
Add component (AddParameter): Name = "Resistance (Ohms)"; Value = "10k"; VariantName = "[No Variations]"
Add component (AddParameter): Name = "RoHS Information"; Value = "LittleDemon"E"SeriesMaterialDeclaration"; VariantName = "[No Variations]"
Add component (AddParameter): Name = "Series"; Value = "LittleDemon®OD"; VariantName = "[No Variations]"
Add component (AddParameter): Name = "Size / Dimension"; Value = "0.098"Diax0.276"L(2.50mmx7.00mm)"; VariantName = "[No Variations]"
Add component (AddParameter): Name = "Standard Package"; Value = "100"; VariantName = "[No Variations]"
Add component (AddParameter): Name = "Supplier Device Package"; Value = "Axial"; VariantName = "[No Variations]"
Add component (AddParameter): Name = "Temperature Coefficient"; Value = "-"; VariantName = "[No Variations]"
Add component (AddParameter): Name = "Tolerance"; Value = "±5%"; VariantName = "[No Variations]"
Added Component: Designator=U22(D0008A_N)
Add component. Clean all parameters for all variants
Add component (AddParameter): Name = "Bus Fault Voltage(V)"; Value = "-36 to +36"; VariantName = "[No Variations]"
Add component (AddParameter): Name = "Code_JEDEC"; Value = "MS-012AA"; VariantName = "[No Variations]"
Add component (AddParameter): Name = "ComponentLink1Description"; Value = "Datasheet"; VariantName = "[No Variations]"
Add component (AddParameter): Name = "ComponentLink1URL"; Value = "http://www.ti.com/general/docs/lit/getliterature.tsp?genericPartNumber=SN65HVD251&fileType=pdf"; VariantName = "[No Variations]"
Add component (AddParameter): Name = "ComponentLink2Description"; Value = ""; VariantName = "[No Variations]"
Add component (AddParameter): Name = "ComponentLink2URL"; Value = ""; VariantName = "[No Variations]"
Add component (AddParameter): Name = "DatasheetVersion"; Value = "SLLS545E"; VariantName = "[No Variations]"
Add component (AddParameter): Name = "Drivers Per Package"; Value = "1"; VariantName = "[No Variations]"
Add component (AddParameter): Name = "Eco-Plan"; Value = "Green (RoHS & no Sb/Br)"; VariantName = "[No Variations]"
Add component (AddParameter): Name = "Features"; Value = ""; VariantName = "[No Variations]"
Add component (AddParameter): Name = "ICC(Max)(mA)"; Value = "65"; VariantName = "[No Variations]"
Add component (AddParameter): Name = "Isolated"; Value = "No"; VariantName = "[No Variations]"
Add component (AddParameter): Name = "Low Power Mode"; Value = ""; VariantName = "[No Variations]"
Add component (AddParameter): Name = "Manufacturer"; Value = "Texas Instruments"; VariantName = "[No Variations]"
Add component (AddParameter): Name = "Mounting Technology"; Value = "Surface Mount"; VariantName = "[No Variations]"
Add component (AddParameter): Name = "PackageDescription"; Value = "8-Pin Plastic Small Outline Integrated Circuit, 4.9 x 3.9 mm, Pitch 1.27 mm Pitch"; VariantName = "[No Variations]"
Add component (AddParameter): Name = "PackageReference"; Value = "D0008A"; VariantName = "[No Variations]"
Add component (AddParameter): Name = "PackageVersion"; Value = "revM, Jun-2011"; VariantName = "[No Variations]"
Add component (AddParameter): Name = "PartNumber"; Value = "SN65HVD251DR"; VariantName = "[No Variations]"
Add component (AddParameter): Name = "Rating"; Value = "Catalog"; VariantName = "[No Variations]"
Add component (AddParameter): Name = "Receivers Per Package"; Value = "1"; VariantName = "[No Variations]"
Add component (AddParameter): Name = "SubFamily"; Value = "CAN"; VariantName = "[No Variations]"
Add component (AddParameter): Name = "Supply Voltage(s)(V)"; Value = "5"; VariantName = "[No Variations]"
Add component (AddParameter): Name = "Transient Pulse Protection(V)"; Value = "-200 to 200"; VariantName = "[No Variations]"
Added Member To Class: ClassName=Sheet1 Member=Component C4 330 ìê
Added Member To Class: ClassName=Sheet1 Member=Component C5 220 ìê
Added Member To Class: ClassName=Sheet1 Member=Component C6 330 ìê
Added Member To Class: ClassName=Sheet1 Member=Component C7 22 ìê
Added Member To Class: ClassName=Sheet1 Member=Component C8 100 í
Added Member To Class: ClassName=Sheet1 Member=Component C9 N/A
Added Member To Class: ClassName=Sheet1 Member=Component C10 22 ìê
Added Member To Class: ClassName=Sheet1 Member=Component C11 22 ìê
Added Member To Class: ClassName=Sheet1 Member=Component C12 0,1 ìê
Added Member To Class: ClassName=Sheet2 Member=Component C13 12
Added Member To Class: ClassName=Sheet2 Member=Component C14 0,1 ìê
Added Member To Class: ClassName=Sheet2 Member=Component C17 12
Added Member To Class: ClassName=Sheet2 Member=Component C18 4,7 ìê
Added Member To Class: ClassName=Sheet2 Member=Component C19 0,1 ìê
Added Member To Class: ClassName=Sheet3 Member=Component C32 10 ìê
Added Member To Class: ClassName=Sheet3 Member=Component C33 0,1 ìê
Added Member To Class: ClassName=Sheet3 Member=Component C34 0,1 ìê
Added Member To Class: ClassName=Sheet3 Member=Component C35 0,1 ìê
Added Member To Class: ClassName=Sheet3 Member=Component C38 0,1 ìê
Added Member To Class: ClassName=Sheet3 Member=Component C40 10
Added Member To Class: ClassName=Sheet3 Member=Component C41 10
Added Member To Class: ClassName=Sheet3 Member=Component C45 0,1 ìê
Added Member To Class: ClassName=Sheet4 Member=Component C48 0,1 ìê
Added Member To Class: ClassName=Sheet4 Member=Component C49 0,1 ìê
Added Member To Class: ClassName=Sheet4 Member=Component C51 0,1 ìê
Added Member To Class: ClassName=Sheet5 Member=Component C54 10 ìê
Added Member To Class: ClassName=Sheet5 Member=Component C55 0,1 ìê
Added Member To Class: ClassName=Sheet5 Member=Component C56 0,1 ìê
Added Member To Class: ClassName=Sheet5 Member=Component C57 10 ìê
Added Member To Class: ClassName=Sheet5 Member=Component C58 0,1 ìê
Added Member To Class: ClassName=Sheet4 Member=Component D5 D_TVS_BI_SMC
Added Member To Class: ClassName=Sheet1 Member=Component L2 330 ìê
Added Member To Class: ClassName=Sheet1 Member=Component R3 10
Added Member To Class: ClassName=Sheet1 Member=Component R6 10 ê
Added Member To Class: ClassName=Sheet1 Member=Component R8 4.7 ê
Added Member To Class: ClassName=Sheet1 Member=Component R10 3,3 ê
Added Member To Class: ClassName=Sheet1 Member=Component R11 5,1 ê
Added Member To Class: ClassName=Sheet1 Member=Component R14 10 ê
Added Member To Class: ClassName=Sheet1 Member=Component R16 150
Added Member To Class: ClassName=Sheet1 Member=Component R17 4.7 ê
Added Member To Class: ClassName=Sheet2 Member=Component R18 10 ê
Added Member To Class: ClassName=Sheet2 Member=Component R19 4,7 ê
Added Member To Class: ClassName=Sheet2 Member=Component R20 4,7 ê
Added Member To Class: ClassName=Sheet2 Member=Component R21 4,7 ê
Added Member To Class: ClassName=Sheet2 Member=Component R22 1 ê
Added Member To Class: ClassName=Sheet2 Member=Component R23 1 ê
Added Member To Class: ClassName=Sheet2 Member=Component R24 1 ê
Added Member To Class: ClassName=Sheet2 Member=Component R25 10 ê
Added Member To Class: ClassName=Sheet2 Member=Component R26 10 ê
Added Member To Class: ClassName=Sheet3 Member=Component R29 150
Added Member To Class: ClassName=Sheet3 Member=Component R30 150
Added Member To Class: ClassName=Sheet3 Member=Component R31 4,7 ê
Added Member To Class: ClassName=Sheet3 Member=Component R33 49,9
Added Member To Class: ClassName=Sheet3 Member=Component R35 4,7 ê
Added Member To Class: ClassName=Sheet3 Member=Component R36 10 ê
Added Member To Class: ClassName=Sheet3 Member=Component R37 49,9
Added Member To Class: ClassName=Sheet3 Member=Component R38 49,9
Added Member To Class: ClassName=Sheet4 Member=Component R40 10 ê
Added Member To Class: ClassName=Sheet4 Member=Component R41 10 ê
Added Member To Class: ClassName=Sheet4 Member=Component R43 10 ê
Added Member To Class: ClassName=Sheet4 Member=Component R44 150
Added Member To Class: ClassName=Sheet4 Member=Component R45 100
Added Member To Class: ClassName=Sheet4 Member=Component R46 100
Added Member To Class: ClassName=Sheet4 Member=Component R50 15 ê
Added Member To Class: ClassName=Sheet4 Member=Component R51 10 ê
Added Member To Class: ClassName=Sheet4 Member=Component R54 150
Added Member To Class: ClassName=Sheet4 Member=Component R55 1 ê
Added Member To Class: ClassName=Sheet4 Member=Component R56 100 ê
Added Member To Class: ClassName=Sheet4 Member=Component R58 15 ê
Added Member To Class: ClassName=Sheet4 Member=Component R60 27
Added Member To Class: ClassName=Sheet4 Member=Component R62 1 ê
Added Member To Class: ClassName=Sheet4 Member=Component R63 1 ê
Added Member To Class: ClassName=Sheet4 Member=Component R64 OD103JE
Added Member To Class: ClassName=Sheet4 Member=Component R65 51 ê
Added Member To Class: ClassName=Sheet4 Member=Component R66 1 ê
Added Member To Class: ClassName=Sheet3 Member=Component R84 OD103JE
Added Member To Class: ClassName=Sheet1 Member=Component TP1 12 V
Added Member To Class: ClassName=Sheet1 Member=Component TP2 SUPPLY
Added Member To Class: ClassName=Sheet1 Member=Component U1 LM2576HVT-ADJ/NOPB
Added Member To Class: ClassName=Sheet1 Member=Component U5 RY8310
Added Member To Class: ClassName=Sheet2 Member=Component U6 DS3231M+
Added Member To Class: ClassName=Sheet2 Member=Component U8 IP4220CZ6
Added Member To Class: ClassName=Sheet2 Member=Component U10 W25Q32BVSSIG
Added Member To Class: ClassName=Sheet3 Member=Component U11 MAX3232CSE+T
Added Member To Class: ClassName=Sheet3 Member=Component U12 REG1117-3.3
Added Member To Class: ClassName=Sheet3 Member=Component U13 W5500
Added Member To Class: ClassName=Sheet4 Member=Component U16 TPS2553DBVR
Added Member To Class: ClassName=Sheet4 Member=Component U17 IP4220CZ6
Added Member To Class: ClassName=Sheet5 Member=Component U21 ULN2003ADR
Added Member To Class: ClassName=Sheet3 Member=Component U22 SN65HVD251DR
Added Member To Class: ClassName=Sheet1 Member=Component VD2 MBR1645G
Added Member To Class: ClassName=Sheet1 Member=Component VD3 SS36
Added Member To Class: ClassName=Sheet1 Member=Component X2 *
Added Member To Class: ClassName=Sheet1 Member=Component X3 *
Added Member To Class: ClassName=Sheet1 Member=Component X4 *
Added Member To Class: ClassName=Sheet2 Member=Component X5 IDC-06MS
Added Member To Class: ClassName=Sheet2 Member=Component X6 *
Added Member To Class: ClassName=Sheet3 Member=Component X7 HR911105A
Added Member To Class: ClassName=Sheet4 Member=Component X8 DG308-2.54-02P-14-00AH
Added Member To Class: ClassName=Sheet4 Member=Component X9 DG308-2.54-02P-14-00AH
Added Member To Class: ClassName=Sheet4 Member=Component X11 DG308-2.54-02P-14-00AH
Added Member To Class: ClassName=Sheet5 Member=Component X15 CNC_PCB_SOCKET
Added Member To Class: ClassName=Sheet5 Member=Component X16 CNC_PCB_SOCKET
Added Member To Class: ClassName=Sheet5 Member=Component X20 DG308-2.54-02P-14-00AH
Added Member To Class: ClassName=Sheet5 Member=Component X21 DG308-2.54-02P-14-00AH
Added Member To Class: ClassName=Sheet5 Member=Component X23 DG308-2.54-02P-14-00AH
Added Member To Class: ClassName=Sheet5 Member=Component X26 EK381V-03P
Added Member To Class: ClassName=Sheet5 Member=Component X27 EK381V-03P
Added Room: Name=Sheet1
Added Room: Name=Sheet2
Added Room: Name=Sheet3
Added Room: Name=Sheet4
Added Room: Name=Sheet5
