Removed Member From Class: ClassName=Sheet2 Member=C39
Removed Member From Class: ClassName=Sheet4 Member=C70
Removed Member From Class: ClassName=Sheet2 Member=D11
Removed Member From Class: ClassName=Sheet4 Member=L5
Removed Member From Class: ClassName=Sheet5 Member=R19
Removed Member From Class: ClassName=Sheet5 Member=R22
Removed Member From Class: ClassName=Sheet2 Member=R45
Removed Member From Class: ClassName=Sheet2 Member=R46
Removed Member From Class: ClassName=Sheet2 Member=R48
Removed Member From Class: ClassName=Sheet2 Member=R49
Removed Member From Class: ClassName=Sheet5 Member=R49
Removed Member From Class: ClassName=Sheet2 Member=R51
Removed Member From Class: ClassName=Sheet2 Member=R54
Removed Member From Class: ClassName=Sheet2 Member=R57
Added Pin To Net: NetName=NetD15_A Pin=D15-1
Added Pin To Net: NetName=GND Pin=D15-2
Added Pin To Net: NetName=GND Pin=D16-1
Added Pin To Net: NetName=NetD16_K Pin=D16-2
Added Pin To Net: NetName=NetD17_A Pin=D17-1
Added Pin To Net: NetName=GND Pin=D17-2
Added Pin To Net: NetName=GND Pin=D18-1
Added Pin To Net: NetName=NetD18_K Pin=D18-2
Added Member To Class: ClassName=Sheet2 Member=Component C25 0,1 לך
Added Member To Class: ClassName=Sheet2 Member=Component C29 10 לך
Added Member To Class: ClassName=Sheet2 Member=Component C30 4,7 לך
Added Member To Class: ClassName=Sheet2 Member=Component C32 4,7 לך
Added Member To Class: ClassName=Sheet2 Member=Component C33 12
Added Member To Class: ClassName=Sheet2 Member=Component C35 0,1 לך
Added Member To Class: ClassName=Sheet4 Member=Component C38 0,1 לך
Added Member To Class: ClassName=Sheet4 Member=Component C40 0,1 לך
Added Member To Class: ClassName=Sheet4 Member=Component C41 0,1 לך
Added Member To Class: ClassName=Sheet4 Member=Component C43 10 לך
Added Member To Class: ClassName=Sheet4 Member=Component C45 10 לך
Added Member To Class: ClassName=Sheet4 Member=Component C46 0,1 לך
Added Member To Class: ClassName=Sheet4 Member=Component C48 4,7 לך
Added Member To Class: ClassName=Sheet4 Member=Component C50 0,1 לך
Added Member To Class: ClassName=Sheet4 Member=Component C51 10 לך
Added Member To Class: ClassName=Sheet4 Member=Component C53 0,1 לך
Added Member To Class: ClassName=Sheet4 Member=Component C54 12
Added Member To Class: ClassName=Sheet4 Member=Component C56 0,1 לך
Added Member To Class: ClassName=Sheet4 Member=Component C58 0,1 לך
Added Member To Class: ClassName=Sheet4 Member=Component C59 10 לך
Added Member To Class: ClassName=Sheet4 Member=Component C61 0,1 לך
Added Member To Class: ClassName=Sheet4 Member=Component C62 10 ם
Added Member To Class: ClassName=Sheet4 Member=Component C64 6.8 ם
Added Member To Class: ClassName=Sheet4 Member=Component C66 1ם/2ךֲ
Added Member To Class: ClassName=Sheet4 Member=Component C67 10 לך
Added Member To Class: ClassName=Sheet5 Member=Component C69 10 לך
Added Member To Class: ClassName=Sheet5 Member=Component C71 10 לך
Added Member To Class: ClassName=Sheet5 Member=Component C72 0,1 לך
Added Member To Class: ClassName=Sheet5 Member=Component C73 10 לך
Added Member To Class: ClassName=Sheet5 Member=Component C74 0,1 לך
Added Member To Class: ClassName=Sheet5 Member=Component C75 0,1 לך
Added Member To Class: ClassName=Sheet5 Member=Component C76 0,1 לך
Added Member To Class: ClassName=Sheet5 Member=Component C77 0,1 לך
Added Member To Class: ClassName=Sheet5 Member=Component C79 10 ם
Added Member To Class: ClassName=Sheet5 Member=Component C80 0,47 לך
Added Member To Class: ClassName=Sheet5 Member=Component C81 0,1 לך
Added Member To Class: ClassName=Sheet5 Member=Component C82 0,1 לך
Added Member To Class: ClassName=Sheet5 Member=Component C83 0,1 לך
Added Member To Class: ClassName=Sheet2 Member=Component D8 150080M153000
Added Member To Class: ClassName=Sheet4 Member=Component D9 B0520WS
Added Member To Class: ClassName=Sheet4 Member=Component D10 B0520WS
Added Member To Class: ClassName=Sheet4 Member=Component D12 BLUE
Added Member To Class: ClassName=Sheet4 Member=Component D13 YELLOW
Added Member To Class: ClassName=Sheet4 Member=Component D15 D_TVS_BI_SMC
Added Member To Class: ClassName=Sheet4 Member=Component D17 D_TVS_BI_SMC
Added Member To Class: ClassName=Sheet4 Member=Component D18 D_TVS_BI_SMC
Added Member To Class: ClassName=Sheet4 Member=Component D19 GREEN
Added Member To Class: ClassName=Sheet4 Member=Component L6 120 ־ל
Added Member To Class: ClassName=Sheet2 Member=Component R19 4,7 ך
Added Member To Class: ClassName=Sheet2 Member=Component R20 4,7 ך
Added Member To Class: ClassName=Sheet2 Member=Component R21 100
Added Member To Class: ClassName=Sheet2 Member=Component R26 150
Added Member To Class: ClassName=Sheet2 Member=Component R29 4,7 ך
Added Member To Class: ClassName=Sheet2 Member=Component R34 4,7 ך
Added Member To Class: ClassName=Sheet2 Member=Component R37 150
Added Member To Class: ClassName=Sheet2 Member=Component R38 150
Added Member To Class: ClassName=Sheet2 Member=Component R39 150
Added Member To Class: ClassName=Sheet2 Member=Component R40 10 ך
Added Member To Class: ClassName=Sheet2 Member=Component R41 10 ך
Added Member To Class: ClassName=Sheet2 Member=Component R42 100
Added Member To Class: ClassName=Sheet4 Member=Component R44 10 ך
Added Member To Class: ClassName=Sheet4 Member=Component R45 10 ך
Added Member To Class: ClassName=Sheet4 Member=Component R46 10 ך
Added Member To Class: ClassName=Sheet4 Member=Component R47 10 ך
Added Member To Class: ClassName=Sheet4 Member=Component R48 10 ך
Added Member To Class: ClassName=Sheet4 Member=Component R49 10 ך
Added Member To Class: ClassName=Sheet4 Member=Component R50 10 ך
Added Member To Class: ClassName=Sheet4 Member=Component R52 R1206
Added Member To Class: ClassName=Sheet4 Member=Component R55 100
Added Member To Class: ClassName=Sheet4 Member=Component R60 1 ך
Added Member To Class: ClassName=Sheet4 Member=Component R62 12,4 ך
Added Member To Class: ClassName=Sheet4 Member=Component R63 10 ך
Added Member To Class: ClassName=Sheet4 Member=Component R64 5,1 ך
Added Member To Class: ClassName=Sheet4 Member=Component R65 5,1 ך
Added Member To Class: ClassName=Sheet4 Member=Component R66 5,1 ך
Added Member To Class: ClassName=Sheet4 Member=Component R67 5,1 ך
Added Member To Class: ClassName=Sheet4 Member=Component R68 OD103JE
Added Member To Class: ClassName=Sheet4 Member=Component R70 1 ּ
Added Member To Class: ClassName=Sheet4 Member=Component R72 49,9
Added Member To Class: ClassName=Sheet4 Member=Component R75 49,9
Added Member To Class: ClassName=Sheet5 Member=Component R85 10 ך
Added Member To Class: ClassName=Sheet5 Member=Component R86 330 ך
Added Member To Class: ClassName=Sheet5 Member=Component R88 10 ך
Added Member To Class: ClassName=Sheet5 Member=Component R90 100
Added Member To Class: ClassName=Sheet5 Member=Component R91 33 ך
Added Member To Class: ClassName=Sheet5 Member=Component R93 100
Added Member To Class: ClassName=Sheet5 Member=Component R94 33 ך
Added Member To Class: ClassName=Sheet5 Member=Component R96 100
Added Member To Class: ClassName=Sheet5 Member=Component R98 33 ך
Added Member To Class: ClassName=Sheet5 Member=Component R99 33 ך
Added Member To Class: ClassName=Sheet5 Member=Component R101 100
Added Member To Class: ClassName=Sheet5 Member=Component R104 33 ך
Added Member To Class: ClassName=Sheet5 Member=Component R107 100
Added Member To Class: ClassName=Sheet5 Member=Component R108 100
Added Member To Class: ClassName=Sheet5 Member=Component R109 100
Added Member To Class: ClassName=Sheet2 Member=Component SW1 KLS7-TS3401- 2,5-180
Added Member To Class: ClassName=Sheet2 Member=Component SW2 KLS7-TS3401- 2,5-180
Added Member To Class: ClassName=Sheet2 Member=Component U10 REF3020AIDBZR
Added Member To Class: ClassName=Sheet4 Member=Component U13 TP8485E-SR
Added Member To Class: ClassName=Sheet4 Member=Component U15 SN65HVD251DR
Added Member To Class: ClassName=Sheet4 Member=Component U17 TPS2553DBVR
Added Member To Class: ClassName=Sheet5 Member=Component U21 ADP3303ARZ-5
Added Member To Class: ClassName=Sheet5 Member=Component U22 AD7798BRUZ
Added Member To Class: ClassName=Sheet5 Member=Component X9 CNC_PCB_SOCKET
Added Member To Class: ClassName=Sheet5 Member=Component X10 CNC_PCB_SOCKET
Added Member To Class: ClassName=Sheet5 Member=Component X14 CNC_PCB_SOCKET
Added Member To Class: ClassName=Sheet5 Member=Component X15 CNC_PCB_SOCKET
