Removed Pin From Net: NetName=12 V Pin=C4-1
Removed Pin From Net: NetName=GND Pin=C4-2
Removed Pin From Net: NetName=SUPPLY Pin=C5-1
Removed Pin From Net: NetName=5 V Pin=C6-1
Removed Pin From Net: NetName=SUPPLY Pin=C7-1
Removed Pin From Net: NetName=GND Pin=C10-1
Removed Pin From Net: NetName=3.3 V Pin=C10-2
Removed Pin From Net: NetName=GND Pin=C11-1
Removed Pin From Net: NetName=3.3 V Pin=C11-2
Removed Pin From Net: NetName=5 V Pin=C33-1
Removed Pin From Net: NetName=GND Pin=C33-2
Removed Pin From Net: NetName=Eth_3.3V Pin=C34-1
Removed Pin From Net: NetName=GND Pin=C35-1
Removed Pin From Net: NetName=GND Pin=C36-1
Removed Pin From Net: NetName=GND Pin=C37-1
Removed Pin From Net: NetName=GND Pin=C38-1
Removed Pin From Net: NetName=Eth_3.3V Pin=L4-2
Removed Pin From Net: NetName=V_IN Pin=P1-4
Removed Pin From Net: NetName=5 V Pin=P3-4
Removed Pin From Net: NetName=V_IN Pin=R1-1
Removed Pin From Net: NetName=V_IN Pin=R2-1
Removed Pin From Net: NetName=3.3 V Pin=R7-1
Removed Pin From Net: NetName=SUPPLY_INT Pin=R7-2
Removed Pin From Net: NetName=Load_En Pin=R8-1
Removed Pin From Net: NetName=GND Pin=R8-2
Removed Pin From Net: NetName=3.3 V Pin=R19-1
Removed Pin From Net: NetName=I2C_2_SCL Pin=R19-2
Removed Pin From Net: NetName=3.3 V Pin=R20-1
Removed Pin From Net: NetName=I2C_2_SDA Pin=R20-2
Removed Pin From Net: NetName=GND Pin=R29-1
Removed Pin From Net: NetName=Eth_3.3V Pin=R30-1
Removed Pin From Net: NetName=Eth_RST Pin=R30-2
Removed Pin From Net: NetName=RESET_PIN Pin=RN1-2
Removed Pin From Net: NetName=SYS_SWCLK Pin=RN1-3
Removed Pin From Net: NetName=SYS_SWDIO Pin=RN1-4
Removed Pin From Net: NetName=GND Pin=X7-8
Removed Pin From Net: NetName=GND Pin=X7-10
Removed Pin From Net: NetName=GND Pin=X7-11
Removed Pin From Net: NetName=OSC_8_OUT Pin=X26-1
Removed Pin From Net: NetName=OSC_8_IN Pin=X26-3
Removed Member From Class: ClassName=Sheet3 Member=C32
Removed Member From Class: ClassName=Sheet3 Member=C33
Removed Member From Class: ClassName=Sheet3 Member=C34
Removed Member From Class: ClassName=Sheet3 Member=C35
Removed Member From Class: ClassName=Sheet3 Member=C36
Removed Member From Class: ClassName=Sheet5 Member=C48
Removed Member From Class: ClassName=Sheet5 Member=C51
Removed Member From Class: ClassName=Sheet5 Member=C53
Removed Member From Class: ClassName=Sheet3 Member=L4
Removed Member From Class: ClassName=Sheet3 Member=R29
Removed Member From Class: ClassName=Sheet3 Member=R30
Removed Member From Class: ClassName=Sheet3 Member=R31
Removed Member From Class: ClassName=Sheet3 Member=R32
Removed Member From Class: ClassName=Sheet3 Member=R33
Removed Member From Class: ClassName=Sheet3 Member=R34
Removed Member From Class: ClassName=Sheet3 Member=R35
Removed Member From Class: ClassName=Sheet3 Member=R36
Removed Member From Class: ClassName=Sheet5 Member=R70
Removed Member From Class: ClassName=Sheet2 Member=RN1
Removed Member From Class: ClassName=Sheet3 Member=X7
Removed Member From Class: ClassName=Sheet2 Member=X26
Removed Member From Class: ClassName=Sheet3 Member=Z2
Change Component Footprint: Designator=C53 Old Footprint=CAP_0603 New Footprint=TANTAL_B
Change Component Footprint: Designator=C7 Old Footprint=CAP_AE_SMD_D6MM3_H5M55 New Footprint=D8C3.5H12
Change Component Footprint: Designator=C35 Old Footprint=CH0603C New Footprint=TANTAL_B
Change Component Footprint: Designator=C36 Old Footprint=CH0603C New Footprint=TANTAL_B
Change Component Footprint: Designator=R29 Old Footprint=CH0603R New Footprint=RES_0603
Change Component Footprint: Designator=R30 Old Footprint=CH0603R New Footprint=RES_0603
Change Component Footprint: Designator=R31 Old Footprint=CH0603R New Footprint=RES_0603
Change Component Footprint: Designator=C37 Old Footprint=CH0805C New Footprint=TANTAL_B
Change Component Footprint: Designator=C38 Old Footprint=CH0805C New Footprint=TANTAL_B
Change Component Footprint: Designator=C4 Old Footprint=D8C3.5H12 New Footprint=CAP_0805
Change Component Footprint: Designator=C6 Old Footprint=D8C3.5H12 New Footprint=D10C5H12.5
Change Component Footprint: Designator=C5 Old Footprint=D10C5H12.5 New Footprint=D8C3.5H12
Change Component Footprint: Designator=C10 Old Footprint=FP-TAJB-MFG New Footprint=D10C5H12.5
Change Component Footprint: Designator=C11 Old Footprint=FP-TAJB-MFG New Footprint=TANTAL_B
Change Component Footprint: Designator=C33 Old Footprint=TANTAL_B New Footprint=CAP_0805
Change Component Comment : Designator=C37 Old Comment=0,1 לך New Comment=10 לך
Change Component Comment : Designator=C38 Old Comment=0,1 לך New Comment=10 לך
Change Component Comment : Designator=C53 Old Comment=0,1 לך New Comment=10 לך
Change Component Comment : Designator=R29 Old Comment=2 ך 1% New Comment=100
Change Component Comment : Designator=R19 Old Comment=4,7 ך New Comment=100
Change Component Comment : Designator=R20 Old Comment=4,7 ך New Comment=100
Change Component Comment : Designator=R7 Old Comment=4.7 ך New Comment=4,7 ך
Change Component Comment : Designator=R8 Old Comment=4.7 ך New Comment=4,7 ך
Change Component Comment : Designator=C35 Old Comment=10 New Comment=10 לך
Change Component Comment : Designator=C36 Old Comment=10 New Comment=10 לך
Change Component Comment : Designator=R30 Old Comment=10 ך New Comment=4,7 ך
Change Component Comment : Designator=C33 Old Comment=10 לך New Comment=4,7 לך
Change Component Comment : Designator=C11 Old Comment=22 לך New Comment=10 לך
Change Component Comment : Designator=C10 Old Comment=22 לך New Comment=220 לך
Change Component Comment : Designator=C7 Old Comment=22 לך New Comment=330 לך
Change Component Comment : Designator=R31 Old Comment=150 New Comment=4,7 ך
Change Component Comment : Designator=C5 Old Comment=220 לך New Comment=330 לך
Change Component Comment : Designator=C4 Old Comment=330 לך New Comment=4,7 לך
Change Component Comment : Designator=C6 Old Comment=330 לך New Comment=220 לך
Change Component Comment : Designator=X7 Old Comment=HR911105A New Comment=25 M
Change component parameters: Designator = "R7"; Footprint = "RES_0603"; UniqueID = "\TUMZITDL"
Change component parameters. Clean all parameters for all variants
Change component parameters (AddParameter): Name = "ChipDip"; Value = ""; VariantName = "[No Variations]"
Change component parameters (AddParameter): Name = "Type"; Value = "RESISTOR"; VariantName = "[No Variations]"
Change component parameters (AddParameter): Name = "Value"; Value = "4,7 ך"; VariantName = "[No Variations]"
Change component parameters: Designator = "R8"; Footprint = "RES_0603"; UniqueID = "\UQYJBRKJ"
Change component parameters. Clean all parameters for all variants
Change component parameters (AddParameter): Name = "ChipDip"; Value = ""; VariantName = "[No Variations]"
Change component parameters (AddParameter): Name = "Type"; Value = "RESISTOR"; VariantName = "[No Variations]"
Change component parameters (AddParameter): Name = "Value"; Value = "4,7 ך"; VariantName = "[No Variations]"
Change component parameters: Designator = "R19"; Footprint = "RES_0603"; UniqueID = "\DIWYMAQV"
Change component parameters. Clean all parameters for all variants
Change component parameters (AddParameter): Name = "ChipDip"; Value = ""; VariantName = "[No Variations]"
Change component parameters (AddParameter): Name = "Type"; Value = "RESISTOR"; VariantName = "[No Variations]"
Change component parameters (AddParameter): Name = "Value"; Value = "100"; VariantName = "[No Variations]"
Change component parameters: Designator = "R20"; Footprint = "RES_0603"; UniqueID = "\EMSFDTPT"
Change component parameters. Clean all parameters for all variants
Change component parameters (AddParameter): Name = "ChipDip"; Value = ""; VariantName = "[No Variations]"
Change component parameters (AddParameter): Name = "Type"; Value = "RESISTOR"; VariantName = "[No Variations]"
Change component parameters (AddParameter): Name = "Value"; Value = "100"; VariantName = "[No Variations]"
Change component parameters: Designator = "C11"; Footprint = "TANTAL_B"; UniqueID = "\QPBNZVGV"
Change component parameters. Clean all parameters for all variants
Change component parameters (AddParameter): Name = "ChipDip"; Value = ""; VariantName = "[No Variations]"
Change component parameters (AddParameter): Name = "Model"; Value = ""; VariantName = "[No Variations]"
Change component parameters (AddParameter): Name = "Type"; Value = "CAP_TANTALUM"; VariantName = "[No Variations]"
Change component parameters (AddParameter): Name = "Value"; Value = "10 לך"; VariantName = "[No Variations]"
Change component parameters (AddParameter): Name = "Voltage"; Value = "6,3"; VariantName = "[No Variations]"
Change component parameters: Designator = "C7"; Footprint = "D8C3.5H12"; UniqueID = "\QGIFWZYE"
Change component parameters. Clean all parameters for all variants
Change component parameters (AddParameter): Name = "ChipDip"; Value = ""; VariantName = "[No Variations]"
Change component parameters (AddParameter): Name = "Model"; Value = ""; VariantName = "[No Variations]"
Change component parameters (AddParameter): Name = "Type"; Value = "CAP_ELECTROLYTIC"; VariantName = "[No Variations]"
Change component parameters (AddParameter): Name = "Value"; Value = "330 לך"; VariantName = "[No Variations]"
Change component parameters (AddParameter): Name = "Voltage"; Value = "16"; VariantName = "[No Variations]"
Change component parameters: Designator = "C53"; Footprint = "TANTAL_B"; UniqueID = "\GJILEIEW"
Change component parameters. Clean all parameters for all variants
Change component parameters (AddParameter): Name = "ChipDip"; Value = ""; VariantName = "[No Variations]"
Change component parameters (AddParameter): Name = "Model"; Value = ""; VariantName = "[No Variations]"
Change component parameters (AddParameter): Name = "Type"; Value = "CAP_TANTALUM"; VariantName = "[No Variations]"
Change component parameters (AddParameter): Name = "Value"; Value = "10 לך"; VariantName = "[No Variations]"
Change component parameters (AddParameter): Name = "Voltage"; Value = "6,3"; VariantName = "[No Variations]"
Change component parameters: Designator = "C10"; Footprint = "D10C5H12.5"; UniqueID = "\VUMNSOZA"
Change component parameters. Clean all parameters for all variants
Change component parameters (AddParameter): Name = "ChipDip"; Value = ""; VariantName = "[No Variations]"
Change component parameters (AddParameter): Name = "Model"; Value = ""; VariantName = "[No Variations]"
Change component parameters (AddParameter): Name = "Type"; Value = "CAP_ELECTROLYTIC"; VariantName = "[No Variations]"
Change component parameters (AddParameter): Name = "Value"; Value = "220 לך"; VariantName = "[No Variations]"
Change component parameters (AddParameter): Name = "Voltage"; Value = "50"; VariantName = "[No Variations]"
Change component parameters: Designator = "C1"; Footprint = "D10C5H12.5"; UniqueID = "\KAHBIRQM"
Change component parameters. Clean all parameters for all variants
Change component parameters (AddParameter): Name = "ChipDip"; Value = ""; VariantName = "[No Variations]"
Change component parameters (AddParameter): Name = "Model"; Value = ""; VariantName = "[No Variations]"
Change component parameters (AddParameter): Name = "Type"; Value = "CAP_ELECTROLYTIC"; VariantName = "[No Variations]"
Change component parameters (AddParameter): Name = "Value"; Value = "220 לך"; VariantName = "[No Variations]"
Change component parameters (AddParameter): Name = "Voltage"; Value = "50"; VariantName = "[No Variations]"
Change component parameters: Designator = "R29"; Footprint = "RES_0603"; UniqueID = "\ILOGNEAK"
Change component parameters. Clean all parameters for all variants
Change component parameters (AddParameter): Name = "ChipDip"; Value = ""; VariantName = "[No Variations]"
Change component parameters (AddParameter): Name = "Type"; Value = "RESISTOR"; VariantName = "[No Variations]"
Change component parameters (AddParameter): Name = "Value"; Value = "100"; VariantName = "[No Variations]"
Change component parameters: Designator = "R30"; Footprint = "RES_0603"; UniqueID = "\VDTBURNG"
Change component parameters. Clean all parameters for all variants
Change component parameters (AddParameter): Name = "ChipDip"; Value = ""; VariantName = "[No Variations]"
Change component parameters (AddParameter): Name = "Type"; Value = "RESISTOR"; VariantName = "[No Variations]"
Change component parameters (AddParameter): Name = "Value"; Value = "4,7 ך"; VariantName = "[No Variations]"
Change component parameters: Designator = "R31"; Footprint = "RES_0603"; UniqueID = "\THBWMQNN"
Change component parameters. Clean all parameters for all variants
Change component parameters (AddParameter): Name = "ChipDip"; Value = ""; VariantName = "[No Variations]"
Change component parameters (AddParameter): Name = "Type"; Value = "RESISTOR"; VariantName = "[No Variations]"
Change component parameters (AddParameter): Name = "Value"; Value = "4,7 ך"; VariantName = "[No Variations]"
Change component parameters: Designator = "X7"; Footprint = "XTAL_3225"; UniqueID = "\BSMASMLK"
Change component parameters. Clean all parameters for all variants
Change component parameters (AddParameter): Name = "ChipDip"; Value = "8026581531"; VariantName = "[No Variations]"
Change component parameters (AddParameter): Name = "Model"; Value = "X322525MOB4SI"; VariantName = "[No Variations]"
Change component parameters (AddParameter): Name = "Type"; Value = "CRYSTAL"; VariantName = "[No Variations]"
Change component parameters (AddParameter): Name = "Value"; Value = "25 M"; VariantName = "[No Variations]"
Change component parameters: Designator = "C32"; Footprint = "TANTAL_B"; UniqueID = "\GXWWXZNI"
Change component parameters. Clean all parameters for all variants
Change component parameters (AddParameter): Name = "ChipDip"; Value = ""; VariantName = "[No Variations]"
Change component parameters (AddParameter): Name = "Model"; Value = ""; VariantName = "[No Variations]"
Change component parameters (AddParameter): Name = "Type"; Value = "CAP_TANTALUM"; VariantName = "[No Variations]"
Change component parameters (AddParameter): Name = "Value"; Value = "10 לך"; VariantName = "[No Variations]"
Change component parameters (AddParameter): Name = "Voltage"; Value = "6,3"; VariantName = "[No Variations]"
Change component parameters: Designator = "C34"; Footprint = "TANTAL_B"; UniqueID = "\MMLCQQNL"
Change component parameters. Clean all parameters for all variants
Change component parameters (AddParameter): Name = "ChipDip"; Value = ""; VariantName = "[No Variations]"
Change component parameters (AddParameter): Name = "Model"; Value = ""; VariantName = "[No Variations]"
Change component parameters (AddParameter): Name = "Type"; Value = "CAP_TANTALUM"; VariantName = "[No Variations]"
Change component parameters (AddParameter): Name = "Value"; Value = "10 לך"; VariantName = "[No Variations]"
Change component parameters (AddParameter): Name = "Voltage"; Value = "6,3"; VariantName = "[No Variations]"
Change component parameters: Designator = "C48"; Footprint = "TANTAL_B"; UniqueID = "\ARSKJZCZ"
Change component parameters. Clean all parameters for all variants
Change component parameters (AddParameter): Name = "ChipDip"; Value = ""; VariantName = "[No Variations]"
Change component parameters (AddParameter): Name = "Model"; Value = ""; VariantName = "[No Variations]"
Change component parameters (AddParameter): Name = "Type"; Value = "CAP_TANTALUM"; VariantName = "[No Variations]"
Change component parameters (AddParameter): Name = "Value"; Value = "10 לך"; VariantName = "[No Variations]"
Change component parameters (AddParameter): Name = "Voltage"; Value = "6,3"; VariantName = "[No Variations]"
Change component parameters: Designator = "C51"; Footprint = "TANTAL_B"; UniqueID = "\YKUHUMTE"
Change component parameters. Clean all parameters for all variants
Change component parameters (AddParameter): Name = "ChipDip"; Value = ""; VariantName = "[No Variations]"
Change component parameters (AddParameter): Name = "Model"; Value = ""; VariantName = "[No Variations]"
Change component parameters (AddParameter): Name = "Type"; Value = "CAP_TANTALUM"; VariantName = "[No Variations]"
Change component parameters (AddParameter): Name = "Value"; Value = "10 לך"; VariantName = "[No Variations]"
Change component parameters (AddParameter): Name = "Voltage"; Value = "6,3"; VariantName = "[No Variations]"
Change component parameters: Designator = "C35"; Footprint = "TANTAL_B"; UniqueID = "\GGFDZLAT"
Change component parameters. Clean all parameters for all variants
Change component parameters (AddParameter): Name = "ChipDip"; Value = ""; VariantName = "[No Variations]"
Change component parameters (AddParameter): Name = "Model"; Value = ""; VariantName = "[No Variations]"
Change component parameters (AddParameter): Name = "Type"; Value = "CAP_TANTALUM"; VariantName = "[No Variations]"
Change component parameters (AddParameter): Name = "Value"; Value = "10 לך"; VariantName = "[No Variations]"
Change component parameters (AddParameter): Name = "Voltage"; Value = "6,3"; VariantName = "[No Variations]"
Change component parameters: Designator = "C36"; Footprint = "TANTAL_B"; UniqueID = "\AXCGWCWA"
Change component parameters. Clean all parameters for all variants
Change component parameters (AddParameter): Name = "ChipDip"; Value = ""; VariantName = "[No Variations]"
Change component parameters (AddParameter): Name = "Model"; Value = ""; VariantName = "[No Variations]"
Change component parameters (AddParameter): Name = "Type"; Value = "CAP_TANTALUM"; VariantName = "[No Variations]"
Change component parameters (AddParameter): Name = "Value"; Value = "10 לך"; VariantName = "[No Variations]"
Change component parameters (AddParameter): Name = "Voltage"; Value = "6,3"; VariantName = "[No Variations]"
Change component parameters: Designator = "C37"; Footprint = "TANTAL_B"; UniqueID = "\TNBBWQJH"
Change component parameters. Clean all parameters for all variants
Change component parameters (AddParameter): Name = "ChipDip"; Value = ""; VariantName = "[No Variations]"
Change component parameters (AddParameter): Name = "Model"; Value = ""; VariantName = "[No Variations]"
Change component parameters (AddParameter): Name = "Type"; Value = "CAP_TANTALUM"; VariantName = "[No Variations]"
Change component parameters (AddParameter): Name = "Value"; Value = "10 לך"; VariantName = "[No Variations]"
Change component parameters (AddParameter): Name = "Voltage"; Value = "6,3"; VariantName = "[No Variations]"
Change component parameters: Designator = "C38"; Footprint = "TANTAL_B"; UniqueID = "\BKNHBLZH"
Change component parameters. Clean all parameters for all variants
Change component parameters (AddParameter): Name = "ChipDip"; Value = ""; VariantName = "[No Variations]"
Change component parameters (AddParameter): Name = "Model"; Value = ""; VariantName = "[No Variations]"
Change component parameters (AddParameter): Name = "Type"; Value = "CAP_TANTALUM"; VariantName = "[No Variations]"
Change component parameters (AddParameter): Name = "Value"; Value = "10 לך"; VariantName = "[No Variations]"
Change component parameters (AddParameter): Name = "Voltage"; Value = "6,3"; VariantName = "[No Variations]"
Change component parameters: Designator = "C33"; Footprint = "CAP_0805"; UniqueID = "\ZNKHKWNJ"
Change component parameters. Clean all parameters for all variants
Change component parameters (AddParameter): Name = "Type"; Value = "CAP_CERAMIC"; VariantName = "[No Variations]"
Change component parameters (AddParameter): Name = "Value"; Value = "4,7 לך"; VariantName = "[No Variations]"
Change component parameters: Designator = "C5"; Footprint = "D8C3.5H12"; UniqueID = "\ZTHURHJB"
Change component parameters. Clean all parameters for all variants
Change component parameters (AddParameter): Name = "ChipDip"; Value = ""; VariantName = "[No Variations]"
Change component parameters (AddParameter): Name = "Model"; Value = ""; VariantName = "[No Variations]"
Change component parameters (AddParameter): Name = "Type"; Value = "CAP_ELECTROLYTIC"; VariantName = "[No Variations]"
Change component parameters (AddParameter): Name = "Value"; Value = "330 לך"; VariantName = "[No Variations]"
Change component parameters (AddParameter): Name = "Voltage"; Value = "16"; VariantName = "[No Variations]"
Change component parameters: Designator = "C6"; Footprint = "D10C5H12.5"; UniqueID = "\PMJAYKKX"
Change component parameters. Clean all parameters for all variants
Change component parameters (AddParameter): Name = "ChipDip"; Value = ""; VariantName = "[No Variations]"
Change component parameters (AddParameter): Name = "Model"; Value = ""; VariantName = "[No Variations]"
Change component parameters (AddParameter): Name = "Type"; Value = "CAP_ELECTROLYTIC"; VariantName = "[No Variations]"
Change component parameters (AddParameter): Name = "Value"; Value = "220 לך"; VariantName = "[No Variations]"
Change component parameters (AddParameter): Name = "Voltage"; Value = "50"; VariantName = "[No Variations]"
Change component parameters: Designator = "C4"; Footprint = "CAP_0805"; UniqueID = "\EDKAFDJU"
Change component parameters. Clean all parameters for all variants
Change component parameters (AddParameter): Name = "Type"; Value = "CAP_CERAMIC"; VariantName = "[No Variations]"
Change component parameters (AddParameter): Name = "Value"; Value = "4,7 לך"; VariantName = "[No Variations]"
Added Component: Designator=C65(TANTAL_B)
Add component. Clean all parameters for all variants
Add component (AddParameter): Name = "ChipDip"; Value = ""; VariantName = "[No Variations]"
Add component (AddParameter): Name = "Model"; Value = ""; VariantName = "[No Variations]"
Add component (AddParameter): Name = "Type"; Value = "CAP_TANTALUM"; VariantName = "[No Variations]"
Add component (AddParameter): Name = "Value"; Value = "10 לך"; VariantName = "[No Variations]"
Add component (AddParameter): Name = "Voltage"; Value = "6,3"; VariantName = "[No Variations]"
Added Component: Designator=C66(TANTAL_B)
Add component. Clean all parameters for all variants
Add component (AddParameter): Name = "ChipDip"; Value = ""; VariantName = "[No Variations]"
Add component (AddParameter): Name = "Model"; Value = ""; VariantName = "[No Variations]"
Add component (AddParameter): Name = "Type"; Value = "CAP_TANTALUM"; VariantName = "[No Variations]"
Add component (AddParameter): Name = "Value"; Value = "10 לך"; VariantName = "[No Variations]"
Add component (AddParameter): Name = "Voltage"; Value = "6,3"; VariantName = "[No Variations]"
Added Component: Designator=P6(691321100006)
Add component. Clean all parameters for all variants
Add component (AddParameter): Name = "Color"; Value = "Green"; VariantName = "[No Variations]"
Add component (AddParameter): Name = "Contact Gender"; Value = "Male"; VariantName = "[No Variations]"
Add component (AddParameter): Name = "Contact Material"; Value = "Brass"; VariantName = "[No Variations]"
Add component (AddParameter): Name = "Current"; Value = "10A"; VariantName = "[No Variations]"
Add component (AddParameter): Name = "Current Rating"; Value = "10.5A"; VariantName = "[No Variations]"
Add component (AddParameter): Name = "Gender"; Value = "Male"; VariantName = "[No Variations]"
Add component (AddParameter): Name = "Height"; Value = "12.7mm"; VariantName = "[No Variations]"
Add component (AddParameter): Name = "Lead Pitch"; Value = "3.5mm"; VariantName = "[No Variations]"
Add component (AddParameter): Name = "Length"; Value = "7mm"; VariantName = "[No Variations]"
Add component (AddParameter): Name = "Mount"; Value = "Through Hole"; VariantName = "[No Variations]"
Add component (AddParameter): Name = "NexarPartId"; Value = "18818344"; VariantName = "[No Variations]"
Add component (AddParameter): Name = "Number of Contacts"; Value = "6"; VariantName = "[No Variations]"
Add component (AddParameter): Name = "Number of Levels"; Value = "1"; VariantName = "[No Variations]"
Add component (AddParameter): Name = "Number of Pins"; Value = "6"; VariantName = "[No Variations]"
Add component (AddParameter): Name = "Number of Positions Per Level"; Value = "6"; VariantName = "[No Variations]"
Add component (AddParameter): Name = "Number of Rows"; Value = "1"; VariantName = "[No Variations]"
Add component (AddParameter): Name = "Orientation"; Value = "Vertical"; VariantName = "[No Variations]"
Add component (AddParameter): Name = "Packaging"; Value = "Box"; VariantName = "[No Variations]"
Add component (AddParameter): Name = "Pitch"; Value = "3.5052mm"; VariantName = "[No Variations]"
Add component (AddParameter): Name = "REACH SVHC"; Value = "Unknown"; VariantName = "[No Variations]"
Add component (AddParameter): Name = "RoHS"; Value = "Compliant"; VariantName = "[No Variations]"
Add component (AddParameter): Name = "Termination"; Value = "Solder"; VariantName = "[No Variations]"
Add component (AddParameter): Name = "Voltage"; Value = "300V"; VariantName = "[No Variations]"
Add component (AddParameter): Name = "Width"; Value = "25.6mm"; VariantName = "[No Variations]"
Added Component: Designator=P7(691322110006)
Add component. Clean all parameters for all variants
Add component (AddParameter): Name = "Color"; Value = "Green"; VariantName = "[No Variations]"
Add component (AddParameter): Name = "Connector Type"; Value = "PCB, Terminal Block"; VariantName = "[No Variations]"
Add component (AddParameter): Name = "Contact Gender"; Value = "Male"; VariantName = "[No Variations]"
Add component (AddParameter): Name = "Contact Material"; Value = "Brass"; VariantName = "[No Variations]"
Add component (AddParameter): Name = "Current"; Value = "10A"; VariantName = "[No Variations]"
Add component (AddParameter): Name = "Gender"; Value = "Male"; VariantName = "[No Variations]"
Add component (AddParameter): Name = "Height"; Value = "9.2mm"; VariantName = "[No Variations]"
Add component (AddParameter): Name = "Lead Pitch"; Value = "3.5mm"; VariantName = "[No Variations]"
Add component (AddParameter): Name = "Length"; Value = "10.5mm"; VariantName = "[No Variations]"
Add component (AddParameter): Name = "Mount"; Value = "Through Hole"; VariantName = "[No Variations]"
Add component (AddParameter): Name = "NexarPartId"; Value = "18818350"; VariantName = "[No Variations]"
Add component (AddParameter): Name = "Number of Contacts"; Value = "6"; VariantName = "[No Variations]"
Add component (AddParameter): Name = "Number of Levels"; Value = "1"; VariantName = "[No Variations]"
Add component (AddParameter): Name = "Number of Pins"; Value = "6"; VariantName = "[No Variations]"
Add component (AddParameter): Name = "Number of Positions Per Level"; Value = "6"; VariantName = "[No Variations]"
Add component (AddParameter): Name = "Number of Rows"; Value = "1"; VariantName = "[No Variations]"
Add component (AddParameter): Name = "Packaging"; Value = "Box"; VariantName = "[No Variations]"
Add component (AddParameter): Name = "Pitch"; Value = "3.5052mm"; VariantName = "[No Variations]"
Add component (AddParameter): Name = "REACH SVHC"; Value = "Unknown"; VariantName = "[No Variations]"
Add component (AddParameter): Name = "RoHS"; Value = "Compliant"; VariantName = "[No Variations]"
Add component (AddParameter): Name = "Termination"; Value = "Solder"; VariantName = "[No Variations]"
Add component (AddParameter): Name = "Voltage"; Value = "300V"; VariantName = "[No Variations]"
Add component (AddParameter): Name = "Width"; Value = "22.1mm"; VariantName = "[No Variations]"
Added Pin To Net: NetName=GND Pin=C4-1
Added Pin To Net: NetName=3.3 V Pin=C4-2
Added Pin To Net: NetName=12 V Pin=C5-1
Added Pin To Net: NetName=SUPPLY Pin=C6-1
Added Pin To Net: NetName=5 V Pin=C7-1
Added Pin To Net: NetName=SUPPLY Pin=C10-1
Added Pin To Net: NetName=GND Pin=C10-2
Added Pin To Net: NetName=3.3 V Pin=C11-1
Added Pin To Net: NetName=GND Pin=C11-2
Added Pin To Net: NetName=3.3 V Pin=C32-1
Added Pin To Net: NetName=GND Pin=C33-1
Added Pin To Net: NetName=3.3 V Pin=C33-2
Added Pin To Net: NetName=3.3 V Pin=C34-1
Added Pin To Net: NetName=3.3 V Pin=C35-1
Added Pin To Net: NetName=GND Pin=C35-2
Added Pin To Net: NetName=3.3 V Pin=C36-1
Added Pin To Net: NetName=GND Pin=C36-2
Added Pin To Net: NetName=5 V Pin=C37-1
Added Pin To Net: NetName=GND Pin=C37-2
Added Pin To Net: NetName=Eth_3.3V Pin=C38-1
Added Pin To Net: NetName=GND Pin=C38-2
Added Pin To Net: NetName=5 V Pin=C48-1
Added Pin To Net: NetName=GND Pin=C48-2
Added Pin To Net: NetName=5 V Pin=C65-1
Added Pin To Net: NetName=GND Pin=C65-2
Added Pin To Net: NetName=ADC_ISO_+5 Pin=C66-1
Added Pin To Net: NetName=ADC_ISO_GND Pin=C66-2
Added Pin To Net: NetName=12 V Pin=P3-4
Added Pin To Net: NetName=SUPPLY_INT Pin=R7-1
Added Pin To Net: NetName=3.3 V Pin=R7-2
Added Pin To Net: NetName=GND Pin=R8-1
Added Pin To Net: NetName=Load_En Pin=R8-2
Added Pin To Net: NetName=RESET_PIN Pin=R19-1
Added Pin To Net: NetName=SYS_SWCLK Pin=R20-1
Added Pin To Net: NetName=SYS_SWDIO Pin=R29-1
Added Pin To Net: NetName=I2C_2_SCL Pin=R30-1
Added Pin To Net: NetName=3.3 V Pin=R30-2
Added Pin To Net: NetName=I2C_2_SDA Pin=R31-1
Added Pin To Net: NetName=3.3 V Pin=R31-2
Added Pin To Net: NetName=OSC_8_OUT Pin=X7-1
Added Pin To Net: NetName=OSC_8_IN Pin=X7-3
Added Pin To Net: NetName=NetP1_4 Pin=P1-4
Added Pin To Net: NetName=NetP1_4 Pin=R1-1
Added Pin To Net: NetName=NetP1_4 Pin=R2-1
Added Net: Name=NetP1_4
Added Pin To Net: NetName=NetR19_2 Pin=R19-2
Added Pin To Net: NetName=NetR19_2 Pin=X5-1
Added Net: Name=NetR19_2
Added Pin To Net: NetName=NetR20_2 Pin=R20-2
Added Pin To Net: NetName=NetR20_2 Pin=X5-2
Added Net: Name=NetR20_2
Added Pin To Net: NetName=NetR29_2 Pin=R29-2
Added Pin To Net: NetName=NetR29_2 Pin=X5-3
Added Net: Name=NetR29_2
Added Pin To Net: NetName=NetU1_2 Pin=U1-2
Added Pin To Net: NetName=NetU1_2 Pin=VD1-K
Added Net: Name=NetU1_2
Added Pin To Net: NetName=NetU3_2 Pin=U3-2
Added Pin To Net: NetName=NetU3_2 Pin=VD3-K
Added Net: Name=NetU3_2
Added Member To Class: ClassName=Sheet1 Member=Component C32 10 לך
Added Member To Class: ClassName=Sheet2 Member=Component C33 4,7 לך
Added Member To Class: ClassName=Sheet2 Member=Component C34 10 לך
Added Member To Class: ClassName=Sheet2 Member=Component C35 10 לך
Added Member To Class: ClassName=Sheet2 Member=Component C36 10 לך
Added Member To Class: ClassName=Sheet4 Member=Component C48 10 לך
Added Member To Class: ClassName=Sheet4 Member=Component C51 10 לך
Added Member To Class: ClassName=Sheet4 Member=Component C53 10 לך
Added Member To Class: ClassName=Sheet5 Member=Component C65 10 לך
Added Member To Class: ClassName=Sheet5 Member=Component C66 10 לך
Added Member To Class: ClassName=Sheet4 Member=Component P6 691321100006
Added Member To Class: ClassName=Sheet4 Member=Component P7 691322110006
Added Member To Class: ClassName=Sheet2 Member=Component R29 100
Added Member To Class: ClassName=Sheet2 Member=Component R30 4,7 ך
Added Member To Class: ClassName=Sheet2 Member=Component R31 4,7 ך
Added Member To Class: ClassName=Sheet2 Member=Component X7 25 M
