Removed Pin From Net: NetName=5 V Pin=C4-1
Removed Pin From Net: NetName=GND Pin=C5-1
Removed Pin From Net: NetName=5 V Pin=C5-2
Removed Pin From Net: NetName=24 V Pin=R5-2
Removed Pin From Net: NetName=NetR5_1 Pin=R6-2
Removed Pin From Net: NetName=24 V Pin=U2-1
Removed Pin From Net: NetName=24 V Pin=U2-2
Removed Pin From Net: NetName=GND Pin=U2-5
Removed Pin From Net: NetName=5 V Pin=U2-8
Removed Pin From Net: NetName=VIN_SENSE Pin=U3-1
Removed Pin From Net: NetName=VIN_SENSE Pin=U3-2
Removed Pin From Net: NetName=NetR5_1 Pin=U3-3
Removed Pin From Net: NetName=GND Pin=U3-4
Removed Pin From Net: NetName=CURR_SENSE Pin=U3-6
Removed Pin From Net: NetName=CURR_SENSE Pin=U3-7
Removed Pin From Net: NetName=5 V Pin=U3-8
Removed Pin From Net: NetName=GND Pin=VD4-1
Removed Pin From Net: NetName=NetR5_1 Pin=VD4-2
Removed Member From Class: ClassName=Sheet1 Member=C5
Removed Member From Class: ClassName=Sheet1 Member=U3
Removed Member From Class: ClassName=Sheet1 Member=VD4
Change Component Footprint: Designator=R6 Old Footprint=CH0603R New Footprint=CH2512R
Change Component Footprint: Designator=R5 Old Footprint=CH0805R New Footprint=CH0603R
Change Component Footprint: Designator=U2 Old Footprint=FP-LC-8-IPC_B New Footprint=DGS0010A_L
Change Component Comment : Designator=R6 Old Comment=3,3 ך New Comment=0,002
Change Component Comment : Designator=R5 Old Comment=47 ך New Comment=4.7 ך
Change Component Comment : Designator=U2 Old Comment=ACS711ELCTR-25AB-T New Comment=INA226AIDGSR
Change Component Designator: OldDesignator=X? NewDesignator=X14
Change component parameters: Designator = "R5"; Footprint = "CH0603R"; UniqueID = "\YNUZLQJU"
Change component parameters. Clean all parameters for all variants
Change component parameters (AddParameter): Name = "ComponentKind"; Value = ""; VariantName = "[No Variations]"
Change component parameters (AddParameter): Name = "HelpURL"; Value = ""; VariantName = "[No Variations]"
Change component parameters (AddParameter): Name = "Manufacturer"; Value = ""; VariantName = "[No Variations]"
Change component parameters (AddParameter): Name = "Model"; Value = ""; VariantName = "[No Variations]"
Change component parameters (AddParameter): Name = "Value"; Value = "4.7 ך"; VariantName = "[No Variations]"
Change component parameters: Designator = "R6"; Footprint = "CH2512R"; UniqueID = "\NUVMKBMZ"
Change component parameters. Clean all parameters for all variants
Change component parameters (AddParameter): Name = "ChipDip"; Value = "8001939518"; VariantName = "[No Variations]"
Change component parameters (AddParameter): Name = "Model"; Value = "CRE2512-FZ-R002E-3"; VariantName = "[No Variations]"
Change component parameters (AddParameter): Name = "Value"; Value = "0,002"; VariantName = "[No Variations]"
Change component parameters: Designator = "U2"; Footprint = "DGS0010A_L"; UniqueID = "\XMBNHZPG"
Change component parameters. Clean all parameters for all variants
Change component parameters (AddParameter): Name = "ChipDip"; Value = "8026989887"; VariantName = "[No Variations]"
Change component parameters (AddParameter): Name = "ComponentLink1Description"; Value = "Manufacturer URL"; VariantName = "[No Variations]"
Change component parameters (AddParameter): Name = "ComponentLink1URL"; Value = "http://www.ti.com/"; VariantName = "[No Variations]"
Change component parameters (AddParameter): Name = "ComponentLink2Description"; Value = "Datasheet"; VariantName = "[No Variations]"
Change component parameters (AddParameter): Name = "ComponentLink2URL"; Value = "http://www.ti.com/general/docs/lit/getliterature.tsp?genericPartNumber=INA226&fileType=pdf"; VariantName = "[No Variations]"
Change component parameters (AddParameter): Name = "ComponentLink3Description"; Value = "Package Specification"; VariantName = "[No Variations]"
Change component parameters (AddParameter): Name = "ComponentLink3URL"; Value = "http://www.ti.com/lit/ml/mpds035b/mpds035b.pdf"; VariantName = "[No Variations]"
Change component parameters (AddParameter): Name = "Model"; Value = "INA226AIDGSR"; VariantName = "[No Variations]"
Added Component: Designator=C2(CH0603C)
Add component. Clean all parameters for all variants
Add component (AddParameter): Name = "ComponentKind"; Value = ""; VariantName = "[No Variations]"
Add component (AddParameter): Name = "HelpURL"; Value = ""; VariantName = "[No Variations]"
Add component (AddParameter): Name = "Manufacturer"; Value = ""; VariantName = "[No Variations]"
Add component (AddParameter): Name = "Model"; Value = ""; VariantName = "[No Variations]"
Add component (AddParameter): Name = "Value"; Value = "0,1 לך"; VariantName = "[No Variations]"
Added Component: Designator=R48(CH0603R)
Add component. Clean all parameters for all variants
Add component (AddParameter): Name = "ChipDip"; Value = ""; VariantName = "[No Variations]"
Add component (AddParameter): Name = "Model"; Value = ""; VariantName = "[No Variations]"
Add component (AddParameter): Name = "Value"; Value = "10"; VariantName = "[No Variations]"
Added Component: Designator=R51(CH0603R)
Add component. Clean all parameters for all variants
Add component (AddParameter): Name = "ChipDip"; Value = ""; VariantName = "[No Variations]"
Add component (AddParameter): Name = "Model"; Value = ""; VariantName = "[No Variations]"
Add component (AddParameter): Name = "Value"; Value = "10"; VariantName = "[No Variations]"
Added Pin To Net: NetName=3.3 V Pin=C4-1
Added Pin To Net: NetName=3.3 V Pin=R5-2
Added Pin To Net: NetName=24 V Pin=R6-2
Added Pin To Net: NetName=24 V Pin=R48-1
Added Pin To Net: NetName=GND Pin=R51-1
Added Pin To Net: NetName=GND Pin=U2-1
Added Pin To Net: NetName=GND Pin=U2-2
Added Pin To Net: NetName=NetR5_1 Pin=U2-3
Added Pin To Net: NetName=I2C_2_SDA Pin=U2-4
Added Pin To Net: NetName=I2C_2_SCL Pin=U2-5
Added Pin To Net: NetName=3.3 V Pin=U2-6
Added Pin To Net: NetName=GND Pin=U2-7
Added Pin To Net: NetName=24 V Pin=U2-8
Added Pin To Net: NetName=24 V Pin=VD2-1
Added Pin To Net: NetName=NetC2_1 Pin=C2-1
Added Pin To Net: NetName=NetC2_1 Pin=R51-2
Added Pin To Net: NetName=NetC2_1 Pin=U2-10
Added Net: Name=NetC2_1
Added Pin To Net: NetName=NetC2_2 Pin=C2-2
Added Pin To Net: NetName=NetC2_2 Pin=R48-2
Added Pin To Net: NetName=NetC2_2 Pin=U2-9
Added Net: Name=NetC2_2
Added Member To Class: ClassName=Sheet1 Member=Component C2 0,1 לך
Added Member To Class: ClassName=Sheet1 Member=Component R48 10
Added Member To Class: ClassName=Sheet1 Member=Component R51 10
