Removed Pin From Net: NetName=12 V Pin=BF1-1
Removed Pin From Net: NetName=GND Pin=C2-2
Removed Pin From Net: NetName=CURR_SENSE_PIN Pin=C16-1
Removed Pin From Net: NetName=12 V Pin=C27-2
Removed Pin From Net: NetName=5 V Pin=C46-1
Removed Pin From Net: NetName=GND Pin=C46-2
Removed Pin From Net: NetName=5 V Pin=C48-1
Removed Pin From Net: NetName=GND Pin=C48-2
Removed Pin From Net: NetName=5 V Pin=C49-1
Removed Pin From Net: NetName=GND Pin=C49-2
Removed Pin From Net: NetName=5 V Pin=C50-1
Removed Pin From Net: NetName=GND Pin=C50-2
Removed Pin From Net: NetName=5 V Pin=J1-1
Removed Pin From Net: NetName=12 V Pin=J2-1
Removed Pin From Net: NetName=3.3 V Pin=J3-1
Removed Pin From Net: NetName=CURR_SENSE_PIN Pin=R3-1
Removed Pin From Net: NetName=GND Pin=R4-1
Removed Pin From Net: NetName=NetR3_2 Pin=R4-2
Removed Pin From Net: NetName=VIN_SENSE_PIN Pin=R16-2
Removed Pin From Net: NetName=NetBF1_2 Pin=R20-2
Removed Pin From Net: NetName=5 V Pin=R35-1
Removed Pin From Net: NetName=RS-485_RX Pin=R35-2
Removed Pin From Net: NetName=GND Pin=R39-1
Removed Pin From Net: NetName=5 V Pin=R48-1
Removed Pin From Net: NetName=5 V Pin=R51-1
Removed Pin From Net: NetName=GND Pin=U1-6
Removed Pin From Net: NetName=NetR3_2 Pin=U3-6
Removed Pin From Net: NetName=CURR_SENSE_PIN Pin=U3-7
Removed Pin From Net: NetName=GND Pin=U4-6
Removed Pin From Net: NetName=VIN_SENSE_PIN Pin=U7-34
Removed Pin From Net: NetName=RS-485_TX Pin=U7-92
Removed Pin From Net: NetName=RS-485_RX Pin=U7-93
Removed Pin From Net: NetName=GND Pin=U13-1
Removed Pin From Net: NetName=5 V Pin=U13-2
Removed Pin From Net: NetName=GND Pin=U13-3
Removed Pin From Net: NetName=RS-485_RX Pin=U13-4
Removed Pin From Net: NetName=RS-485_TX Pin=U13-7
Removed Pin From Net: NetName=5 V Pin=U13-8
Removed Pin From Net: NetName=GND Pin=U13-9
Removed Pin From Net: NetName=GND Pin=U13-10
Removed Pin From Net: NetName=NetU2_3 Pin=VD2-2
Removed Pin From Net: NetName=GND Pin=VD6-1
Removed Pin From Net: NetName=V_OUT Pin=VD6-2
Removed Pin From Net: NetName=EM_STOP_PIN Pin=VD7-2
Removed Pin From Net: NetName=RS-485_RX Pin=VD19-2
Removed Pin From Net: NetName=NetR14_2 Pin=X11-1
Removed Pin From Net: NetName=GND Pin=X12-3
Removed Pin From Net: NetName=3.3 V Pin=X12-4
Removed Pin From Net: NetName=SYS_SWCLK Pin=X12-6
Removed Pin From Net: NetName=SYS_SWDIO Pin=X12-7
Removed Pin From Net: NetName=GND Pin=X12-8
Change Component Footprint: Designator=BF1 Old Footprint=BUZ: AI-1223-TWT-3V-2-R New Footprint=BUZ: AT-0927-TT-6-R
Change Component Footprint: Designator=R39 Old Footprint=CH0603R New Footprint=OMTE-RES7X2.5-2
Change Component Footprint: Designator=X11 Old Footprint=CON: 3137-1 New Footprint=CON: WF-03
Change Component Footprint: Designator=U13 Old Footprint=FP-RW-20-IPC_C New Footprint=NXP-SOT457_L
Change Component Footprint: Designator=U1 Old Footprint=KTT5_N New Footprint=KC0005A
Change Component Footprint: Designator=U4 Old Footprint=KTT5_N New Footprint=KC0005A
Change Component Footprint: Designator=Z1 Old Footprint=OSC: 3215 New Footprint=OSC: 3225
Change Component Footprint: Designator=VD17 Old Footprint=SMA New Footprint=CH1206LB
Change Component Footprint: Designator=VD18 Old Footprint=SMA New Footprint=ONSC-SOT-323-3-419-04_V
Change Component Footprint: Designator=VD7 Old Footprint=SOD80 New Footprint=ONSC-SOT-323-3-419-04_V
Change Component Footprint: Designator=VD2 Old Footprint=TO220-2 New Footprint=ONSC-TO-220-2-221B-04_E
Change Component Footprint: Designator=VD6 Old Footprint=TO220-2 New Footprint=ONSC-TO-220-2-221B-04_E
Change Component Comment : Designator=R20 Old Comment=1 к New Comment=100
Change Component Comment : Designator=R35 Old Comment=1 к New Comment=100
Change Component Comment : Designator=R39 Old Comment=1 к New Comment=OD103JE
Change Component Comment : Designator=R8 Old Comment=3,3 к New Comment=430
Change Component Comment : Designator=R1 Old Comment=3,9 к New Comment=10 к
Change Component Comment : Designator=VD7 Old Comment=4,3 В New Comment=BAT54S
Change Component Comment : Designator=C11 Old Comment=8 New Comment=12
Change Component Comment : Designator=C15 Old Comment=8 New Comment=12
Change Component Comment : Designator=R3 Old Comment=10 к New Comment=1 к
Change Component Comment : Designator=R4 Old Comment=10 к New Comment=1 к
Change Component Comment : Designator=R7 Old Comment=10 к New Comment=3,9 к
Change Component Comment : Designator=VD2 Old Comment=20SQ045 New Comment=MBR1645G
Change Component Comment : Designator=VD6 Old Comment=20SQ045 New Comment=MBR1645G
Change Component Comment : Designator=R2 Old Comment=430 New Comment=3,3 к
Change Component Comment : Designator=U13 Old Comment=ADM2587EBRWZ-REEL7 New Comment=IP4220CZ6
Change Component Comment : Designator=BF1 Old Comment=HPM14AX New Comment=HC0905T
Change Component Comment : Designator=VD18 Old Comment=SMAJ6.0CA New Comment=BAT54S
Change Component Comment : Designator=VD17 Old Comment=SMAJ6.0CA New Comment=Синий
Change Component Comment : Designator=U1 Old Comment=TL2575-ADJIKTTR New Comment=LM2576HVT-ADJ/NOPB
Change Component Comment : Designator=U4 Old Comment=TL2575-ADJIKTTR New Comment=LM2576HVT-ADJ/NOPB
Added Component: Designator=U21(NXP-SOT457_L)
Add component. Clean all parameters for all variants
Add component (AddParameter): Name = "ChipDip"; Value = "9001067611"; VariantName = "[No Variations]"
Add component (AddParameter): Name = "Model"; Value = "IP4220CZ6"; VariantName = "[No Variations]"
Added Pin To Net: NetName=5 V Pin=BF1-1
Added Pin To Net: NetName=5 V Pin=C3-1
Added Pin To Net: NetName=12 V Pin=C7-1
Added Pin To Net: NetName=3.3 V Pin=C9-1
Added Pin To Net: NetName=5 V Pin=C27-2
Added Pin To Net: NetName=5 V Pin=L1-1
Added Pin To Net: NetName=12 V Pin=L2-1
Added Pin To Net: NetName=NetBF1_2 Pin=Q3-3
Added Pin To Net: NetName=5 V Pin=R1-2
Added Pin To Net: NetName=3.3 V Pin=R3-1
Added Pin To Net: NetName=3.3 V Pin=R4-1
Added Pin To Net: NetName=12 V Pin=R7-2
Added Pin To Net: NetName=CURR_SENSE_PIN Pin=R20-2
Added Pin To Net: NetName=VIN_SENSE_PIN Pin=R35-1
Added Pin To Net: NetName=3.3 V Pin=U5-2
Added Pin To Net: NetName=3.3 V Pin=U5-4
Added Pin To Net: NetName=RESET_PIN Pin=U13-1
Added Pin To Net: NetName=GND Pin=U13-2
Added Pin To Net: NetName=SYS_SWDIO Pin=U13-3
Added Pin To Net: NetName=SYS_SWCLK Pin=U13-4
Added Pin To Net: NetName=5 V Pin=U13-5
Added Pin To Net: NetName=GND Pin=U21-2
Added Pin To Net: NetName=5 V Pin=U21-5
Added Pin To Net: NetName=NetU2_3 Pin=VD2-1
Added Pin To Net: NetName=V_OUT Pin=VD6-1
Added Pin To Net: NetName=GND Pin=VD6-3
Added Pin To Net: NetName=3.3 V Pin=VD7-2
Added Pin To Net: NetName=EM_STOP_PIN Pin=VD7-3
Added Pin To Net: NetName=NetR3_2 Pin=VD15-1
Added Pin To Net: NetName=RS-485_RX Pin=VD17-2
Added Pin To Net: NetName=RS-485_RX Pin=VD17-2
Added Pin To Net: NetName=5 V Pin=VD18-2
Added Pin To Net: NetName=NetBF1_2 Pin=VD18-3
Added Pin To Net: NetName=5 V Pin=X3-1
Added Pin To Net: NetName=12 V Pin=X6-1
Added Pin To Net: NetName=3.3 V Pin=X8-1
Added Pin To Net: NetName=GND Pin=X11-2
Added Pin To Net: NetName=SYS_SWCLK Pin=X12-2
Added Pin To Net: NetName=SYS_SWDIO Pin=X12-4
Added Pin To Net: NetName=GND Pin=X12-5
Added Pin To Net: NetName=GND Pin=X12-6
Added Pin To Net: NetName=3.3 V Pin=X12-7
Added Pin To Net: NetName=3.3 V Pin=X12-8
Added Pin To Net: NetName=5 V Pin=X12-9
Change Net Name : Old Net Name=VIN_SENSE_PIN New Net Name=VIN_SENSE
Added Pin To Net: NetName=CURR_SENSE Pin=C16-1
Added Pin To Net: NetName=CURR_SENSE Pin=R20-1
Added Pin To Net: NetName=CURR_SENSE Pin=U3-6
Added Pin To Net: NetName=CURR_SENSE Pin=U3-7
Added Net: Name=CURR_SENSE
Added Pin To Net: NetName=NetR4_2 Pin=R4-2
Added Pin To Net: NetName=NetR4_2 Pin=VD17-1
Added Net: Name=NetR4_2
Added Pin To Net: NetName=NetU2_7 Pin=U2-7
Added Pin To Net: NetName=NetU2_7 Pin=U3-5
Added Net: Name=NetU2_7
Added Pin To Net: NetName=NetVD2_3 Pin=VD2-3
Added Pin To Net: NetName=NetVD2_3 Pin=X1-1
Added Net: Name=NetVD2_3
Added Pin To Net: NetName=TERM_RX Pin=U7-93
Added Pin To Net: NetName=TERM_RX Pin=U21-4
Added Pin To Net: NetName=TERM_RX Pin=X11-1
Added Net: Name=TERM_RX
Added Pin To Net: NetName=TERM_TX Pin=U7-92
Added Pin To Net: NetName=TERM_TX Pin=U21-1
Added Pin To Net: NetName=TERM_TX Pin=X11-3
Added Net: Name=TERM_TX
Added Pin To Net: NetName=VIN_SENSE_PIN Pin=R16-2
Added Pin To Net: NetName=VIN_SENSE_PIN Pin=R35-2
Added Pin To Net: NetName=VIN_SENSE_PIN Pin=U7-34
Added Net: Name=VIN_SENSE_PIN
Added Member To Class: ClassName=Sheet2 Member=Component U21 IP4220CZ6
