Removed Pin From Net: NetName=ADC_CS Pin=U7-51
Removed Pin From Net: NetName=SYS_SWDIO Pin=X12-4
Removed Pin From Net: NetName=GND Pin=X12-5
Removed Pin From Net: NetName=GND Pin=X12-6
Removed Pin From Net: NetName=3.3 V Pin=X12-7
Removed Pin From Net: NetName=3.3 V Pin=X12-8
Removed Pin From Net: NetName=5 V Pin=X12-9
Removed Pin From Net: NetName=5 V Pin=X12-10
Change Component Footprint: Designator=X12 Old Footprint=CON: IDC-10MS New Footprint=CON: IDC-6MS
Change Component Comment : Designator=X12 Old Comment=IDC-10MS New Comment=IDC-06MS
Change component parameters: Designator = "X12"; Footprint = "CON: IDC-6MS"; UniqueID = "\SALWIQLZ"
Change component parameters. Clean all parameters for all variants
Change component parameters (AddParameter): Name = "ChipDip"; Value = "9000058155"; VariantName = "[No Variations]"
Change component parameters (AddParameter): Name = "Model"; Value = "IDC-06MS"; VariantName = "[No Variations]"
Added Component: Designator=R45(CH0603R)
Add component. Clean all parameters for all variants
Add component (AddParameter): Name = "ComponentKind"; Value = ""; VariantName = "[No Variations]"
Add component (AddParameter): Name = "HelpURL"; Value = ""; VariantName = "[No Variations]"
Add component (AddParameter): Name = "Manufacturer"; Value = ""; VariantName = "[No Variations]"
Add component (AddParameter): Name = "Model"; Value = ""; VariantName = "[No Variations]"
Add component (AddParameter): Name = "Value"; Value = "4,7 ê"; VariantName = "[No Variations]"
Added Component: Designator=SW1(FP-PTS810_SJG_250_SMTR_LF-MFG)
Add component. Clean all parameters for all variants
Add component (AddParameter): Name = "Automotive"; Value = "No"; VariantName = "[No Variations]"
Add component (AddParameter): Name = "Category"; Value = "Switch"; VariantName = "[No Variations]"
Add component (AddParameter): Name = "ComponentLink2Description"; Value = "Datasheet"; VariantName = "[No Variations]"
Add component (AddParameter): Name = "ComponentLink2URL"; Value = "https://www.ckswitches.com/media/1476/pts810.pdf"; VariantName = "[No Variations]"
Add component (AddParameter): Name = "Contact Resistance"; Value = "500m?"; VariantName = "[No Variations]"
Add component (AddParameter): Name = "Current Rating"; Value = "50mA"; VariantName = "[No Variations]"
Add component (AddParameter): Name = "Device Class L1"; Value = "Electromechanical"; VariantName = "[No Variations]"
Add component (AddParameter): Name = "Device Class L2"; Value = "Switches"; VariantName = "[No Variations]"
Add component (AddParameter): Name = "Device Class L3"; Value = "Tactile Switches"; VariantName = "[No Variations]"
Add component (AddParameter): Name = "Digikey Description"; Value = "SWITCH TACTILE SPST-NO 0.05A 16V"; VariantName = "[No Variations]"
Add component (AddParameter): Name = "Electromechanical Life"; Value = "100000Cycles"; VariantName = "[No Variations]"
Add component (AddParameter): Name = "Height"; Value = "2.7mm"; VariantName = "[No Variations]"
Add component (AddParameter): Name = "Lead Free"; Value = "Yes"; VariantName = "[No Variations]"
Add component (AddParameter): Name = "Manufacturer"; Value = "C&K Components"; VariantName = "[No Variations]"
Add component (AddParameter): Name = "Manufacturer Part Number"; Value = "PTS810 SJG 250 SMTR LFS"; VariantName = "[No Variations]"
Add component (AddParameter): Name = "Mouser Description"; Value = "Switch Tactile N.O. SPST Button J-Bend 0.05A 16VDC 100000Cycles 3.92N SMD T/R"; VariantName = "[No Variations]"
Add component (AddParameter): Name = "Octopart"; Value = "https://octopart.com/pts810sjg250smtrlfs-c%26k+components-29380277"; VariantName = "[No Variations]"
Add component (AddParameter): Name = "Operating Force"; Value = "400gf"; VariantName = "[No Variations]"
Add component (AddParameter): Name = "Package"; Value = "PTS810 SJG 250 SMTR LFS"; VariantName = "[No Variations]"
Add component (AddParameter): Name = "RoHS"; Value = "TRUE"; VariantName = "[No Variations]"
Add component (AddParameter): Name = "Temperature"; Value = "-40°C to +85°C"; VariantName = "[No Variations]"
Add component (AddParameter): Name = "Temperature Range High"; Value = "+85°C"; VariantName = "[No Variations]"
Add component (AddParameter): Name = "Temperature Range Low"; Value = "-40°C"; VariantName = "[No Variations]"
Add component (AddParameter): Name = "Throw Configuration"; Value = "SPST-NO"; VariantName = "[No Variations]"
Add component (AddParameter): Name = "Voltage Rating Dc"; Value = "16V"; VariantName = "[No Variations]"
Added Pin To Net: NetName=3.3 V Pin=R45-1
Added Pin To Net: NetName=ADC_CS Pin=R45-2
Added Pin To Net: NetName=SYS_SWDIO Pin=X12-3
Added Pin To Net: NetName=GND Pin=X12-4
Added Pin To Net: NetName=3.3 V Pin=X12-5
Added Pin To Net: NetName=5 V Pin=X12-6
Added Member To Class: ClassName=Sheet2 Member=Component R45 4,7 ê
Added Member To Class: ClassName=Sheet2 Member=Component SW1 PTS810 SJG 250 SMTR LFS
