Removed Pin From Net: NetName=ETH_SCK Pin=U?-1
Removed Pin From Net: NetName=Eth_RST Pin=U?-2
Removed Pin From Net: NetName=ETH_CS Pin=U?-3
Removed Pin From Net: NetName=GND Pin=U?-4
Removed Pin From Net: NetName=0_10_OUT_3 Pin=U?-5
Removed Pin From Net: NetName=Eth_INT Pin=U?-7
Removed Pin From Net: NetName=12 V Pin=U?-8
Removed Pin From Net: NetName=OSC_8_IN Pin=U?-12
Removed Pin From Net: NetName=OSC_8_OUT Pin=U?-13
Removed Pin From Net: NetName=I2C_2_SDA Pin=U?-15
Removed Pin From Net: NetName=I2C_2_SCL Pin=U?-16
Removed Pin From Net: NetName=EM_STOP_PIN Pin=U?-24
Removed Pin From Net: NetName=BUZZ_EN Pin=U?-25
Removed Pin From Net: NetName=0_10_OUT_1 Pin=U?-29
Removed Pin From Net: NetName=0_10_OUT_2 Pin=U?-30
Removed Pin From Net: NetName=LOOP_IN_2 Pin=U?-31
Removed Pin From Net: NetName=LOOP_IN_1 Pin=U?-32
Removed Pin From Net: NetName=LOOP_IN_0 Pin=U?-33
Removed Pin From Net: NetName=VIN_SENSE_PIN Pin=U?-34
Removed Pin From Net: NetName=CURR_SENSE_PIN Pin=U?-35
Removed Pin From Net: NetName=CON_Rx Pin=U?-38
Removed Pin From Net: NetName=CON_Tx Pin=U?-39
Removed Pin From Net: NetName=ENC_A Pin=U?-40
Removed Pin From Net: NetName=ENC_B Pin=U?-42
Removed Pin From Net: NetName=I2C_2_SCL Pin=U?-47
Removed Pin From Net: NetName=I2C_2_SDA Pin=U?-48
Removed Pin From Net: NetName=Vcap_1 Pin=U?-49
Removed Pin From Net: NetName=SPI_ADC_CS Pin=U?-51
Removed Pin From Net: NetName=SPI_2_SCK Pin=U?-52
Removed Pin From Net: NetName=SPI_2_MISO Pin=U?-53
Removed Pin From Net: NetName=SPI_2_MOSI Pin=U?-54
Removed Pin From Net: NetName=FLASH_WP Pin=U?-55
Removed Pin From Net: NetName=FLASH_CS Pin=U?-56
Removed Pin From Net: NetName=Oׁ_0 Pin=U?-57
Removed Pin From Net: NetName=Oׁ_1 Pin=U?-58
Removed Pin From Net: NetName=Oׁ_2 Pin=U?-59
Removed Pin From Net: NetName=Oׁ_3 Pin=U?-60
Removed Pin From Net: NetName=Oׁ_4 Pin=U?-61
Removed Pin From Net: NetName=Oׁ_5 Pin=U?-62
Removed Pin From Net: NetName=Oׁ_6 Pin=U?-63
Removed Pin From Net: NetName=EXT_MCU_CS_5 Pin=U?-64
Removed Pin From Net: NetName=EXT_MCU_CS_4 Pin=U?-65
Removed Pin From Net: NetName=EXT_MCU_CS_3 Pin=U?-66
Removed Pin From Net: NetName=EXT_MCU_CS_2 Pin=U?-67
Removed Pin From Net: NetName=USB_1_N Pin=U?-70
Removed Pin From Net: NetName=USB_1_P Pin=U?-71
Removed Pin From Net: NetName=SYS_SWDIO Pin=U?-72
Removed Pin From Net: NetName=Vcap_2 Pin=U?-73
Removed Pin From Net: NetName=SYS_SWCLK Pin=U?-76
Removed Pin From Net: NetName=EXT_MCU_SYNC Pin=U?-77
Removed Pin From Net: NetName=EXT_MCU_SCK Pin=U?-78
Removed Pin From Net: NetName=EXT_MCU_MISO Pin=U?-79
Removed Pin From Net: NetName=EXT_MCU_MOSI Pin=U?-80
Removed Pin From Net: NetName=EXT_MCU_INT Pin=U?-81
Removed Pin From Net: NetName=EXT_MCU_STOP Pin=U?-82
Removed Pin From Net: NetName=EXT_MCU_CS_1 Pin=U?-83
Removed Pin From Net: NetName=EXT_MCU_CS_0 Pin=U?-84
Removed Pin From Net: NetName=SUPPLY_INT Pin=U?-88
Removed Pin From Net: NetName=Load_En Pin=U?-89
Removed Pin From Net: NetName=USB_1_ON Pin=U?-90
Removed Pin From Net: NetName=TERM_TX Pin=U?-92
Removed Pin From Net: NetName=TERM_RX Pin=U?-93
Removed Pin From Net: NetName=BOOT_PIN Pin=U?-94
Removed Pin From Net: NetName=MODBUS_DERE Pin=U?-96
Removed Pin From Net: NetName=MODBUS_RX Pin=U?-97
Removed Pin From Net: NetName=MODBUS_TX Pin=U?-98
Removed Member From Class: ClassName=Sheet2 Member=C?
Removed Member From Class: ClassName=Sheet3 Member=C?
Removed Member From Class: ClassName=Sheet4 Member=C?
Removed Member From Class: ClassName=Sheet5 Member=C?
Removed Member From Class: ClassName=Sheet2 Member=D?
Removed Member From Class: ClassName=Sheet4 Member=D?
Removed Member From Class: ClassName=Sheet3 Member=L?
Removed Member From Class: ClassName=Sheet4 Member=P?
Removed Member From Class: ClassName=Sheet1 Member=Q?
Removed Member From Class: ClassName=Sheet2 Member=R?
Removed Member From Class: ClassName=Sheet3 Member=R?
Removed Member From Class: ClassName=Sheet4 Member=R?
Removed Member From Class: ClassName=Sheet5 Member=R?
Removed Member From Class: ClassName=Sheet2 Member=U?
Removed Member From Class: ClassName=Sheet3 Member=U?
Removed Member From Class: ClassName=Sheet4 Member=U?
Removed Member From Class: ClassName=Sheet5 Member=U?
Removed Member From Class: ClassName=Sheet2 Member=VD?
Removed Member From Class: ClassName=Sheet4 Member=VD?
Removed Member From Class: ClassName=Sheet5 Member=VD?
Removed Member From Class: ClassName=Sheet2 Member=X?
Removed Member From Class: ClassName=Sheet3 Member=X?
Removed Member From Class: ClassName=Sheet4 Member=X?
Removed Member From Class: ClassName=Sheet5 Member=X?
Removed Member From Class: ClassName=Sheet3 Member=Z?
Change Component Footprint: Designator=P? Old Footprint=691321100004 New Footprint=691321100004
Change Component Footprint: Designator=P? Old Footprint=691321100004 New Footprint=691321100004
Change Component Footprint: Designator=P? Old Footprint=691321100004 New Footprint=691321100004
Change Component Designator: OldDesignator=BF? NewDesignator=BF1
Change Component Designator: OldDesignator=BT? NewDesignator=BT1
Change Component Designator: OldDesignator=C? NewDesignator=C1
Change Component Designator: OldDesignator=C? NewDesignator=C2
Change Component Designator: OldDesignator=C? NewDesignator=C3
Change Component Designator: OldDesignator=C? NewDesignator=C4
Change Component Designator: OldDesignator=C? NewDesignator=C5
Change Component Designator: OldDesignator=C? NewDesignator=C6
Change Component Designator: OldDesignator=C? NewDesignator=C7
Change Component Designator: OldDesignator=C? NewDesignator=C8
Change Component Designator: OldDesignator=C? NewDesignator=C9
Change Component Designator: OldDesignator=C? NewDesignator=C10
Change Component Designator: OldDesignator=C? NewDesignator=C11
Change Component Designator: OldDesignator=C? NewDesignator=C12
Change Component Designator: OldDesignator=C? NewDesignator=C13
Change Component Designator: OldDesignator=C? NewDesignator=C14
Change Component Designator: OldDesignator=C? NewDesignator=C15
Change Component Designator: OldDesignator=C? NewDesignator=C16
Change Component Designator: OldDesignator=C? NewDesignator=C17
Change Component Designator: OldDesignator=C? NewDesignator=C18
Change Component Designator: OldDesignator=C? NewDesignator=C19
Change Component Designator: OldDesignator=C? NewDesignator=C20
Change Component Designator: OldDesignator=C? NewDesignator=C21
Change Component Designator: OldDesignator=C? NewDesignator=C22
Change Component Designator: OldDesignator=C? NewDesignator=C23
Change Component Designator: OldDesignator=C? NewDesignator=C24
Change Component Designator: OldDesignator=C? NewDesignator=C25
Change Component Designator: OldDesignator=C? NewDesignator=C26
Change Component Designator: OldDesignator=C? NewDesignator=C27
Change Component Designator: OldDesignator=C? NewDesignator=C28
Change Component Designator: OldDesignator=C? NewDesignator=C29
Change Component Designator: OldDesignator=C? NewDesignator=C30
Change Component Designator: OldDesignator=C? NewDesignator=C31
Change Component Designator: OldDesignator=C? NewDesignator=C32
Change Component Designator: OldDesignator=C? NewDesignator=C33
Change Component Designator: OldDesignator=C? NewDesignator=C34
Change Component Designator: OldDesignator=C? NewDesignator=C35
Change Component Designator: OldDesignator=C? NewDesignator=C36
Change Component Designator: OldDesignator=C? NewDesignator=C37
Change Component Designator: OldDesignator=C? NewDesignator=C38
Change Component Designator: OldDesignator=C? NewDesignator=C39
Change Component Designator: OldDesignator=C? NewDesignator=C40
Change Component Designator: OldDesignator=C? NewDesignator=C41
Change Component Designator: OldDesignator=C? NewDesignator=C42
Change Component Designator: OldDesignator=C? NewDesignator=C43
Change Component Designator: OldDesignator=C? NewDesignator=C44
Change Component Designator: OldDesignator=C? NewDesignator=C45
Change Component Designator: OldDesignator=C? NewDesignator=C46
Change Component Designator: OldDesignator=C? NewDesignator=C47
Change Component Designator: OldDesignator=C? NewDesignator=C48
Change Component Designator: OldDesignator=C? NewDesignator=C49
Change Component Designator: OldDesignator=C? NewDesignator=C50
Change Component Designator: OldDesignator=C? NewDesignator=C51
Change Component Designator: OldDesignator=C? NewDesignator=C52
Change Component Designator: OldDesignator=C? NewDesignator=C53
Change Component Designator: OldDesignator=C? NewDesignator=C54
Change Component Designator: OldDesignator=C? NewDesignator=C55
Change Component Designator: OldDesignator=C? NewDesignator=C56
Change Component Designator: OldDesignator=C? NewDesignator=C57
Change Component Designator: OldDesignator=C? NewDesignator=C58
Change Component Designator: OldDesignator=C? NewDesignator=C59
Change Component Designator: OldDesignator=C? NewDesignator=C60
Change Component Designator: OldDesignator=C? NewDesignator=C61
Change Component Designator: OldDesignator=C? NewDesignator=C62
Change Component Designator: OldDesignator=C? NewDesignator=C63
Change Component Designator: OldDesignator=C? NewDesignator=C64
Change Component Designator: OldDesignator=D? NewDesignator=D1
Change Component Designator: OldDesignator=D? NewDesignator=D2
Change Component Designator: OldDesignator=D? NewDesignator=D3
Change Component Designator: OldDesignator=D? NewDesignator=D4
Change Component Designator: OldDesignator=D? NewDesignator=D5
Change Component Designator: OldDesignator=D? NewDesignator=D6
Change Component Designator: OldDesignator=D? NewDesignator=D7
Change Component Designator: OldDesignator=D? NewDesignator=D8
Change Component Designator: OldDesignator=D? NewDesignator=D9
Change Component Designator: OldDesignator=D? NewDesignator=D10
Change Component Designator: OldDesignator=D? NewDesignator=D11
Change Component Designator: OldDesignator=D? NewDesignator=D12
Change Component Designator: OldDesignator=D? NewDesignator=D13
Change Component Designator: OldDesignator=D? NewDesignator=D14
Change Component Designator: OldDesignator=D? NewDesignator=D15
Change Component Designator: OldDesignator=D? NewDesignator=D16
Change Component Designator: OldDesignator=D? NewDesignator=D17
Change Component Designator: OldDesignator=F? NewDesignator=F1
Change Component Designator: OldDesignator=F? NewDesignator=F2
Change Component Designator: OldDesignator=F? NewDesignator=F3
Change Component Designator: OldDesignator=F? NewDesignator=F4
Change Component Designator: OldDesignator=F? NewDesignator=F5
Change Component Designator: OldDesignator=F? NewDesignator=F6
Change Component Designator: OldDesignator=F? NewDesignator=F7
Change Component Designator: OldDesignator=FU? NewDesignator=FU1
Change Component Designator: OldDesignator=FU? NewDesignator=FU2
Change Component Designator: OldDesignator=FU? NewDesignator=FU3
Change Component Designator: OldDesignator=FU? NewDesignator=FU4
Change Component Designator: OldDesignator=FU? NewDesignator=FU5
Change Component Designator: OldDesignator=FU? NewDesignator=FU6
Change Component Designator: OldDesignator=FU? NewDesignator=FU7
Change Component Designator: OldDesignator=J? NewDesignator=J1
Change Component Designator: OldDesignator=K? NewDesignator=K1
Change Component Designator: OldDesignator=L? NewDesignator=L1
Change Component Designator: OldDesignator=L? NewDesignator=L2
Change Component Designator: OldDesignator=L? NewDesignator=L3
Change Component Designator: OldDesignator=L? NewDesignator=L4
Change Component Designator: OldDesignator=P? NewDesignator=P1
Change Component Designator: OldDesignator=P? NewDesignator=P2
Change Component Designator: OldDesignator=P? NewDesignator=P3
Change Component Designator: OldDesignator=P? NewDesignator=P4
Change Component Designator: OldDesignator=P? NewDesignator=P5
Change Component Designator: OldDesignator=Q? NewDesignator=Q1
Change Component Designator: OldDesignator=Q? NewDesignator=Q2
Change Component Designator: OldDesignator=R? NewDesignator=R1
Change Component Designator: OldDesignator=R? NewDesignator=R2
Change Component Designator: OldDesignator=R? NewDesignator=R3
Change Component Designator: OldDesignator=R? NewDesignator=R4
Change Component Designator: OldDesignator=R? NewDesignator=R5
Change Component Designator: OldDesignator=R? NewDesignator=R6
Change Component Designator: OldDesignator=R? NewDesignator=R7
Change Component Designator: OldDesignator=R? NewDesignator=R8
Change Component Designator: OldDesignator=R? NewDesignator=R9
Change Component Designator: OldDesignator=R? NewDesignator=R10
Change Component Designator: OldDesignator=R? NewDesignator=R11
Change Component Designator: OldDesignator=R? NewDesignator=R12
Change Component Designator: OldDesignator=R? NewDesignator=R13
Change Component Designator: OldDesignator=R? NewDesignator=R14
Change Component Designator: OldDesignator=R? NewDesignator=R15
Change Component Designator: OldDesignator=R? NewDesignator=R16
Change Component Designator: OldDesignator=R? NewDesignator=R17
Change Component Designator: OldDesignator=R? NewDesignator=R18
Change Component Designator: OldDesignator=R? NewDesignator=R19
Change Component Designator: OldDesignator=R? NewDesignator=R20
Change Component Designator: OldDesignator=R? NewDesignator=R21
Change Component Designator: OldDesignator=R? NewDesignator=R22
Change Component Designator: OldDesignator=R? NewDesignator=R23
Change Component Designator: OldDesignator=R? NewDesignator=R24
Change Component Designator: OldDesignator=R? NewDesignator=R25
Change Component Designator: OldDesignator=R? NewDesignator=R26
Change Component Designator: OldDesignator=R? NewDesignator=R27
Change Component Designator: OldDesignator=R? NewDesignator=R28
Change Component Designator: OldDesignator=R? NewDesignator=R29
Change Component Designator: OldDesignator=R? NewDesignator=R30
Change Component Designator: OldDesignator=R? NewDesignator=R31
Change Component Designator: OldDesignator=R? NewDesignator=R32
Change Component Designator: OldDesignator=R? NewDesignator=R33
Change Component Designator: OldDesignator=R? NewDesignator=R34
Change Component Designator: OldDesignator=R? NewDesignator=R35
Change Component Designator: OldDesignator=R? NewDesignator=R36
Change Component Designator: OldDesignator=R? NewDesignator=R37
Change Component Designator: OldDesignator=R? NewDesignator=R38
Change Component Designator: OldDesignator=R? NewDesignator=R39
Change Component Designator: OldDesignator=R? NewDesignator=R40
Change Component Designator: OldDesignator=R? NewDesignator=R41
Change Component Designator: OldDesignator=R? NewDesignator=R42
Change Component Designator: OldDesignator=R? NewDesignator=R43
Change Component Designator: OldDesignator=R? NewDesignator=R44
Change Component Designator: OldDesignator=R? NewDesignator=R45
Change Component Designator: OldDesignator=R? NewDesignator=R46
Change Component Designator: OldDesignator=R? NewDesignator=R47
Change Component Designator: OldDesignator=R? NewDesignator=R48
Change Component Designator: OldDesignator=R? NewDesignator=R49
Change Component Designator: OldDesignator=R? NewDesignator=R50
Change Component Designator: OldDesignator=R? NewDesignator=R51
Change Component Designator: OldDesignator=R? NewDesignator=R52
Change Component Designator: OldDesignator=R? NewDesignator=R53
Change Component Designator: OldDesignator=R? NewDesignator=R54
Change Component Designator: OldDesignator=R? NewDesignator=R55
Change Component Designator: OldDesignator=R? NewDesignator=R56
Change Component Designator: OldDesignator=R? NewDesignator=R57
Change Component Designator: OldDesignator=R? NewDesignator=R58
Change Component Designator: OldDesignator=R? NewDesignator=R59
Change Component Designator: OldDesignator=R? NewDesignator=R60
Change Component Designator: OldDesignator=R? NewDesignator=R61
Change Component Designator: OldDesignator=R? NewDesignator=R62
Change Component Designator: OldDesignator=R? NewDesignator=R63
Change Component Designator: OldDesignator=R? NewDesignator=R64
Change Component Designator: OldDesignator=R? NewDesignator=R65
Change Component Designator: OldDesignator=R? NewDesignator=R66
Change Component Designator: OldDesignator=R? NewDesignator=R67
Change Component Designator: OldDesignator=R? NewDesignator=R68
Change Component Designator: OldDesignator=R? NewDesignator=R69
Change Component Designator: OldDesignator=R? NewDesignator=R70
Change Component Designator: OldDesignator=R? NewDesignator=R71
Change Component Designator: OldDesignator=R? NewDesignator=R72
Change Component Designator: OldDesignator=R? NewDesignator=R73
Change Component Designator: OldDesignator=R? NewDesignator=R74
Change Component Designator: OldDesignator=R? NewDesignator=R75
Change Component Designator: OldDesignator=R? NewDesignator=R76
Change Component Designator: OldDesignator=R? NewDesignator=R77
Change Component Designator: OldDesignator=R? NewDesignator=R78
Change Component Designator: OldDesignator=R? NewDesignator=R79
Change Component Designator: OldDesignator=R? NewDesignator=R80
Change Component Designator: OldDesignator=R? NewDesignator=R81
Change Component Designator: OldDesignator=R? NewDesignator=R82
Change Component Designator: OldDesignator=R? NewDesignator=R83
Change Component Designator: OldDesignator=R? NewDesignator=R84
Change Component Designator: OldDesignator=R? NewDesignator=R85
Change Component Designator: OldDesignator=RN? NewDesignator=RN1
Change Component Designator: OldDesignator=SW? NewDesignator=SW1
Change Component Designator: OldDesignator=SW? NewDesignator=SW2
Change Component Designator: OldDesignator=TP? NewDesignator=TP1
Change Component Designator: OldDesignator=TP? NewDesignator=TP2
Change Component Designator: OldDesignator=TP? NewDesignator=TP3
Change Component Designator: OldDesignator=TP? NewDesignator=TP4
Change Component Designator: OldDesignator=U? NewDesignator=U1
Change Component Designator: OldDesignator=U? NewDesignator=U2
Change Component Designator: OldDesignator=U? NewDesignator=U3
Change Component Designator: OldDesignator=U? NewDesignator=U4
Change Component Designator: OldDesignator=U? NewDesignator=U5
Change Component Designator: OldDesignator=U? NewDesignator=U6
Change Component Designator: OldDesignator=U? NewDesignator=U7
Change Component Designator: OldDesignator=U? NewDesignator=U8
Change Component Designator: OldDesignator=U? NewDesignator=U9
Change Component Designator: OldDesignator=U? NewDesignator=U10
Change Component Designator: OldDesignator=U? NewDesignator=U11
Change Component Designator: OldDesignator=U? NewDesignator=U12
Change Component Designator: OldDesignator=U? NewDesignator=U13
Change Component Designator: OldDesignator=U? NewDesignator=U15
Change Component Designator: OldDesignator=U? NewDesignator=U16
Change Component Designator: OldDesignator=U? NewDesignator=U17
Change Component Designator: OldDesignator=U? NewDesignator=U18
Change Component Designator: OldDesignator=U? NewDesignator=U19
Change Component Designator: OldDesignator=U? NewDesignator=U20
Change Component Designator: OldDesignator=U? NewDesignator=U21
Change Component Designator: OldDesignator=VD? NewDesignator=VD1
Change Component Designator: OldDesignator=VD? NewDesignator=VD2
Change Component Designator: OldDesignator=VD? NewDesignator=VD3
Change Component Designator: OldDesignator=VD? NewDesignator=VD4
Change Component Designator: OldDesignator=VD? NewDesignator=VD5
Change Component Designator: OldDesignator=VD? NewDesignator=VD6
Change Component Designator: OldDesignator=VD? NewDesignator=VD7
Change Component Designator: OldDesignator=VD? NewDesignator=VD8
Change Component Designator: OldDesignator=VD? NewDesignator=VD9
Change Component Designator: OldDesignator=VD? NewDesignator=VD10
Change Component Designator: OldDesignator=VD? NewDesignator=VD11
Change Component Designator: OldDesignator=VD? NewDesignator=VD12
Change Component Designator: OldDesignator=VD? NewDesignator=VD13
Change Component Designator: OldDesignator=VD? NewDesignator=VD14
Change Component Designator: OldDesignator=VD? NewDesignator=VD15
Change Component Designator: OldDesignator=VD? NewDesignator=VD16
Change Component Designator: OldDesignator=VD? NewDesignator=VD17
Change Component Designator: OldDesignator=X? NewDesignator=X1
Change Component Designator: OldDesignator=X? NewDesignator=X2
Change Component Designator: OldDesignator=X? NewDesignator=X3
Change Component Designator: OldDesignator=X? NewDesignator=X4
Change Component Designator: OldDesignator=X? NewDesignator=X5
Change Component Designator: OldDesignator=X? NewDesignator=X6
Change Component Designator: OldDesignator=X? NewDesignator=X7
Change Component Designator: OldDesignator=X? NewDesignator=X8
Change Component Designator: OldDesignator=X? NewDesignator=X9
Change Component Designator: OldDesignator=X? NewDesignator=X10
Change Component Designator: OldDesignator=X? NewDesignator=X11
Change Component Designator: OldDesignator=X? NewDesignator=X12
Change Component Designator: OldDesignator=X? NewDesignator=X13
Change Component Designator: OldDesignator=X? NewDesignator=X14
Change Component Designator: OldDesignator=X? NewDesignator=X15
Change Component Designator: OldDesignator=X? NewDesignator=X16
Change Component Designator: OldDesignator=X? NewDesignator=X17
Change Component Designator: OldDesignator=X? NewDesignator=X18
Change Component Designator: OldDesignator=X? NewDesignator=X19
Change Component Designator: OldDesignator=X? NewDesignator=X20
Change Component Designator: OldDesignator=X? NewDesignator=X21
Change Component Designator: OldDesignator=X? NewDesignator=X22
Change Component Designator: OldDesignator=X? NewDesignator=X23
Change Component Designator: OldDesignator=X? NewDesignator=X24
Change Component Designator: OldDesignator=X? NewDesignator=X25
Change Component Designator: OldDesignator=Z? NewDesignator=Z1
Change Component Designator: OldDesignator=Z? NewDesignator=Z2
Added Pin To Net: NetName=3.3 V Pin=U6-2
Added Pin To Net: NetName=GND Pin=U6-13
Added Pin To Net: NetName=I2C_2_SDA Pin=U6-15
Added Pin To Net: NetName=I2C_2_SCL Pin=U6-16
Added Pin To Net: NetName=ETH_SCK Pin=U9-1
Added Pin To Net: NetName=Eth_RST Pin=U9-2
Added Pin To Net: NetName=ETH_CS Pin=U9-3
Added Pin To Net: NetName=ETH_MISO Pin=U9-4
Added Pin To Net: NetName=ETH_MOSI Pin=U9-5
Added Pin To Net: NetName=Eth_INT Pin=U9-7
Added Pin To Net: NetName=OSC_8_IN Pin=U9-12
Added Pin To Net: NetName=OSC_8_OUT Pin=U9-13
Added Pin To Net: NetName=RESET_PIN Pin=U9-14
Added Pin To Net: NetName=EM_STOP_PIN Pin=U9-24
Added Pin To Net: NetName=BUZZ_EN Pin=U9-25
Added Pin To Net: NetName=0_10_OUT_1 Pin=U9-29
Added Pin To Net: NetName=0_10_OUT_2 Pin=U9-30
Added Pin To Net: NetName=LOOP_IN_2 Pin=U9-31
Added Pin To Net: NetName=LOOP_IN_1 Pin=U9-32
Added Pin To Net: NetName=LOOP_IN_0 Pin=U9-33
Added Pin To Net: NetName=VIN_SENSE_PIN Pin=U9-34
Added Pin To Net: NetName=CURR_SENSE_PIN Pin=U9-35
Added Pin To Net: NetName=CON_Rx Pin=U9-38
Added Pin To Net: NetName=CON_Tx Pin=U9-39
Added Pin To Net: NetName=ENC_A Pin=U9-40
Added Pin To Net: NetName=ENC_B Pin=U9-42
Added Pin To Net: NetName=I2C_2_SCL Pin=U9-47
Added Pin To Net: NetName=I2C_2_SDA Pin=U9-48
Added Pin To Net: NetName=Vcap_1 Pin=U9-49
Added Pin To Net: NetName=SPI_ADC_CS Pin=U9-51
Added Pin To Net: NetName=SPI_2_SCK Pin=U9-52
Added Pin To Net: NetName=SPI_2_MISO Pin=U9-53
Added Pin To Net: NetName=SPI_2_MOSI Pin=U9-54
Added Pin To Net: NetName=FLASH_WP Pin=U9-55
Added Pin To Net: NetName=FLASH_CS Pin=U9-56
Added Pin To Net: NetName=Oׁ_0 Pin=U9-57
Added Pin To Net: NetName=Oׁ_1 Pin=U9-58
Added Pin To Net: NetName=Oׁ_2 Pin=U9-59
Added Pin To Net: NetName=Oׁ_3 Pin=U9-60
Added Pin To Net: NetName=Oׁ_4 Pin=U9-61
Added Pin To Net: NetName=Oׁ_5 Pin=U9-62
Added Pin To Net: NetName=Oׁ_6 Pin=U9-63
Added Pin To Net: NetName=EXT_MCU_CS_5 Pin=U9-64
Added Pin To Net: NetName=EXT_MCU_CS_4 Pin=U9-65
Added Pin To Net: NetName=EXT_MCU_CS_3 Pin=U9-66
Added Pin To Net: NetName=EXT_MCU_CS_2 Pin=U9-67
Added Pin To Net: NetName=USB_1_N Pin=U9-70
Added Pin To Net: NetName=USB_1_P Pin=U9-71
Added Pin To Net: NetName=SYS_SWDIO Pin=U9-72
Added Pin To Net: NetName=Vcap_2 Pin=U9-73
Added Pin To Net: NetName=SYS_SWCLK Pin=U9-76
Added Pin To Net: NetName=EXT_MCU_SYNC Pin=U9-77
Added Pin To Net: NetName=EXT_MCU_SCK Pin=U9-78
Added Pin To Net: NetName=EXT_MCU_MISO Pin=U9-79
Added Pin To Net: NetName=EXT_MCU_MOSI Pin=U9-80
Added Pin To Net: NetName=EXT_MCU_INT Pin=U9-81
Added Pin To Net: NetName=EXT_MCU_STOP Pin=U9-82
Added Pin To Net: NetName=EXT_MCU_CS_1 Pin=U9-83
Added Pin To Net: NetName=EXT_MCU_CS_0 Pin=U9-84
Added Pin To Net: NetName=SUPPLY_INT Pin=U9-88
Added Pin To Net: NetName=Load_En Pin=U9-89
Added Pin To Net: NetName=USB_1_ON Pin=U9-90
Added Pin To Net: NetName=TERM_TX Pin=U9-92
Added Pin To Net: NetName=TERM_RX Pin=U9-93
Added Pin To Net: NetName=BOOT_PIN Pin=U9-94
Added Pin To Net: NetName=MODBUS_DERE Pin=U9-96
Added Pin To Net: NetName=MODBUS_RX Pin=U9-97
Added Pin To Net: NetName=MODBUS_TX Pin=U9-98
Change Net Name : Old Net Name=NetBF?_2 New Net Name=NetBF1_2
Change Net Name : Old Net Name=NetC?_1 New Net Name=NetC2_1
Change Net Name : Old Net Name=NetC?_1 New Net Name=NetC8_1
Change Net Name : Old Net Name=NetC?_1 New Net Name=NetC9_1
Change Net Name : Old Net Name=NetC?_1 New Net Name=NetC12_1
Change Net Name : Old Net Name=NetC?_1 New Net Name=NetC44_1
Change Net Name : Old Net Name=NetC?_1 New Net Name=NetC47_1
Change Net Name : Old Net Name=NetC?_2 New Net Name=NetC2_2
Change Net Name : Old Net Name=NetC?_2 New Net Name=NetC8_2
Change Net Name : Old Net Name=NetC?_2 New Net Name=NetC35_2
Change Net Name : Old Net Name=NetC?_2 New Net Name=NetC36_2
Change Net Name : Old Net Name=NetC?_2 New Net Name=NetC54_2
Change Net Name : Old Net Name=NetD?_A New Net Name=NetD1_A
Change Net Name : Old Net Name=NetD?_A New Net Name=NetD3_A
Change Net Name : Old Net Name=NetD?_A New Net Name=NetD4_A
Change Net Name : Old Net Name=NetD?_K New Net Name=NetD11_K
Change Net Name : Old Net Name=NetF?_1 New Net Name=NetF4_1
Change Net Name : Old Net Name=NetF?_2 New Net Name=NetF7_2
Change Net Name : Old Net Name=NetK?_4 New Net Name=NetK1_4
Change Net Name : Old Net Name=NetL?_2 New Net Name=NetL1_2
Change Net Name : Old Net Name=NetL?_2 New Net Name=NetL2_2
Change Net Name : Old Net Name=NetP?_1 New Net Name=NetP4_1
Change Net Name : Old Net Name=NetP?_4 New Net Name=NetP4_4
Change Net Name : Old Net Name=NetQ?_1 New Net Name=NetQ1_1
Change Net Name : Old Net Name=NetR?_1 New Net Name=NetR4_1
Change Net Name : Old Net Name=NetR?_1 New Net Name=NetR9_1
Change Net Name : Old Net Name=NetR?_1 New Net Name=NetR67_1
Change Net Name : Old Net Name=NetR?_1 New Net Name=NetR69_1
Change Net Name : Old Net Name=NetR?_1 New Net Name=NetR71_1
Change Net Name : Old Net Name=NetR?_1 New Net Name=NetR73_2
Change Net Name : Old Net Name=NetR?_1 New Net Name=NetR75_1
Change Net Name : Old Net Name=NetR?_1 New Net Name=NetR77_2
Change Net Name : Old Net Name=NetR?_1 New Net Name=NetR79_1
Change Net Name : Old Net Name=NetR?_1 New Net Name=NetR81_2
Change Net Name : Old Net Name=NetR?_2 New Net Name=NetR26_2
Change Net Name : Old Net Name=NetR?_2 New Net Name=NetR31_2
Change Net Name : Old Net Name=NetR?_2 New Net Name=NetR32_2
Change Net Name : Old Net Name=NetR?_2 New Net Name=NetR68_2
Change Net Name : Old Net Name=NetRN?_5 New Net Name=NetRN1_5
Change Net Name : Old Net Name=NetRN?_6 New Net Name=NetRN1_6
Change Net Name : Old Net Name=NetRN?_7 New Net Name=NetRN1_7
Added Pin To Net: NetName=NetBT1_2 Pin=BT1-2
Added Pin To Net: NetName=NetBT1_2 Pin=U6-14
Added Net: Name=NetBT1_2
Added Pin To Net: NetName=NetD5_A Pin=D5-A
Added Pin To Net: NetName=NetD5_A Pin=R24-1
Added Net: Name=NetD5_A
Added Pin To Net: NetName=NetD6_A Pin=D6-A
Added Pin To Net: NetName=NetD6_A Pin=R25-1
Added Net: Name=NetD6_A
Added Pin To Net: NetName=NetD7_A Pin=D7-A
Added Pin To Net: NetName=NetD7_A Pin=X5-6
Added Net: Name=NetD7_A
Added Pin To Net: NetName=NetD8_A Pin=D8-A
Added Pin To Net: NetName=NetD8_A Pin=R44-1
Added Net: Name=NetD8_A
Added Pin To Net: NetName=NetD9_A Pin=D9-A
Added Pin To Net: NetName=NetD9_A Pin=R45-1
Added Net: Name=NetD9_A
Added Pin To Net: NetName=NetD10_A Pin=F2-1
Added Pin To Net: NetName=NetD10_A Pin=R46-1
Added Pin To Net: NetName=NetD10_A Pin=U13-7
Added Net: Name=NetD10_A
Added Pin To Net: NetName=NetD12_A Pin=D12-A
Added Net: Name=NetD12_A
Added Pin To Net: NetName=NetD12_K Pin=D12-K
Added Pin To Net: NetName=NetD12_K Pin=R47-2
Added Net: Name=NetD12_K
Added Pin To Net: NetName=NetD13_A Pin=D13-A
Added Net: Name=NetD13_A
Added Pin To Net: NetName=NetD13_K Pin=D13-K
Added Pin To Net: NetName=NetD13_K Pin=R48-2
Added Net: Name=NetD13_K
Added Pin To Net: NetName=NetD14_A Pin=D14-A
Added Pin To Net: NetName=NetD14_A Pin=R60-1
Added Net: Name=NetD14_A
Added Pin To Net: NetName=NetD15_A Pin=D15-A
Added Pin To Net: NetName=NetD15_A Pin=R61-1
Added Net: Name=NetD15_A
Added Pin To Net: NetName=NetD16_A Pin=F6-1
Added Pin To Net: NetName=NetD16_A Pin=R66-1
Added Pin To Net: NetName=NetD16_A Pin=U15-6
Added Net: Name=NetD16_A
Added Pin To Net: NetName=NetD17_K Pin=F7-1
Added Pin To Net: NetName=NetD17_K Pin=R66-2
Added Pin To Net: NetName=NetD17_K Pin=U15-7
Added Net: Name=NetD17_K
Added Pin To Net: NetName=NetF1_1 Pin=F1-1
Added Pin To Net: NetName=NetF1_1 Pin=X8-2
Added Net: Name=NetF1_1
Added Pin To Net: NetName=NetF2_2 Pin=F2-2
Added Pin To Net: NetName=NetF2_2 Pin=P3-3
Added Net: Name=NetF2_2
Added Pin To Net: NetName=NetF3_2 Pin=F3-2
Added Pin To Net: NetName=NetF3_2 Pin=P3-2
Added Net: Name=NetF3_2
Added Pin To Net: NetName=NetF5_1 Pin=F5-1
Added Pin To Net: NetName=NetF5_1 Pin=X10-2
Added Net: Name=NetF5_1
Added Pin To Net: NetName=NetF6_2 Pin=F6-2
Added Pin To Net: NetName=NetF6_2 Pin=P5-3
Added Net: Name=NetF6_2
Added Pin To Net: NetName=NetR18_2 Pin=R18-2
Added Pin To Net: NetName=NetR18_2 Pin=U6-3
Added Net: Name=NetR18_2
Added Pin To Net: NetName=NetR22_2 Pin=R22-2
Added Pin To Net: NetName=NetR22_2 Pin=X6-1
Added Net: Name=NetR22_2
Added Pin To Net: NetName=NetR23_2 Pin=R23-2
Added Pin To Net: NetName=NetR23_2 Pin=X6-3
Added Net: Name=NetR23_2
Added Pin To Net: NetName=NetR37_2 Pin=R37-2
Added Pin To Net: NetName=NetR37_2 Pin=U13-8
Added Net: Name=NetR37_2
Added Pin To Net: NetName=NetR40_1 Pin=R40-1
Added Net: Name=NetR40_1
Added Pin To Net: NetName=NetR40_2 Pin=R40-2
Added Pin To Net: NetName=NetR40_2 Pin=R49-2
Added Net: Name=NetR40_2
Added Pin To Net: NetName=NetR41_1 Pin=R41-1
Added Net: Name=NetR41_1
Added Pin To Net: NetName=NetR41_2 Pin=R41-2
Added Pin To Net: NetName=NetR41_2 Pin=R50-2
Added Net: Name=NetR41_2
Added Pin To Net: NetName=NetR42_1 Pin=R42-1
Added Pin To Net: NetName=NetR42_1 Pin=R43-2
Added Pin To Net: NetName=NetR42_1 Pin=X8-1
Added Net: Name=NetR42_1
Added Pin To Net: NetName=NetR53_1 Pin=R53-1
Added Pin To Net: NetName=NetR53_1 Pin=R54-2
Added Pin To Net: NetName=NetR53_1 Pin=X9-1
Added Net: Name=NetR53_1
Added Pin To Net: NetName=NetR55_1 Pin=R55-1
Added Pin To Net: NetName=NetR55_1 Pin=R56-2
Added Pin To Net: NetName=NetR55_1 Pin=X10-1
Added Net: Name=NetR55_1
Added Member To Class: ClassName=Sheet1 Member=Component C1 220 לך
Added Member To Class: ClassName=Sheet1 Member=Component C2 0,1 לך
Added Member To Class: ClassName=Sheet1 Member=Component C3 0,1 לך
Added Member To Class: ClassName=Sheet1 Member=Component C4 330 לך
Added Member To Class: ClassName=Sheet1 Member=Component C6 330 לך
Added Member To Class: ClassName=Sheet1 Member=Component C7 22 לך
Added Member To Class: ClassName=Sheet1 Member=Component C8 100 ם
Added Member To Class: ClassName=Sheet1 Member=Component C9 N/A
Added Member To Class: ClassName=Sheet1 Member=Component C10 22 לך
Added Member To Class: ClassName=Sheet1 Member=Component C11 22 לך
Added Member To Class: ClassName=Sheet1 Member=Component C12 0,1 לך
Added Member To Class: ClassName=Sheet2 Member=Component C13 12
Added Member To Class: ClassName=Sheet2 Member=Component C14 0,1 לך
Added Member To Class: ClassName=Sheet2 Member=Component C15 4,7 לך
Added Member To Class: ClassName=Sheet2 Member=Component C16 4,7 לך
Added Member To Class: ClassName=Sheet2 Member=Component C17 12
Added Member To Class: ClassName=Sheet2 Member=Component C18 4,7 לך
Added Member To Class: ClassName=Sheet2 Member=Component C19 0,1 לך
Added Member To Class: ClassName=Sheet2 Member=Component C20 0,1 לך
Added Member To Class: ClassName=Sheet2 Member=Component C21 0,1 לך
Added Member To Class: ClassName=Sheet2 Member=Component C22 0,1 לך
Added Member To Class: ClassName=Sheet2 Member=Component C23 0,1 לך
Added Member To Class: ClassName=Sheet2 Member=Component C24 4,7 לך
Added Member To Class: ClassName=Sheet2 Member=Component C25 0,1 לך
Added Member To Class: ClassName=Sheet2 Member=Component C26 0,1 לך
Added Member To Class: ClassName=Sheet2 Member=Component C27 0,1 לך
Added Member To Class: ClassName=Sheet2 Member=Component C28 4,7 לך
Added Member To Class: ClassName=Sheet2 Member=Component C29 4,7 לך
Added Member To Class: ClassName=Sheet2 Member=Component C30 0,1 לך
Added Member To Class: ClassName=Sheet2 Member=Component C31 4,7 לך
Added Member To Class: ClassName=Sheet3 Member=Component C32 10 לך
Added Member To Class: ClassName=Sheet3 Member=Component C33 10 לך
Added Member To Class: ClassName=Sheet3 Member=Component C34 10 לך
Added Member To Class: ClassName=Sheet3 Member=Component C35 10
Added Member To Class: ClassName=Sheet3 Member=Component C36 10
Added Member To Class: ClassName=Sheet3 Member=Component C37 0,1 לך
Added Member To Class: ClassName=Sheet3 Member=Component C38 0,1 לך
Added Member To Class: ClassName=Sheet4 Member=Component C39 0,1 לך
Added Member To Class: ClassName=Sheet4 Member=Component C40 0,1 לך
Added Member To Class: ClassName=Sheet4 Member=Component C41 0,1 לך
Added Member To Class: ClassName=Sheet4 Member=Component C42 0,1 לך
Added Member To Class: ClassName=Sheet4 Member=Component C43 0,1 לך
Added Member To Class: ClassName=Sheet4 Member=Component C44 0,1 לך
Added Member To Class: ClassName=Sheet4 Member=Component C45 0,1 לך
Added Member To Class: ClassName=Sheet4 Member=Component C46 0,1 לך
Added Member To Class: ClassName=Sheet4 Member=Component C47 10 לך
Added Member To Class: ClassName=Sheet5 Member=Component C48 10 לך
Added Member To Class: ClassName=Sheet5 Member=Component C49 0,1 לך
Added Member To Class: ClassName=Sheet5 Member=Component C50 0,1 לך
Added Member To Class: ClassName=Sheet5 Member=Component C51 10 לך
Added Member To Class: ClassName=Sheet5 Member=Component C52 0,1 לך
Added Member To Class: ClassName=Sheet5 Member=Component C53 0,1 לך
Added Member To Class: ClassName=Sheet5 Member=Component C54 10 ם
Added Member To Class: ClassName=Sheet5 Member=Component C55 0,47 לך
Added Member To Class: ClassName=Sheet5 Member=Component C56 0,1 לך
Added Member To Class: ClassName=Sheet5 Member=Component C57 0,1 לך
Added Member To Class: ClassName=Sheet5 Member=Component C58 0,1 לך
Added Member To Class: ClassName=Sheet5 Member=Component C59 0,1 לך
Added Member To Class: ClassName=Sheet5 Member=Component C60 0,1 לך
Added Member To Class: ClassName=Sheet5 Member=Component C61 0,1 לך
Added Member To Class: ClassName=Sheet5 Member=Component C62 0,1 לך
Added Member To Class: ClassName=Sheet5 Member=Component C63 0,1 לך
Added Member To Class: ClassName=Sheet5 Member=Component C64 0,1 לך
Added Member To Class: ClassName=Sheet1 Member=Component D2 D_TVS_BI_SMC
Added Member To Class: ClassName=Sheet1 Member=Component D3 GREEN
Added Member To Class: ClassName=Sheet1 Member=Component D4 GREEN
Added Member To Class: ClassName=Sheet2 Member=Component D5 YELLOW
Added Member To Class: ClassName=Sheet2 Member=Component D6 BLUE
Added Member To Class: ClassName=Sheet2 Member=Component D7 B0520WS
Added Member To Class: ClassName=Sheet4 Member=Component D8 YELLOW
Added Member To Class: ClassName=Sheet4 Member=Component D9 BLUE
Added Member To Class: ClassName=Sheet4 Member=Component D10 D_TVS_BI_SMC
Added Member To Class: ClassName=Sheet4 Member=Component D11 D_TVS_BI_SMC
Added Member To Class: ClassName=Sheet4 Member=Component D12 B0520WS
Added Member To Class: ClassName=Sheet4 Member=Component D13 B0520WS
Added Member To Class: ClassName=Sheet4 Member=Component D14 YELLOW
Added Member To Class: ClassName=Sheet4 Member=Component D15 BLUE
Added Member To Class: ClassName=Sheet4 Member=Component D16 D_TVS_BI_SMC
Added Member To Class: ClassName=Sheet4 Member=Component D17 D_TVS_BI_SMC
Added Member To Class: ClassName=Sheet4 Member=Component F1 F1206
Added Member To Class: ClassName=Sheet4 Member=Component F3 F1206
Added Member To Class: ClassName=Sheet4 Member=Component F4 F1206
Added Member To Class: ClassName=Sheet4 Member=Component F5 F1206
Added Member To Class: ClassName=Sheet4 Member=Component F6 F1206
Added Member To Class: ClassName=Sheet4 Member=Component F7 F1206
Added Member To Class: ClassName=Sheet5 Member=Component FU2 0,12 ְ
Added Member To Class: ClassName=Sheet5 Member=Component FU3 0,12 ְ
Added Member To Class: ClassName=Sheet5 Member=Component FU4 0,12 ְ
Added Member To Class: ClassName=Sheet5 Member=Component FU5 0,12 ְ
Added Member To Class: ClassName=Sheet5 Member=Component FU6 0,12 ְ
Added Member To Class: ClassName=Sheet5 Member=Component FU7 0,12 ְ
Added Member To Class: ClassName=Sheet1 Member=Component L2 330 לך
Added Member To Class: ClassName=Sheet1 Member=Component L3 4,7 לך
Added Member To Class: ClassName=Sheet3 Member=Component L4 100 לךֳם
Added Member To Class: ClassName=Sheet1 Member=Component P2 15EDGVC-3.5-2P
Added Member To Class: ClassName=Sheet4 Member=Component P3 15EDGVC-3.5-04P
Added Member To Class: ClassName=Sheet4 Member=Component P4 15EDGVC-3.5-04P
Added Member To Class: ClassName=Sheet4 Member=Component P5 15EDGVC-3.5-04P
Added Member To Class: ClassName=Sheet1 Member=Component Q1 MMUN2233LT1G
Added Member To Class: ClassName=Sheet1 Member=Component R2 0,002
Added Member To Class: ClassName=Sheet1 Member=Component R3 10
Added Member To Class: ClassName=Sheet1 Member=Component R4 3,9 ך
Added Member To Class: ClassName=Sheet1 Member=Component R5 430
Added Member To Class: ClassName=Sheet1 Member=Component R6 10 ך
Added Member To Class: ClassName=Sheet1 Member=Component R7 4.7 ך
Added Member To Class: ClassName=Sheet1 Member=Component R8 4.7 ך
Added Member To Class: ClassName=Sheet1 Member=Component R9 10 ך
Added Member To Class: ClassName=Sheet1 Member=Component R10 3,3 ך
Added Member To Class: ClassName=Sheet1 Member=Component R11 5,1 ך
Added Member To Class: ClassName=Sheet1 Member=Component R12 31,25 ך
Added Member To Class: ClassName=Sheet1 Member=Component R13 10 ך
Added Member To Class: ClassName=Sheet1 Member=Component R14 10 ך
Added Member To Class: ClassName=Sheet1 Member=Component R15 500
Added Member To Class: ClassName=Sheet1 Member=Component R16 150
Added Member To Class: ClassName=Sheet1 Member=Component R17 4.7 ך
Added Member To Class: ClassName=Sheet2 Member=Component R18 10 ך
Added Member To Class: ClassName=Sheet2 Member=Component R19 4,7 ך
Added Member To Class: ClassName=Sheet2 Member=Component R20 4,7 ך
Added Member To Class: ClassName=Sheet2 Member=Component R21 4,7 ך
Added Member To Class: ClassName=Sheet2 Member=Component R22 100
Added Member To Class: ClassName=Sheet2 Member=Component R23 100
Added Member To Class: ClassName=Sheet2 Member=Component R24 1 ך
Added Member To Class: ClassName=Sheet2 Member=Component R25 1 ך
Added Member To Class: ClassName=Sheet2 Member=Component R26 1 ך
Added Member To Class: ClassName=Sheet2 Member=Component R27 10 ך
Added Member To Class: ClassName=Sheet2 Member=Component R28 10 ך
Added Member To Class: ClassName=Sheet3 Member=Component R29 2 ך 1%
Added Member To Class: ClassName=Sheet3 Member=Component R30 10 ך
Added Member To Class: ClassName=Sheet3 Member=Component R31 150
Added Member To Class: ClassName=Sheet3 Member=Component R32 150
Added Member To Class: ClassName=Sheet3 Member=Component R33 49,9
Added Member To Class: ClassName=Sheet3 Member=Component R34 49,9
Added Member To Class: ClassName=Sheet3 Member=Component R35 49,9
Added Member To Class: ClassName=Sheet3 Member=Component R36 49,9
Added Member To Class: ClassName=Sheet4 Member=Component R37 10 ך
Added Member To Class: ClassName=Sheet4 Member=Component R38 10 ך
Added Member To Class: ClassName=Sheet4 Member=Component R39 10 ך
Added Member To Class: ClassName=Sheet4 Member=Component R40 10 ך
Added Member To Class: ClassName=Sheet4 Member=Component R41 10 ך
Added Member To Class: ClassName=Sheet4 Member=Component R42 10 ך
Added Member To Class: ClassName=Sheet4 Member=Component R43 R1206
Added Member To Class: ClassName=Sheet4 Member=Component R44 1 ך
Added Member To Class: ClassName=Sheet4 Member=Component R45 1 ך
Added Member To Class: ClassName=Sheet4 Member=Component R46 OD103JE
Added Member To Class: ClassName=Sheet4 Member=Component R47 100
Added Member To Class: ClassName=Sheet4 Member=Component R48 100
Added Member To Class: ClassName=Sheet4 Member=Component R49 24 ך
Added Member To Class: ClassName=Sheet4 Member=Component R50 24 ך
Added Member To Class: ClassName=Sheet4 Member=Component R51 15 ך
Added Member To Class: ClassName=Sheet4 Member=Component R52 15 ך
Added Member To Class: ClassName=Sheet4 Member=Component R53 10 ך
Added Member To Class: ClassName=Sheet4 Member=Component R54 R1206
Added Member To Class: ClassName=Sheet4 Member=Component R55 10 ך
Added Member To Class: ClassName=Sheet4 Member=Component R56 R1206
Added Member To Class: ClassName=Sheet4 Member=Component R57 100 ך
Added Member To Class: ClassName=Sheet4 Member=Component R58 1 ך
Added Member To Class: ClassName=Sheet4 Member=Component R59 1 ך
Added Member To Class: ClassName=Sheet4 Member=Component R60 1 ך
Added Member To Class: ClassName=Sheet4 Member=Component R61 1 ך
Added Member To Class: ClassName=Sheet4 Member=Component R62 15 ך
Added Member To Class: ClassName=Sheet4 Member=Component R63 27
Added Member To Class: ClassName=Sheet4 Member=Component R64 27
Added Member To Class: ClassName=Sheet4 Member=Component R65 15 ך
Added Member To Class: ClassName=Sheet4 Member=Component R66 OD103JE
Added Member To Class: ClassName=Sheet4 Member=Component R67 51 ך
Added Member To Class: ClassName=Sheet4 Member=Component R68 1 ך
Added Member To Class: ClassName=Sheet5 Member=Component R69 330 ך
Added Member To Class: ClassName=Sheet5 Member=Component R70 1 ך
Added Member To Class: ClassName=Sheet5 Member=Component R71 33 ך
Added Member To Class: ClassName=Sheet5 Member=Component R72 100
Added Member To Class: ClassName=Sheet5 Member=Component R73 100
Added Member To Class: ClassName=Sheet5 Member=Component R74 33 ך
Added Member To Class: ClassName=Sheet5 Member=Component R75 33 ך
Added Member To Class: ClassName=Sheet5 Member=Component R76 100
Added Member To Class: ClassName=Sheet5 Member=Component R77 100
Added Member To Class: ClassName=Sheet5 Member=Component R78 33 ך
Added Member To Class: ClassName=Sheet5 Member=Component R79 33 ך
Added Member To Class: ClassName=Sheet5 Member=Component R80 100
Added Member To Class: ClassName=Sheet5 Member=Component R81 100
Added Member To Class: ClassName=Sheet5 Member=Component R82 33 ך
Added Member To Class: ClassName=Sheet5 Member=Component R83 33 ך
Added Member To Class: ClassName=Sheet5 Member=Component R84 33 ך
Added Member To Class: ClassName=Sheet5 Member=Component R85 33 ך
Added Member To Class: ClassName=Sheet2 Member=Component SW1 KLS7-TS3401- 2,5-180
Added Member To Class: ClassName=Sheet1 Member=Component TP1 12 V
Added Member To Class: ClassName=Sheet1 Member=Component TP3 5 V
Added Member To Class: ClassName=Sheet1 Member=Component TP4 3.3 V
Added Member To Class: ClassName=Sheet1 Member=Component U2 INA226AIDGSR
Added Member To Class: ClassName=Sheet1 Member=Component U3 LM2576HVT-ADJ/NOPB
Added Member To Class: ClassName=Sheet1 Member=Component U4 SN74LVC1G08DCKRG4
Added Member To Class: ClassName=Sheet1 Member=Component U5 RY8310
Added Member To Class: ClassName=Sheet2 Member=Component U6 DS3231M+
Added Member To Class: ClassName=Sheet2 Member=Component U7 IP4220CZ6
Added Member To Class: ClassName=Sheet2 Member=Component U8 IP4220CZ6
Added Member To Class: ClassName=Sheet2 Member=Component U9 STM32F427VGT6
Added Member To Class: ClassName=Sheet2 Member=Component U10 W25Q32BVSSIG
Added Member To Class: ClassName=Sheet3 Member=Component U11 REG1117-3.3
Added Member To Class: ClassName=Sheet3 Member=Component U12 W5500
Added Member To Class: ClassName=Sheet4 Member=Component U13 SN65HVD251DR
Added Member To Class: ClassName=Sheet4 Member=Component U15 TP8485E-SR
Added Member To Class: ClassName=Sheet4 Member=Component U16 TPS2553DBVR
Added Member To Class: ClassName=Sheet4 Member=Component U17 IP4220CZ6
Added Member To Class: ClassName=Sheet5 Member=Component U18 ADUM5401ARWZ
Added Member To Class: ClassName=Sheet5 Member=Component U19 ADP3303ARZ-5
Added Member To Class: ClassName=Sheet5 Member=Component U20 AD7798BRUZ
Added Member To Class: ClassName=Sheet5 Member=Component U21 ULN2003ADR
Added Member To Class: ClassName=Sheet1 Member=Component VD2 MBR1645G
Added Member To Class: ClassName=Sheet1 Member=Component VD3 SS36
Added Member To Class: ClassName=Sheet1 Member=Component VD4 SS36
Added Member To Class: ClassName=Sheet1 Member=Component VD5 MBR1645G
Added Member To Class: ClassName=Sheet1 Member=Component VD6 BAT54S
Added Member To Class: ClassName=Sheet2 Member=Component VD7 BAT54S
Added Member To Class: ClassName=Sheet4 Member=Component VD8 BAT54S
Added Member To Class: ClassName=Sheet4 Member=Component VD9 BAT54S
Added Member To Class: ClassName=Sheet4 Member=Component VD10 BAT54S
Added Member To Class: ClassName=Sheet4 Member=Component VD11 ׁטםטי
Added Member To Class: ClassName=Sheet5 Member=Component VD12 BAT54S
Added Member To Class: ClassName=Sheet5 Member=Component VD13 BAT54S
Added Member To Class: ClassName=Sheet5 Member=Component VD14 BAT54S
Added Member To Class: ClassName=Sheet5 Member=Component VD15 BAT54S
Added Member To Class: ClassName=Sheet5 Member=Component VD16 BAT54S
Added Member To Class: ClassName=Sheet5 Member=Component VD17 BAT54S
Added Member To Class: ClassName=Sheet1 Member=Component X1 *
Added Member To Class: ClassName=Sheet1 Member=Component X2 *
Added Member To Class: ClassName=Sheet1 Member=Component X4 *
Added Member To Class: ClassName=Sheet2 Member=Component X5 IDC-06MS
Added Member To Class: ClassName=Sheet2 Member=Component X6 *
Added Member To Class: ClassName=Sheet3 Member=Component X7 HR911105A
Added Member To Class: ClassName=Sheet4 Member=Component X8 DG308-2.54-02P-14-00AH
Added Member To Class: ClassName=Sheet4 Member=Component X9 DG308-2.54-02P-14-00AH
Added Member To Class: ClassName=Sheet4 Member=Component X10 DG308-2.54-02P-14-00AH
Added Member To Class: ClassName=Sheet4 Member=Component X11 DS1095 B-R
Added Member To Class: ClassName=Sheet5 Member=Component X12 CNC_PCB_SOCKET
Added Member To Class: ClassName=Sheet5 Member=Component X13 CNC_PCB_SOCKET
Added Member To Class: ClassName=Sheet5 Member=Component X14 CNC_PCB_SOCKET
Added Member To Class: ClassName=Sheet5 Member=Component X15 CNC_PCB_SOCKET
Added Member To Class: ClassName=Sheet5 Member=Component X16 CNC_PCB_SOCKET
Added Member To Class: ClassName=Sheet5 Member=Component X17 CNC_PCB_SOCKET
Added Member To Class: ClassName=Sheet5 Member=Component X18 DG308-2.54-02P-14-00AH
Added Member To Class: ClassName=Sheet5 Member=Component X19 DG308-2.54-02P-14-00AH
Added Member To Class: ClassName=Sheet5 Member=Component X20 DG308-2.54-02P-14-00AH
Added Member To Class: ClassName=Sheet5 Member=Component X21 DG308-2.54-02P-14-00AH
Added Member To Class: ClassName=Sheet5 Member=Component X22 DG308-2.54-02P-14-00AH
Added Member To Class: ClassName=Sheet5 Member=Component X23 EK381V-03P
Added Member To Class: ClassName=Sheet5 Member=Component X24 EK381V-03P
Added Member To Class: ClassName=Sheet5 Member=Component X25 EK381V-03P
Added Member To Class: ClassName=Sheet3 Member=Component Z2 25 M
