Removed Pin From Net: NetName=GND Pin=U10-2
Removed Pin From Net: NetName=Eth_INT Pin=U10-4
Removed Pin From Net: NetName=ETH_MISO Pin=U10-6
Removed Pin From Net: NetName=ETH_MOSI Pin=U10-7
Removed Pin From Net: NetName=ETH_SCK Pin=U10-8
Removed Pin From Net: NetName=ETH_CS Pin=U10-9
Removed Pin From Net: NetName=Eth_RST Pin=U10-10
Removed Pin From Net: NetName=GND Pin=U10-11
Removed Pin From Net: NetName=Eth_Rx_N Pin=U10-12
Removed Pin From Net: NetName=Eth_Rx_P Pin=U10-13
Removed Pin From Net: NetName=Eth_3.3V Pin=U10-15
Removed Pin From Net: NetName=Eth_Tx_N Pin=U10-16
Removed Pin From Net: NetName=Eth_Tx_P Pin=U10-17
Removed Pin From Net: NetName=GND Pin=U10-18
Removed Pin From Net: NetName=Eth_3.3V Pin=U10-19
Removed Pin From Net: NetName=Eth_3.3V Pin=U10-20
Removed Pin From Net: NetName=GND Pin=U10-21
Removed Pin From Net: NetName=GND Pin=U10-22
Removed Pin From Net: NetName=NetC40_2 Pin=U10-23
Removed Pin From Net: NetName=NetC41_2 Pin=U10-24
Removed Pin From Net: NetName=Eth_3.3V Pin=U10-25
Removed Pin From Net: NetName=Eth_3.3V Pin=U10-28
Removed Pin From Net: NetName=5 V Pin=U16-5
Change Component Footprint: Designator=Z2 Old Footprint=OSC: 5070 New Footprint=OSC: 3225
Change Component Footprint: Designator=U10 Old Footprint=SOIC-SO28_N New Footprint=LQFP48
Change Component Comment : Designator=Z1 Old Comment=8 Ì New Comment=8 M
Change Component Comment : Designator=Z2 Old Comment=25 Ì New Comment=25 M
Change Component Comment : Designator=U10 Old Comment=ENC28J60/SO New Comment=W5500
Change component parameters: Designator = "Z1"; Footprint = "OSC: 3225"; UniqueID = "\MIXUSANT"
Change component parameters. Clean all parameters for all variants
Change component parameters (AddParameter): Name = "ChipDIp"; Value = "8007768228"; VariantName = "[No Variations]"
Change component parameters (AddParameter): Name = "Model"; Value = "8 M"; VariantName = "[No Variations]"
Change component parameters: Designator = "Z2"; Footprint = "OSC: 3225"; UniqueID = "\QPNBEEKE"
Change component parameters. Clean all parameters for all variants
Change component parameters (AddParameter): Name = "ChipDip"; Value = "8007768228"; VariantName = "[No Variations]"
Change component parameters (AddParameter): Name = "Model"; Value = "25 M"; VariantName = "[No Variations]"
Change component parameters: Designator = "U10"; Footprint = "LQFP48"; UniqueID = "\ZJEUGBSR"
Change component parameters. Clean all parameters for all variants
Change component parameters (AddParameter): Name = "ChipDip"; Value = "9000359316"; VariantName = "[No Variations]"
Change component parameters (AddParameter): Name = "Model"; Value = "W5500"; VariantName = "[No Variations]"
Added Pin To Net: NetName=NetC60_1 Pin=U16-5
