Removed Pin From Net: NetName=5 V Pin=C37-1
Removed Pin From Net: NetName=GND Pin=C37-2
Removed Pin From Net: NetName=GND Pin=C38-2
Removed Pin From Net: NetName=GND Pin=C44-2
Removed Pin From Net: NetName=5 V Pin=C46-1
Removed Pin From Net: NetName=ADC_ISO_GND Pin=C59-2
Removed Pin From Net: NetName=ADC_ISO_GND Pin=C60-1
Removed Pin From Net: NetName=ADC_ISO_AIN2+ Pin=C61-1
Removed Pin From Net: NetName=ADC_ISO_GND Pin=C61-2
Removed Pin From Net: NetName=ADC_ISO_GND Pin=C62-1
Removed Pin From Net: NetName=ADC_ISO_AIN2- Pin=C62-2
Removed Pin From Net: NetName=ADC_ISO_AIN3+ Pin=C63-1
Removed Pin From Net: NetName=ADC_ISO_GND Pin=C63-2
Removed Pin From Net: NetName=ADC_ISO_GND Pin=C64-1
Removed Pin From Net: NetName=ADC_ISO_AIN3- Pin=C64-2
Removed Pin From Net: NetName=NetF4_1 Pin=F4-1
Removed Pin From Net: NetName=NetF5_1 Pin=F5-1
Removed Pin From Net: NetName=NetD16_A Pin=F6-1
Removed Pin From Net: NetName=NetD17_K Pin=F7-1
Removed Pin From Net: NetName=12 V Pin=L1-1
Removed Pin From Net: NetName=5 V Pin=L2-1
Removed Pin From Net: NetName=5 V Pin=R9-2
Removed Pin From Net: NetName=EM_STOP Pin=R14-1
Removed Pin From Net: NetName=12 V Pin=R14-2
Removed Pin From Net: NetName=NetR40_1 Pin=R40-1
Removed Pin From Net: NetName=5 V Pin=R57-2
Removed Pin From Net: NetName=GND Pin=R62-1
Removed Pin From Net: NetName=USB_1_U_N Pin=R62-2
Removed Pin From Net: NetName=USB_1_N Pin=R63-1
Removed Pin From Net: NetName=USB_1_U_N Pin=R63-2
Removed Pin From Net: NetName=USB_1_P Pin=R64-1
Removed Pin From Net: NetName=USB_1_U_P Pin=R64-2
Removed Pin From Net: NetName=GND Pin=R65-1
Removed Pin From Net: NetName=USB_1_U_P Pin=R65-2
Removed Pin From Net: NetName=NetD16_A Pin=R66-1
Removed Pin From Net: NetName=NetD17_K Pin=R66-2
Removed Pin From Net: NetName=GND Pin=R67-2
Removed Pin From Net: NetName=GND Pin=R68-1
Removed Pin From Net: NetName=ADC_ISO_GND Pin=R75-2
Removed Pin From Net: NetName=ADC_ISO_AIN2+ Pin=R76-1
Removed Pin From Net: NetName=ADC_ISO_AIN2- Pin=R77-1
Removed Pin From Net: NetName=ADC_ISO_GND Pin=R78-1
Removed Pin From Net: NetName=ADC_ISO_GND Pin=R79-2
Removed Pin From Net: NetName=ADC_ISO_AIN3+ Pin=R80-1
Removed Pin From Net: NetName=ADC_ISO_AIN3- Pin=R81-1
Removed Pin From Net: NetName=ADC_ISO_GND Pin=R82-1
Removed Pin From Net: NetName=ADC_ISO_+3.3 Pin=R84-2
Removed Pin From Net: NetName=ADC_ISO_+3.3 Pin=R85-2
Removed Pin From Net: NetName=SUPPLY_INT Pin=U4-1
Removed Pin From Net: NetName=Load_En Pin=U4-2
Removed Pin From Net: NetName=GND Pin=U11-1
Removed Pin From Net: NetName=5 V Pin=U11-3
Removed Pin From Net: NetName=NetD16_A Pin=U15-6
Removed Pin From Net: NetName=NetD17_K Pin=U15-7
Removed Pin From Net: NetName=NetC47_1 Pin=U16-6
Removed Pin From Net: NetName=NetC47_1 Pin=U17-5
Removed Pin From Net: NetName=GND Pin=U21-8
Removed Pin From Net: NetName=V_OUT Pin=U21-9
Removed Pin From Net: NetName=NetC47_1 Pin=VD11-1
Removed Pin From Net: NetName=ADC_ISO_AIN2+ Pin=VD14-3
Removed Pin From Net: NetName=ADC_ISO_AIN2- Pin=VD15-3
Removed Pin From Net: NetName=ADC_ISO_AIN3+ Pin=VD16-3
Removed Pin From Net: NetName=ADC_ISO_GND Pin=VD17-1
Removed Pin From Net: NetName=ADC_ISO_+3.3 Pin=VD17-2
Removed Pin From Net: NetName=ADC_ISO_AIN3- Pin=VD17-3
Removed Pin From Net: NetName=NetF1_1 Pin=X8-2
Removed Pin From Net: NetName=NetF4_1 Pin=X9-2
Removed Pin From Net: NetName=NetF5_1 Pin=X10-2
Removed Pin From Net: NetName=NetC47_1 Pin=X11-1
Removed Pin From Net: NetName=USB_1_U_N Pin=X11-2
Removed Pin From Net: NetName=USB_1_U_P Pin=X11-3
Removed Pin From Net: NetName=GND Pin=X11-4
Removed Pin From Net: NetName=ADC_ISO_+3.3 Pin=X21-2
Removed Pin From Net: NetName=ADC_ISO_+3.3 Pin=X22-2
Removed Pin From Net: NetName=12 V Pin=X23-1
Removed Pin From Net: NetName=12 V Pin=X25-3
Removed Member From Class: ClassName=Sheet2 Member=C21
Removed Member From Class: ClassName=Sheet5 Member=C61
Removed Member From Class: ClassName=Sheet5 Member=C62
Removed Member From Class: ClassName=Sheet5 Member=C63
Removed Member From Class: ClassName=Sheet5 Member=C64
Removed Member From Class: ClassName=Sheet5 Member=FU1
Removed Member From Class: ClassName=Sheet5 Member=FU2
Removed Member From Class: ClassName=Sheet5 Member=FU3
Removed Member From Class: ClassName=Sheet5 Member=FU4
Removed Member From Class: ClassName=Sheet5 Member=FU5
Removed Member From Class: ClassName=Sheet5 Member=FU6
Removed Member From Class: ClassName=Sheet5 Member=FU7
Removed Member From Class: ClassName=Sheet4 Member=P7
Removed Member From Class: ClassName=Sheet5 Member=R75
Removed Member From Class: ClassName=Sheet5 Member=R76
Removed Member From Class: ClassName=Sheet5 Member=R77
Removed Member From Class: ClassName=Sheet5 Member=R78
Removed Member From Class: ClassName=Sheet5 Member=R79
Removed Member From Class: ClassName=Sheet5 Member=R80
Removed Member From Class: ClassName=Sheet5 Member=R81
Removed Member From Class: ClassName=Sheet5 Member=R82
Removed Member From Class: ClassName=Sheet5 Member=U21
Removed Member From Class: ClassName=Sheet4 Member=VD11
Removed Member From Class: ClassName=Sheet5 Member=VD17
Removed Member From Class: ClassName=Sheet4 Member=X9
Removed Member From Class: ClassName=Sheet4 Member=X10
Removed Member From Class: ClassName=Sheet4 Member=X11
Removed Member From Class: ClassName=Sheet5 Member=X21
Removed Member From Class: ClassName=Sheet5 Member=X22
Removed Member From Class: ClassName=Sheet5 Member=X23
Removed Member From Class: ClassName=Sheet5 Member=X24
Removed Member From Class: ClassName=Sheet5 Member=X25
Change Component Footprint: Designator=P6 Old Footprint=691321100006 New Footprint=691321100006
Change Component Footprint: Designator=C46 Old Footprint=CH0603C New Footprint=CAP_0603
Change Component Footprint: Designator=R65 Old Footprint=CH0603R New Footprint=RES_0603
Change Component Footprint: Designator=R67 Old Footprint=CH0603R New Footprint=RES_0603
Change Component Footprint: Designator=R68 Old Footprint=CH0603R New Footprint=RES_0603
Change Component Footprint: Designator=R63 Old Footprint=CH0805R New Footprint=RES_0603
Change Component Footprint: Designator=R64 Old Footprint=CH0805R New Footprint=RES_0603
Change Component Footprint: Designator=X8 Old Footprint=PHOE-1725656-2 New Footprint=XTAL_3225
Change Component Footprint: Designator=C47 Old Footprint=TANTAL_B New Footprint=CAP_0805
Change Component Comment : Designator=C62 Old Comment=0,1 לך New Comment=6.8 ם
Change Component Comment : Designator=C63 Old Comment=0,1 לך New Comment=6.8 ם
Change Component Comment : Designator=C61 Old Comment=0,1 לך New Comment=10 ם
Change Component Comment : Designator=C64 Old Comment=0,1 לך New Comment=22 ם
Change Component Comment : Designator=R24 Old Comment=1 ך New Comment=5,1 ך
Change Component Comment : Designator=R25 Old Comment=1 ך New Comment=5,1 ך
Change Component Comment : Designator=R44 Old Comment=1 ך New Comment=5,1 ך
Change Component Comment : Designator=R45 Old Comment=1 ך New Comment=5,1 ך
Change Component Comment : Designator=R60 Old Comment=1 ך New Comment=5,1 ך
Change Component Comment : Designator=R61 Old Comment=1 ך New Comment=5,1 ך
Change Component Comment : Designator=R68 Old Comment=1 ך New Comment=49,9
Change Component Comment : Designator=C47 Old Comment=10 לך New Comment=4,7 לך
Change Component Comment : Designator=R65 Old Comment=15 ך New Comment=49,9
Change Component Comment : Designator=R63 Old Comment=27 New Comment=1 ּ
Change Component Comment : Designator=R64 Old Comment=27 New Comment=100 ך
Change Component Comment : Designator=R75 Old Comment=33 ך New Comment=5,1 ך
Change Component Comment : Designator=R84 Old Comment=33 ך New Comment=100
Change Component Comment : Designator=R85 Old Comment=33 ך New Comment=100
Change Component Comment : Designator=R67 Old Comment=51 ך New Comment=49,9
Change Component Comment : Designator=R76 Old Comment=100 New Comment=330
Change Component Comment : Designator=R77 Old Comment=100 New Comment=330
Change Component Comment : Designator=P6 Old Comment=691321100006 New Comment=15EDGVC-3.5-06P
Change Component Comment : Designator=X8 Old Comment=DG308-2.54-02P-14-00AH New Comment=25 M
Change Component Comment : Designator=F6 Old Comment=F1206 New Comment=0,12 ְ
Change Component Comment : Designator=F7 Old Comment=F1206 New Comment=0,12 ְ
Change Component Comment : Designator=U11 Old Comment=REG1117-3.3 New Comment=LM258DR2G
Change Component Designator: OldDesignator=C3 NewDesignator=C4
Change Component Designator: OldDesignator=C4 NewDesignator=C3
Change Component Designator: OldDesignator=C8 NewDesignator=C10
Change Component Designator: OldDesignator=C9 NewDesignator=C11
Change Component Designator: OldDesignator=C10 NewDesignator=C8
Change Component Designator: OldDesignator=C11 NewDesignator=C12
Change Component Designator: OldDesignator=C12 NewDesignator=C9
Change Component Designator: OldDesignator=C13 NewDesignator=C21
Change Component Designator: OldDesignator=C14 NewDesignator=C15
Change Component Designator: OldDesignator=C15 NewDesignator=C23
Change Component Designator: OldDesignator=C16 NewDesignator=C24
Change Component Designator: OldDesignator=C17 NewDesignator=C28
Change Component Designator: OldDesignator=C18 NewDesignator=C17
Change Component Designator: OldDesignator=C19 NewDesignator=C18
Change Component Designator: OldDesignator=C20 NewDesignator=C19
Change Component Designator: OldDesignator=C21 NewDesignator=C20
Change Component Designator: OldDesignator=C22 NewDesignator=C25
Change Component Designator: OldDesignator=C23 NewDesignator=C27
Change Component Designator: OldDesignator=C24 NewDesignator=C26
Change Component Designator: OldDesignator=C25 NewDesignator=C30
Change Component Designator: OldDesignator=C26 NewDesignator=C29
Change Component Designator: OldDesignator=C27 NewDesignator=C31
Change Component Designator: OldDesignator=C28 NewDesignator=C32
Change Component Designator: OldDesignator=C29 NewDesignator=C33
Change Component Designator: OldDesignator=C30 NewDesignator=C34
Change Component Designator: OldDesignator=C31 NewDesignator=C35
Change Component Designator: OldDesignator=C32 NewDesignator=C13
Change Component Designator: OldDesignator=C33 NewDesignator=C14
Change Component Designator: OldDesignator=C34 NewDesignator=C16
Change Component Designator: OldDesignator=C35 NewDesignator=C22
Change Component Designator: OldDesignator=C39 NewDesignator=C45
Change Component Designator: OldDesignator=C40 NewDesignator=C37
Change Component Designator: OldDesignator=C41 NewDesignator=C40
Change Component Designator: OldDesignator=C42 NewDesignator=C38
Change Component Designator: OldDesignator=C43 NewDesignator=C39
Change Component Designator: OldDesignator=C45 NewDesignator=C43
Change Component Designator: OldDesignator=C48 NewDesignator=C44
Change Component Designator: OldDesignator=C49 NewDesignator=C69
Change Component Designator: OldDesignator=C50 NewDesignator=C71
Change Component Designator: OldDesignator=C51 NewDesignator=C42
Change Component Designator: OldDesignator=C52 NewDesignator=C72
Change Component Designator: OldDesignator=C53 NewDesignator=C66
Change Component Designator: OldDesignator=C54 NewDesignator=C76
Change Component Designator: OldDesignator=C55 NewDesignator=C77
Change Component Designator: OldDesignator=C56 NewDesignator=C73
Change Component Designator: OldDesignator=C57 NewDesignator=C74
Change Component Designator: OldDesignator=C58 NewDesignator=C75
Change Component Designator: OldDesignator=C59 NewDesignator=C78
Change Component Designator: OldDesignator=C60 NewDesignator=C79
Change Component Designator: OldDesignator=C65 NewDesignator=C68
Change Component Designator: OldDesignator=C66 NewDesignator=C70
Change Component Designator: OldDesignator=D8 NewDesignator=D12
Change Component Designator: OldDesignator=D9 NewDesignator=D13
Change Component Designator: OldDesignator=D10 NewDesignator=D16
Change Component Designator: OldDesignator=D11 NewDesignator=D17
Change Component Designator: OldDesignator=D12 NewDesignator=D8
Change Component Designator: OldDesignator=D13 NewDesignator=D9
Change Component Designator: OldDesignator=D14 NewDesignator=D10
Change Component Designator: OldDesignator=D15 NewDesignator=D11
Change Component Designator: OldDesignator=D16 NewDesignator=D14
Change Component Designator: OldDesignator=D17 NewDesignator=D15
Change Component Designator: OldDesignator=F4 NewDesignator=F2
Change Component Designator: OldDesignator=F5 NewDesignator=F3
Change Component Designator: OldDesignator=P3 NewDesignator=P7
Change Component Designator: OldDesignator=P4 NewDesignator=P5
Change Component Designator: OldDesignator=P5 NewDesignator=P6
Change Component Designator: OldDesignator=P6 NewDesignator=P4
Change Component Designator: OldDesignator=R4 NewDesignator=R5
Change Component Designator: OldDesignator=R5 NewDesignator=R4
Change Component Designator: OldDesignator=R9 NewDesignator=R10
Change Component Designator: OldDesignator=R10 NewDesignator=R9
Change Component Designator: OldDesignator=R12 NewDesignator=R14
Change Component Designator: OldDesignator=R13 NewDesignator=R15
Change Component Designator: OldDesignator=R15 NewDesignator=R13
Change Component Designator: OldDesignator=R16 NewDesignator=R18
Change Component Designator: OldDesignator=R17 NewDesignator=R12
Change Component Designator: OldDesignator=R18 NewDesignator=R26
Change Component Designator: OldDesignator=R21 NewDesignator=R27
Change Component Designator: OldDesignator=R26 NewDesignator=R34
Change Component Designator: OldDesignator=R27 NewDesignator=R35
Change Component Designator: OldDesignator=R28 NewDesignator=R36
Change Component Designator: OldDesignator=R29 NewDesignator=R21
Change Component Designator: OldDesignator=R30 NewDesignator=R28
Change Component Designator: OldDesignator=R31 NewDesignator=R29
Change Component Designator: OldDesignator=R37 NewDesignator=R56
Change Component Designator: OldDesignator=R38 NewDesignator=R37
Change Component Designator: OldDesignator=R39 NewDesignator=R38
Change Component Designator: OldDesignator=R40 NewDesignator=R39
Change Component Designator: OldDesignator=R41 NewDesignator=R40
Change Component Designator: OldDesignator=R42 NewDesignator=R41
Change Component Designator: OldDesignator=R43 NewDesignator=R44
Change Component Designator: OldDesignator=R44 NewDesignator=R59
Change Component Designator: OldDesignator=R45 NewDesignator=R60
Change Component Designator: OldDesignator=R46 NewDesignator=R62
Change Component Designator: OldDesignator=R53 NewDesignator=R42
Change Component Designator: OldDesignator=R54 NewDesignator=R45
Change Component Designator: OldDesignator=R55 NewDesignator=R43
Change Component Designator: OldDesignator=R56 NewDesignator=R46
Change Component Designator: OldDesignator=R58 NewDesignator=R53
Change Component Designator: OldDesignator=R59 NewDesignator=R54
Change Component Designator: OldDesignator=R60 NewDesignator=R57
Change Component Designator: OldDesignator=R61 NewDesignator=R58
Change Component Designator: OldDesignator=R66 NewDesignator=R61
Change Component Designator: OldDesignator=R69 NewDesignator=R78
Change Component Designator: OldDesignator=R71 NewDesignator=R79
Change Component Designator: OldDesignator=R72 NewDesignator=R80
Change Component Designator: OldDesignator=R73 NewDesignator=R81
Change Component Designator: OldDesignator=R74 NewDesignator=R82
Change Component Designator: OldDesignator=R83 NewDesignator=R91
Change Component Designator: OldDesignator=U6 NewDesignator=U8
Change Component Designator: OldDesignator=U7 NewDesignator=U6
Change Component Designator: OldDesignator=U8 NewDesignator=U7
Change Component Designator: OldDesignator=U13 NewDesignator=U14
Change Component Designator: OldDesignator=U15 NewDesignator=U12
Change Component Designator: OldDesignator=VD12 NewDesignator=VD11
Change Component Designator: OldDesignator=VD13 NewDesignator=VD12
Change Component Designator: OldDesignator=X12 NewDesignator=X9
Change Component Designator: OldDesignator=X13 NewDesignator=X10
Change Component Designator: OldDesignator=X14 NewDesignator=X11
Change Component Designator: OldDesignator=X15 NewDesignator=X12
Change Component Designator: OldDesignator=X16 NewDesignator=X15
Change Component Designator: OldDesignator=X17 NewDesignator=X16
Change Component Designator: OldDesignator=X18 NewDesignator=X13
Change Component Designator: OldDesignator=X19 NewDesignator=X14
Change Component Designator: OldDesignator=X20 NewDesignator=X17
Change component parameters: Designator = "C61"; Footprint = "CAP_0603"; UniqueID = "\CXNTEDPH"
Change component parameters. Clean all parameters for all variants
Change component parameters (AddParameter): Name = "ChipDip"; Value = ""; VariantName = "[No Variations]"
Change component parameters (AddParameter): Name = "Type"; Value = "CAP_CERAMIC"; VariantName = "[No Variations]"
Change component parameters (AddParameter): Name = "Value"; Value = "10 ם"; VariantName = "[No Variations]"
Change component parameters: Designator = "C62"; Footprint = "CAP_0603"; UniqueID = "\EWCEAPAV"
Change component parameters. Clean all parameters for all variants
Change component parameters (AddParameter): Name = "ChipDip"; Value = ""; VariantName = "[No Variations]"
Change component parameters (AddParameter): Name = "Type"; Value = "CAP_CERAMIC"; VariantName = "[No Variations]"
Change component parameters (AddParameter): Name = "Value"; Value = "6.8 ם"; VariantName = "[No Variations]"
Change component parameters: Designator = "C63"; Footprint = "CAP_0603"; UniqueID = "\AVMBNLCP"
Change component parameters. Clean all parameters for all variants
Change component parameters (AddParameter): Name = "ChipDip"; Value = ""; VariantName = "[No Variations]"
Change component parameters (AddParameter): Name = "Type"; Value = "CAP_CERAMIC"; VariantName = "[No Variations]"
Change component parameters (AddParameter): Name = "Value"; Value = "6.8 ם"; VariantName = "[No Variations]"
Change component parameters: Designator = "C64"; Footprint = "CAP_0603"; UniqueID = "\QXSJVSJG"
Change component parameters. Clean all parameters for all variants
Change component parameters (AddParameter): Name = "ChipDip"; Value = ""; VariantName = "[No Variations]"
Change component parameters (AddParameter): Name = "Type"; Value = "CAP_CERAMIC"; VariantName = "[No Variations]"
Change component parameters (AddParameter): Name = "Value"; Value = "22 ם"; VariantName = "[No Variations]"
Change component parameters: Designator = "R24"; Footprint = "RES_0603"; UniqueID = "\CRTBNOAH"
Change component parameters. Clean all parameters for all variants
Change component parameters (AddParameter): Name = "ChipDip"; Value = ""; VariantName = "[No Variations]"
Change component parameters (AddParameter): Name = "Type"; Value = "RESISTOR"; VariantName = "[No Variations]"
Change component parameters (AddParameter): Name = "Value"; Value = "5,1 ך"; VariantName = "[No Variations]"
Change component parameters: Designator = "R25"; Footprint = "RES_0603"; UniqueID = "\UARBHYSS"
Change component parameters. Clean all parameters for all variants
Change component parameters (AddParameter): Name = "ChipDip"; Value = ""; VariantName = "[No Variations]"
Change component parameters (AddParameter): Name = "Type"; Value = "RESISTOR"; VariantName = "[No Variations]"
Change component parameters (AddParameter): Name = "Value"; Value = "5,1 ך"; VariantName = "[No Variations]"
Change component parameters: Designator = "R59"; Footprint = "RES_0603"; UniqueID = "\YWIVCRVP"
Change component parameters. Clean all parameters for all variants
Change component parameters (AddParameter): Name = "ChipDip"; Value = ""; VariantName = "[No Variations]"
Change component parameters (AddParameter): Name = "Type"; Value = "RESISTOR"; VariantName = "[No Variations]"
Change component parameters (AddParameter): Name = "Value"; Value = "5,1 ך"; VariantName = "[No Variations]"
Change component parameters: Designator = "R60"; Footprint = "RES_0603"; UniqueID = "\GMDRYHUP"
Change component parameters. Clean all parameters for all variants
Change component parameters (AddParameter): Name = "ChipDip"; Value = ""; VariantName = "[No Variations]"
Change component parameters (AddParameter): Name = "Type"; Value = "RESISTOR"; VariantName = "[No Variations]"
Change component parameters (AddParameter): Name = "Value"; Value = "5,1 ך"; VariantName = "[No Variations]"
Change component parameters: Designator = "R57"; Footprint = "RES_0603"; UniqueID = "\GAHYFGUN"
Change component parameters. Clean all parameters for all variants
Change component parameters (AddParameter): Name = "ChipDip"; Value = ""; VariantName = "[No Variations]"
Change component parameters (AddParameter): Name = "Type"; Value = "RESISTOR"; VariantName = "[No Variations]"
Change component parameters (AddParameter): Name = "Value"; Value = "5,1 ך"; VariantName = "[No Variations]"
Change component parameters: Designator = "R58"; Footprint = "RES_0603"; UniqueID = "\MUSAEZYO"
Change component parameters. Clean all parameters for all variants
Change component parameters (AddParameter): Name = "ChipDip"; Value = ""; VariantName = "[No Variations]"
Change component parameters (AddParameter): Name = "Type"; Value = "RESISTOR"; VariantName = "[No Variations]"
Change component parameters (AddParameter): Name = "Value"; Value = "5,1 ך"; VariantName = "[No Variations]"
Change component parameters: Designator = "R75"; Footprint = "RES_0603"; UniqueID = "\TWBJOXER"
Change component parameters. Clean all parameters for all variants
Change component parameters (AddParameter): Name = "ChipDip"; Value = ""; VariantName = "[No Variations]"
Change component parameters (AddParameter): Name = "Type"; Value = "RESISTOR"; VariantName = "[No Variations]"
Change component parameters (AddParameter): Name = "Value"; Value = "5,1 ך"; VariantName = "[No Variations]"
Change component parameters: Designator = "R76"; Footprint = "RES_0603"; UniqueID = "\ALACTDAI"
Change component parameters. Clean all parameters for all variants
Change component parameters (AddParameter): Name = "ChipDip"; Value = ""; VariantName = "[No Variations]"
Change component parameters (AddParameter): Name = "Type"; Value = "RESISTOR"; VariantName = "[No Variations]"
Change component parameters (AddParameter): Name = "Value"; Value = "330"; VariantName = "[No Variations]"
Change component parameters: Designator = "R77"; Footprint = "RES_0603"; UniqueID = "\HRQTLGCI"
Change component parameters. Clean all parameters for all variants
Change component parameters (AddParameter): Name = "ChipDip"; Value = ""; VariantName = "[No Variations]"
Change component parameters (AddParameter): Name = "Type"; Value = "RESISTOR"; VariantName = "[No Variations]"
Change component parameters (AddParameter): Name = "Value"; Value = "330"; VariantName = "[No Variations]"
Change component parameters: Designator = "R84"; Footprint = "RES_0603"; UniqueID = "\UCQUDHYV"
Change component parameters. Clean all parameters for all variants
Change component parameters (AddParameter): Name = "ChipDip"; Value = ""; VariantName = "[No Variations]"
Change component parameters (AddParameter): Name = "Type"; Value = "RESISTOR"; VariantName = "[No Variations]"
Change component parameters (AddParameter): Name = "Value"; Value = "100"; VariantName = "[No Variations]"
Change component parameters: Designator = "R85"; Footprint = "RES_0603"; UniqueID = "\BJZDYEXM"
Change component parameters. Clean all parameters for all variants
Change component parameters (AddParameter): Name = "ChipDip"; Value = ""; VariantName = "[No Variations]"
Change component parameters (AddParameter): Name = "Type"; Value = "RESISTOR"; VariantName = "[No Variations]"
Change component parameters (AddParameter): Name = "Value"; Value = "100"; VariantName = "[No Variations]"
Change component parameters: Designator = "F6"; Footprint = "FUSE_1206"; UniqueID = "\NZKIWXOR"
Change component parameters. Clean all parameters for all variants
Change component parameters (AddParameter): Name = "Model"; Value = "MF-NSMF012-2"; VariantName = "[No Variations]"
Change component parameters (AddParameter): Name = "Value"; Value = "0,12 ְ"; VariantName = "[No Variations]"
Change component parameters: Designator = "F7"; Footprint = "FUSE_1206"; UniqueID = "\TNRDLXVO"
Change component parameters. Clean all parameters for all variants
Change component parameters (AddParameter): Name = "Model"; Value = "MF-NSMF012-2"; VariantName = "[No Variations]"
Change component parameters (AddParameter): Name = "Value"; Value = "0,12 ְ"; VariantName = "[No Variations]"
Change component parameters: Designator = "L1"; Footprint = "IND: B82477G4"; UniqueID = "\QUWLSAIV"
Change component parameters. Clean all parameters for all variants
Change component parameters (AddParameter): Name = "ChipDip"; Value = "450851416"; VariantName = "[No Variations]"
Change component parameters (AddParameter): Name = "Model"; Value = "B82477G4334M"; VariantName = "[No Variations]"
Change component parameters (AddParameter): Name = "Type"; Value = "INDUCTOR"; VariantName = "[No Variations]"
Change component parameters (AddParameter): Name = "Value"; Value = "330 לך"; VariantName = "[No Variations]"
Change component parameters: Designator = "L2"; Footprint = "IND: B82477G4"; UniqueID = "\TDXFIFNS"
Change component parameters. Clean all parameters for all variants
Change component parameters (AddParameter): Name = "ChipDip"; Value = "450851416"; VariantName = "[No Variations]"
Change component parameters (AddParameter): Name = "Model"; Value = "B82477G4334M"; VariantName = "[No Variations]"
Change component parameters (AddParameter): Name = "Type"; Value = "INDUCTOR"; VariantName = "[No Variations]"
Change component parameters (AddParameter): Name = "Value"; Value = "330 לך"; VariantName = "[No Variations]"
Change component parameters: Designator = "J1"; Footprint = "HR911105A"; UniqueID = "\DXLXCIGK"
Change component parameters. Clean all parameters for all variants
Change component parameters (AddParameter): Name = "ChipDip"; Value = "9000602898"; VariantName = "[No Variations]"
Change component parameters (AddParameter): Name = "Model"; Value = "HR911105A"; VariantName = "[No Variations]"
Change component parameters (AddParameter): Name = "Type"; Value = "CONNECTOR"; VariantName = "[No Variations]"
Change component parameters: Designator = "C46"; Footprint = "CAP_0603"; UniqueID = "\DSCHUXDT"
Change component parameters. Clean all parameters for all variants
Change component parameters (AddParameter): Name = "ChipDip"; Value = ""; VariantName = "[No Variations]"
Change component parameters (AddParameter): Name = "Type"; Value = "CAP_CERAMIC"; VariantName = "[No Variations]"
Change component parameters (AddParameter): Name = "Value"; Value = "0,1 לך"; VariantName = "[No Variations]"
Change component parameters: Designator = "R63"; Footprint = "RES_0603"; UniqueID = "\VCAYJEXB"
Change component parameters. Clean all parameters for all variants
Change component parameters (AddParameter): Name = "ChipDip"; Value = ""; VariantName = "[No Variations]"
Change component parameters (AddParameter): Name = "Type"; Value = "RESISTOR"; VariantName = "[No Variations]"
Change component parameters (AddParameter): Name = "Value"; Value = "1 ּ"; VariantName = "[No Variations]"
Change component parameters: Designator = "R64"; Footprint = "RES_0603"; UniqueID = "\SDZLKALB"
Change component parameters. Clean all parameters for all variants
Change component parameters (AddParameter): Name = "ChipDip"; Value = ""; VariantName = "[No Variations]"
Change component parameters (AddParameter): Name = "Type"; Value = "RESISTOR"; VariantName = "[No Variations]"
Change component parameters (AddParameter): Name = "Value"; Value = "100 ך"; VariantName = "[No Variations]"
Change component parameters: Designator = "C47"; Footprint = "CAP_0805"; UniqueID = "\FOJZKTZU"
Change component parameters. Clean all parameters for all variants
Change component parameters (AddParameter): Name = "Type"; Value = "CAP_CERAMIC"; VariantName = "[No Variations]"
Change component parameters (AddParameter): Name = "Value"; Value = "4,7 לך"; VariantName = "[No Variations]"
Change component parameters: Designator = "R65"; Footprint = "RES_0603"; UniqueID = "\ONRBQNAY"
Change component parameters. Clean all parameters for all variants
Change component parameters (AddParameter): Name = "Accuracy"; Value = "1%"; VariantName = "[No Variations]"
Change component parameters (AddParameter): Name = "ChipDip"; Value = "8002000669"; VariantName = "[No Variations]"
Change component parameters (AddParameter): Name = "Type"; Value = "RESISTOR"; VariantName = "[No Variations]"
Change component parameters (AddParameter): Name = "Value"; Value = "49,9"; VariantName = "[No Variations]"
Change component parameters: Designator = "R67"; Footprint = "RES_0603"; UniqueID = "\LBCZPYAQ"
Change component parameters. Clean all parameters for all variants
Change component parameters (AddParameter): Name = "Accuracy"; Value = "1%"; VariantName = "[No Variations]"
Change component parameters (AddParameter): Name = "ChipDip"; Value = "8002000669"; VariantName = "[No Variations]"
Change component parameters (AddParameter): Name = "Type"; Value = "RESISTOR"; VariantName = "[No Variations]"
Change component parameters (AddParameter): Name = "Value"; Value = "49,9"; VariantName = "[No Variations]"
Change component parameters: Designator = "R68"; Footprint = "RES_0603"; UniqueID = "\GGELOMCI"
Change component parameters. Clean all parameters for all variants
Change component parameters (AddParameter): Name = "Accuracy"; Value = "1%"; VariantName = "[No Variations]"
Change component parameters (AddParameter): Name = "ChipDip"; Value = "8002000669"; VariantName = "[No Variations]"
Change component parameters (AddParameter): Name = "Type"; Value = "RESISTOR"; VariantName = "[No Variations]"
Change component parameters (AddParameter): Name = "Value"; Value = "49,9"; VariantName = "[No Variations]"
Change component parameters: Designator = "X8"; Footprint = "XTAL_3225"; UniqueID = "\IMLSPTPS"
Change component parameters. Clean all parameters for all variants
Change component parameters (AddParameter): Name = "ChipDip"; Value = "8026581531"; VariantName = "[No Variations]"
Change component parameters (AddParameter): Name = "Model"; Value = "X322525MOB4SI"; VariantName = "[No Variations]"
Change component parameters (AddParameter): Name = "Type"; Value = "CRYSTAL"; VariantName = "[No Variations]"
Change component parameters (AddParameter): Name = "Value"; Value = "25 M"; VariantName = "[No Variations]"
Change component parameters: Designator = "P4"; Footprint = "691321100006"; UniqueID = "\KJVPLWQX"
Change component parameters. Clean all parameters for all variants
Change component parameters (AddParameter): Name = "Model"; Value = "15EDGVC-3.5-06P"; VariantName = "[No Variations]"
Change component parameters: Designator = "U11"; Footprint = "ADI-R-8_N"; UniqueID = "\KBVCRKGA"
Change component parameters. Clean all parameters for all variants
Change component parameters (AddParameter): Name = "ComponentLink1Description"; Value = "Manufacturer URL"; VariantName = "[No Variations]"
Change component parameters (AddParameter): Name = "ComponentLink1URL"; Value = "http://www.analog.com/en/index.html"; VariantName = "[No Variations]"
Change component parameters (AddParameter): Name = "ComponentLink2Description"; Value = "Datasheet"; VariantName = "[No Variations]"
Change component parameters (AddParameter): Name = "ComponentLink2URL"; Value = "http://www.analog.com/static/imported-files/data_sheets/AD8061_8062_8063.pdf"; VariantName = "[No Variations]"
Change component parameters (AddParameter): Name = "ComponentLink3Description"; Value = "Package Specification"; VariantName = "[No Variations]"
Change component parameters (AddParameter): Name = "ComponentLink3URL"; Value = "http://www.analog.com/static/imported-files/packages/PKG_PDF/SOIC_Narrow%20(R)/R_8.pdf"; VariantName = "[No Variations]"
Added Component: Designator=C41(TANTAL_B)
Add component. Clean all parameters for all variants
Add component (AddParameter): Name = "ChipDip"; Value = ""; VariantName = "[No Variations]"
Add component (AddParameter): Name = "Model"; Value = ""; VariantName = "[No Variations]"
Add component (AddParameter): Name = "Type"; Value = "CAP_TANTALUM"; VariantName = "[No Variations]"
Add component (AddParameter): Name = "Value"; Value = "10 לך"; VariantName = "[No Variations]"
Add component (AddParameter): Name = "Voltage"; Value = "6,3"; VariantName = "[No Variations]"
Added Component: Designator=C48(CAP_0603)
Add component. Clean all parameters for all variants
Add component (AddParameter): Name = "ChipDip"; Value = ""; VariantName = "[No Variations]"
Add component (AddParameter): Name = "Type"; Value = "CAP_CERAMIC"; VariantName = "[No Variations]"
Add component (AddParameter): Name = "Value"; Value = "10 ם"; VariantName = "[No Variations]"
Added Component: Designator=C49(CAP_0603)
Add component. Clean all parameters for all variants
Add component (AddParameter): Name = "ChipDip"; Value = ""; VariantName = "[No Variations]"
Add component (AddParameter): Name = "Type"; Value = "CAP_CERAMIC"; VariantName = "[No Variations]"
Add component (AddParameter): Name = "Value"; Value = "0,1 לך"; VariantName = "[No Variations]"
Added Component: Designator=C50(TANTAL_B)
Add component. Clean all parameters for all variants
Add component (AddParameter): Name = "ChipDip"; Value = ""; VariantName = "[No Variations]"
Add component (AddParameter): Name = "Model"; Value = ""; VariantName = "[No Variations]"
Add component (AddParameter): Name = "Type"; Value = "CAP_TANTALUM"; VariantName = "[No Variations]"
Add component (AddParameter): Name = "Value"; Value = "10 לך"; VariantName = "[No Variations]"
Add component (AddParameter): Name = "Voltage"; Value = "6,3"; VariantName = "[No Variations]"
Added Component: Designator=C51(CAP_0603)
Add component. Clean all parameters for all variants
Add component (AddParameter): Name = "ChipDip"; Value = ""; VariantName = "[No Variations]"
Add component (AddParameter): Name = "Type"; Value = "CAP_CERAMIC"; VariantName = "[No Variations]"
Add component (AddParameter): Name = "Value"; Value = "0,1 לך"; VariantName = "[No Variations]"
Added Component: Designator=C52(CAP_0603)
Add component. Clean all parameters for all variants
Add component (AddParameter): Name = "ChipDip"; Value = ""; VariantName = "[No Variations]"
Add component (AddParameter): Name = "Type"; Value = "CAP_CERAMIC"; VariantName = "[No Variations]"
Add component (AddParameter): Name = "Value"; Value = "0,1 לך"; VariantName = "[No Variations]"
Added Component: Designator=C53(CAP_0603)
Add component. Clean all parameters for all variants
Add component (AddParameter): Name = "ChipDip"; Value = ""; VariantName = "[No Variations]"
Add component (AddParameter): Name = "Type"; Value = "CAP_CERAMIC"; VariantName = "[No Variations]"
Add component (AddParameter): Name = "Value"; Value = "12"; VariantName = "[No Variations]"
Added Component: Designator=C54(CAP_0603)
Add component. Clean all parameters for all variants
Add component (AddParameter): Name = "ChipDip"; Value = ""; VariantName = "[No Variations]"
Add component (AddParameter): Name = "Type"; Value = "CAP_CERAMIC"; VariantName = "[No Variations]"
Add component (AddParameter): Name = "Value"; Value = "0,1 לך"; VariantName = "[No Variations]"
Added Component: Designator=C55(CAP_0603)
Add component. Clean all parameters for all variants
Add component (AddParameter): Name = "ChipDip"; Value = ""; VariantName = "[No Variations]"
Add component (AddParameter): Name = "Type"; Value = "CAP_CERAMIC"; VariantName = "[No Variations]"
Add component (AddParameter): Name = "Value"; Value = "0,1 לך"; VariantName = "[No Variations]"
Added Component: Designator=C56(CAP_0603)
Add component. Clean all parameters for all variants
Add component (AddParameter): Name = "ChipDip"; Value = ""; VariantName = "[No Variations]"
Add component (AddParameter): Name = "Type"; Value = "CAP_CERAMIC"; VariantName = "[No Variations]"
Add component (AddParameter): Name = "Value"; Value = "12"; VariantName = "[No Variations]"
Added Component: Designator=C57(CAP_0603)
Add component. Clean all parameters for all variants
Add component (AddParameter): Name = "ChipDip"; Value = ""; VariantName = "[No Variations]"
Add component (AddParameter): Name = "Type"; Value = "CAP_CERAMIC"; VariantName = "[No Variations]"
Add component (AddParameter): Name = "Value"; Value = "0,1 לך"; VariantName = "[No Variations]"
Added Component: Designator=C58(TANTAL_B)
Add component. Clean all parameters for all variants
Add component (AddParameter): Name = "ChipDip"; Value = ""; VariantName = "[No Variations]"
Add component (AddParameter): Name = "Model"; Value = ""; VariantName = "[No Variations]"
Add component (AddParameter): Name = "Type"; Value = "CAP_TANTALUM"; VariantName = "[No Variations]"
Add component (AddParameter): Name = "Value"; Value = "10 לך"; VariantName = "[No Variations]"
Add component (AddParameter): Name = "Voltage"; Value = "6,3"; VariantName = "[No Variations]"
Added Component: Designator=C59(CAP_0603)
Add component. Clean all parameters for all variants
Add component (AddParameter): Name = "ChipDip"; Value = ""; VariantName = "[No Variations]"
Add component (AddParameter): Name = "Type"; Value = "CAP_CERAMIC"; VariantName = "[No Variations]"
Add component (AddParameter): Name = "Value"; Value = "0,1 לך"; VariantName = "[No Variations]"
Added Component: Designator=C60(CAP_0603)
Add component. Clean all parameters for all variants
Add component (AddParameter): Name = "ChipDip"; Value = ""; VariantName = "[No Variations]"
Add component (AddParameter): Name = "Type"; Value = "CAP_CERAMIC"; VariantName = "[No Variations]"
Add component (AddParameter): Name = "Value"; Value = "0,1 לך"; VariantName = "[No Variations]"
Added Component: Designator=C65(CAP_1206)
Add component. Clean all parameters for all variants
Add component (AddParameter): Name = "ChipDip"; Value = "8000181643"; VariantName = "[No Variations]"
Add component (AddParameter): Name = "Value"; Value = "1 ם"; VariantName = "[No Variations]"
Add component (AddParameter): Name = "Voltage"; Value = "2000"; VariantName = "[No Variations]"
Added Component: Designator=C67(CAP_0603)
Add component. Clean all parameters for all variants
Add component (AddParameter): Name = "ChipDip"; Value = ""; VariantName = "[No Variations]"
Add component (AddParameter): Name = "Type"; Value = "CAP_CERAMIC"; VariantName = "[No Variations]"
Add component (AddParameter): Name = "Value"; Value = "0,1 לך"; VariantName = "[No Variations]"
Added Component: Designator=C80(CAP_0603)
Add component. Clean all parameters for all variants
Add component (AddParameter): Name = "ChipDip"; Value = ""; VariantName = "[No Variations]"
Add component (AddParameter): Name = "Type"; Value = "CAP_CERAMIC"; VariantName = "[No Variations]"
Add component (AddParameter): Name = "Value"; Value = "0,1 לך"; VariantName = "[No Variations]"
Added Component: Designator=C81(CAP_0603)
Add component. Clean all parameters for all variants
Add component (AddParameter): Name = "ChipDip"; Value = ""; VariantName = "[No Variations]"
Add component (AddParameter): Name = "Type"; Value = "CAP_CERAMIC"; VariantName = "[No Variations]"
Add component (AddParameter): Name = "Value"; Value = "0,1 לך"; VariantName = "[No Variations]"
Added Component: Designator=C82(CAP_0603)
Add component. Clean all parameters for all variants
Add component (AddParameter): Name = "ChipDip"; Value = ""; VariantName = "[No Variations]"
Add component (AddParameter): Name = "Type"; Value = "CAP_CERAMIC"; VariantName = "[No Variations]"
Add component (AddParameter): Name = "Value"; Value = "0,1 לך"; VariantName = "[No Variations]"
Added Component: Designator=C83(CAP_0603)
Add component. Clean all parameters for all variants
Add component (AddParameter): Name = "ChipDip"; Value = ""; VariantName = "[No Variations]"
Add component (AddParameter): Name = "Type"; Value = "CAP_CERAMIC"; VariantName = "[No Variations]"
Add component (AddParameter): Name = "Value"; Value = "0,1 לך"; VariantName = "[No Variations]"
Added Component: Designator=D18(LED_0603_GREEN)
Add component. Clean all parameters for all variants
Added Component: Designator=F4(FUSE_1206)
Add component. Clean all parameters for all variants
Add component (AddParameter): Name = "Model"; Value = "MF-NSMF012-2"; VariantName = "[No Variations]"
Add component (AddParameter): Name = "Value"; Value = "0,12 ְ"; VariantName = "[No Variations]"
Added Component: Designator=F5(FUSE_1206)
Add component. Clean all parameters for all variants
Add component (AddParameter): Name = "Model"; Value = "MF-NSMF012-2"; VariantName = "[No Variations]"
Add component (AddParameter): Name = "Value"; Value = "0,12 ְ"; VariantName = "[No Variations]"
Added Component: Designator=F8(FUSE_1206)
Add component. Clean all parameters for all variants
Add component (AddParameter): Name = "Model"; Value = "MF-NSMF012-2"; VariantName = "[No Variations]"
Add component (AddParameter): Name = "Value"; Value = "0,12 ְ"; VariantName = "[No Variations]"
Added Component: Designator=F9(FUSE_1206)
Add component. Clean all parameters for all variants
Add component (AddParameter): Name = "Model"; Value = "MF-NSMF012-2"; VariantName = "[No Variations]"
Add component (AddParameter): Name = "Value"; Value = "0,12 ְ"; VariantName = "[No Variations]"
Added Component: Designator=F10(FUSE_1206)
Add component. Clean all parameters for all variants
Add component (AddParameter): Name = "Model"; Value = "MF-NSMF012-2"; VariantName = "[No Variations]"
Add component (AddParameter): Name = "Value"; Value = "0,12 ְ"; VariantName = "[No Variations]"
Added Component: Designator=F11(FUSE_1206)
Add component. Clean all parameters for all variants
Add component (AddParameter): Name = "Model"; Value = "MF-NSMF012-2"; VariantName = "[No Variations]"
Add component (AddParameter): Name = "Value"; Value = "0,12 ְ"; VariantName = "[No Variations]"
Added Component: Designator=F12(FUSE_1206)
Add component. Clean all parameters for all variants
Add component (AddParameter): Name = "Model"; Value = "MF-NSMF012-2"; VariantName = "[No Variations]"
Add component (AddParameter): Name = "Value"; Value = "0,12 ְ"; VariantName = "[No Variations]"
Added Component: Designator=F13(FUSE_1206)
Add component. Clean all parameters for all variants
Add component (AddParameter): Name = "Model"; Value = "MF-NSMF012-2"; VariantName = "[No Variations]"
Add component (AddParameter): Name = "Value"; Value = "0,12 ְ"; VariantName = "[No Variations]"
Added Component: Designator=F14(FUSE_1206)
Add component. Clean all parameters for all variants
Add component (AddParameter): Name = "Model"; Value = "MF-NSMF012-2"; VariantName = "[No Variations]"
Add component (AddParameter): Name = "Value"; Value = "0,12 ְ"; VariantName = "[No Variations]"
Added Component: Designator=J2(614004184726)
Add component. Clean all parameters for all variants
Add component (AddParameter): Name = "Connector Type"; Value = "USB"; VariantName = "[No Variations]"
Add component (AddParameter): Name = "Contact Plating"; Value = "Gold"; VariantName = "[No Variations]"
Add component (AddParameter): Name = "Contact Resistance"; Value = "30m?"; VariantName = "[No Variations]"
Add component (AddParameter): Name = "Current Rating"; Value = "2A"; VariantName = "[No Variations]"
Add component (AddParameter): Name = "Gender"; Value = "Receptacle"; VariantName = "[No Variations]"
Add component (AddParameter): Name = "Housing Color"; Value = "White"; VariantName = "[No Variations]"
Add component (AddParameter): Name = "Insulation Material"; Value = "PBT"; VariantName = "[No Variations]"
Add component (AddParameter): Name = "Insulation Resistance"; Value = "1G?"; VariantName = "[No Variations]"
Add component (AddParameter): Name = "Max Operating Temperature"; Value = "85°C"; VariantName = "[No Variations]"
Add component (AddParameter): Name = "Min Operating Temperature"; Value = "-40°C"; VariantName = "[No Variations]"
Add component (AddParameter): Name = "Mount"; Value = "Through Hole, Vertical"; VariantName = "[No Variations]"
Add component (AddParameter): Name = "NexarPartId"; Value = "71472439"; VariantName = "[No Variations]"
Add component (AddParameter): Name = "Number of Contacts"; Value = "4"; VariantName = "[No Variations]"
Add component (AddParameter): Name = "Number of Pins"; Value = "4"; VariantName = "[No Variations]"
Add component (AddParameter): Name = "Operating Supply Voltage"; Value = "30V"; VariantName = "[No Variations]"
Add component (AddParameter): Name = "Orientation"; Value = "Right Angle"; VariantName = "[No Variations]"
Add component (AddParameter): Name = "REACH SVHC"; Value = "No SVHC"; VariantName = "[No Variations]"
Add component (AddParameter): Name = "RoHS"; Value = "Compliant"; VariantName = "[No Variations]"
Add component (AddParameter): Name = "USB Standard"; Value = "USB 2.0"; VariantName = "[No Variations]"
Added Component: Designator=J3(614104190121)
Add component. Clean all parameters for all variants
Add component (AddParameter): Name = "Connector Type"; Value = "USB"; VariantName = "[No Variations]"
Add component (AddParameter): Name = "Contact Plating"; Value = "Gold"; VariantName = "[No Variations]"
Add component (AddParameter): Name = "Contact Resistance"; Value = "30m?"; VariantName = "[No Variations]"
Add component (AddParameter): Name = "Current Rating"; Value = "1.5A"; VariantName = "[No Variations]"
Add component (AddParameter): Name = "Gender"; Value = "Receptacle"; VariantName = "[No Variations]"
Add component (AddParameter): Name = "Housing Color"; Value = "Black"; VariantName = "[No Variations]"
Add component (AddParameter): Name = "Insulation Resistance"; Value = "1G?"; VariantName = "[No Variations]"
Add component (AddParameter): Name = "Max Operating Temperature"; Value = "85°C"; VariantName = "[No Variations]"
Add component (AddParameter): Name = "Min Operating Temperature"; Value = "-55°C"; VariantName = "[No Variations]"
Add component (AddParameter): Name = "Mount"; Value = "Horizontal, Through Hole"; VariantName = "[No Variations]"
Add component (AddParameter): Name = "NexarPartId"; Value = "71472442"; VariantName = "[No Variations]"
Add component (AddParameter): Name = "Number of Contacts"; Value = "4"; VariantName = "[No Variations]"
Add component (AddParameter): Name = "Number of Pins"; Value = "4"; VariantName = "[No Variations]"
Add component (AddParameter): Name = "Operating Supply Voltage"; Value = "30V"; VariantName = "[No Variations]"
Add component (AddParameter): Name = "Orientation"; Value = "Horizontal"; VariantName = "[No Variations]"
Add component (AddParameter): Name = "Packaging"; Value = "Tape and Reel"; VariantName = "[No Variations]"
Add component (AddParameter): Name = "REACH SVHC"; Value = "No SVHC"; VariantName = "[No Variations]"
Add component (AddParameter): Name = "RoHS"; Value = "Compliant"; VariantName = "[No Variations]"
Add component (AddParameter): Name = "USB Standard"; Value = "USB 2.0"; VariantName = "[No Variations]"
Added Component: Designator=JP1(SolderJumper_Single)
Add component. Clean all parameters for all variants
Added Component: Designator=JP2(SolderJumper_Single)
Add component. Clean all parameters for all variants
Added Component: Designator=JP3(SolderJumper_Single)
Add component. Clean all parameters for all variants
Added Component: Designator=L4(res_0805)
Add component. Clean all parameters for all variants
Add component (AddParameter): Name = "ChipDip"; Value = "WCM2012F2SF-900T04"; VariantName = "[No Variations]"
Add component (AddParameter): Name = "Type"; Value = "INDUCTOR"; VariantName = "[No Variations]"
Added Component: Designator=P3(691321100002)
Add component. Clean all parameters for all variants
Add component (AddParameter): Name = "Model"; Value = "15EDGVC-3.5-2P"; VariantName = "[No Variations]"
Added Component: Designator=P8(691321100003)
Add component. Clean all parameters for all variants
Add component (AddParameter): Name = "ChipDip"; Value = ""; VariantName = "[No Variations]"
Add component (AddParameter): Name = "Model"; Value = "15EDGVC-3.5-04P"; VariantName = "[No Variations]"
Add component (AddParameter): Name = "Type"; Value = "CONNECTOR"; VariantName = "[No Variations]"
Added Component: Designator=P9(691321100003)
Add component. Clean all parameters for all variants
Add component (AddParameter): Name = "ChipDip"; Value = ""; VariantName = "[No Variations]"
Add component (AddParameter): Name = "Model"; Value = "15EDGVC-3.5-04P"; VariantName = "[No Variations]"
Add component (AddParameter): Name = "Type"; Value = "CONNECTOR"; VariantName = "[No Variations]"
Added Component: Designator=P10(691321100003)
Add component. Clean all parameters for all variants
Add component (AddParameter): Name = "ChipDip"; Value = ""; VariantName = "[No Variations]"
Add component (AddParameter): Name = "Model"; Value = "15EDGVC-3.5-04P"; VariantName = "[No Variations]"
Add component (AddParameter): Name = "Type"; Value = "CONNECTOR"; VariantName = "[No Variations]"
Added Component: Designator=R16(RES_0603)
Add component. Clean all parameters for all variants
Add component (AddParameter): Name = "ChipDip"; Value = ""; VariantName = "[No Variations]"
Add component (AddParameter): Name = "Type"; Value = "RESISTOR"; VariantName = "[No Variations]"
Add component (AddParameter): Name = "Value"; Value = "10 ך"; VariantName = "[No Variations]"
Added Component: Designator=R17(RES_0603)
Add component. Clean all parameters for all variants
Add component (AddParameter): Name = "ChipDip"; Value = ""; VariantName = "[No Variations]"
Add component (AddParameter): Name = "Type"; Value = "RESISTOR"; VariantName = "[No Variations]"
Add component (AddParameter): Name = "Value"; Value = "10 ך"; VariantName = "[No Variations]"
Added Component: Designator=R30(RES_0603)
Add component. Clean all parameters for all variants
Add component (AddParameter): Name = "ChipDip"; Value = ""; VariantName = "[No Variations]"
Add component (AddParameter): Name = "Type"; Value = "RESISTOR"; VariantName = "[No Variations]"
Add component (AddParameter): Name = "Value"; Value = "4,7 ך"; VariantName = "[No Variations]"
Added Component: Designator=R31(RES_0603)
Add component. Clean all parameters for all variants
Add component (AddParameter): Name = "ChipDip"; Value = ""; VariantName = "[No Variations]"
Add component (AddParameter): Name = "Type"; Value = "RESISTOR"; VariantName = "[No Variations]"
Add component (AddParameter): Name = "Value"; Value = "4,7 ך"; VariantName = "[No Variations]"
Added Component: Designator=R32(RES_0603)
Add component. Clean all parameters for all variants
Add component (AddParameter): Name = "ChipDip"; Value = ""; VariantName = "[No Variations]"
Add component (AddParameter): Name = "Type"; Value = "RESISTOR"; VariantName = "[No Variations]"
Add component (AddParameter): Name = "Value"; Value = "4,7 ך"; VariantName = "[No Variations]"
Added Component: Designator=R33(RES_0603)
Add component. Clean all parameters for all variants
Add component (AddParameter): Name = "ChipDip"; Value = ""; VariantName = "[No Variations]"
Add component (AddParameter): Name = "Type"; Value = "RESISTOR"; VariantName = "[No Variations]"
Add component (AddParameter): Name = "Value"; Value = "4,7 ך"; VariantName = "[No Variations]"
Added Component: Designator=R55(RES_0603)
Add component. Clean all parameters for all variants
Add component (AddParameter): Name = "Accuracy"; Value = "1%"; VariantName = "[No Variations]"
Add component (AddParameter): Name = "ChipDip"; Value = "8013596641"; VariantName = "[No Variations]"
Add component (AddParameter): Name = "Type"; Value = "RESISTOR"; VariantName = "[No Variations]"
Add component (AddParameter): Name = "Value"; Value = "12,4 ך"; VariantName = "[No Variations]"
Added Component: Designator=R66(RES_0603)
Add component. Clean all parameters for all variants
Add component (AddParameter): Name = "Accuracy"; Value = "1%"; VariantName = "[No Variations]"
Add component (AddParameter): Name = "ChipDip"; Value = "8002000669"; VariantName = "[No Variations]"
Add component (AddParameter): Name = "Type"; Value = "RESISTOR"; VariantName = "[No Variations]"
Add component (AddParameter): Name = "Value"; Value = "49,9"; VariantName = "[No Variations]"
Added Component: Designator=R69(RES_0603)
Add component. Clean all parameters for all variants
Add component (AddParameter): Name = "ChipDip"; Value = ""; VariantName = "[No Variations]"
Add component (AddParameter): Name = "Type"; Value = "RESISTOR"; VariantName = "[No Variations]"
Add component (AddParameter): Name = "Value"; Value = "15 ך"; VariantName = "[No Variations]"
Added Component: Designator=R70(RES_0603)
Add component. Clean all parameters for all variants
Add component (AddParameter): Name = "ChipDip"; Value = ""; VariantName = "[No Variations]"
Add component (AddParameter): Name = "Type"; Value = "RESISTOR"; VariantName = "[No Variations]"
Add component (AddParameter): Name = "Value"; Value = "27"; VariantName = "[No Variations]"
Added Component: Designator=R71(RES_0603)
Add component. Clean all parameters for all variants
Add component (AddParameter): Name = "ChipDip"; Value = ""; VariantName = "[No Variations]"
Add component (AddParameter): Name = "Type"; Value = "RESISTOR"; VariantName = "[No Variations]"
Add component (AddParameter): Name = "Value"; Value = "27"; VariantName = "[No Variations]"
Added Component: Designator=R72(RES_0603)
Add component. Clean all parameters for all variants
Add component (AddParameter): Name = "ChipDip"; Value = ""; VariantName = "[No Variations]"
Add component (AddParameter): Name = "Type"; Value = "RESISTOR"; VariantName = "[No Variations]"
Add component (AddParameter): Name = "Value"; Value = "15 ך"; VariantName = "[No Variations]"
Added Component: Designator=R73(RES_0603)
Add component. Clean all parameters for all variants
Add component (AddParameter): Name = "Accuracy"; Value = "1%"; VariantName = "[No Variations]"
Add component (AddParameter): Name = "ChipDip"; Value = "8003125521"; VariantName = "[No Variations]"
Add component (AddParameter): Name = "Type"; Value = "RESISTOR"; VariantName = "[No Variations]"
Add component (AddParameter): Name = "Value"; Value = "10"; VariantName = "[No Variations]"
Added Component: Designator=R74(RES_0603)
Add component. Clean all parameters for all variants
Add component (AddParameter): Name = "ChipDip"; Value = ""; VariantName = "[No Variations]"
Add component (AddParameter): Name = "Type"; Value = "RESISTOR"; VariantName = "[No Variations]"
Add component (AddParameter): Name = "Value"; Value = "51 ך"; VariantName = "[No Variations]"
Added Component: Designator=R83(RES_0603)
Add component. Clean all parameters for all variants
Add component (AddParameter): Name = "ChipDip"; Value = ""; VariantName = "[No Variations]"
Add component (AddParameter): Name = "Type"; Value = "RESISTOR"; VariantName = "[No Variations]"
Add component (AddParameter): Name = "Value"; Value = "33 ך"; VariantName = "[No Variations]"
Added Component: Designator=R86(RES_0603)
Add component. Clean all parameters for all variants
Add component (AddParameter): Name = "ChipDip"; Value = ""; VariantName = "[No Variations]"
Add component (AddParameter): Name = "Type"; Value = "RESISTOR"; VariantName = "[No Variations]"
Add component (AddParameter): Name = "Value"; Value = "33 ך"; VariantName = "[No Variations]"
Added Component: Designator=R87(RES_0603)
Add component. Clean all parameters for all variants
Add component (AddParameter): Name = "ChipDip"; Value = ""; VariantName = "[No Variations]"
Add component (AddParameter): Name = "Type"; Value = "RESISTOR"; VariantName = "[No Variations]"
Add component (AddParameter): Name = "Value"; Value = "33 ך"; VariantName = "[No Variations]"
Added Component: Designator=R88(RES_0603)
Add component. Clean all parameters for all variants
Add component (AddParameter): Name = "ChipDip"; Value = ""; VariantName = "[No Variations]"
Add component (AddParameter): Name = "Type"; Value = "RESISTOR"; VariantName = "[No Variations]"
Add component (AddParameter): Name = "Value"; Value = "100"; VariantName = "[No Variations]"
Added Component: Designator=R89(RES_0603)
Add component. Clean all parameters for all variants
Add component (AddParameter): Name = "ChipDip"; Value = ""; VariantName = "[No Variations]"
Add component (AddParameter): Name = "Type"; Value = "RESISTOR"; VariantName = "[No Variations]"
Add component (AddParameter): Name = "Value"; Value = "100"; VariantName = "[No Variations]"
Added Component: Designator=R90(RES_0603)
Add component. Clean all parameters for all variants
Add component (AddParameter): Name = "ChipDip"; Value = ""; VariantName = "[No Variations]"
Add component (AddParameter): Name = "Type"; Value = "RESISTOR"; VariantName = "[No Variations]"
Add component (AddParameter): Name = "Value"; Value = "33 ך"; VariantName = "[No Variations]"
Added Component: Designator=R92(RES_0603)
Add component. Clean all parameters for all variants
Add component (AddParameter): Name = "ChipDip"; Value = ""; VariantName = "[No Variations]"
Add component (AddParameter): Name = "Type"; Value = "RESISTOR"; VariantName = "[No Variations]"
Add component (AddParameter): Name = "Value"; Value = "33 ך"; VariantName = "[No Variations]"
Added Component: Designator=R93(RES_0603)
Add component. Clean all parameters for all variants
Add component (AddParameter): Name = "ChipDip"; Value = ""; VariantName = "[No Variations]"
Add component (AddParameter): Name = "Type"; Value = "RESISTOR"; VariantName = "[No Variations]"
Add component (AddParameter): Name = "Value"; Value = "33 ך"; VariantName = "[No Variations]"
Added Component: Designator=U13(QFP50P900X900X160-48N)
Add component. Clean all parameters for all variants
Add component (AddParameter): Name = "ChipDip"; Value = "9000359316"; VariantName = "[No Variations]"
Add component (AddParameter): Name = "Model"; Value = "w5500"; VariantName = "[No Variations]"
Add component (AddParameter): Name = "Type"; Value = "IC"; VariantName = "[No Variations]"
Added Component: Designator=U15(D0016A_M)
Add component. Clean all parameters for all variants
Add component (AddParameter): Name = "Category"; Value = "DarlingtonBJT"; VariantName = "[No Variations]"
Add component (AddParameter): Name = "Configuration"; Value = "Array7"; VariantName = "[No Variations]"
Add component (AddParameter): Name = "Datasheet URL"; Value = "http://www.ti.com/general/docs/lit/getliterature.tsp?genericPartNumber=uln2003a&fileType=pdf"; VariantName = "[No Variations]"
Add component (AddParameter): Name = "Datasheet Version"; Value = "Rev. O, 01/2016"; VariantName = "[No Variations]"
Add component (AddParameter): Name = "Manufacturer"; Value = "TexasInstruments"; VariantName = "[No Variations]"
Add component (AddParameter): Name = "Manufacturer URL"; Value = "http://www.ti.com/"; VariantName = "[No Variations]"
Add component (AddParameter): Name = "Maximum Collector Emitter Saturation Voltage"; Value = "1.1@100mA"; VariantName = "[No Variations]"
Add component (AddParameter): Name = "Maximum Collector Emitter Voltage"; Value = "50V"; VariantName = "[No Variations]"
Add component (AddParameter): Name = "Mounting"; Value = "SurfaceMount"; VariantName = "[No Variations]"
Add component (AddParameter): Name = "Package"; Value = "16SOIC"; VariantName = "[No Variations]"
Add component (AddParameter): Name = "Package Description"; Value = "16-Pin Plastic Small Outline, Body 9.9 x 3.9 mm, Pitch 1.27 mm"; VariantName = "[No Variations]"
Add component (AddParameter): Name = "Package Reference"; Value = "D16"; VariantName = "[No Variations]"
Add component (AddParameter): Name = "Package URL"; Value = "http://www.ti.com/lit/ml/mpds178g/mpds178g.pdf"; VariantName = "[No Variations]"
Add component (AddParameter): Name = "Package Version"; Value = "4040047-6/M, 06/2011"; VariantName = "[No Variations]"
Add component (AddParameter): Name = "Packaging"; Value = "Tape&Reel"; VariantName = "[No Variations]"
Add component (AddParameter): Name = "Peak DC Collector Current"; Value = "0.5A"; VariantName = "[No Variations]"
Add component (AddParameter): Name = "Rad Hard"; Value = "No"; VariantName = "[No Variations]"
Add component (AddParameter): Name = "Type"; Value = "NPN"; VariantName = "[No Variations]"
Added Component: Designator=VD13(ONSC-SOT-323-3-419-04_V)
Add component. Clean all parameters for all variants
Add component (AddParameter): Name = "ChipDip"; Value = "9001106105"; VariantName = "[No Variations]"
Add component (AddParameter): Name = "ComponentLink1Description"; Value = "Manufacturer URL"; VariantName = "[No Variations]"
Add component (AddParameter): Name = "ComponentLink1URL"; Value = "http://www.onsemi.com/"; VariantName = "[No Variations]"
Add component (AddParameter): Name = "ComponentLink2Description"; Value = "Datasheet"; VariantName = "[No Variations]"
Add component (AddParameter): Name = "ComponentLink2URL"; Value = "http://www.onsemi.cn/pub_link/Collateral/BAT54SWT1-D.PDF"; VariantName = "[No Variations]"
Add component (AddParameter): Name = "ComponentLink3Description"; Value = "Package Specification"; VariantName = "[No Variations]"
Add component (AddParameter): Name = "ComponentLink3URL"; Value = "http://www.onsemi.com/pub_link/Collateral/419-04.PDF"; VariantName = "[No Variations]"
Add component (AddParameter): Name = "Model"; Value = "BAT54S"; VariantName = "[No Variations]"
Added Component: Designator=X18(PHOE-1725656-2)
Add component. Clean all parameters for all variants
Add component (AddParameter): Name = "Colour"; Value = "Green"; VariantName = "[No Variations]"
Add component (AddParameter): Name = "Content"; Value = "250pc(s)"; VariantName = "[No Variations]"
Add component (AddParameter): Name = "Datasheet URL"; Value = "http://datasheet.octopart.com/1725656-Phoenix-Contact-datasheet-5302866.pdf"; VariantName = "[No Variations]"
Add component (AddParameter): Name = "Datasheet Version"; Value = "Apr-08"; VariantName = "[No Variations]"
Add component (AddParameter): Name = "Industrial packaging"; Value = "Yes"; VariantName = "[No Variations]"
Add component (AddParameter): Name = "Manufacturer"; Value = "Phoenix Contact"; VariantName = "[No Variations]"
Add component (AddParameter): Name = "Manufacturer part No."; Value = "1725656"; VariantName = "[No Variations]"
Add component (AddParameter): Name = "Manufacturer URL"; Value = "http://www.phoenixcontact.com/"; VariantName = "[No Variations]"
Add component (AddParameter): Name = "Number of contacts"; Value = "2"; VariantName = "[No Variations]"
Add component (AddParameter): Name = "Pitch"; Value = "2.54mm"; VariantName = "[No Variations]"
Add component (AddParameter): Name = "Type"; Value = "MPT0,5/2-2,54"; VariantName = "[No Variations]"
Added Component: Designator=X19(PHOE-1725656-2)
Add component. Clean all parameters for all variants
Add component (AddParameter): Name = "Colour"; Value = "Green"; VariantName = "[No Variations]"
Add component (AddParameter): Name = "Content"; Value = "250pc(s)"; VariantName = "[No Variations]"
Add component (AddParameter): Name = "Datasheet URL"; Value = "http://datasheet.octopart.com/1725656-Phoenix-Contact-datasheet-5302866.pdf"; VariantName = "[No Variations]"
Add component (AddParameter): Name = "Datasheet Version"; Value = "Apr-08"; VariantName = "[No Variations]"
Add component (AddParameter): Name = "Industrial packaging"; Value = "Yes"; VariantName = "[No Variations]"
Add component (AddParameter): Name = "Manufacturer"; Value = "Phoenix Contact"; VariantName = "[No Variations]"
Add component (AddParameter): Name = "Manufacturer part No."; Value = "1725656"; VariantName = "[No Variations]"
Add component (AddParameter): Name = "Manufacturer URL"; Value = "http://www.phoenixcontact.com/"; VariantName = "[No Variations]"
Add component (AddParameter): Name = "Number of contacts"; Value = "2"; VariantName = "[No Variations]"
Add component (AddParameter): Name = "Pitch"; Value = "2.54mm"; VariantName = "[No Variations]"
Add component (AddParameter): Name = "Type"; Value = "MPT0,5/2-2,54"; VariantName = "[No Variations]"
Added Pin To Net: NetName=12 V Pin=C41-1
Added Pin To Net: NetName=GND Pin=C41-2
Added Pin To Net: NetName=5 V Pin=C42-1
Added Pin To Net: NetName=GND Pin=C42-2
Added Pin To Net: NetName=GND Pin=C48-2
Added Pin To Net: NetName=GND Pin=C49-2
Added Pin To Net: NetName=GND Pin=C50-2
Added Pin To Net: NetName=GND Pin=C51-2
Added Pin To Net: NetName=GND Pin=C52-2
Added Pin To Net: NetName=GND Pin=C53-2
Added Pin To Net: NetName=GND Pin=C54-2
Added Pin To Net: NetName=GND Pin=C55-2
Added Pin To Net: NetName=GND Pin=C56-2
Added Pin To Net: NetName=GND Pin=C57-2
Added Pin To Net: NetName=GND Pin=C58-2
Added Pin To Net: NetName=5 V Pin=C59-1
Added Pin To Net: NetName=GND Pin=C59-2
Added Pin To Net: NetName=GND Pin=C60-2
Added Pin To Net: NetName=GND Pin=C61-1
Added Pin To Net: NetName=GND Pin=C64-2
Added Pin To Net: NetName=GND Pin=C65-1
Added Pin To Net: NetName=GND Pin=C66-2
Added Pin To Net: NetName=GND Pin=C67-2
Added Pin To Net: NetName=ADC_ISO_AIN2+ Pin=C80-1
Added Pin To Net: NetName=ADC_ISO_AIN2- Pin=C81-2
Added Pin To Net: NetName=ADC_ISO_AIN3+ Pin=C82-1
Added Pin To Net: NetName=ADC_ISO_AIN3- Pin=C83-2
Added Pin To Net: NetName=GND Pin=D18-K
Added Pin To Net: NetName=NetF4_1 Pin=F4-1
Added Pin To Net: NetName=NetF5_1 Pin=F5-1
Added Pin To Net: NetName=NetD16_A Pin=F6-2
Added Pin To Net: NetName=NetD17_K Pin=F7-2
Added Pin To Net: NetName=USB_1_U_N Pin=J2-2
Added Pin To Net: NetName=USB_1_U_P Pin=J2-3
Added Pin To Net: NetName=GND Pin=J2-4
Added Pin To Net: NetName=GND Pin=J2-Shell
Added Pin To Net: NetName=GND Pin=J2-Shell
Added Pin To Net: NetName=GND Pin=J2-Shell
Added Pin To Net: NetName=GND Pin=JP1-1
Added Pin To Net: NetName=GND Pin=JP2-1
Added Pin To Net: NetName=GND Pin=JP3-1
Added Pin To Net: NetName=12 V Pin=L1-2
Added Pin To Net: NetName=5 V Pin=L2-2
Added Pin To Net: NetName=GND Pin=P3-1
Added Pin To Net: NetName=EM_STOP Pin=P3-2
Added Pin To Net: NetName=NetF1_1 Pin=P4-1
Added Pin To Net: NetName=NetF5_1 Pin=P6-2
Added Pin To Net: NetName=NetF4_1 Pin=P6-3
Added Pin To Net: NetName=12 V Pin=P8-1
Added Pin To Net: NetName=12 V Pin=P10-3
Added Pin To Net: NetName=5 V Pin=R10-1
Added Pin To Net: NetName=EM_STOP Pin=R16-1
Added Pin To Net: NetName=12 V Pin=R16-2
Added Pin To Net: NetName=EM_STOP Pin=R17-1
Added Pin To Net: NetName=12 V Pin=R17-2
Added Pin To Net: NetName=ETH_CS Pin=R30-1
Added Pin To Net: NetName=3.3 V Pin=R30-2
Added Pin To Net: NetName=Eth_RST Pin=R31-1
Added Pin To Net: NetName=3.3 V Pin=R31-2
Added Pin To Net: NetName=Eth_INT Pin=R32-1
Added Pin To Net: NetName=3.3 V Pin=R32-2
Added Pin To Net: NetName=FLASH_CS Pin=R33-1
Added Pin To Net: NetName=3.3 V Pin=R33-2
Added Pin To Net: NetName=NetR40_1 Pin=R40-1
Added Pin To Net: NetName=GND Pin=R55-1
Added Pin To Net: NetName=NetD16_A Pin=R62-1
Added Pin To Net: NetName=NetD17_K Pin=R62-2
Added Pin To Net: NetName=5 V Pin=R64-2
Added Pin To Net: NetName=USB_1_U_N Pin=R69-1
Added Pin To Net: NetName=GND Pin=R69-2
Added Pin To Net: NetName=USB_1_U_N Pin=R70-1
Added Pin To Net: NetName=USB_1_N Pin=R70-2
Added Pin To Net: NetName=USB_1_U_P Pin=R71-1
Added Pin To Net: NetName=USB_1_P Pin=R71-2
Added Pin To Net: NetName=USB_1_U_P Pin=R72-1
Added Pin To Net: NetName=GND Pin=R72-2
Added Pin To Net: NetName=GND Pin=R74-2
Added Pin To Net: NetName=ADC_ISO_GND Pin=R83-2
Added Pin To Net: NetName=ADC_ISO_AIN2+ Pin=R84-1
Added Pin To Net: NetName=ADC_ISO_AIN2- Pin=R85-1
Added Pin To Net: NetName=ADC_ISO_GND Pin=R86-1
Added Pin To Net: NetName=ADC_ISO_GND Pin=R87-2
Added Pin To Net: NetName=ADC_ISO_AIN3+ Pin=R88-1
Added Pin To Net: NetName=ADC_ISO_AIN3- Pin=R89-1
Added Pin To Net: NetName=ADC_ISO_GND Pin=R90-1
Added Pin To Net: NetName=ADC_ISO_+3.3 Pin=R92-2
Added Pin To Net: NetName=ADC_ISO_+3.3 Pin=R93-2
Added Pin To Net: NetName=Load_En Pin=U4-1
Added Pin To Net: NetName=SUPPLY_INT Pin=U4-2
Added Pin To Net: NetName=GND Pin=U11-4
Added Pin To Net: NetName=GND Pin=U13-3
Added Pin To Net: NetName=GND Pin=U13-9
Added Pin To Net: NetName=GND Pin=U13-14
Added Pin To Net: NetName=GND Pin=U13-16
Added Pin To Net: NetName=GND Pin=U13-19
Added Pin To Net: NetName=NetC47_1 Pin=U13-20
Added Pin To Net: NetName=GND Pin=U13-23
Added Pin To Net: NetName=GND Pin=U13-29
Added Pin To Net: NetName=ETH_CS Pin=U13-32
Added Pin To Net: NetName=Eth_INT Pin=U13-36
Added Pin To Net: NetName=GND Pin=U13-48
Added Pin To Net: NetName=NetD17_K Pin=U14-6
Added Pin To Net: NetName=NetD16_A Pin=U14-7
Added Pin To Net: NetName=GND Pin=U15-8
Added Pin To Net: NetName=V_OUT Pin=U15-9
Added Pin To Net: NetName=ADC_ISO_GND Pin=VD13-1
Added Pin To Net: NetName=ADC_ISO_+3.3 Pin=VD13-2
Added Pin To Net: NetName=ADC_ISO_AIN2+ Pin=VD13-3
Added Pin To Net: NetName=ADC_ISO_AIN2- Pin=VD14-3
Added Pin To Net: NetName=ADC_ISO_AIN3+ Pin=VD15-3
Added Pin To Net: NetName=ADC_ISO_AIN3- Pin=VD16-3
Added Pin To Net: NetName=GND Pin=X7-2
Added Pin To Net: NetName=GND Pin=X7-4
Added Pin To Net: NetName=GND Pin=X8-2
Added Pin To Net: NetName=GND Pin=X8-4
Added Pin To Net: NetName=ADC_ISO_+3.3 Pin=X18-2
Added Pin To Net: NetName=ADC_ISO_+3.3 Pin=X19-2
Change Net Name : Old Net Name=0_10_OUT_1 New Net Name=DAC_1
Change Net Name : Old Net Name=ETH_SCK New Net Name=SPI_4_SCK
Change Net Name : Old Net Name=EXT_MCU_MISO New Net Name=SPI_3_MISO
Change Net Name : Old Net Name=EXT_MCU_MOSI New Net Name=SPI_3_MOSI
Change Net Name : Old Net Name=EXT_MCU_SCK New Net Name=SPI_3_SCK
Change Net Name : Old Net Name=LOOP_IN_0 New Net Name=ADC_14
Change Net Name : Old Net Name=LOOP_IN_1 New Net Name=ADC_7
Change Net Name : Old Net Name=LOOP_IN_2 New Net Name=ADC_6
Change Net Name : Old Net Name=MODBUS_RX New Net Name=UART_8_RX
Change Net Name : Old Net Name=MODBUS_TX New Net Name=UART_8_TX
Change Net Name : Old Net Name=NetC8_1 New Net Name=NetC10_1
Change Net Name : Old Net Name=NetC8_2 New Net Name=NetC10_2
Change Net Name : Old Net Name=NetC9_1 New Net Name=NetC11_1
Change Net Name : Old Net Name=NetC12_1 New Net Name=NetC9_1
Change Net Name : Old Net Name=NetC54_2 New Net Name=NetC76_2
Change Net Name : Old Net Name=NetD8_A New Net Name=NetD12_A
Change Net Name : Old Net Name=NetD9_A New Net Name=NetD13_A
Change Net Name : Old Net Name=NetD12_K New Net Name=NetD8_K
Change Net Name : Old Net Name=NetD13_K New Net Name=NetD9_K
Change Net Name : Old Net Name=NetD14_A New Net Name=NetD10_A
Change Net Name : Old Net Name=NetD15_A New Net Name=NetD11_A
Change Net Name : Old Net Name=NetP4_1 New Net Name=NetP5_1
Change Net Name : Old Net Name=NetP4_4 New Net Name=NetP5_4
Change Net Name : Old Net Name=NetR4_1 New Net Name=NetR4_2
Change Net Name : Old Net Name=NetR18_2 New Net Name=NetR26_2
Change Net Name : Old Net Name=NetR26_2 New Net Name=NetR34_2
Change Net Name : Old Net Name=NetR29_2 New Net Name=NetR21_2
Change Net Name : Old Net Name=NetR37_2 New Net Name=NetR56_2
Change Net Name : Old Net Name=NetR40_2 New Net Name=NetR39_2
Change Net Name : Old Net Name=NetR41_2 New Net Name=NetR40_2
Change Net Name : Old Net Name=NetR69_1 New Net Name=NetR78_1
Change Net Name : Old Net Name=NetR71_1 New Net Name=NetR79_1
Change Net Name : Old Net Name=NetR73_2 New Net Name=NetR81_2
Change Net Name : Old Net Name=OSC_8_IN New Net Name=OSC_IN
Change Net Name : Old Net Name=OSC_8_OUT New Net Name=OSC_OUT
Added Pin To Net: NetName=3.3V Pin=C50-1
Added Pin To Net: NetName=3.3V Pin=C51-1
Added Pin To Net: NetName=3.3V Pin=J1-9
Added Pin To Net: NetName=3.3V Pin=J1-12
Added Pin To Net: NetName=3.3V Pin=L4-2
Added Pin To Net: NetName=3.3V Pin=U13-28
Added Net: Name=3.3V
Added Pin To Net: NetName=DAC_2 Pin=R37-1
Added Pin To Net: NetName=DAC_2 Pin=U9-30
Added Pin To Net: NetName=DAC_2 Pin=U11-3
Added Net: Name=DAC_2
Added Pin To Net: NetName=ETH_CLK Pin=U13-33
Added Net: Name=ETH_CLK
Added Pin To Net: NetName=Eth_LED_ACT Pin=R77-2
Added Pin To Net: NetName=Eth_LED_ACT Pin=U13-27
Added Net: Name=Eth_LED_ACT
Added Pin To Net: NetName=ETH_LED_LIN Pin=R76-2
Added Pin To Net: NetName=ETH_LED_LIN Pin=U13-25
Added Net: Name=ETH_LED_LIN
Added Pin To Net: NetName=ETH_OSC0 Pin=C53-1
Added Pin To Net: NetName=ETH_OSC0 Pin=R63-1
Added Pin To Net: NetName=ETH_OSC0 Pin=U13-31
Added Pin To Net: NetName=ETH_OSC0 Pin=X8-1
Added Net: Name=ETH_OSC0
Added Pin To Net: NetName=ETH_OSC1 Pin=C56-1
Added Pin To Net: NetName=ETH_OSC1 Pin=R63-2
Added Pin To Net: NetName=ETH_OSC1 Pin=U13-30
Added Pin To Net: NetName=ETH_OSC1 Pin=X8-3
Added Net: Name=ETH_OSC1
Added Pin To Net: NetName=ETH_RX_N Pin=C63-1
Added Pin To Net: NetName=ETH_RX_N Pin=R66-2
Added Pin To Net: NetName=ETH_RX_N Pin=U13-5
Added Net: Name=ETH_RX_N
Added Pin To Net: NetName=ETH_RX_P Pin=C62-1
Added Pin To Net: NetName=ETH_RX_P Pin=R68-2
Added Pin To Net: NetName=ETH_RX_P Pin=U13-6
Added Net: Name=ETH_RX_P
Added Pin To Net: NetName=ETH_TX_N Pin=J1-2
Added Pin To Net: NetName=ETH_TX_N Pin=R67-1
Added Pin To Net: NetName=ETH_TX_N Pin=U13-1
Added Net: Name=ETH_TX_N
Added Pin To Net: NetName=ETH_TX_P Pin=J1-1
Added Pin To Net: NetName=ETH_TX_P Pin=R65-1
Added Pin To Net: NetName=ETH_TX_P Pin=U13-2
Added Net: Name=ETH_TX_P
Added Pin To Net: NetName=NetC46_1 Pin=C46-1
Added Pin To Net: NetName=NetC46_1 Pin=C49-1
Added Pin To Net: NetName=NetC46_1 Pin=C52-1
Added Pin To Net: NetName=NetC46_1 Pin=C54-1
Added Pin To Net: NetName=NetC46_1 Pin=C55-1
Added Pin To Net: NetName=NetC46_1 Pin=C57-1
Added Pin To Net: NetName=NetC46_1 Pin=C58-1
Added Pin To Net: NetName=NetC46_1 Pin=L4-1
Added Pin To Net: NetName=NetC46_1 Pin=R65-2
Added Pin To Net: NetName=NetC46_1 Pin=R67-2
Added Pin To Net: NetName=NetC46_1 Pin=R73-2
Added Pin To Net: NetName=NetC46_1 Pin=U13-4
Added Pin To Net: NetName=NetC46_1 Pin=U13-8
Added Pin To Net: NetName=NetC46_1 Pin=U13-11
Added Pin To Net: NetName=NetC46_1 Pin=U13-15
Added Pin To Net: NetName=NetC46_1 Pin=U13-17
Added Pin To Net: NetName=NetC46_1 Pin=U13-21
Added Net: Name=NetC46_1
Added Pin To Net: NetName=NetC48_1 Pin=C48-1
Added Pin To Net: NetName=NetC48_1 Pin=U13-22
Added Net: Name=NetC48_1
Added Pin To Net: NetName=NetC60_1 Pin=C60-1
Added Pin To Net: NetName=NetC60_1 Pin=R64-1
Added Pin To Net: NetName=NetC60_1 Pin=U16-3
Added Pin To Net: NetName=NetC60_1 Pin=U16-4
Added Net: Name=NetC60_1
Added Pin To Net: NetName=NetC61_2 Pin=C61-2
Added Pin To Net: NetName=NetC61_2 Pin=J1-5
Added Pin To Net: NetName=NetC61_2 Pin=R66-1
Added Pin To Net: NetName=NetC61_2 Pin=R68-1
Added Net: Name=NetC61_2
Added Pin To Net: NetName=NetC62_2 Pin=C62-2
Added Pin To Net: NetName=NetC62_2 Pin=J1-3
Added Net: Name=NetC62_2
Added Pin To Net: NetName=NetC63_2 Pin=C63-2
Added Pin To Net: NetName=NetC63_2 Pin=J1-6
Added Net: Name=NetC63_2
Added Pin To Net: NetName=NetC64_1 Pin=C64-1
Added Pin To Net: NetName=NetC64_1 Pin=J1-4
Added Pin To Net: NetName=NetC64_1 Pin=R73-1
Added Net: Name=NetC64_1
Added Pin To Net: NetName=NetC65_2 Pin=C65-2
Added Pin To Net: NetName=NetC65_2 Pin=J1-8
Added Pin To Net: NetName=NetC65_2 Pin=J1-8
Added Pin To Net: NetName=NetC65_2 Pin=J1-8
Added Net: Name=NetC65_2
Added Pin To Net: NetName=NetC78_2 Pin=C78-2
Added Pin To Net: NetName=NetC78_2 Pin=C79-1
Added Net: Name=NetC78_2
Added Pin To Net: NetName=NetC80_2 Pin=C80-2
Added Pin To Net: NetName=NetC80_2 Pin=C81-1
Added Net: Name=NetC80_2
Added Pin To Net: NetName=NetC82_2 Pin=C82-2
Added Pin To Net: NetName=NetC82_2 Pin=C83-1
Added Net: Name=NetC82_2
Added Pin To Net: NetName=NetD8_A Pin=D8-A
Added Pin To Net: NetName=NetD8_A Pin=U11-1
Added Net: Name=NetD8_A
Added Pin To Net: NetName=NetD9_A Pin=D9-A
Added Net: Name=NetD9_A
Added Pin To Net: NetName=NetD14_A Pin=F4-2
Added Pin To Net: NetName=NetD14_A Pin=R61-1
Added Pin To Net: NetName=NetD14_A Pin=U12-6
Added Net: Name=NetD14_A
Added Pin To Net: NetName=NetD15_K Pin=F5-2
Added Pin To Net: NetName=NetD15_K Pin=R61-2
Added Pin To Net: NetName=NetD15_K Pin=U12-7
Added Net: Name=NetD15_K
Added Pin To Net: NetName=NetD18_A Pin=D18-A
Added Pin To Net: NetName=NetD18_A Pin=R75-1
Added Net: Name=NetD18_A
Added Pin To Net: NetName=NetF2_1 Pin=F2-1
Added Pin To Net: NetName=NetF2_1 Pin=P4-3
Added Net: Name=NetF2_1
Added Pin To Net: NetName=NetF3_1 Pin=F3-1
Added Pin To Net: NetName=NetF3_1 Pin=P4-5
Added Net: Name=NetF3_1
Added Pin To Net: NetName=NetF6_1 Pin=F6-1
Added Pin To Net: NetName=NetF6_1 Pin=P7-3
Added Net: Name=NetF6_1
Added Pin To Net: NetName=NetF7_1 Pin=F7-1
Added Pin To Net: NetName=NetF7_1 Pin=P7-2
Added Net: Name=NetF7_1
Added Pin To Net: NetName=NetF8_1 Pin=F8-1
Added Pin To Net: NetName=NetF8_1 Pin=P8-2
Added Net: Name=NetF8_1
Added Pin To Net: NetName=NetF8_2 Pin=F8-2
Added Pin To Net: NetName=NetF8_2 Pin=U15-10
Added Net: Name=NetF8_2
Added Pin To Net: NetName=NetF9_1 Pin=F9-1
Added Pin To Net: NetName=NetF9_1 Pin=P8-3
Added Net: Name=NetF9_1
Added Pin To Net: NetName=NetF9_2 Pin=F9-2
Added Pin To Net: NetName=NetF9_2 Pin=U15-11
Added Net: Name=NetF9_2
Added Pin To Net: NetName=NetF10_1 Pin=F10-1
Added Pin To Net: NetName=NetF10_1 Pin=P9-1
Added Net: Name=NetF10_1
Added Pin To Net: NetName=NetF10_2 Pin=F10-2
Added Pin To Net: NetName=NetF10_2 Pin=U15-12
Added Net: Name=NetF10_2
Added Pin To Net: NetName=NetF11_1 Pin=F11-1
Added Pin To Net: NetName=NetF11_1 Pin=P9-2
Added Net: Name=NetF11_1
Added Pin To Net: NetName=NetF11_2 Pin=F11-2
Added Pin To Net: NetName=NetF11_2 Pin=U15-13
Added Net: Name=NetF11_2
Added Pin To Net: NetName=NetF12_1 Pin=F12-1
Added Pin To Net: NetName=NetF12_1 Pin=P9-3
Added Net: Name=NetF12_1
Added Pin To Net: NetName=NetF12_2 Pin=F12-2
Added Pin To Net: NetName=NetF12_2 Pin=U15-14
Added Net: Name=NetF12_2
Added Pin To Net: NetName=NetF13_1 Pin=F13-1
Added Pin To Net: NetName=NetF13_1 Pin=P10-1
Added Net: Name=NetF13_1
Added Pin To Net: NetName=NetF13_2 Pin=F13-2
Added Pin To Net: NetName=NetF13_2 Pin=U15-15
Added Net: Name=NetF13_2
Added Pin To Net: NetName=NetF14_1 Pin=F14-1
Added Pin To Net: NetName=NetF14_1 Pin=P10-2
Added Net: Name=NetF14_1
Added Pin To Net: NetName=NetF14_2 Pin=F14-2
Added Pin To Net: NetName=NetF14_2 Pin=U15-16
Added Net: Name=NetF14_2
Added Pin To Net: NetName=NetJ1_10 Pin=J1-10
Added Pin To Net: NetName=NetJ1_10 Pin=R76-1
Added Net: Name=NetJ1_10
Added Pin To Net: NetName=NetJ1_11 Pin=J1-11
Added Pin To Net: NetName=NetJ1_11 Pin=R77-1
Added Net: Name=NetJ1_11
Added Pin To Net: NetName=NetJP1_2 Pin=JP1-2
Added Pin To Net: NetName=NetJP1_2 Pin=U13-45
Added Net: Name=NetJP1_2
Added Pin To Net: NetName=NetJP2_2 Pin=JP2-2
Added Pin To Net: NetName=NetJP2_2 Pin=U13-44
Added Net: Name=NetJP2_2
Added Pin To Net: NetName=NetJP3_2 Pin=JP3-2
Added Pin To Net: NetName=NetJP3_2 Pin=U13-43
Added Net: Name=NetJP3_2
Added Pin To Net: NetName=NetL1_1 Pin=L1-1
Added Pin To Net: NetName=NetL1_1 Pin=U1-2
Added Pin To Net: NetName=NetL1_1 Pin=VD1-K
Added Net: Name=NetL1_1
Added Pin To Net: NetName=NetL2_1 Pin=L2-1
Added Pin To Net: NetName=NetL2_1 Pin=U3-2
Added Pin To Net: NetName=NetL2_1 Pin=VD3-K
Added Net: Name=NetL2_1
Added Pin To Net: NetName=NetP4_2 Pin=P4-2
Added Pin To Net: NetName=NetP4_2 Pin=R41-1
Added Pin To Net: NetName=NetP4_2 Pin=R44-2
Added Net: Name=NetP4_2
Added Pin To Net: NetName=NetP4_4 Pin=P4-4
Added Pin To Net: NetName=NetP4_4 Pin=R42-1
Added Pin To Net: NetName=NetP4_4 Pin=R45-2
Added Net: Name=NetP4_4
Added Pin To Net: NetName=NetP4_6 Pin=P4-6
Added Pin To Net: NetName=NetP4_6 Pin=R43-1
Added Pin To Net: NetName=NetP4_6 Pin=R46-2
Added Net: Name=NetP4_6
Added Pin To Net: NetName=NetR9_2 Pin=R9-2
Added Pin To Net: NetName=NetR9_2 Pin=R10-2
Added Pin To Net: NetName=NetR9_2 Pin=U3-4
Added Net: Name=NetR9_2
Added Pin To Net: NetName=NetR39_1 Pin=R39-1
Added Pin To Net: NetName=NetR39_1 Pin=U11-2
Added Net: Name=NetR39_1
Added Pin To Net: NetName=NetR55_2 Pin=R55-2
Added Pin To Net: NetName=NetR55_2 Pin=U13-10
Added Net: Name=NetR55_2
Added Pin To Net: NetName=NetR74_1 Pin=R74-1
Added Pin To Net: NetName=NetR74_1 Pin=U16-5
Added Net: Name=NetR74_1
Added Pin To Net: NetName=NetR83_1 Pin=R83-1
Added Pin To Net: NetName=NetR83_1 Pin=R84-2
Added Pin To Net: NetName=NetR83_1 Pin=X18-1
Added Net: Name=NetR83_1
Added Pin To Net: NetName=NetR85_2 Pin=R85-2
Added Pin To Net: NetName=NetR85_2 Pin=R86-2
Added Pin To Net: NetName=NetR85_2 Pin=R92-1
Added Net: Name=NetR85_2
Added Pin To Net: NetName=NetR87_1 Pin=R87-1
Added Pin To Net: NetName=NetR87_1 Pin=R88-2
Added Pin To Net: NetName=NetR87_1 Pin=X19-1
Added Net: Name=NetR87_1
Added Pin To Net: NetName=NetR89_2 Pin=R89-2
Added Pin To Net: NetName=NetR89_2 Pin=R90-2
Added Pin To Net: NetName=NetR89_2 Pin=R93-1
Added Net: Name=NetR89_2
Added Pin To Net: NetName=OC_0 Pin=U9-57
Added Pin To Net: NetName=OC_0 Pin=U15-1
Added Net: Name=OC_0
Added Pin To Net: NetName=OC_1 Pin=U9-58
Added Pin To Net: NetName=OC_1 Pin=U15-2
Added Net: Name=OC_1
Added Pin To Net: NetName=OC_2 Pin=U9-59
Added Pin To Net: NetName=OC_2 Pin=U15-3
Added Net: Name=OC_2
Added Pin To Net: NetName=OC_3 Pin=U9-60
Added Pin To Net: NetName=OC_3 Pin=U15-4
Added Net: Name=OC_3
Added Pin To Net: NetName=OC_4 Pin=U9-61
Added Pin To Net: NetName=OC_4 Pin=U15-5
Added Net: Name=OC_4
Added Pin To Net: NetName=OC_5 Pin=U9-62
Added Pin To Net: NetName=OC_5 Pin=U15-6
Added Net: Name=OC_5
Added Pin To Net: NetName=OC_6 Pin=U9-63
Added Pin To Net: NetName=OC_6 Pin=U15-7
Added Net: Name=OC_6
Added Pin To Net: NetName=SPI_4_MISO Pin=U9-4
Added Pin To Net: NetName=SPI_4_MISO Pin=U13-34
Added Net: Name=SPI_4_MISO
Added Pin To Net: NetName=SPI_4_MOSI Pin=U9-5
Added Pin To Net: NetName=SPI_4_MOSI Pin=U13-35
Added Net: Name=SPI_4_MOSI
Added Pin To Net: NetName=USB_SUP Pin=C66-1
Added Pin To Net: NetName=USB_SUP Pin=C67-1
Added Pin To Net: NetName=USB_SUP Pin=J2-1
Added Pin To Net: NetName=USB_SUP Pin=R75-2
Added Pin To Net: NetName=USB_SUP Pin=U16-6
Added Pin To Net: NetName=USB_SUP Pin=U17-5
Added Net: Name=USB_SUP
Added Member To Class: ClassName=Sheet2 Member=Component C32 4,7 לך
Added Member To Class: ClassName=Sheet4 Member=Component C41 10 לך
Added Member To Class: ClassName=Sheet4 Member=Component C49 0,1 לך
Added Member To Class: ClassName=Sheet4 Member=Component C50 10 לך
Added Member To Class: ClassName=Sheet4 Member=Component C51 0,1 לך
Added Member To Class: ClassName=Sheet4 Member=Component C52 0,1 לך
Added Member To Class: ClassName=Sheet4 Member=Component C54 0,1 לך
Added Member To Class: ClassName=Sheet4 Member=Component C55 0,1 לך
Added Member To Class: ClassName=Sheet4 Member=Component C56 12
Added Member To Class: ClassName=Sheet4 Member=Component C57 0,1 לך
Added Member To Class: ClassName=Sheet4 Member=Component C58 10 לך
Added Member To Class: ClassName=Sheet4 Member=Component C59 0,1 לך
Added Member To Class: ClassName=Sheet4 Member=Component C60 0,1 לך
Added Member To Class: ClassName=Sheet4 Member=Component C61 10 ם
Added Member To Class: ClassName=Sheet4 Member=Component C62 6.8 ם
Added Member To Class: ClassName=Sheet4 Member=Component C63 6.8 ם
Added Member To Class: ClassName=Sheet4 Member=Component C64 22 ם
Added Member To Class: ClassName=Sheet4 Member=Component C65 1ם/2ךֲ
Added Member To Class: ClassName=Sheet4 Member=Component C66 10 לך
Added Member To Class: ClassName=Sheet4 Member=Component C67 0,1 לך
Added Member To Class: ClassName=Sheet5 Member=Component C80 0,1 לך
Added Member To Class: ClassName=Sheet5 Member=Component C81 0,1 לך
Added Member To Class: ClassName=Sheet5 Member=Component C82 0,1 לך
Added Member To Class: ClassName=Sheet5 Member=Component C83 0,1 לך
Added Member To Class: ClassName=Sheet4 Member=Component D18 GREEN
Added Member To Class: ClassName=Sheet4 Member=Component F8 0,12 ְ
Added Member To Class: ClassName=Sheet4 Member=Component F9 0,12 ְ
Added Member To Class: ClassName=Sheet4 Member=Component F10 0,12 ְ
Added Member To Class: ClassName=Sheet4 Member=Component F11 0,12 ְ
Added Member To Class: ClassName=Sheet4 Member=Component F12 0,12 ְ
Added Member To Class: ClassName=Sheet4 Member=Component F13 0,12 ְ
Added Member To Class: ClassName=Sheet4 Member=Component F14 0,12 ְ
Added Member To Class: ClassName=Sheet4 Member=Component J1 HR911105A
Added Member To Class: ClassName=Sheet4 Member=Component J2 614004184726
Added Member To Class: ClassName=Sheet4 Member=Component J3 614104190121
Added Member To Class: ClassName=Sheet4 Member=Component JP1 MODE0
Added Member To Class: ClassName=Sheet4 Member=Component JP2 MODE1
Added Member To Class: ClassName=Sheet4 Member=Component JP3 MODE2
Added Member To Class: ClassName=Sheet4 Member=Component L4 120 ־ל
Added Member To Class: ClassName=Sheet1 Member=Component P3 15EDGVC-3.5-2P
Added Member To Class: ClassName=Sheet4 Member=Component P8 15EDGVC-3.5-04P
Added Member To Class: ClassName=Sheet4 Member=Component P9 15EDGVC-3.5-04P
Added Member To Class: ClassName=Sheet4 Member=Component P10 15EDGVC-3.5-04P
Added Member To Class: ClassName=Sheet1 Member=Component R18 150
Added Member To Class: ClassName=Sheet2 Member=Component R32 4,7 ך
Added Member To Class: ClassName=Sheet2 Member=Component R33 4,7 ך
Added Member To Class: ClassName=Sheet2 Member=Component R35 10 ך
Added Member To Class: ClassName=Sheet2 Member=Component R36 10 ך
Added Member To Class: ClassName=Sheet4 Member=Component R69 15 ך
Added Member To Class: ClassName=Sheet4 Member=Component R70 27
Added Member To Class: ClassName=Sheet4 Member=Component R71 27
Added Member To Class: ClassName=Sheet4 Member=Component R72 15 ך
Added Member To Class: ClassName=Sheet4 Member=Component R73 10
Added Member To Class: ClassName=Sheet4 Member=Component R74 51 ך
Added Member To Class: ClassName=Sheet4 Member=Component R75 5,1 ך
Added Member To Class: ClassName=Sheet4 Member=Component R76 330
Added Member To Class: ClassName=Sheet4 Member=Component R77 330
Added Member To Class: ClassName=Sheet5 Member=Component R86 33 ך
Added Member To Class: ClassName=Sheet5 Member=Component R87 33 ך
Added Member To Class: ClassName=Sheet5 Member=Component R88 100
Added Member To Class: ClassName=Sheet5 Member=Component R89 100
Added Member To Class: ClassName=Sheet5 Member=Component R90 33 ך
Added Member To Class: ClassName=Sheet5 Member=Component R91 33 ך
Added Member To Class: ClassName=Sheet5 Member=Component R92 33 ך
Added Member To Class: ClassName=Sheet5 Member=Component R93 33 ך
Added Member To Class: ClassName=Sheet4 Member=Component U11 LM258DR2G
Added Member To Class: ClassName=Sheet4 Member=Component U14 SN65HVD251DR
Added Member To Class: ClassName=Sheet4 Member=Component U15 ULN2003ADR
Added Member To Class: ClassName=Sheet5 Member=Component VD13 BAT54S
Added Member To Class: ClassName=Sheet5 Member=Component X18 DG308-2.54-02P-14-00AH
Added Member To Class: ClassName=Sheet5 Member=Component X19 DG308-2.54-02P-14-00AH
