Removed Pin From Net: NetName=NetC60_1 Pin=LED1-2
Removed Pin From Net: NetName=USB_1_ON Pin=R63-1
Removed Pin From Net: NetName=GND Pin=R63-2
Removed Pin From Net: NetName=USB_1_ON Pin=U15-3
Removed Member From Class: ClassName=Sheet4 Member=LED1
Removed Member From Class: ClassName=Sheet4 Member=R63
Added Component: Designator=C5(CH0603C)
Add component. Clean all parameters for all variants
Add component (AddParameter): Name = "ComponentKind"; Value = ""; VariantName = "[No Variations]"
Add component (AddParameter): Name = "HelpURL"; Value = ""; VariantName = "[No Variations]"
Add component (AddParameter): Name = "Manufacturer"; Value = ""; VariantName = "[No Variations]"
Add component (AddParameter): Name = "Model"; Value = ""; VariantName = "[No Variations]"
Add component (AddParameter): Name = "Value"; Value = "0,1 мк"; VariantName = "[No Variations]"
Added Component: Designator=R10(CH0603R)
Add component. Clean all parameters for all variants
Add component (AddParameter): Name = "ComponentKind"; Value = ""; VariantName = "[No Variations]"
Add component (AddParameter): Name = "HelpURL"; Value = ""; VariantName = "[No Variations]"
Add component (AddParameter): Name = "Manufacturer"; Value = ""; VariantName = "[No Variations]"
Add component (AddParameter): Name = "Model"; Value = ""; VariantName = "[No Variations]"
Add component (AddParameter): Name = "Value"; Value = "100 к"; VariantName = "[No Variations]"
Added Component: Designator=VD6(CH0603LB)
Add component. Clean all parameters for all variants
Add component (AddParameter): Name = "ComponentKind"; Value = ""; VariantName = "[No Variations]"
Add component (AddParameter): Name = "HelpURL"; Value = ""; VariantName = "[No Variations]"
Add component (AddParameter): Name = "Manufacturer"; Value = ""; VariantName = "[No Variations]"
Add component (AddParameter): Name = "Model"; Value = "FYLS-1206UBC"; VariantName = "[No Variations]"
Add component (AddParameter): Name = "Value"; Value = "Синий"; VariantName = "[No Variations]"
Added Pin To Net: NetName=5 V Pin=R10-2
Added Pin To Net: NetName=NetC60_1 Pin=VD6-1
Added Pin To Net: NetName=NetC5_1 Pin=C5-1
Added Pin To Net: NetName=NetC5_1 Pin=R10-1
Added Pin To Net: NetName=NetC5_1 Pin=U15-4
Added Net: Name=NetC5_1
Added Pin To Net: NetName=NetR65_2 Pin=R65-2
Added Pin To Net: NetName=NetR65_2 Pin=VD6-2
Added Net: Name=NetR65_2
Added Member To Class: ClassName=Sheet4 Member=Component C5 0,1 мк
Added Member To Class: ClassName=Sheet4 Member=Component R10 100 к
Added Member To Class: ClassName=Sheet4 Member=Component VD6 Синий
