Removed Pin From Net: NetName=12 V Pin=X2-1
Removed Pin From Net: NetName=12 V Pin=X2-1
Removed Pin From Net: NetName=12 V Pin=X2-1
Removed Pin From Net: NetName=12 V Pin=X2-1
Removed Pin From Net: NetName=12 V Pin=X2-1
Removed Pin From Net: NetName=12 V Pin=X2-1
Removed Pin From Net: NetName=12 V Pin=X2-1
Removed Pin From Net: NetName=12 V Pin=X2-1
Removed Pin From Net: NetName=12 V Pin=X2-1
Removed Pin From Net: NetName=12 V Pin=X2-1
Removed Pin From Net: NetName=12 V Pin=X2-1
Removed Pin From Net: NetName=12 V Pin=X2-1
Removed Pin From Net: NetName=12 V Pin=X2-1
Removed Pin From Net: NetName=12 V Pin=X3-1
Removed Pin From Net: NetName=12 V Pin=X3-1
Removed Pin From Net: NetName=12 V Pin=X3-1
Removed Pin From Net: NetName=12 V Pin=X3-1
Removed Pin From Net: NetName=12 V Pin=X3-1
Removed Pin From Net: NetName=12 V Pin=X3-1
Removed Pin From Net: NetName=12 V Pin=X3-1
Removed Pin From Net: NetName=12 V Pin=X3-1
Removed Pin From Net: NetName=12 V Pin=X3-1
Removed Pin From Net: NetName=12 V Pin=X3-1
Removed Pin From Net: NetName=12 V Pin=X3-1
Removed Pin From Net: NetName=12 V Pin=X3-1
Removed Pin From Net: NetName=12 V Pin=X3-1
Removed Member From Class: ClassName=Sheet1 Member=C15
Removed Member From Class: ClassName=Sheet2 Member=C39
Removed Member From Class: ClassName=Sheet4 Member=C72
Removed Member From Class: ClassName=Sheet1 Member=R20
Removed Member From Class: ClassName=Sheet4 Member=R87
Removed Member From Class: ClassName=Sheet1 Member=VD9
Removed Member From Class: ClassName=Sheet2 Member=VD9
Removed Member From Class: ClassName=Sheet4 Member=VD12
Added Pin To Net: NetName=GND Pin=X1-1
Added Pin To Net: NetName=GND Pin=X1-1
Added Pin To Net: NetName=GND Pin=X1-1
Added Pin To Net: NetName=GND Pin=X1-1
Added Pin To Net: NetName=GND Pin=X1-1
Added Pin To Net: NetName=GND Pin=X1-1
Added Pin To Net: NetName=GND Pin=X1-1
Added Pin To Net: NetName=GND Pin=X1-1
Added Pin To Net: NetName=GND Pin=X1-1
Added Pin To Net: NetName=GND Pin=X1-1
Added Pin To Net: NetName=GND Pin=X1-1
Added Pin To Net: NetName=GND Pin=X1-1
Added Pin To Net: NetName=GND Pin=X1-1
Added Pin To Net: NetName=GND Pin=X2-1
Added Pin To Net: NetName=GND Pin=X2-1
Added Pin To Net: NetName=GND Pin=X2-1
Added Pin To Net: NetName=GND Pin=X2-1
Added Pin To Net: NetName=GND Pin=X2-1
Added Pin To Net: NetName=GND Pin=X2-1
Added Pin To Net: NetName=GND Pin=X2-1
Added Pin To Net: NetName=GND Pin=X2-1
Added Pin To Net: NetName=GND Pin=X2-1
Added Pin To Net: NetName=GND Pin=X2-1
Added Pin To Net: NetName=GND Pin=X2-1
Added Pin To Net: NetName=GND Pin=X2-1
Added Pin To Net: NetName=GND Pin=X2-1
Added Pin To Net: NetName=GND Pin=X3-1
Added Pin To Net: NetName=GND Pin=X3-1
Added Pin To Net: NetName=GND Pin=X3-1
Added Pin To Net: NetName=GND Pin=X3-1
Added Pin To Net: NetName=GND Pin=X3-1
Added Pin To Net: NetName=GND Pin=X3-1
Added Pin To Net: NetName=GND Pin=X3-1
Added Pin To Net: NetName=GND Pin=X3-1
Added Pin To Net: NetName=GND Pin=X3-1
Added Pin To Net: NetName=GND Pin=X3-1
Added Pin To Net: NetName=GND Pin=X3-1
Added Pin To Net: NetName=GND Pin=X3-1
Added Pin To Net: NetName=GND Pin=X3-1
Added Member To Class: ClassName=Sheet1 Member=Component C8 4,7 לך
Added Member To Class: ClassName=Sheet1 Member=Component C12 0,1 לך
Added Member To Class: ClassName=Sheet1 Member=Component C13 10 לך
Added Member To Class: ClassName=Sheet1 Member=Component C14 10 לך
Added Member To Class: ClassName=Sheet2 Member=Component C16 0,1 לך
Added Member To Class: ClassName=Sheet2 Member=Component C18 4,7 לך
Added Member To Class: ClassName=Sheet2 Member=Component C19 0,1 לך
Added Member To Class: ClassName=Sheet2 Member=Component C21 0,1 לך
Added Member To Class: ClassName=Sheet2 Member=Component C23 0,1 לך
Added Member To Class: ClassName=Sheet2 Member=Component C24 4,7 לך
Added Member To Class: ClassName=Sheet2 Member=Component C26 0,1 לך
Added Member To Class: ClassName=Sheet2 Member=Component C27 0,1 לך
Added Member To Class: ClassName=Sheet2 Member=Component C30 10 לך
Added Member To Class: ClassName=Sheet2 Member=Component C31 4,7 לך
Added Member To Class: ClassName=Sheet2 Member=Component C34 12
Added Member To Class: ClassName=Sheet2 Member=Component C36 0,1 לך
Added Member To Class: ClassName=Sheet2 Member=Component C38 4,7 לך
Added Member To Class: ClassName=Sheet4 Member=Component C40 0,1 לך
Added Member To Class: ClassName=Sheet4 Member=Component C41 0,1 לך
Added Member To Class: ClassName=Sheet4 Member=Component C43 10 לך
Added Member To Class: ClassName=Sheet4 Member=Component C44 10 לך
Added Member To Class: ClassName=Sheet4 Member=Component C46 10 לך
Added Member To Class: ClassName=Sheet4 Member=Component C48 0,1 לך
Added Member To Class: ClassName=Sheet4 Member=Component C49 4,7 לך
Added Member To Class: ClassName=Sheet4 Member=Component C51 0,1 לך
Added Member To Class: ClassName=Sheet4 Member=Component C53 0,1 לך
Added Member To Class: ClassName=Sheet4 Member=Component C54 0,1 לך
Added Member To Class: ClassName=Sheet4 Member=Component C56 0,1 לך
Added Member To Class: ClassName=Sheet4 Member=Component C57 0,1 לך
Added Member To Class: ClassName=Sheet4 Member=Component C59 0,1 לך
Added Member To Class: ClassName=Sheet4 Member=Component C61 0,1 לך
Added Member To Class: ClassName=Sheet4 Member=Component C62 0,1 לך
Added Member To Class: ClassName=Sheet4 Member=Component C64 6.8 ם
Added Member To Class: ClassName=Sheet4 Member=Component C65 6.8 ם
Added Member To Class: ClassName=Sheet4 Member=Component C67 1ם/2ךֲ
Added Member To Class: ClassName=Sheet4 Member=Component C69 0,1 לך
Added Member To Class: ClassName=Sheet5 Member=Component C70 10 לך
Added Member To Class: ClassName=Sheet5 Member=Component C71 0,1 לך
Added Member To Class: ClassName=Sheet5 Member=Component C73 0,1 לך
Added Member To Class: ClassName=Sheet5 Member=Component C74 10 לך
Added Member To Class: ClassName=Sheet5 Member=Component C76 0,1 לך
Added Member To Class: ClassName=Sheet5 Member=Component C77 0,1 לך
Added Member To Class: ClassName=Sheet5 Member=Component C79 0,1 לך
Added Member To Class: ClassName=Sheet5 Member=Component C80 10 ם
Added Member To Class: ClassName=Sheet5 Member=Component C82 0,1 לך
Added Member To Class: ClassName=Sheet5 Member=Component C84 0,1 לך
Added Member To Class: ClassName=Sheet5 Member=Component C85 0,1 לך
Added Member To Class: ClassName=Sheet4 Member=Component J3 614004184726
Added Member To Class: ClassName=Sheet1 Member=Component R11 100
Added Member To Class: ClassName=Sheet1 Member=Component R12 5,1 ך
Added Member To Class: ClassName=Sheet1 Member=Component R16 500
Added Member To Class: ClassName=Sheet1 Member=Component R17 150
Added Member To Class: ClassName=Sheet1 Member=Component R19 10 ך
Added Member To Class: ClassName=Sheet2 Member=Component R21 4,7 ך
Added Member To Class: ClassName=Sheet2 Member=Component R22 100
Added Member To Class: ClassName=Sheet2 Member=Component R24 100
Added Member To Class: ClassName=Sheet2 Member=Component R25 100
Added Member To Class: ClassName=Sheet2 Member=Component R27 150
Added Member To Class: ClassName=Sheet2 Member=Component R29 10 ך
Added Member To Class: ClassName=Sheet2 Member=Component R30 10 ך
Added Member To Class: ClassName=Sheet2 Member=Component R32 4,7 ך
Added Member To Class: ClassName=Sheet2 Member=Component R33 10 ך
Added Member To Class: ClassName=Sheet2 Member=Component R35 10 ך
Added Member To Class: ClassName=Sheet2 Member=Component R37 1 ך
Added Member To Class: ClassName=Sheet2 Member=Component R39 150
Added Member To Class: ClassName=Sheet2 Member=Component R40 150
Added Member To Class: ClassName=Sheet2 Member=Component R43 100
Added Member To Class: ClassName=Sheet4 Member=Component R45 10 ך
Added Member To Class: ClassName=Sheet4 Member=Component R47 10 ך
Added Member To Class: ClassName=Sheet4 Member=Component R48 10 ך
Added Member To Class: ClassName=Sheet4 Member=Component R50 10 ך
Added Member To Class: ClassName=Sheet4 Member=Component R51 10 ך
Added Member To Class: ClassName=Sheet4 Member=Component R53 R1206
Added Member To Class: ClassName=Sheet4 Member=Component R55 100
Added Member To Class: ClassName=Sheet4 Member=Component R56 100
Added Member To Class: ClassName=Sheet4 Member=Component R58 24 ך
Added Member To Class: ClassName=Sheet4 Member=Component R59 15 ך
Added Member To Class: ClassName=Sheet4 Member=Component R61 10 ך
Added Member To Class: ClassName=Sheet4 Member=Component R63 12,4 ך
Added Member To Class: ClassName=Sheet4 Member=Component R64 10 ך
Added Member To Class: ClassName=Sheet4 Member=Component R66 150
Added Member To Class: ClassName=Sheet4 Member=Component R68 150
Added Member To Class: ClassName=Sheet4 Member=Component R69 OD103JE
Added Member To Class: ClassName=Sheet4 Member=Component R71 1 ּ
Added Member To Class: ClassName=Sheet4 Member=Component R72 100 ך
Added Member To Class: ClassName=Sheet4 Member=Component R74 49,9
Added Member To Class: ClassName=Sheet4 Member=Component R76 49,9
Added Member To Class: ClassName=Sheet4 Member=Component R77 15 ך
Added Member To Class: ClassName=Sheet4 Member=Component R79 27
Added Member To Class: ClassName=Sheet4 Member=Component R80 15 ך
Added Member To Class: ClassName=Sheet4 Member=Component R82 51 ך
Added Member To Class: ClassName=Sheet4 Member=Component R84 330
Added Member To Class: ClassName=Sheet4 Member=Component R85 330
Added Member To Class: ClassName=Sheet5 Member=Component R86 10 ך
Added Member To Class: ClassName=Sheet5 Member=Component R88 10 ך
Added Member To Class: ClassName=Sheet5 Member=Component R90 10 ך
Added Member To Class: ClassName=Sheet5 Member=Component R92 33 ך
Added Member To Class: ClassName=Sheet5 Member=Component R94 100
Added Member To Class: ClassName=Sheet5 Member=Component R95 33 ך
Added Member To Class: ClassName=Sheet5 Member=Component R97 100
Added Member To Class: ClassName=Sheet5 Member=Component R98 100
Added Member To Class: ClassName=Sheet5 Member=Component R100 33 ך
Added Member To Class: ClassName=Sheet5 Member=Component R102 100
Added Member To Class: ClassName=Sheet5 Member=Component R103 33 ך
Added Member To Class: ClassName=Sheet5 Member=Component R105 33 ך
Added Member To Class: ClassName=Sheet5 Member=Component R106 33 ך
Added Member To Class: ClassName=Sheet5 Member=Component R108 100
Added Member To Class: ClassName=Sheet1 Member=Component VD4 MBR1645G
Added Member To Class: ClassName=Sheet1 Member=Component VD5 SS36
Added Member To Class: ClassName=Sheet1 Member=Component VD6 MBR1645G
Added Member To Class: ClassName=Sheet2 Member=Component VD8 BAT54S
Added Member To Class: ClassName=Sheet4 Member=Component VD10 BAT54S
Added Member To Class: ClassName=Sheet4 Member=Component VD11 BAT54S
Added Member To Class: ClassName=Sheet5 Member=Component VD13 BAT54S
Added Member To Class: ClassName=Sheet5 Member=Component VD14 BAT54S
Added Member To Class: ClassName=Sheet5 Member=Component VD16 BAT54S
