Removed Pin From Net: NetName=Load_En Pin=Q1-1
Change Component Designator: OldDesignator=K? NewDesignator=K1
Change Component Designator: OldDesignator=VD? NewDesignator=VD5
Change component parameters: Designator = "K1"; Footprint = "FP-2-1419129-5-MFG"; UniqueID = "\HEAQFBMF"
Change component parameters. Clean all parameters for all variants
Change component parameters (AddParameter): Name = "Ambient Temperature Range High"; Value = "+70°C"; VariantName = "[No Variations]"
Change component parameters (AddParameter): Name = "Ambient Temperature Range Low"; Value = "-30°C"; VariantName = "[No Variations]"
Change component parameters (AddParameter): Name = "Automotive"; Value = "No"; VariantName = "[No Variations]"
Change component parameters (AddParameter): Name = "Category"; Value = "Relay"; VariantName = "[No Variations]"
Change component parameters (AddParameter): Name = "Coil Power"; Value = "200mW"; VariantName = "[No Variations]"
Change component parameters (AddParameter): Name = "Coil Resistance"; Value = "720?"; VariantName = "[No Variations]"
Change component parameters (AddParameter): Name = "Coil Type"; Value = "Non-Latching"; VariantName = "[No Variations]"
Change component parameters (AddParameter): Name = "Coil Voltage"; Value = "12V"; VariantName = "[No Variations]"
Change component parameters (AddParameter): Name = "ComponentLink2Description"; Value = "Datasheet"; VariantName = "[No Variations]"
Change component parameters (AddParameter): Name = "ComponentLink2URL"; Value = "https://www.te.com/commerce/DocumentDelivery/DDEController?Action=showdoc&DocId=Data+Sheet%7FOJ_OJE_series_relay_data_sheet_E%7F0318%7Fpdf%7FEnglish%7FENG_DS_OJ_OJE_series_relay_data_sheet_E_0318.pdf%7F2-1419129-5"; VariantName = "[No Variations]"
Change component parameters (AddParameter): Name = "Current Rating"; Value = "8A"; VariantName = "[No Variations]"
Change component parameters (AddParameter): Name = "Device Class L1"; Value = "Electromechanical"; VariantName = "[No Variations]"
Change component parameters (AddParameter): Name = "Device Class L2"; Value = "Relays"; VariantName = "[No Variations]"
Change component parameters (AddParameter): Name = "Device Class L3"; Value = "Power Relays"; VariantName = "[No Variations]"
Change component parameters (AddParameter): Name = "Digikey Description"; Value = "RELAY GEN PURPOSE SPST 8A 12V"; VariantName = "[No Variations]"
Change component parameters (AddParameter): Name = "Height"; Value = "15.2mm"; VariantName = "[No Variations]"
Change component parameters (AddParameter): Name = "Lead Free"; Value = "No"; VariantName = "[No Variations]"
Change component parameters (AddParameter): Name = "Manufacturer"; Value = "TE"; VariantName = "[No Variations]"
Change component parameters (AddParameter): Name = "Manufacturer Part Number"; Value = "2-1419129-5"; VariantName = "[No Variations]"
Change component parameters (AddParameter): Name = "Mouser Description"; Value = "General Purpose Relays OJ-SS-112LMH 000"; VariantName = "[No Variations]"
Change component parameters (AddParameter): Name = "Number Of Contacts"; Value = "1"; VariantName = "[No Variations]"
Change component parameters (AddParameter): Name = "Octopart"; Value = "https://octopart.com/2-1419129-5-te+connectivity-40690345"; VariantName = "[No Variations]"
Change component parameters (AddParameter): Name = "Package"; Value = "2-1419129-5"; VariantName = "[No Variations]"
Change component parameters (AddParameter): Name = "RoHS"; Value = "TRUE"; VariantName = "[No Variations]"
Change component parameters (AddParameter): Name = "Throw Configuration"; Value = "SPST-NO"; VariantName = "[No Variations]"
Added Component: Designator=R9(CH0603R)
Add component. Clean all parameters for all variants
Add component (AddParameter): Name = "ComponentKind"; Value = ""; VariantName = "[No Variations]"
Add component (AddParameter): Name = "HelpURL"; Value = ""; VariantName = "[No Variations]"
Add component (AddParameter): Name = "Manufacturer"; Value = ""; VariantName = "[No Variations]"
Add component (AddParameter): Name = "Model"; Value = ""; VariantName = "[No Variations]"
Add component (AddParameter): Name = "Value"; Value = "4.7 ê"; VariantName = "[No Variations]"
Added Component: Designator=U3(FP-DCK0005A-MFG)
Add component. Clean all parameters for all variants
Add component (AddParameter): Name = "Case/Package"; Value = "SC"; VariantName = "[No Variations]"
Add component (AddParameter): Name = "Contact Plating"; Value = "Gold"; VariantName = "[No Variations]"
Add component (AddParameter): Name = "High Level Output Current"; Value = "-32mA"; VariantName = "[No Variations]"
Add component (AddParameter): Name = "Lead Free"; Value = "Lead Free"; VariantName = "[No Variations]"
Add component (AddParameter): Name = "Logic Function"; Value = "AND GATE"; VariantName = "[No Variations]"
Add component (AddParameter): Name = "Low Level Output Current"; Value = "32mA"; VariantName = "[No Variations]"
Add component (AddParameter): Name = "Max Operating Temperature"; Value = "125°C"; VariantName = "[No Variations]"
Add component (AddParameter): Name = "Max Supply Voltage"; Value = "5.5V"; VariantName = "[No Variations]"
Add component (AddParameter): Name = "Min Operating Temperature"; Value = "-40°C"; VariantName = "[No Variations]"
Add component (AddParameter): Name = "Min Supply Voltage"; Value = "1.65V"; VariantName = "[No Variations]"
Add component (AddParameter): Name = "Mount"; Value = "Surface Mount"; VariantName = "[No Variations]"
Add component (AddParameter): Name = "Number of Bits"; Value = "1"; VariantName = "[No Variations]"
Add component (AddParameter): Name = "Number of Circuits"; Value = "1"; VariantName = "[No Variations]"
Add component (AddParameter): Name = "Number of Elements"; Value = "1"; VariantName = "[No Variations]"
Add component (AddParameter): Name = "Number of Gates"; Value = "1"; VariantName = "[No Variations]"
Add component (AddParameter): Name = "Number of Input Lines"; Value = "2"; VariantName = "[No Variations]"
Add component (AddParameter): Name = "Number of Inputs"; Value = "2"; VariantName = "[No Variations]"
Add component (AddParameter): Name = "Number of Output Lines"; Value = "1"; VariantName = "[No Variations]"
Add component (AddParameter): Name = "Number of Outputs"; Value = "1"; VariantName = "[No Variations]"
Add component (AddParameter): Name = "Number of Pins"; Value = "5"; VariantName = "[No Variations]"
Add component (AddParameter): Name = "Output Current"; Value = "32mA"; VariantName = "[No Variations]"
Add component (AddParameter): Name = "Package Quantity"; Value = "3000"; VariantName = "[No Variations]"
Add component (AddParameter): Name = "Packaging"; Value = "Tape and Reel"; VariantName = "[No Variations]"
Add component (AddParameter): Name = "Propagation Delay"; Value = "4ns"; VariantName = "[No Variations]"
Add component (AddParameter): Name = "Quiescent Current"; Value = "10uA"; VariantName = "[No Variations]"
Add component (AddParameter): Name = "Radiation Hardening"; Value = "No"; VariantName = "[No Variations]"
Add component (AddParameter): Name = "REACH SVHC"; Value = "No SVHC"; VariantName = "[No Variations]"
Add component (AddParameter): Name = "RoHS Compliant"; Value = "Yes"; VariantName = "[No Variations]"
Add component (AddParameter): Name = "Series"; Value = "74LVC"; VariantName = "[No Variations]"
Add component (AddParameter): Name = "Technology"; Value = "CMOS"; VariantName = "[No Variations]"
Add component (AddParameter): Name = "Turn-On Delay Time"; Value = "4.5ns"; VariantName = "[No Variations]"
Add component (AddParameter): Name = "Weight"; Value = "8.8E-05oz"; VariantName = "[No Variations]"
Added Pin To Net: NetName=GND Pin=R9-1
Added Pin To Net: NetName=SUPPLY_INT Pin=R9-2
Added Pin To Net: NetName=Load_En Pin=U3-1
Added Pin To Net: NetName=SUPPLY_INT Pin=U3-2
Added Pin To Net: NetName=GND Pin=U3-3
Added Pin To Net: NetName=3.3 V Pin=U3-5
Change Net Name : Old Net Name=NetK?_4 New Net Name=NetK1_4
Added Pin To Net: NetName=NetQ1_1 Pin=Q1-1
Added Pin To Net: NetName=NetQ1_1 Pin=U3-4
Added Net: Name=NetQ1_1
Added Member To Class: ClassName=Sheet1 Member=Component R9 4.7 ê
Added Member To Class: ClassName=Sheet1 Member=Component U3 SN74LVC1G08DCKRG4
