Removed Member From Class: ClassName=Sheet2 Member=C9
Removed Member From Class: ClassName=Sheet2 Member=C10
Removed Member From Class: ClassName=Sheet4 Member=C26
Removed Member From Class: ClassName=Sheet4 Member=C27
Removed Member From Class: ClassName=Sheet4 Member=C30
Removed Member From Class: ClassName=Sheet4 Member=C31
Removed Member From Class: ClassName=Sheet4 Member=C32
Removed Member From Class: ClassName=Sheet4 Member=D7
Removed Member From Class: ClassName=Sheet2 Member=L2
Removed Member From Class: ClassName=Sheet2 Member=R12
Removed Member From Class: ClassName=Sheet2 Member=R13
Removed Member From Class: ClassName=Sheet4 Member=R16
Removed Member From Class: ClassName=Sheet4 Member=R27
Removed Member From Class: ClassName=Sheet4 Member=R28
Removed Member From Class: ClassName=Sheet4 Member=R34
Removed Member From Class: ClassName=Sheet4 Member=R35
Removed Member From Class: ClassName=Sheet2 Member=U3
Added Member To Class: ClassName=Sheet1 Member=Component C1 220 לך
Added Member To Class: ClassName=Sheet1 Member=Component C5 330 לך
Added Member To Class: ClassName=Sheet1 Member=Component C6 220 לך
Added Member To Class: ClassName=Sheet1 Member=Component C7 100 ם
Added Member To Class: ClassName=Sheet1 Member=Component C8 0,1 לך
Added Member To Class: ClassName=Sheet1 Member=Component C10 10 לך
Added Member To Class: ClassName=Sheet1 Member=Component C11 10 לך
Added Member To Class: ClassName=Sheet2 Member=Component C12 10 לך
Added Member To Class: ClassName=Sheet2 Member=Component C13 4,7 לך
Added Member To Class: ClassName=Sheet2 Member=Component C14 0,1 לך
Added Member To Class: ClassName=Sheet2 Member=Component C15 0,1 לך
Added Member To Class: ClassName=Sheet2 Member=Component C16 0,1 לך
Added Member To Class: ClassName=Sheet2 Member=Component C21 12
Added Member To Class: ClassName=Sheet2 Member=Component C23 4,7 לך
Added Member To Class: ClassName=Sheet2 Member=Component C27 0,1 לך
Added Member To Class: ClassName=Sheet2 Member=Component C28 0,1 לך
Added Member To Class: ClassName=Sheet2 Member=Component C30 0,1 לך
Added Member To Class: ClassName=Sheet2 Member=Component C33 10 לך
Added Member To Class: ClassName=Sheet4 Member=Component C34 10 לך
Added Member To Class: ClassName=Sheet4 Member=Component C35 0,1 לך
Added Member To Class: ClassName=Sheet4 Member=Component C36 10 לך
Added Member To Class: ClassName=Sheet4 Member=Component C37 10 לך
Added Member To Class: ClassName=Sheet4 Member=Component C38 0,1 לך
Added Member To Class: ClassName=Sheet4 Member=Component C39 0,1 לך
Added Member To Class: ClassName=Sheet4 Member=Component C44 0,1 לך
Added Member To Class: ClassName=Sheet4 Member=Component C45 10 לך
Added Member To Class: ClassName=Sheet4 Member=Component C46 0,1 לך
Added Member To Class: ClassName=Sheet1 Member=Component D1 D_TVS_BI_SMC
Added Member To Class: ClassName=Sheet1 Member=Component D2 GREEN
Added Member To Class: ClassName=Sheet1 Member=Component D3 GREEN
Added Member To Class: ClassName=Sheet2 Member=Component D5 BLUE
Added Member To Class: ClassName=Sheet2 Member=Component D6 B0520WS
Added Member To Class: ClassName=Sheet4 Member=Component D9 BLUE
Added Member To Class: ClassName=Sheet4 Member=Component D10 D_TVS_BI_SMC
Added Member To Class: ClassName=Sheet4 Member=Component D11 D_TVS_BI_SMC
Added Member To Class: ClassName=Sheet4 Member=Component D12 YELLOW
Added Member To Class: ClassName=Sheet4 Member=Component D14 D_TVS_BI_SMC
Added Member To Class: ClassName=Sheet4 Member=Component D15 D_TVS_BI_SMC
Added Member To Class: ClassName=Sheet4 Member=Component F1 0,12 ְ
Added Member To Class: ClassName=Sheet4 Member=Component F2 0,12 ְ
Added Member To Class: ClassName=Sheet4 Member=Component F3 0,12 ְ
Added Member To Class: ClassName=Sheet4 Member=Component F4 0,12 ְ
Added Member To Class: ClassName=Sheet4 Member=Component F5 0,12 ְ
Added Member To Class: ClassName=Sheet4 Member=Component F7 0,12 ְ
Added Member To Class: ClassName=Sheet4 Member=Component F8 0,12 ְ
Added Member To Class: ClassName=Sheet4 Member=Component F9 0,12 ְ
Added Member To Class: ClassName=Sheet4 Member=Component F10 0,12 ְ
Added Member To Class: ClassName=Sheet4 Member=Component F11 0,12 ְ
Added Member To Class: ClassName=Sheet1 Member=Component L1 330 לך
Added Member To Class: ClassName=Sheet1 Member=Component L2 4,7 לך
Added Member To Class: ClassName=Sheet2 Member=Component L3 120 ־ל
Added Member To Class: ClassName=Sheet4 Member=Component P3 15EDGVC-3.5-04P
Added Member To Class: ClassName=Sheet4 Member=Component P4 15EDGVC-3.5-04P
Added Member To Class: ClassName=Sheet4 Member=Component P5 15EDGVC-3.5-04P
Added Member To Class: ClassName=Sheet4 Member=Component P6 15EDGVC-3.5-04P
Added Member To Class: ClassName=Sheet2 Member=Component Q1 MMUN2233LT1G
Added Member To Class: ClassName=Sheet1 Member=Component R4 3,3 ך
Added Member To Class: ClassName=Sheet1 Member=Component R5 10 ך
Added Member To Class: ClassName=Sheet1 Member=Component R6 10 ך
Added Member To Class: ClassName=Sheet1 Member=Component R7 5,1 ך
Added Member To Class: ClassName=Sheet1 Member=Component R8 4.7 ך
Added Member To Class: ClassName=Sheet1 Member=Component R9 500
Added Member To Class: ClassName=Sheet1 Member=Component R10 31,25 ך
Added Member To Class: ClassName=Sheet1 Member=Component R11 10 ך
Added Member To Class: ClassName=Sheet1 Member=Component R12 10 ך
Added Member To Class: ClassName=Sheet1 Member=Component R13 150
Added Member To Class: ClassName=Sheet2 Member=Component R17 100
Added Member To Class: ClassName=Sheet2 Member=Component R18 100
Added Member To Class: ClassName=Sheet2 Member=Component R19 150
Added Member To Class: ClassName=Sheet2 Member=Component R20 150
Added Member To Class: ClassName=Sheet2 Member=Component R21 10 ך
Added Member To Class: ClassName=Sheet2 Member=Component R24 10 ך
Added Member To Class: ClassName=Sheet2 Member=Component R26 10 ך
Added Member To Class: ClassName=Sheet2 Member=Component R28 1 ך
Added Member To Class: ClassName=Sheet2 Member=Component R29 150
Added Member To Class: ClassName=Sheet2 Member=Component R30 150
Added Member To Class: ClassName=Sheet2 Member=Component R32 10 ך
Added Member To Class: ClassName=Sheet2 Member=Component R33 10 ך
Added Member To Class: ClassName=Sheet4 Member=Component R36 10 ך
Added Member To Class: ClassName=Sheet4 Member=Component R37 10 ך
Added Member To Class: ClassName=Sheet4 Member=Component R42 10 ך
Added Member To Class: ClassName=Sheet4 Member=Component R43 10 ך
Added Member To Class: ClassName=Sheet4 Member=Component R44 100
Added Member To Class: ClassName=Sheet4 Member=Component R49 10 ך
Added Member To Class: ClassName=Sheet4 Member=Component R50 150
Added Member To Class: ClassName=Sheet4 Member=Component R51 150
Added Member To Class: ClassName=Sheet4 Member=Component R52 OD103JE
Added Member To Class: ClassName=Sheet1 Member=Component TP1 SUPPLY
Added Member To Class: ClassName=Sheet1 Member=Component TP2 5 V
Added Member To Class: ClassName=Sheet1 Member=Component TP3 3.3 V
Added Member To Class: ClassName=Sheet1 Member=Component U1 LM2576HVT-ADJ/NOPB
Added Member To Class: ClassName=Sheet1 Member=Component U3 RY8310
Added Member To Class: ClassName=Sheet2 Member=Component U4 IP4220CZ6
Added Member To Class: ClassName=Sheet2 Member=Component U5 IP4220CZ6
Added Member To Class: ClassName=Sheet2 Member=Component U6 STM32F427VGT6
Added Member To Class: ClassName=Sheet2 Member=Component U7 W25Q32BVSSIG
Added Member To Class: ClassName=Sheet4 Member=Component U9 SN65HVD251DR
Added Member To Class: ClassName=Sheet4 Member=Component U10 TP8485E-SR
Added Member To Class: ClassName=Sheet4 Member=Component U13 SN65HVD251DR
Added Member To Class: ClassName=Sheet1 Member=Component VD1 SS36
Added Member To Class: ClassName=Sheet1 Member=Component VD3 BAT54S
Added Member To Class: ClassName=Sheet2 Member=Component VD4 BAT54S
Added Member To Class: ClassName=Sheet4 Member=Component VD5 BAT54S
Added Member To Class: ClassName=Sheet4 Member=Component VD6 BAT54S
