Removed Pin From Net: NetName=NetFU6_1 Pin=R63-1
Removed Pin From Net: NetName=NetFU7_1 Pin=R63-2
Removed Pin From Net: NetName=GND Pin=SB1-1
Removed Pin From Net: NetName=GND Pin=SB1-1
Removed Pin From Net: NetName=RESET_PIN Pin=SB1-2
Removed Pin From Net: NetName=RESET_PIN Pin=SB1-2
Removed Pin From Net: NetName=BOOT_PIN Pin=SB2-1
Removed Pin From Net: NetName=BOOT_PIN Pin=SB2-1
Removed Pin From Net: NetName=3.3 V Pin=SB2-2
Removed Pin From Net: NetName=3.3 V Pin=SB2-2
Removed Pin From Net: NetName=USB_1_U_P Pin=U16-4
Removed Pin From Net: NetName=GND Pin=U16-5
Removed Pin From Net: NetName=USB_1_U_N Pin=U16-6
Removed Member From Class: ClassName=Sheet4 Member=R63
Removed Member From Class: ClassName=Sheet2 Member=SB1
Removed Member From Class: ClassName=Sheet2 Member=SB2
Change Component Footprint: Designator=U16 Old Footprint=DBV6_N New Footprint=NXP-SOT457_L
Change Component Comment : Designator=SW1 Old Comment=PTS810 SJG 250 SMTR LFS New Comment=KLS7-TS3401- 2,5-180
Change Component Comment : Designator=U16 Old Comment=SN65220DBVRG4 New Comment=IP4220CZ6
Change component parameters: Designator = "SW1"; Footprint = "FP-PTS810_SJG_250_SMTR_LF-MFG"; UniqueID = "\NMOMDPSC"
Change component parameters. Clean all parameters for all variants
Change component parameters (AddParameter): Name = "ChipDip"; Value = "9000372886"; VariantName = "[No Variations]"
Change component parameters (AddParameter): Name = "ComponentLink2Description"; Value = "Datasheet"; VariantName = "[No Variations]"
Change component parameters (AddParameter): Name = "ComponentLink2URL"; Value = "https://www.ckswitches.com/media/1476/pts810.pdf"; VariantName = "[No Variations]"
Change component parameters (AddParameter): Name = "Model"; Value = "KLS7-TS3401- 2,5-180"; VariantName = "[No Variations]"
Change component parameters: Designator = "U16"; Footprint = "NXP-SOT457_L"; UniqueID = "\RQWQVIRJ"
Change component parameters. Clean all parameters for all variants
Change component parameters (AddParameter): Name = "ChipDip"; Value = "9001067611"; VariantName = "[No Variations]"
Change component parameters (AddParameter): Name = "Model"; Value = "IP4220CZ6"; VariantName = "[No Variations]"
Added Component: Designator=SW2(FP-PTS810_SJG_250_SMTR_LF-MFG)
Add component. Clean all parameters for all variants
Add component (AddParameter): Name = "ChipDip"; Value = "9000372886"; VariantName = "[No Variations]"
Add component (AddParameter): Name = "ComponentLink2Description"; Value = "Datasheet"; VariantName = "[No Variations]"
Add component (AddParameter): Name = "ComponentLink2URL"; Value = "https://www.ckswitches.com/media/1476/pts810.pdf"; VariantName = "[No Variations]"
Add component (AddParameter): Name = "Model"; Value = "KLS7-TS3401- 2,5-180"; VariantName = "[No Variations]"
Added Pin To Net: NetName=NetFU7_1 Pin=R39-1
Added Pin To Net: NetName=NetFU6_1 Pin=R39-2
Added Pin To Net: NetName=3.3 V Pin=SW1-1
Added Pin To Net: NetName=BOOT_PIN Pin=SW1-3
Added Pin To Net: NetName=RESET_PIN Pin=SW2-1
Added Pin To Net: NetName=GND Pin=SW2-3
Added Pin To Net: NetName=USB_1_U_N Pin=U16-4
Added Pin To Net: NetName=5 V Pin=U16-5
Added Pin To Net: NetName=USB_1_U_P Pin=U16-6
Added Member To Class: ClassName=Sheet2 Member=Component SW2 KLS7-TS3401- 2,5-180
