Removed Pin From Net: NetName=V_OUT Pin=Q2-2
Removed Pin From Net: NetName=24 V Pin=Q2-3
Removed Pin From Net: NetName=24 V Pin=R9-1
Removed Pin From Net: NetName=24 V Pin=VD5-2
Removed Member From Class: ClassName=Sheet1 Member=Q2
Removed Member From Class: ClassName=Sheet1 Member=R9
Removed Member From Class: ClassName=Sheet1 Member=R10
Removed Member From Class: ClassName=Sheet1 Member=VD5
Added Component: Designator=VD?(SMB)
Add component. Clean all parameters for all variants
Add component (AddParameter): Name = "ComponentKind"; Value = ""; VariantName = "[No Variations]"
Add component (AddParameter): Name = "Current"; Value = "2"; VariantName = "[No Variations]"
Add component (AddParameter): Name = "HelpURL"; Value = ""; VariantName = "[No Variations]"
Add component (AddParameter): Name = "Manufacturer"; Value = ""; VariantName = "[No Variations]"
Add component (AddParameter): Name = "Model"; Value = "SS26"; VariantName = "[No Variations]"
Add component (AddParameter): Name = "Voltage"; Value = "60"; VariantName = "[No Variations]"
Added Pin To Net: NetName=24 V Pin=K?-1
Added Pin To Net: NetName=12 V Pin=K?-2
Added Pin To Net: NetName=V_OUT Pin=K?-3
Added Pin To Net: NetName=12 V Pin=VD?-2
Added Pin To Net: NetName=NetK?_4 Pin=K?-4
Added Pin To Net: NetName=NetK?_4 Pin=Q1-3
Added Pin To Net: NetName=NetK?_4 Pin=VD?-1
Added Net: Name=NetK?_4
Added Member To Class: ClassName=Sheet1 Member=Component K? 2-1419129-5
Added Member To Class: ClassName=Sheet1 Member=Component VD? SS26
