Removed Pin From Net: NetName=GND Pin=C10-1
Removed Pin From Net: NetName=GND Pin=C11-1
Removed Pin From Net: NetName=OSC_8_OUT Pin=C11-2
Removed Pin From Net: NetName=GND Pin=C12-1
Removed Pin From Net: NetName=Vcap_1 Pin=C12-2
Removed Pin From Net: NetName=Vcap_2 Pin=C13-2
Removed Pin From Net: NetName=3.3 V Pin=C14-1
Removed Pin From Net: NetName=GND Pin=C14-2
Removed Pin From Net: NetName=GND Pin=C15-1
Removed Pin From Net: NetName=OSC_8_IN Pin=C15-2
Removed Pin From Net: NetName=5 V Pin=R1-2
Removed Pin From Net: NetName=GND Pin=R2-1
Removed Pin From Net: NetName=NetR1_1 Pin=R2-2
Removed Pin From Net: NetName=3.3 V Pin=R3-1
Removed Pin From Net: NetName=3.3 V Pin=R4-1
Removed Pin From Net: NetName=SUPPLY_INT Pin=R5-1
Removed Pin From Net: NetName=3.3 V Pin=R5-2
Removed Pin From Net: NetName=24 V Pin=R6-2
Removed Pin From Net: NetName=GND Pin=R9-1
Removed Pin From Net: NetName=Load_En Pin=R9-2
Removed Pin From Net: NetName=12 V Pin=R11-1
Removed Pin From Net: NetName=EM_STOP Pin=R11-2
Removed Pin From Net: NetName=EM_STOP Pin=R12-1
Removed Pin From Net: NetName=3.3 V Pin=R13-1
Removed Pin From Net: NetName=3.3 V Pin=R45-1
Removed Pin From Net: NetName=SPI_ADC_CS Pin=R45-2
Removed Pin From Net: NetName=24 V Pin=R48-1
Removed Pin From Net: NetName=NetC2_2 Pin=R48-2
Removed Pin From Net: NetName=NetC2_1 Pin=R51-2
Removed Pin From Net: NetName=EM_STOP_PIN Pin=R56-2
Removed Pin From Net: NetName=I2C_2_SCL Pin=R79-1
Removed Pin From Net: NetName=3.3 V Pin=R79-2
Removed Pin From Net: NetName=I2C_2_SDA Pin=R80-1
Removed Pin From Net: NetName=3.3 V Pin=R80-2
Removed Pin From Net: NetName=NetR1_1 Pin=U1-4
Removed Pin From Net: NetName=NetC2_1 Pin=U2-9
Removed Pin From Net: NetName=NetC2_2 Pin=U2-10
Removed Pin From Net: NetName=SYS_SWDIO Pin=U13-3
Removed Pin From Net: NetName=SYS_SWCLK Pin=U13-4
Removed Pin From Net: NetName=TERM_RX Pin=U21-1
Removed Pin From Net: NetName=TERM_RX Pin=U21-6
Removed Pin From Net: NetName=GND Pin=VD1-1
Removed Pin From Net: NetName=NetL1_2 Pin=VD1-2
Removed Pin From Net: NetName=GND Pin=VD3-1
Removed Pin From Net: NetName=NetL2_2 Pin=VD3-2
Removed Pin From Net: NetName=GND Pin=VD4-1
Removed Pin From Net: NetName=V_OUT Pin=VD4-2
Removed Pin From Net: NetName=NetK1_4 Pin=VD5-1
Removed Pin From Net: NetName=5 V Pin=VD5-2
Removed Pin From Net: NetName=GND Pin=X11-2
Removed Pin From Net: NetName=TERM_RX Pin=X11-3
Removed Pin From Net: NetName=RESET_PIN Pin=X12-1
Removed Pin From Net: NetName=SYS_SWCLK Pin=X12-2
Removed Pin From Net: NetName=SYS_SWDIO Pin=X12-3
Removed Pin From Net: NetName=GND Pin=X12-4
Removed Pin From Net: NetName=3.3 V Pin=X12-5
Removed Pin From Net: NetName=5 V Pin=X12-6
Removed Pin From Net: NetName=Eth_RST Pin=X14-1
Removed Pin From Net: NetName=ETH_CS Pin=X14-2
Removed Pin From Net: NetName=ETH_MOSI Pin=X14-3
Removed Pin From Net: NetName=ETH_MISO Pin=X14-4
Removed Pin From Net: NetName=ETH_SCK Pin=X14-5
Removed Pin From Net: NetName=Eth_INT Pin=X14-6
Removed Member From Class: ClassName=Sheet2 Member=C11
Removed Member From Class: ClassName=Sheet2 Member=C12
Removed Member From Class: ClassName=Sheet2 Member=C13
Removed Member From Class: ClassName=Sheet2 Member=C14
Removed Member From Class: ClassName=Sheet4 Member=FU15
Removed Member From Class: ClassName=Sheet2 Member=R3
Removed Member From Class: ClassName=Sheet2 Member=R4
Removed Member From Class: ClassName=Sheet2 Member=R13
Removed Member From Class: ClassName=Sheet2 Member=R45
Removed Member From Class: ClassName=Sheet1 Member=R48
Removed Member From Class: ClassName=Sheet1 Member=R51
Removed Member From Class: ClassName=Sheet1 Member=R56
Removed Member From Class: ClassName=Sheet2 Member=R79
Removed Member From Class: ClassName=Sheet2 Member=R80
Removed Member From Class: ClassName=Sheet2 Member=U13
Removed Member From Class: ClassName=Sheet2 Member=X11
Removed Member From Class: ClassName=Sheet2 Member=X12
Removed Member From Class: ClassName=Sheet3 Member=X14
Change Component Footprint: Designator=C2 Old Footprint=CH0603C New Footprint=CAP_0603
Change Component Footprint: Designator=C4 Old Footprint=CH0603C New Footprint=CAP_0603
Change Component Footprint: Designator=C10 Old Footprint=CH0603C New Footprint=CAP_0603
Change Component Footprint: Designator=C15 Old Footprint=CH0603C New Footprint=CAP_0603
Change Component Footprint: Designator=C11 Old Footprint=CH0603C New Footprint=CAP_0805
Change Component Footprint: Designator=C14 Old Footprint=CH0603C New Footprint=FP-TAJB-MFG
Change Component Footprint: Designator=R1 Old Footprint=CH0603R New Footprint=RES_0603
Change Component Footprint: Designator=R3 Old Footprint=CH0603R New Footprint=RES_0603
Change Component Footprint: Designator=R4 Old Footprint=CH0603R New Footprint=RES_0603
Change Component Footprint: Designator=R5 Old Footprint=CH0603R New Footprint=RES_0603
Change Component Footprint: Designator=R7 Old Footprint=CH0603R New Footprint=RES_0603
Change Component Footprint: Designator=R8 Old Footprint=CH0603R New Footprint=RES_0603
Change Component Footprint: Designator=R9 Old Footprint=CH0603R New Footprint=RES_0603
Change Component Footprint: Designator=R12 Old Footprint=CH0603R New Footprint=RES_0805
Change Component Footprint: Designator=R13 Old Footprint=CH0603R New Footprint=RES_0805
Change Component Footprint: Designator=C12 Old Footprint=CH0805C New Footprint=CAP_0805
Change Component Footprint: Designator=C13 Old Footprint=CH0805C New Footprint=FP-TAJB-MFG
Change Component Footprint: Designator=R11 Old Footprint=CH0805R New Footprint=RES_0603
Change Component Footprint: Designator=VD5 Old Footprint=SMA New Footprint=SMC-DO-214AB
Change Component Footprint: Designator=VD4 Old Footprint=SMB New Footprint=DO-214AC-2 (SMA)
Change Component Footprint: Designator=VD3 Old Footprint=SMB New Footprint=SMC-DO-214AB
Change Component Comment : Designator=VD4 Old Comment=* New Comment=SS36
Change Component Comment : Designator=C14 Old Comment=0,1 לך New Comment=22 לך
Change Component Comment : Designator=R4 Old Comment=1 ך New Comment=3,3 ך
Change Component Comment : Designator=R3 Old Comment=1 ך New Comment=10 ך
Change Component Comment : Designator=C13 Old Comment=4,7 לך New Comment=22 לך
Change Component Comment : Designator=C12 Old Comment=4,7 לך New Comment=N/A
Change Component Comment : Designator=R5 Old Comment=4.7 ך New Comment=10
Change Component Comment : Designator=R1 Old Comment=10 ך New Comment=10
Change Component Comment : Designator=R11 Old Comment=10 ך New Comment=500
Change Component Comment : Designator=C11 Old Comment=12 New Comment=100 ם
Change Component Comment : Designator=R12 Old Comment=500 New Comment=31,25 ך
Change Component Comment : Designator=VD5 Old Comment=SS16 New Comment=*
Change Component Comment : Designator=VD3 Old Comment=SS26 New Comment=SS36
Change Component Designator: OldDesignator=C5 NewDesignator=C52
Change Component Designator: OldDesignator=C6 NewDesignator=C5
Change Component Designator: OldDesignator=C7 NewDesignator=C6
Change Component Designator: OldDesignator=C8 NewDesignator=C7
Change Component Designator: OldDesignator=C9 NewDesignator=C8
Change Component Designator: OldDesignator=C18 NewDesignator=C20
Change Component Designator: OldDesignator=C19 NewDesignator=C21
Change Component Designator: OldDesignator=C20 NewDesignator=C22
Change Component Designator: OldDesignator=C21 NewDesignator=C23
Change Component Designator: OldDesignator=C22 NewDesignator=C24
Change Component Designator: OldDesignator=C23 NewDesignator=C25
Change Component Designator: OldDesignator=C24 NewDesignator=C26
Change Component Designator: OldDesignator=C25 NewDesignator=C27
Change Component Designator: OldDesignator=C26 NewDesignator=C28
Change Component Designator: OldDesignator=C27 NewDesignator=C29
Change Component Designator: OldDesignator=C28 NewDesignator=C31
Change Component Designator: OldDesignator=C29 NewDesignator=C32
Change Component Designator: OldDesignator=C31 NewDesignator=C33
Change Component Designator: OldDesignator=C32 NewDesignator=C35
Change Component Designator: OldDesignator=C33 NewDesignator=C36
Change Component Designator: OldDesignator=C35 NewDesignator=C37
Change Component Designator: OldDesignator=C36 NewDesignator=C38
Change Component Designator: OldDesignator=C37 NewDesignator=C39
Change Component Designator: OldDesignator=C38 NewDesignator=C40
Change Component Designator: OldDesignator=C39 NewDesignator=C41
Change Component Designator: OldDesignator=C40 NewDesignator=C42
Change Component Designator: OldDesignator=C41 NewDesignator=C43
Change Component Designator: OldDesignator=C42 NewDesignator=C44
Change Component Designator: OldDesignator=C43 NewDesignator=C45
Change Component Designator: OldDesignator=C44 NewDesignator=C46
Change Component Designator: OldDesignator=C45 NewDesignator=C47
Change Component Designator: OldDesignator=C47 NewDesignator=C48
Change Component Designator: OldDesignator=C51 NewDesignator=C49
Change Component Designator: OldDesignator=C56 NewDesignator=C50
Change Component Designator: OldDesignator=C57 NewDesignator=C51
Change Component Designator: OldDesignator=C58 NewDesignator=C53
Change Component Designator: OldDesignator=C59 NewDesignator=C54
Change Component Designator: OldDesignator=C60 NewDesignator=C55
Change Component Designator: OldDesignator=C61 NewDesignator=C56
Change Component Designator: OldDesignator=C62 NewDesignator=C57
Change Component Designator: OldDesignator=C63 NewDesignator=C58
Change Component Designator: OldDesignator=C64 NewDesignator=C59
Change Component Designator: OldDesignator=C65 NewDesignator=C60
Change Component Designator: OldDesignator=C66 NewDesignator=C61
Change Component Designator: OldDesignator=C67 NewDesignator=C62
Change Component Designator: OldDesignator=C68 NewDesignator=C63
Change Component Designator: OldDesignator=C69 NewDesignator=C64
Change Component Designator: OldDesignator=C70 NewDesignator=C65
Change Component Designator: OldDesignator=C71 NewDesignator=C66
Change Component Designator: OldDesignator=C72 NewDesignator=C67
Change Component Designator: OldDesignator=C73 NewDesignator=C68
Change Component Designator: OldDesignator=C74 NewDesignator=C69
Change Component Designator: OldDesignator=C75 NewDesignator=C70
Change Component Designator: OldDesignator=FU6 NewDesignator=FU7
Change Component Designator: OldDesignator=FU7 NewDesignator=FU8
Change Component Designator: OldDesignator=FU8 NewDesignator=FU9
Change Component Designator: OldDesignator=FU9 NewDesignator=FU10
Change Component Designator: OldDesignator=FU10 NewDesignator=FU11
Change Component Designator: OldDesignator=FU11 NewDesignator=FU12
Change Component Designator: OldDesignator=FU12 NewDesignator=FU13
Change Component Designator: OldDesignator=FU13 NewDesignator=FU14
Change Component Designator: OldDesignator=FU14 NewDesignator=FU15
Change Component Designator: OldDesignator=FU15 NewDesignator=FU6
Change Component Designator: OldDesignator=L3 NewDesignator=L4
Change Component Designator: OldDesignator=P2 NewDesignator=P3
Change Component Designator: OldDesignator=P3 NewDesignator=P2
Change Component Designator: OldDesignator=Q3 NewDesignator=Q2
Change Component Designator: OldDesignator=Q4 NewDesignator=Q3
Change Component Designator: OldDesignator=Q5 NewDesignator=Q4
Change Component Designator: OldDesignator=R6 NewDesignator=R2
Change Component Designator: OldDesignator=R10 NewDesignator=R53
Change Component Designator: OldDesignator=R17 NewDesignator=R21
Change Component Designator: OldDesignator=R18 NewDesignator=R22
Change Component Designator: OldDesignator=R19 NewDesignator=R23
Change Component Designator: OldDesignator=R21 NewDesignator=R24
Change Component Designator: OldDesignator=R22 NewDesignator=R25
Change Component Designator: OldDesignator=R23 NewDesignator=R26
Change Component Designator: OldDesignator=R24 NewDesignator=R27
Change Component Designator: OldDesignator=R25 NewDesignator=R28
Change Component Designator: OldDesignator=R26 NewDesignator=R29
Change Component Designator: OldDesignator=R27 NewDesignator=R32
Change Component Designator: OldDesignator=R28 NewDesignator=R33
Change Component Designator: OldDesignator=R29 NewDesignator=R30
Change Component Designator: OldDesignator=R30 NewDesignator=R31
Change Component Designator: OldDesignator=R31 NewDesignator=R34
Change Component Designator: OldDesignator=R32 NewDesignator=R35
Change Component Designator: OldDesignator=R33 NewDesignator=R36
Change Component Designator: OldDesignator=R34 NewDesignator=R37
Change Component Designator: OldDesignator=R36 NewDesignator=R38
Change Component Designator: OldDesignator=R37 NewDesignator=R39
Change Component Designator: OldDesignator=R38 NewDesignator=R40
Change Component Designator: OldDesignator=R39 NewDesignator=R61
Change Component Designator: OldDesignator=R40 NewDesignator=R41
Change Component Designator: OldDesignator=R41 NewDesignator=R42
Change Component Designator: OldDesignator=R42 NewDesignator=R43
Change Component Designator: OldDesignator=R43 NewDesignator=R44
Change Component Designator: OldDesignator=R44 NewDesignator=R45
Change Component Designator: OldDesignator=R49 NewDesignator=R48
Change Component Designator: OldDesignator=R50 NewDesignator=R49
Change Component Designator: OldDesignator=R52 NewDesignator=R50
Change Component Designator: OldDesignator=R53 NewDesignator=R51
Change Component Designator: OldDesignator=R54 NewDesignator=R52
Change Component Designator: OldDesignator=R55 NewDesignator=R54
Change Component Designator: OldDesignator=R57 NewDesignator=R55
Change Component Designator: OldDesignator=R58 NewDesignator=R56
Change Component Designator: OldDesignator=R59 NewDesignator=R57
Change Component Designator: OldDesignator=R60 NewDesignator=R58
Change Component Designator: OldDesignator=R61 NewDesignator=R59
Change Component Designator: OldDesignator=R62 NewDesignator=R60
Change Component Designator: OldDesignator=R64 NewDesignator=R62
Change Component Designator: OldDesignator=R65 NewDesignator=R63
Change Component Designator: OldDesignator=R66 NewDesignator=R64
Change Component Designator: OldDesignator=R67 NewDesignator=R65
Change Component Designator: OldDesignator=R68 NewDesignator=R66
Change Component Designator: OldDesignator=R69 NewDesignator=R67
Change Component Designator: OldDesignator=R70 NewDesignator=R68
Change Component Designator: OldDesignator=R71 NewDesignator=R69
Change Component Designator: OldDesignator=R72 NewDesignator=R70
Change Component Designator: OldDesignator=R73 NewDesignator=R71
Change Component Designator: OldDesignator=R74 NewDesignator=R72
Change Component Designator: OldDesignator=R75 NewDesignator=R73
Change Component Designator: OldDesignator=R76 NewDesignator=R74
Change Component Designator: OldDesignator=R77 NewDesignator=R75
Change Component Designator: OldDesignator=R78 NewDesignator=R76
Change Component Designator: OldDesignator=SW1 NewDesignator=SW2
Change Component Designator: OldDesignator=SW2 NewDesignator=SW1
Change Component Designator: OldDesignator=U3 NewDesignator=U4
Change Component Designator: OldDesignator=U4 NewDesignator=U3
Change Component Designator: OldDesignator=U6 NewDesignator=U7
Change Component Designator: OldDesignator=U7 NewDesignator=U10
Change Component Designator: OldDesignator=U8 NewDesignator=U11
Change Component Designator: OldDesignator=U9 NewDesignator=U12
Change Component Designator: OldDesignator=U10 NewDesignator=U14
Change Component Designator: OldDesignator=U11 NewDesignator=U13
Change Component Designator: OldDesignator=U12 NewDesignator=U15
Change Component Designator: OldDesignator=U13 NewDesignator=U8
Change Component Designator: OldDesignator=U14 NewDesignator=U16
Change Component Designator: OldDesignator=U15 NewDesignator=U17
Change Component Designator: OldDesignator=U16 NewDesignator=U18
Change Component Designator: OldDesignator=U17 NewDesignator=U19
Change Component Designator: OldDesignator=U18 NewDesignator=U20
Change Component Designator: OldDesignator=U19 NewDesignator=U21
Change Component Designator: OldDesignator=U20 NewDesignator=U22
Change Component Designator: OldDesignator=U21 NewDesignator=U9
Change Component Designator: OldDesignator=VD2 NewDesignator=VD1
Change Component Designator: OldDesignator=VD6 NewDesignator=VD23
Change Component Designator: OldDesignator=VD7 NewDesignator=VD6
Change Component Designator: OldDesignator=VD8 NewDesignator=VD10
Change Component Designator: OldDesignator=VD9 NewDesignator=VD11
Change Component Designator: OldDesignator=VD10 NewDesignator=VD12
Change Component Designator: OldDesignator=VD11 NewDesignator=VD13
Change Component Designator: OldDesignator=VD12 NewDesignator=VD17
Change Component Designator: OldDesignator=VD13 NewDesignator=VD15
Change Component Designator: OldDesignator=VD14 NewDesignator=VD16
Change Component Designator: OldDesignator=VD15 NewDesignator=VD7
Change Component Designator: OldDesignator=VD16 NewDesignator=VD14
Change Component Designator: OldDesignator=VD17 NewDesignator=VD8
Change Component Designator: OldDesignator=VD18 NewDesignator=VD9
Change Component Designator: OldDesignator=VD20 NewDesignator=VD18
Change Component Designator: OldDesignator=VD21 NewDesignator=VD19
Change Component Designator: OldDesignator=VD22 NewDesignator=VD20
Change Component Designator: OldDesignator=VD23 NewDesignator=VD21
Change Component Designator: OldDesignator=VD24 NewDesignator=VD22
Change Component Designator: OldDesignator=X2 NewDesignator=X1
Change Component Designator: OldDesignator=X3 NewDesignator=X2
Change Component Designator: OldDesignator=X4 NewDesignator=X3
Change Component Designator: OldDesignator=X5 NewDesignator=X4
Change Component Designator: OldDesignator=X6 NewDesignator=X5
Change Component Designator: OldDesignator=X7 NewDesignator=X6
Change Component Designator: OldDesignator=X8 NewDesignator=X7
Change Component Designator: OldDesignator=X13 NewDesignator=X10
Change Component Designator: OldDesignator=X20 NewDesignator=X11
Change Component Designator: OldDesignator=X21 NewDesignator=X12
Change Component Designator: OldDesignator=X22 NewDesignator=X13
Change Component Designator: OldDesignator=X23 NewDesignator=X14
Change Component Designator: OldDesignator=X25 NewDesignator=X15
Change Component Designator: OldDesignator=X26 NewDesignator=X16
Change Component Designator: OldDesignator=X28 NewDesignator=X17
Change Component Designator: OldDesignator=X29 NewDesignator=X18
Change Component Designator: OldDesignator=X30 NewDesignator=X19
Change Component Designator: OldDesignator=X31 NewDesignator=X20
Change Component Designator: OldDesignator=X32 NewDesignator=X21
Change Component Designator: OldDesignator=X33 NewDesignator=X22
Change Component Designator: OldDesignator=X34 NewDesignator=X23
Change Component Designator: OldDesignator=X35 NewDesignator=X24
Change Component Designator: OldDesignator=X36 NewDesignator=X25
Change Component Designator: OldDesignator=X37 NewDesignator=X28
Change Component Designator: OldDesignator=X38 NewDesignator=X29
Change Component Designator: OldDesignator=X39 NewDesignator=X30
Change Component Designator: OldDesignator=X40 NewDesignator=X26
Change Component Designator: OldDesignator=X41 NewDesignator=X27
Change component parameters: Designator = "VD5"; Footprint = "SMC-DO-214AB"; UniqueID = "\MGFEXBIX"
Change component parameters. Clean all parameters for all variants
Change component parameters (AddParameter): Name = "ChipDip"; Value = ""; VariantName = "[No Variations]"
Change component parameters (AddParameter): Name = "Type"; Value = ""; VariantName = "[No Variations]"
Change component parameters (AddParameter): Name = "Value"; Value = ""; VariantName = "[No Variations]"
Change component parameters: Designator = "R13"; Footprint = "RES_0805"; UniqueID = "\LIYUUHKN"
Change component parameters. Clean all parameters for all variants
Change component parameters (AddParameter): Name = "Type"; Value = "RESISTOR"; VariantName = "[No Variations]"
Change component parameters (AddParameter): Name = "Value"; Value = "10 ך"; VariantName = "[No Variations]"
Change component parameters: Designator = "C2"; Footprint = "CAP_0603"; UniqueID = "\HNAUMDAD"
Change component parameters. Clean all parameters for all variants
Change component parameters (AddParameter): Name = "ChipDip"; Value = ""; VariantName = "[No Variations]"
Change component parameters (AddParameter): Name = "Type"; Value = "CAP_CERAMIC"; VariantName = "[No Variations]"
Change component parameters (AddParameter): Name = "Value"; Value = "0,1 לך"; VariantName = "[No Variations]"
Change component parameters: Designator = "C4"; Footprint = "CAP_0603"; UniqueID = "\UCUPUCGU"
Change component parameters. Clean all parameters for all variants
Change component parameters (AddParameter): Name = "ChipDip"; Value = ""; VariantName = "[No Variations]"
Change component parameters (AddParameter): Name = "Type"; Value = "CAP_CERAMIC"; VariantName = "[No Variations]"
Change component parameters (AddParameter): Name = "Value"; Value = "0,1 לך"; VariantName = "[No Variations]"
Change component parameters: Designator = "C10"; Footprint = "CAP_0603"; UniqueID = "\XQPTKQCU"
Change component parameters. Clean all parameters for all variants
Change component parameters (AddParameter): Name = "ChipDip"; Value = ""; VariantName = "[No Variations]"
Change component parameters (AddParameter): Name = "Type"; Value = "CAP_CERAMIC"; VariantName = "[No Variations]"
Change component parameters (AddParameter): Name = "Value"; Value = "0,1 לך"; VariantName = "[No Variations]"
Change component parameters: Designator = "C15"; Footprint = "CAP_0603"; UniqueID = "\ULNGDRZB"
Change component parameters. Clean all parameters for all variants
Change component parameters (AddParameter): Name = "ChipDip"; Value = ""; VariantName = "[No Variations]"
Change component parameters (AddParameter): Name = "Type"; Value = "CAP_CERAMIC"; VariantName = "[No Variations]"
Change component parameters (AddParameter): Name = "Value"; Value = "12"; VariantName = "[No Variations]"
Change component parameters: Designator = "R7"; Footprint = "RES_0603"; UniqueID = "\TUZECOOT"
Change component parameters. Clean all parameters for all variants
Change component parameters (AddParameter): Name = "ChipDip"; Value = ""; VariantName = "[No Variations]"
Change component parameters (AddParameter): Name = "Type"; Value = "RESISTOR"; VariantName = "[No Variations]"
Change component parameters (AddParameter): Name = "Value"; Value = "3,9 ך"; VariantName = "[No Variations]"
Change component parameters: Designator = "R8"; Footprint = "RES_0603"; UniqueID = "\QFBFITQX"
Change component parameters. Clean all parameters for all variants
Change component parameters (AddParameter): Name = "ChipDip"; Value = ""; VariantName = "[No Variations]"
Change component parameters (AddParameter): Name = "Type"; Value = "RESISTOR"; VariantName = "[No Variations]"
Change component parameters (AddParameter): Name = "Value"; Value = "430"; VariantName = "[No Variations]"
Change component parameters: Designator = "R9"; Footprint = "RES_0603"; UniqueID = "\EBYMETZS"
Change component parameters. Clean all parameters for all variants
Change component parameters (AddParameter): Name = "ChipDip"; Value = ""; VariantName = "[No Variations]"
Change component parameters (AddParameter): Name = "Type"; Value = "RESISTOR"; VariantName = "[No Variations]"
Change component parameters (AddParameter): Name = "Value"; Value = "4.7 ך"; VariantName = "[No Variations]"
Change component parameters: Designator = "C11"; Footprint = "CAP_0805"; UniqueID = "\XSPUKMPJ"
Change component parameters. Clean all parameters for all variants
Change component parameters (AddParameter): Name = "Type"; Value = "CAP_CERAMIC"; VariantName = "[No Variations]"
Change component parameters (AddParameter): Name = "Value"; Value = "100 ם"; VariantName = "[No Variations]"
Change component parameters: Designator = "C12"; Footprint = "CAP_0805"; UniqueID = "\LBVCYDKV"
Change component parameters. Clean all parameters for all variants
Change component parameters (AddParameter): Name = "Type"; Value = "CAP_CERAMIC"; VariantName = "[No Variations]"
Change component parameters (AddParameter): Name = "Value"; Value = "N/A"; VariantName = "[No Variations]"
Change component parameters: Designator = "R12"; Footprint = "RES_0805"; UniqueID = "\KIACAAUU"
Change component parameters. Clean all parameters for all variants
Change component parameters (AddParameter): Name = "Type"; Value = "RESISTOR"; VariantName = "[No Variations]"
Change component parameters (AddParameter): Name = "Value"; Value = "31,25 ך"; VariantName = "[No Variations]"
Change component parameters: Designator = "R1"; Footprint = "RES_0603"; UniqueID = "\PUTWYCHU"
Change component parameters. Clean all parameters for all variants
Change component parameters (AddParameter): Name = "ChipDip"; Value = ""; VariantName = "[No Variations]"
Change component parameters (AddParameter): Name = "Type"; Value = "RESISTOR"; VariantName = "[No Variations]"
Change component parameters (AddParameter): Name = "Value"; Value = "10"; VariantName = "[No Variations]"
Change component parameters: Designator = "R3"; Footprint = "RES_0603"; UniqueID = "\GNGQNNYC"
Change component parameters. Clean all parameters for all variants
Change component parameters (AddParameter): Name = "ChipDip"; Value = ""; VariantName = "[No Variations]"
Change component parameters (AddParameter): Name = "Type"; Value = "RESISTOR"; VariantName = "[No Variations]"
Change component parameters (AddParameter): Name = "Value"; Value = "10 ך"; VariantName = "[No Variations]"
Change component parameters: Designator = "R4"; Footprint = "RES_0603"; UniqueID = "\UJLIKPWQ"
Change component parameters. Clean all parameters for all variants
Change component parameters (AddParameter): Name = "ChipDip"; Value = ""; VariantName = "[No Variations]"
Change component parameters (AddParameter): Name = "Type"; Value = "RESISTOR"; VariantName = "[No Variations]"
Change component parameters (AddParameter): Name = "Value"; Value = "3,3 ך"; VariantName = "[No Variations]"
Change component parameters: Designator = "R5"; Footprint = "RES_0603"; UniqueID = "\KJPOUZQL"
Change component parameters. Clean all parameters for all variants
Change component parameters (AddParameter): Name = "ChipDip"; Value = ""; VariantName = "[No Variations]"
Change component parameters (AddParameter): Name = "Type"; Value = "RESISTOR"; VariantName = "[No Variations]"
Change component parameters (AddParameter): Name = "Value"; Value = "10"; VariantName = "[No Variations]"
Change component parameters: Designator = "R11"; Footprint = "RES_0603"; UniqueID = "\JVFISTMN"
Change component parameters. Clean all parameters for all variants
Change component parameters (AddParameter): Name = "ChipDip"; Value = ""; VariantName = "[No Variations]"
Change component parameters (AddParameter): Name = "Type"; Value = "RESISTOR"; VariantName = "[No Variations]"
Change component parameters (AddParameter): Name = "Value"; Value = "500"; VariantName = "[No Variations]"
Change component parameters: Designator = "VD4"; Footprint = "DO-214AC-2 (SMA)"; UniqueID = "\FIHHDVOQ"
Change component parameters. Clean all parameters for all variants
Change component parameters (AddParameter): Name = "ChipDip"; Value = ""; VariantName = "[No Variations]"
Change component parameters (AddParameter): Name = "Type"; Value = ""; VariantName = "[No Variations]"
Change component parameters (AddParameter): Name = "Value"; Value = "SS36"; VariantName = "[No Variations]"
Change component parameters: Designator = "C13"; Footprint = "FP-TAJB-MFG"; UniqueID = "\CDUTSRTH"
Change component parameters. Clean all parameters for all variants
Change component parameters (AddParameter): Name = "ChipDip"; Value = "9000629219"; VariantName = "[No Variations]"
Change component parameters (AddParameter): Name = "Type"; Value = "CAP_POLYMER"; VariantName = "[No Variations]"
Change component parameters (AddParameter): Name = "Value"; Value = "22 לך"; VariantName = "[No Variations]"
Change component parameters (AddParameter): Name = "Voltage"; Value = "6,3"; VariantName = "[No Variations]"
Change component parameters: Designator = "C14"; Footprint = "FP-TAJB-MFG"; UniqueID = "\PUVQHTPS"
Change component parameters. Clean all parameters for all variants
Change component parameters (AddParameter): Name = "ChipDip"; Value = "9000629219"; VariantName = "[No Variations]"
Change component parameters (AddParameter): Name = "Type"; Value = "CAP_POLYMER"; VariantName = "[No Variations]"
Change component parameters (AddParameter): Name = "Value"; Value = "22 לך"; VariantName = "[No Variations]"
Change component parameters (AddParameter): Name = "Voltage"; Value = "6,3"; VariantName = "[No Variations]"
Change component parameters: Designator = "VD3"; Footprint = "SMC-DO-214AB"; UniqueID = "\RXUCMNBR"
Change component parameters. Clean all parameters for all variants
Change component parameters (AddParameter): Name = "ChipDip"; Value = ""; VariantName = "[No Variations]"
Change component parameters (AddParameter): Name = "Type"; Value = ""; VariantName = "[No Variations]"
Change component parameters (AddParameter): Name = "Value"; Value = "SS36"; VariantName = "[No Variations]"
Added Component: Designator=C9(CAP_AE_SMD_D6MM3_H5M55)
Add component. Clean all parameters for all variants
Add component (AddParameter): Name = "ChipDip"; Value = "9000565731"; VariantName = "[No Variations]"
Add component (AddParameter): Name = "Type"; Value = "CAP_ELECTROLYTIC"; VariantName = "[No Variations]"
Add component (AddParameter): Name = "Value"; Value = "22 לך"; VariantName = "[No Variations]"
Added Component: Designator=C16(CAP_0603)
Add component. Clean all parameters for all variants
Add component (AddParameter): Name = "ChipDip"; Value = ""; VariantName = "[No Variations]"
Add component (AddParameter): Name = "Type"; Value = "CAP_CERAMIC"; VariantName = "[No Variations]"
Add component (AddParameter): Name = "Value"; Value = "0,1 לך"; VariantName = "[No Variations]"
Added Component: Designator=C17(CAP_0805)
Add component. Clean all parameters for all variants
Add component (AddParameter): Name = "Type"; Value = "CAP_CERAMIC"; VariantName = "[No Variations]"
Add component (AddParameter): Name = "Value"; Value = "4,7 לך"; VariantName = "[No Variations]"
Added Component: Designator=C18(CAP_0805)
Add component. Clean all parameters for all variants
Add component (AddParameter): Name = "Type"; Value = "CAP_CERAMIC"; VariantName = "[No Variations]"
Add component (AddParameter): Name = "Value"; Value = "4,7 לך"; VariantName = "[No Variations]"
Added Component: Designator=C19(CAP_0603)
Add component. Clean all parameters for all variants
Add component (AddParameter): Name = "ChipDip"; Value = ""; VariantName = "[No Variations]"
Add component (AddParameter): Name = "Type"; Value = "CAP_CERAMIC"; VariantName = "[No Variations]"
Add component (AddParameter): Name = "Value"; Value = "12"; VariantName = "[No Variations]"
Added Component: Designator=L3(NRS5020)
Add component. Clean all parameters for all variants
Add component (AddParameter): Name = "ChipDip"; Value = "450851416"; VariantName = "[No Variations]"
Add component (AddParameter): Name = "Type"; Value = "INDUCTOR"; VariantName = "[No Variations]"
Add component (AddParameter): Name = "Value"; Value = "4,7 לך"; VariantName = "[No Variations]"
Added Component: Designator=R6(RES_0603)
Add component. Clean all parameters for all variants
Add component (AddParameter): Name = "ChipDip"; Value = ""; VariantName = "[No Variations]"
Add component (AddParameter): Name = "Type"; Value = "RESISTOR"; VariantName = "[No Variations]"
Add component (AddParameter): Name = "Value"; Value = "4.7 ך"; VariantName = "[No Variations]"
Added Component: Designator=R10(RES_0603)
Add component. Clean all parameters for all variants
Add component (AddParameter): Name = "ChipDip"; Value = ""; VariantName = "[No Variations]"
Add component (AddParameter): Name = "Type"; Value = "RESISTOR"; VariantName = "[No Variations]"
Add component (AddParameter): Name = "Value"; Value = "10 ך"; VariantName = "[No Variations]"
Added Component: Designator=R14(RES_0603)
Add component. Clean all parameters for all variants
Add component (AddParameter): Name = "ChipDip"; Value = ""; VariantName = "[No Variations]"
Add component (AddParameter): Name = "Type"; Value = "RESISTOR"; VariantName = "[No Variations]"
Add component (AddParameter): Name = "Value"; Value = "4.7 ך"; VariantName = "[No Variations]"
Added Component: Designator=R15(RES_0603)
Add component. Clean all parameters for all variants
Add component (AddParameter): Name = "ChipDip"; Value = ""; VariantName = "[No Variations]"
Add component (AddParameter): Name = "Type"; Value = "RESISTOR"; VariantName = "[No Variations]"
Add component (AddParameter): Name = "Value"; Value = "10 ך"; VariantName = "[No Variations]"
Added Component: Designator=R16(RES_0603)
Add component. Clean all parameters for all variants
Add component (AddParameter): Name = "ChipDip"; Value = ""; VariantName = "[No Variations]"
Add component (AddParameter): Name = "Type"; Value = "RESISTOR"; VariantName = "[No Variations]"
Add component (AddParameter): Name = "Value"; Value = "4,7 ך"; VariantName = "[No Variations]"
Added Component: Designator=R17(RES_0603)
Add component. Clean all parameters for all variants
Add component (AddParameter): Name = "ChipDip"; Value = ""; VariantName = "[No Variations]"
Add component (AddParameter): Name = "Type"; Value = "RESISTOR"; VariantName = "[No Variations]"
Add component (AddParameter): Name = "Value"; Value = "4,7 ך"; VariantName = "[No Variations]"
Added Component: Designator=R18(RES_0603)
Add component. Clean all parameters for all variants
Add component (AddParameter): Name = "ChipDip"; Value = ""; VariantName = "[No Variations]"
Add component (AddParameter): Name = "Type"; Value = "RESISTOR"; VariantName = "[No Variations]"
Add component (AddParameter): Name = "Value"; Value = "4.7 ך"; VariantName = "[No Variations]"
Added Component: Designator=R19(RES_0603)
Add component. Clean all parameters for all variants
Add component (AddParameter): Name = "ChipDip"; Value = ""; VariantName = "[No Variations]"
Add component (AddParameter): Name = "Type"; Value = "RESISTOR"; VariantName = "[No Variations]"
Add component (AddParameter): Name = "Value"; Value = "1 ך"; VariantName = "[No Variations]"
Added Component: Designator=R20(RES_0603)
Add component. Clean all parameters for all variants
Add component (AddParameter): Name = "ChipDip"; Value = ""; VariantName = "[No Variations]"
Add component (AddParameter): Name = "Type"; Value = "RESISTOR"; VariantName = "[No Variations]"
Add component (AddParameter): Name = "Value"; Value = "1 ך"; VariantName = "[No Variations]"
Added Component: Designator=TP1(PAD_RND_1MM)
Add component. Clean all parameters for all variants
Add component (AddParameter): Name = "CustomTxt"; Value = "SUPPLY"; VariantName = "[No Variations]"
Add component (AddParameter): Name = "Type"; Value = ""; VariantName = "[No Variations]"
Added Component: Designator=TP2(PAD_RND_1MM)
Add component. Clean all parameters for all variants
Add component (AddParameter): Name = "CustomTxt"; Value = "3.3 V"; VariantName = "[No Variations]"
Add component (AddParameter): Name = "Type"; Value = ""; VariantName = "[No Variations]"
Added Component: Designator=U6(SOT-23-6)
Add component. Clean all parameters for all variants
Add component (AddParameter): Name = "Model"; Value = "RY8310"; VariantName = "[No Variations]"
Add component (AddParameter): Name = "Type"; Value = "IC"; VariantName = "[No Variations]"
Added Component: Designator=VD2(SMC-DO-214AB)
Add component. Clean all parameters for all variants
Add component (AddParameter): Name = "ChipDip"; Value = ""; VariantName = "[No Variations]"
Add component (AddParameter): Name = "Type"; Value = ""; VariantName = "[No Variations]"
Add component (AddParameter): Name = "Value"; Value = "SS36"; VariantName = "[No Variations]"
Added Component: Designator=X8(CON: IDC-6MS)
Add component. Clean all parameters for all variants
Add component (AddParameter): Name = "ChipDip"; Value = "9000058155"; VariantName = "[No Variations]"
Add component (AddParameter): Name = "Model"; Value = "IDC-06MS"; VariantName = "[No Variations]"
Add component (AddParameter): Name = "Type"; Value = ""; VariantName = "[No Variations]"
Added Component: Designator=X9(CON: WF-03)
Add component. Clean all parameters for all variants
Add component (AddParameter): Name = "ChipDip"; Value = ""; VariantName = "[No Variations]"
Add component (AddParameter): Name = "Model"; Value = ""; VariantName = "[No Variations]"
Add component (AddParameter): Name = "Type"; Value = ""; VariantName = "[No Variations]"
Added Pin To Net: NetName=GND Pin=C9-2
Added Pin To Net: NetName=GND Pin=C10-2
Added Pin To Net: NetName=3.3 V Pin=C12-2
Added Pin To Net: NetName=3.3 V Pin=C13-2
Added Pin To Net: NetName=GND Pin=C14-1
Added Pin To Net: NetName=3.3 V Pin=C14-2
Added Pin To Net: NetName=OSC_8_OUT Pin=C15-1
Added Pin To Net: NetName=GND Pin=C15-2
Added Pin To Net: NetName=3.3 V Pin=C16-1
Added Pin To Net: NetName=GND Pin=C16-2
Added Pin To Net: NetName=GND Pin=C17-1
Added Pin To Net: NetName=Vcap_1 Pin=C17-2
Added Pin To Net: NetName=GND Pin=C18-1
Added Pin To Net: NetName=Vcap_2 Pin=C18-2
Added Pin To Net: NetName=OSC_8_IN Pin=C19-1
Added Pin To Net: NetName=GND Pin=C19-2
Added Pin To Net: NetName=3.3 V Pin=L3-2
Added Pin To Net: NetName=NetC2_2 Pin=R1-2
Added Pin To Net: NetName=NetR1_1 Pin=R2-1
Added Pin To Net: NetName=5 V Pin=R3-2
Added Pin To Net: NetName=GND Pin=R4-1
Added Pin To Net: NetName=24 V Pin=R5-1
Added Pin To Net: NetName=NetC2_1 Pin=R5-2
Added Pin To Net: NetName=3.3 V Pin=R6-1
Added Pin To Net: NetName=SUPPLY_INT Pin=R6-2
Added Pin To Net: NetName=Load_En Pin=R9-1
Added Pin To Net: NetName=GND Pin=R9-2
Added Pin To Net: NetName=EM_STOP Pin=R10-1
Added Pin To Net: NetName=12 V Pin=R10-2
Added Pin To Net: NetName=EM_STOP Pin=R11-1
Added Pin To Net: NetName=3.3 V Pin=R12-1
Added Pin To Net: NetName=GND Pin=R13-2
Added Pin To Net: NetName=EM_STOP_PIN Pin=R14-2
Added Pin To Net: NetName=3.3 V Pin=R15-1
Added Pin To Net: NetName=3.3 V Pin=R16-1
Added Pin To Net: NetName=I2C_2_SCL Pin=R16-2
Added Pin To Net: NetName=3.3 V Pin=R17-1
Added Pin To Net: NetName=I2C_2_SDA Pin=R17-2
Added Pin To Net: NetName=SPI_ADC_CS Pin=R18-1
Added Pin To Net: NetName=3.3 V Pin=R18-2
Added Pin To Net: NetName=3.3 V Pin=R19-2
Added Pin To Net: NetName=3.3 V Pin=R20-2
Added Pin To Net: NetName=3.3 V Pin=TP2-1
Added Pin To Net: NetName=NetC2_2 Pin=U2-9
Added Pin To Net: NetName=NetC2_1 Pin=U2-10
Added Pin To Net: NetName=GND Pin=U6-2
Added Pin To Net: NetName=SYS_SWCLK Pin=U8-3
Added Pin To Net: NetName=SYS_SWDIO Pin=U8-4
Added Pin To Net: NetName=TERM_TX Pin=U9-1
Added Pin To Net: NetName=TERM_RX Pin=U9-3
Added Pin To Net: NetName=TERM_RX Pin=U9-4
Added Pin To Net: NetName=TERM_TX Pin=U9-6
Added Pin To Net: NetName=TERM_TX Pin=U10-92
Added Pin To Net: NetName=NetR1_1 Pin=VD1-1
Added Pin To Net: NetName=GND Pin=VD2-A
Added Pin To Net: NetName=NetL1_2 Pin=VD2-K
Added Pin To Net: NetName=GND Pin=VD3-A
Added Pin To Net: NetName=NetL2_2 Pin=VD3-K
Added Pin To Net: NetName=NetK1_4 Pin=VD4-A
Added Pin To Net: NetName=5 V Pin=VD4-K
Added Pin To Net: NetName=GND Pin=VD5-A
Added Pin To Net: NetName=V_OUT Pin=VD5-K
Added Pin To Net: NetName=TERM_RX Pin=VD8-2
Added Pin To Net: NetName=RESET_PIN Pin=X8-1
Added Pin To Net: NetName=SYS_SWCLK Pin=X8-2
Added Pin To Net: NetName=SYS_SWDIO Pin=X8-3
Added Pin To Net: NetName=GND Pin=X8-4
Added Pin To Net: NetName=3.3 V Pin=X8-5
Added Pin To Net: NetName=5 V Pin=X8-6
Added Pin To Net: NetName=TERM_RX Pin=X9-1
Added Pin To Net: NetName=GND Pin=X9-2
Added Pin To Net: NetName=TERM_TX Pin=X9-3
Change Net Name : Old Net Name=NetC5_1 New Net Name=NetC52_1
Change Net Name : Old Net Name=NetC32_1 New Net Name=NetC35_1
Change Net Name : Old Net Name=NetC32_2 New Net Name=NetC35_2
Change Net Name : Old Net Name=NetC33_1 New Net Name=NetC36_1
Change Net Name : Old Net Name=NetC33_2 New Net Name=NetC36_2
Change Net Name : Old Net Name=NetC37_2 New Net Name=NetC39_2
Change Net Name : Old Net Name=NetC38_2 New Net Name=NetC40_2
Change Net Name : Old Net Name=NetC40_2 New Net Name=NetC42_2
Change Net Name : Old Net Name=NetC41_2 New Net Name=NetC43_2
Change Net Name : Old Net Name=NetC60_1 New Net Name=NetC55_1
Change Net Name : Old Net Name=NetFU6_1 New Net Name=NetFU7_1
Change Net Name : Old Net Name=NetFU6_2 New Net Name=NetFU7_2
Change Net Name : Old Net Name=NetFU7_1 New Net Name=NetFU8_1
Change Net Name : Old Net Name=NetFU7_2 New Net Name=NetFU8_2
Change Net Name : Old Net Name=NetFU8_1 New Net Name=NetFU9_1
Change Net Name : Old Net Name=NetFU8_2 New Net Name=NetFU9_2
Change Net Name : Old Net Name=NetFU9_1 New Net Name=NetFU10_1
Change Net Name : Old Net Name=NetFU9_2 New Net Name=NetFU10_2
Change Net Name : Old Net Name=NetFU10_1 New Net Name=NetFU11_1
Change Net Name : Old Net Name=NetFU10_2 New Net Name=NetFU11_2
Change Net Name : Old Net Name=NetFU11_1 New Net Name=NetFU12_1
Change Net Name : Old Net Name=NetFU11_2 New Net Name=NetFU12_2
Change Net Name : Old Net Name=NetFU12_1 New Net Name=NetFU13_1
Change Net Name : Old Net Name=NetFU12_2 New Net Name=NetFU13_2
Change Net Name : Old Net Name=NetFU13_1 New Net Name=NetFU14_1
Change Net Name : Old Net Name=NetFU13_2 New Net Name=NetFU14_2
Change Net Name : Old Net Name=NetFU14_1 New Net Name=NetFU15_1
Change Net Name : Old Net Name=NetFU14_2 New Net Name=NetFU15_2
Change Net Name : Old Net Name=NetQ4_1 New Net Name=NetQ3_1
Change Net Name : Old Net Name=NetQ5_1 New Net Name=NetQ4_1
Change Net Name : Old Net Name=NetR17_2 New Net Name=NetR21_2
Change Net Name : Old Net Name=NetR23_2 New Net Name=NetR26_2
Change Net Name : Old Net Name=NetR24_2 New Net Name=NetR27_2
Change Net Name : Old Net Name=NetR36_1 New Net Name=NetR38_1
Change Net Name : Old Net Name=NetR37_1 New Net Name=NetR39_1
Change Net Name : Old Net Name=NetR38_1 New Net Name=NetR40_1
Change Net Name : Old Net Name=NetR41_1 New Net Name=NetR42_1
Change Net Name : Old Net Name=NetR41_2 New Net Name=NetR42_2
Change Net Name : Old Net Name=NetR42_1 New Net Name=NetR43_1
Change Net Name : Old Net Name=NetR42_2 New Net Name=NetR43_2
Change Net Name : Old Net Name=NetR49_1 New Net Name=NetR48_1
Change Net Name : Old Net Name=NetR52_1 New Net Name=NetR50_1
Change Net Name : Old Net Name=NetR61_2 New Net Name=NetR59_2
Change Net Name : Old Net Name=NetR62_2 New Net Name=NetR60_2
Change Net Name : Old Net Name=NetR64_1 New Net Name=NetR62_1
Change Net Name : Old Net Name=NetR65_2 New Net Name=NetR63_2
Change Net Name : Old Net Name=NetR66_1 New Net Name=NetR64_1
Change Net Name : Old Net Name=NetR73_1 New Net Name=NetR71_1
Change Net Name : Old Net Name=NetR74_1 New Net Name=NetR72_1
Change Net Name : Old Net Name=NetR75_1 New Net Name=NetR73_1
Change Net Name : Old Net Name=NetR76_1 New Net Name=NetR74_1
Change Net Name : Old Net Name=NetR77_1 New Net Name=NetR75_1
Change Net Name : Old Net Name=NetR78_1 New Net Name=NetR76_1
Change Net Name : Old Net Name=NetU12_1 New Net Name=NetU15_1
Change Net Name : Old Net Name=NetU12_7 New Net Name=NetU15_7
Added Pin To Net: NetName=NetC10_1 Pin=C10-1
Added Pin To Net: NetName=NetC10_1 Pin=R11-2
Added Pin To Net: NetName=NetC10_1 Pin=R14-1
Added Pin To Net: NetName=NetC10_1 Pin=VD6-3
Added Net: Name=NetC10_1
Added Pin To Net: NetName=NetC11_1 Pin=C11-1
Added Pin To Net: NetName=NetC11_1 Pin=U6-1
Added Net: Name=NetC11_1
Added Pin To Net: NetName=NetC11_2 Pin=C11-2
Added Pin To Net: NetName=NetC11_2 Pin=L3-1
Added Pin To Net: NetName=NetC11_2 Pin=U6-6
Added Net: Name=NetC11_2
Added Pin To Net: NetName=NetC12_1 Pin=C12-1
Added Pin To Net: NetName=NetC12_1 Pin=R12-2
Added Pin To Net: NetName=NetC12_1 Pin=R13-1
Added Pin To Net: NetName=NetC12_1 Pin=U6-3
Added Net: Name=NetC12_1
Added Pin To Net: NetName=NetR3_1 Pin=R3-1
Added Pin To Net: NetName=NetR3_1 Pin=R4-2
Added Pin To Net: NetName=NetR3_1 Pin=U1-4
Added Net: Name=NetR3_1
Added Pin To Net: NetName=NetR15_2 Pin=R15-2
Added Pin To Net: NetName=NetR15_2 Pin=U7-3
Added Net: Name=NetR15_2
Added Pin To Net: NetName=NetR19_1 Pin=R19-1
Added Pin To Net: NetName=NetR19_1 Pin=VD7-1
Added Net: Name=NetR19_1
Added Pin To Net: NetName=NetR20_1 Pin=R20-1
Added Pin To Net: NetName=NetR20_1 Pin=VD8-1
Added Net: Name=NetR20_1
Added Pin To Net: NetName=SUPPLY Pin=C9-1
Added Pin To Net: NetName=SUPPLY Pin=TP1-1
Added Pin To Net: NetName=SUPPLY Pin=U6-4
Added Pin To Net: NetName=SUPPLY Pin=U6-5
Added Net: Name=SUPPLY
Added Member To Class: ClassName=Sheet1 Member=Component C9 22 לך
Added Member To Class: ClassName=Sheet1 Member=Component C11 100 ם
Added Member To Class: ClassName=Sheet1 Member=Component C12 N/A
Added Member To Class: ClassName=Sheet1 Member=Component C13 22 לך
Added Member To Class: ClassName=Sheet1 Member=Component C14 22 לך
Added Member To Class: ClassName=Sheet2 Member=Component C16 0,1 לך
Added Member To Class: ClassName=Sheet2 Member=Component C17 4,7 לך
Added Member To Class: ClassName=Sheet2 Member=Component C32 4,7 לך
Added Member To Class: ClassName=Sheet2 Member=Component C33 0,1 לך
Added Member To Class: ClassName=Sheet4 Member=Component FU8 0,12 ְ
Added Member To Class: ClassName=Sheet1 Member=Component L1 330 לך
Added Member To Class: ClassName=Sheet1 Member=Component L3 4,7 לך
Added Member To Class: ClassName=Sheet1 Member=Component R3 10 ך
Added Member To Class: ClassName=Sheet1 Member=Component R4 3,3 ך
Added Member To Class: ClassName=Sheet1 Member=Component R10 10 ך
Added Member To Class: ClassName=Sheet1 Member=Component R13 10 ך
Added Member To Class: ClassName=Sheet1 Member=Component R14 4.7 ך
Added Member To Class: ClassName=Sheet2 Member=Component R15 10 ך
Added Member To Class: ClassName=Sheet2 Member=Component R16 4,7 ך
Added Member To Class: ClassName=Sheet2 Member=Component R20 1 ך
Added Member To Class: ClassName=Sheet2 Member=Component R21 1 ך
Added Member To Class: ClassName=Sheet2 Member=Component R22 10 ך
Added Member To Class: ClassName=Sheet2 Member=Component R23 10 ך
Added Member To Class: ClassName=Sheet1 Member=Component TP1 SUPPLY
Added Member To Class: ClassName=Sheet1 Member=Component TP2 3.3 V
Added Member To Class: ClassName=Sheet1 Member=Component U6 RY8310
Added Member To Class: ClassName=Sheet2 Member=Component U11 W25Q32BVSSIG
Added Member To Class: ClassName=Sheet2 Member=Component X8 IDC-06MS
Added Member To Class: ClassName=Sheet2 Member=Component X9 *
