Removed Pin From Net: NetName=Eth_RST Pin=X14-1
Removed Pin From Net: NetName=ETH_CS Pin=X15-1
Removed Pin From Net: NetName=ETH_MOSI Pin=X16-1
Removed Pin From Net: NetName=ETH_MISO Pin=X17-1
Removed Pin From Net: NetName=ETH_SCK Pin=X18-1
Removed Pin From Net: NetName=Eth_INT Pin=X19-1
Removed Member From Class: ClassName=Sheet3 Member=X14
Removed Member From Class: ClassName=Sheet3 Member=X15
Removed Member From Class: ClassName=Sheet3 Member=X16
Removed Member From Class: ClassName=Sheet3 Member=X17
Removed Member From Class: ClassName=Sheet3 Member=X18
Removed Member From Class: ClassName=Sheet3 Member=X19
Added Component: Designator=X?(CON: PLS-6)
Add component. Clean all parameters for all variants
Add component (AddParameter): Name = "ComponentKind"; Value = ""; VariantName = "[No Variations]"
Add component (AddParameter): Name = "HelpURL"; Value = ""; VariantName = "[No Variations]"
Add component (AddParameter): Name = "Manufacturer"; Value = ""; VariantName = "[No Variations]"
Add component (AddParameter): Name = "Model"; Value = ""; VariantName = "[No Variations]"
Added Pin To Net: NetName=Eth_RST Pin=X?-1
Added Pin To Net: NetName=ETH_CS Pin=X?-2
Added Pin To Net: NetName=ETH_MOSI Pin=X?-3
Added Pin To Net: NetName=ETH_MISO Pin=X?-4
Added Pin To Net: NetName=ETH_SCK Pin=X?-5
Added Pin To Net: NetName=Eth_INT Pin=X?-6
Added Member To Class: ClassName=Sheet3 Member=Component X? *
