Change Component Designator: Old Designator=C61 New Designator=C56
Change Component Designator: Old Designator=C62 New Designator=C57
Change Component Designator: Old Designator=C63 New Designator=C58
Change Component Designator: Old Designator=C64 New Designator=C59
Change Component Designator: Old Designator=C65 New Designator=C60
Change Component Designator: Old Designator=C66 New Designator=C61
Change Component Designator: Old Designator=C67 New Designator=C62
Change Component Designator: Old Designator=C68 New Designator=C63
Change Component Designator: Old Designator=C69 New Designator=C64
Change Component Designator: Old Designator=C70 New Designator=C65
Change Component Designator: Old Designator=C71 New Designator=C66
Change Component Designator: Old Designator=C72 New Designator=C67
Change Component Designator: Old Designator=C73 New Designator=C68
Change Component Designator: Old Designator=C74 New Designator=C69
Change Component Designator: Old Designator=C75 New Designator=C70
Change Component Designator: Old Designator=FU8 New Designator=FU9
Change Component Designator: Old Designator=FU9 New Designator=FU10
Change Component Designator: Old Designator=FU10 New Designator=FU11
Change Component Designator: Old Designator=FU11 New Designator=FU12
Change Component Designator: Old Designator=FU12 New Designator=FU13
Change Component Designator: Old Designator=FU13 New Designator=FU14
Change Component Designator: Old Designator=FU14 New Designator=FU15
Change Component Designator: Old Designator=Q4 New Designator=Q3
Change Component Designator: Old Designator=Q5 New Designator=Q4
Change Component Designator: Old Designator=R66 New Designator=R64
Change Component Designator: Old Designator=R67 New Designator=R65
Change Component Designator: Old Designator=R68 New Designator=R66
Change Component Designator: Old Designator=R69 New Designator=R67
Change Component Designator: Old Designator=R70 New Designator=R68
Change Component Designator: Old Designator=R71 New Designator=R69
Change Component Designator: Old Designator=R72 New Designator=R70
Change Component Designator: Old Designator=R73 New Designator=R71
Change Component Designator: Old Designator=R74 New Designator=R72
Change Component Designator: Old Designator=R75 New Designator=R73
Change Component Designator: Old Designator=R76 New Designator=R74
Change Component Designator: Old Designator=R77 New Designator=R75
Change Component Designator: Old Designator=R78 New Designator=R76
Change Component Designator: Old Designator=U17 New Designator=U19
Change Component Designator: Old Designator=U18 New Designator=U20
Change Component Designator: Old Designator=U19 New Designator=U21
Change Component Designator: Old Designator=U20 New Designator=U22
Change Component Designator: Old Designator=X28 New Designator=X17
Change Component Designator: Old Designator=X29 New Designator=X18
Change Component Designator: Old Designator=X30 New Designator=X19
Change Component Designator: Old Designator=X31 New Designator=X20
Change Component Designator: Old Designator=X32 New Designator=X21
Change Component Designator: Old Designator=X33 New Designator=X22
Change Component Designator: Old Designator=X34 New Designator=X23
Change Component Designator: Old Designator=X35 New Designator=X24
Change Component Designator: Old Designator=X36 New Designator=X25
Change Component Designator: Old Designator=X37 New Designator=X28
Change Component Designator: Old Designator=X38 New Designator=X29
Change Component Designator: Old Designator=X39 New Designator=X30
Change Component Designator: Old Designator=X40 New Designator=X26
Change Component Designator: Old Designator=X41 New Designator=X27
