Change Component Designator: Old Designator=C17 New Designator=C12
Change Component Designator: Old Designator=C18 New Designator=C13
Change Component Designator: Old Designator=C19 New Designator=C14
Change Component Designator: Old Designator=C20 New Designator=C15
Change Component Designator: Old Designator=C21 New Designator=C16
Change Component Designator: Old Designator=C22 New Designator=C17
Change Component Designator: Old Designator=C23 New Designator=C18
Change Component Designator: Old Designator=C24 New Designator=C19
Change Component Designator: Old Designator=C25 New Designator=C20
Change Component Designator: Old Designator=C26 New Designator=C22
Change Component Designator: Old Designator=C27 New Designator=C28
Change Component Designator: Old Designator=C28 New Designator=C29
Change Component Designator: Old Designator=C29 New Designator=C21
Change Component Designator: Old Designator=C30 New Designator=C33
Change Component Designator: Old Designator=C31 New Designator=C23
Change Component Designator: Old Designator=C32 New Designator=C24
Change Component Designator: Old Designator=C33 New Designator=C25
Change Component Designator: Old Designator=C34 New Designator=C26
Change Component Designator: Old Designator=C35 New Designator=C27
Change Component Designator: Old Designator=C36 New Designator=C30
Change Component Designator: Old Designator=C37 New Designator=C31
Change Component Designator: Old Designator=C38 New Designator=C32
Change Component Designator: Old Designator=D6 New Designator=D4
Change Component Designator: Old Designator=D7 New Designator=D5
Change Component Designator: Old Designator=D8 New Designator=D6
Change Component Designator: Old Designator=D9 New Designator=D7
Change Component Designator: Old Designator=L4 New Designator=L3
Change Component Designator: Old Designator=L5 New Designator=L4
Change Component Designator: Old Designator=Q2 New Designator=Q1
Change Component Designator: Old Designator=R22 New Designator=R14
Change Component Designator: Old Designator=R23 New Designator=R15
Change Component Designator: Old Designator=R24 New Designator=R16
Change Component Designator: Old Designator=R25 New Designator=R17
Change Component Designator: Old Designator=R26 New Designator=R18
Change Component Designator: Old Designator=R27 New Designator=R19
Change Component Designator: Old Designator=R28 New Designator=R20
Change Component Designator: Old Designator=R30 New Designator=R21
Change Component Designator: Old Designator=R31 New Designator=R22
Change Component Designator: Old Designator=R32 New Designator=R23
Change Component Designator: Old Designator=R33 New Designator=R24
Change Component Designator: Old Designator=R34 New Designator=R25
Change Component Designator: Old Designator=R35 New Designator=R26
Change Component Designator: Old Designator=R36 New Designator=R27
Change Component Designator: Old Designator=R37 New Designator=R28
Change Component Designator: Old Designator=R38 New Designator=R29
Change Component Designator: Old Designator=R39 New Designator=R30
Change Component Designator: Old Designator=R40 New Designator=R31
Change Component Designator: Old Designator=R41 New Designator=R32
Change Component Designator: Old Designator=R42 New Designator=R33
Change Component Designator: Old Designator=R43 New Designator=R34
Change Component Designator: Old Designator=R44 New Designator=R35
Change Component Designator: Old Designator=U6 New Designator=U4
Change Component Designator: Old Designator=U7 New Designator=U5
Change Component Designator: Old Designator=U9 New Designator=U6
Change Component Designator: Old Designator=U9 New Designator=U6
Change Component Designator: Old Designator=U11 New Designator=U7
Change Component Designator: Old Designator=VD6 New Designator=VD4
