Change Component Designator: Old Designator=C32 New Designator=C35
Change Component Designator: Old Designator=C33 New Designator=C36
Change Component Designator: Old Designator=C35 New Designator=C37
Change Component Designator: Old Designator=C36 New Designator=C38
Change Component Designator: Old Designator=C37 New Designator=C39
Change Component Designator: Old Designator=C38 New Designator=C40
Change Component Designator: Old Designator=C39 New Designator=C41
Change Component Designator: Old Designator=C40 New Designator=C42
Change Component Designator: Old Designator=C41 New Designator=C43
Change Component Designator: Old Designator=C42 New Designator=C44
Change Component Designator: Old Designator=C43 New Designator=C45
Change Component Designator: Old Designator=C44 New Designator=C46
Change Component Designator: Old Designator=C45 New Designator=C47
Change Component Designator: Old Designator=L3 New Designator=L4
Change Component Designator: Old Designator=R21 New Designator=R24
Change Component Designator: Old Designator=R22 New Designator=R25
Change Component Designator: Old Designator=R23 New Designator=R26
Change Component Designator: Old Designator=R24 New Designator=R27
Change Component Designator: Old Designator=R25 New Designator=R28
Change Component Designator: Old Designator=R26 New Designator=R29
Change Component Designator: Old Designator=R27 New Designator=R32
Change Component Designator: Old Designator=R28 New Designator=R33
Change Component Designator: Old Designator=R29 New Designator=R30
Change Component Designator: Old Designator=R30 New Designator=R31
Change Component Designator: Old Designator=R31 New Designator=R34
Change Component Designator: Old Designator=R32 New Designator=R35
Change Component Designator: Old Designator=U9 New Designator=U12
Change Component Designator: Old Designator=U10 New Designator=U14
Change Component Designator: Old Designator=U11 New Designator=U13
Change Component Designator: Old Designator=VD8 New Designator=VD10
Change Component Designator: Old Designator=VD9 New Designator=VD11
Change Component Designator: Old Designator=VD10 New Designator=VD12
Change Component Designator: Old Designator=VD11 New Designator=VD13
Change Component Designator: Old Designator=X13 New Designator=X10
