Change Component Designator: Old Designator=C6 New Designator=C5
Change Component Designator: Old Designator=C7 New Designator=C6
Change Component Designator: Old Designator=C8 New Designator=C7
Change Component Designator: Old Designator=C9 New Designator=C8
Change Component Designator: Old Designator=C? New Designator=C2
Change Component Designator: Old Designator=C? New Designator=C4
Change Component Designator: Old Designator=C? New Designator=C9
Change Component Designator: Old Designator=C? New Designator=C11
Change Component Designator: Old Designator=C? New Designator=C12
Change Component Designator: Old Designator=C? New Designator=C13
Change Component Designator: Old Designator=C? New Designator=C14
Change Component Designator: Old Designator=L? New Designator=L3
Change Component Designator: Old Designator=P3 New Designator=P2
Change Component Designator: Old Designator=R1 New Designator=R3
Change Component Designator: Old Designator=R2 New Designator=R4
Change Component Designator: Old Designator=R5 New Designator=R6
Change Component Designator: Old Designator=R6 New Designator=R2
Change Component Designator: Old Designator=R11 New Designator=R10
Change Component Designator: Old Designator=R12 New Designator=R11
Change Component Designator: Old Designator=R48 New Designator=R5
Change Component Designator: Old Designator=R51 New Designator=R1
Change Component Designator: Old Designator=R56 New Designator=R14
Change Component Designator: Old Designator=R? New Designator=R12
Change Component Designator: Old Designator=R? New Designator=R13
Change Component Designator: Old Designator=TP? New Designator=TP1
Change Component Designator: Old Designator=TP? New Designator=TP2
Change Component Designator: Old Designator=U3 New Designator=U4
Change Component Designator: Old Designator=U4 New Designator=U3
Change Component Designator: Old Designator=U? New Designator=U6
Change Component Designator: Old Designator=VD1 New Designator=VD2
Change Component Designator: Old Designator=VD2 New Designator=VD1
Change Component Designator: Old Designator=VD4 New Designator=VD5
Change Component Designator: Old Designator=VD5 New Designator=VD4
Change Component Designator: Old Designator=VD7 New Designator=VD6
Change Component Designator: Old Designator=X2 New Designator=X1
Change Component Designator: Old Designator=X3 New Designator=X2
Change Component Designator: Old Designator=X4 New Designator=X3
Change Component Designator: Old Designator=X5 New Designator=X4
Change Component Designator: Old Designator=X6 New Designator=X5
Change Component Designator: Old Designator=X7 New Designator=X6
Change Component Designator: Old Designator=X8 New Designator=X7
