Change Component Designator: Old Designator=C5 New Designator=C52
Change Component Designator: Old Designator=C47 New Designator=C48
Change Component Designator: Old Designator=C51 New Designator=C49
Change Component Designator: Old Designator=C56 New Designator=C50
Change Component Designator: Old Designator=C57 New Designator=C51
Change Component Designator: Old Designator=C58 New Designator=C53
Change Component Designator: Old Designator=C59 New Designator=C54
Change Component Designator: Old Designator=C60 New Designator=C55
Change Component Designator: Old Designator=FU6 New Designator=FU7
Change Component Designator: Old Designator=FU7 New Designator=FU8
Change Component Designator: Old Designator=FU15 New Designator=FU6
Change Component Designator: Old Designator=P2 New Designator=P3
Change Component Designator: Old Designator=R10 New Designator=R53
Change Component Designator: Old Designator=R33 New Designator=R36
Change Component Designator: Old Designator=R34 New Designator=R37
Change Component Designator: Old Designator=R36 New Designator=R38
Change Component Designator: Old Designator=R37 New Designator=R39
Change Component Designator: Old Designator=R38 New Designator=R40
Change Component Designator: Old Designator=R39 New Designator=R61
Change Component Designator: Old Designator=R40 New Designator=R41
Change Component Designator: Old Designator=R41 New Designator=R42
Change Component Designator: Old Designator=R42 New Designator=R43
Change Component Designator: Old Designator=R43 New Designator=R44
Change Component Designator: Old Designator=R44 New Designator=R45
Change Component Designator: Old Designator=R49 New Designator=R48
Change Component Designator: Old Designator=R50 New Designator=R49
Change Component Designator: Old Designator=R52 New Designator=R50
Change Component Designator: Old Designator=R53 New Designator=R51
Change Component Designator: Old Designator=R54 New Designator=R52
Change Component Designator: Old Designator=R55 New Designator=R54
Change Component Designator: Old Designator=R57 New Designator=R55
Change Component Designator: Old Designator=R58 New Designator=R56
Change Component Designator: Old Designator=R59 New Designator=R57
Change Component Designator: Old Designator=R60 New Designator=R58
Change Component Designator: Old Designator=R61 New Designator=R59
Change Component Designator: Old Designator=R62 New Designator=R60
Change Component Designator: Old Designator=R64 New Designator=R62
Change Component Designator: Old Designator=R65 New Designator=R63
Change Component Designator: Old Designator=U12 New Designator=U15
Change Component Designator: Old Designator=U12 New Designator=U15
Change Component Designator: Old Designator=U14 New Designator=U16
Change Component Designator: Old Designator=U15 New Designator=U17
Change Component Designator: Old Designator=U16 New Designator=U18
Change Component Designator: Old Designator=VD6 New Designator=VD23
Change Component Designator: Old Designator=VD12 New Designator=VD17
Change Component Designator: Old Designator=VD13 New Designator=VD15
Change Component Designator: Old Designator=VD14 New Designator=VD16
Change Component Designator: Old Designator=VD16 New Designator=VD14
Change Component Designator: Old Designator=VD20 New Designator=VD18
Change Component Designator: Old Designator=VD21 New Designator=VD19
Change Component Designator: Old Designator=VD22 New Designator=VD20
Change Component Designator: Old Designator=VD23 New Designator=VD21
Change Component Designator: Old Designator=VD24 New Designator=VD22
Change Component Designator: Old Designator=X20 New Designator=X11
Change Component Designator: Old Designator=X21 New Designator=X12
Change Component Designator: Old Designator=X22 New Designator=X13
Change Component Designator: Old Designator=X23 New Designator=X14
Change Component Designator: Old Designator=X25 New Designator=X15
Change Component Designator: Old Designator=X26 New Designator=X16
