Change Component Designator: Old Designator=C54 New Designator=C?
Change Component Designator: Old Designator=C55 New Designator=C?
Change Component Designator: Old Designator=C56 New Designator=C?
Change Component Designator: Old Designator=C57 New Designator=C?
Change Component Designator: Old Designator=C58 New Designator=C?
Change Component Designator: Old Designator=C59 New Designator=C?
Change Component Designator: Old Designator=C60 New Designator=C?
Change Component Designator: Old Designator=C61 New Designator=C?
Change Component Designator: Old Designator=C62 New Designator=C?
Change Component Designator: Old Designator=C63 New Designator=C?
Change Component Designator: Old Designator=C64 New Designator=C?
Change Component Designator: Old Designator=C65 New Designator=C?
Change Component Designator: Old Designator=C66 New Designator=C?
Change Component Designator: Old Designator=C67 New Designator=C?
Change Component Designator: Old Designator=C68 New Designator=C?
Change Component Designator: Old Designator=C69 New Designator=C?
Change Component Designator: Old Designator=C70 New Designator=C?
Change Component Designator: Old Designator=FU9 New Designator=FU?
Change Component Designator: Old Designator=FU10 New Designator=FU?
Change Component Designator: Old Designator=FU11 New Designator=FU?
Change Component Designator: Old Designator=FU12 New Designator=FU?
Change Component Designator: Old Designator=FU13 New Designator=FU?
Change Component Designator: Old Designator=FU14 New Designator=FU?
Change Component Designator: Old Designator=FU15 New Designator=FU?
Change Component Designator: Old Designator=R67 New Designator=R?
Change Component Designator: Old Designator=R68 New Designator=R?
Change Component Designator: Old Designator=R69 New Designator=R?
Change Component Designator: Old Designator=R70 New Designator=R?
Change Component Designator: Old Designator=R71 New Designator=R?
Change Component Designator: Old Designator=R72 New Designator=R?
Change Component Designator: Old Designator=R73 New Designator=R?
Change Component Designator: Old Designator=R74 New Designator=R?
Change Component Designator: Old Designator=R75 New Designator=R?
Change Component Designator: Old Designator=R76 New Designator=R?
Change Component Designator: Old Designator=R77 New Designator=R?
Change Component Designator: Old Designator=R78 New Designator=R?
Change Component Designator: Old Designator=R79 New Designator=R?
Change Component Designator: Old Designator=R80 New Designator=R?
Change Component Designator: Old Designator=R81 New Designator=R?
Change Component Designator: Old Designator=R82 New Designator=R?
Change Component Designator: Old Designator=R83 New Designator=R?
Change Component Designator: Old Designator=U18 New Designator=U?
Change Component Designator: Old Designator=U19 New Designator=U?
Change Component Designator: Old Designator=U20 New Designator=U?
Change Component Designator: Old Designator=U21 New Designator=U?
Change Component Designator: Old Designator=VD24 New Designator=VD?
Change Component Designator: Old Designator=VD25 New Designator=VD?
Change Component Designator: Old Designator=VD26 New Designator=VD?
Change Component Designator: Old Designator=VD27 New Designator=VD?
Change Component Designator: Old Designator=VD28 New Designator=VD?
Change Component Designator: Old Designator=VD29 New Designator=VD?
Change Component Designator: Old Designator=X14 New Designator=X?
Change Component Designator: Old Designator=X15 New Designator=X?
Change Component Designator: Old Designator=X16 New Designator=X?
Change Component Designator: Old Designator=X17 New Designator=X?
Change Component Designator: Old Designator=X18 New Designator=X?
Change Component Designator: Old Designator=X19 New Designator=X?
Change Component Designator: Old Designator=X20 New Designator=X?
Change Component Designator: Old Designator=X21 New Designator=X?
Change Component Designator: Old Designator=X22 New Designator=X?
Change Component Designator: Old Designator=X23 New Designator=X?
Change Component Designator: Old Designator=X24 New Designator=X?
Change Component Designator: Old Designator=X25 New Designator=X?
Change Component Designator: Old Designator=X26 New Designator=X?
Change Component Designator: Old Designator=X27 New Designator=X?
