Change Component Designator: Old Designator=C11 New Designator=C15
Change Component Designator: Old Designator=C12 New Designator=C17
Change Component Designator: Old Designator=C13 New Designator=C18
Change Component Designator: Old Designator=C14 New Designator=C16
Change Component Designator: Old Designator=C15 New Designator=C19
Change Component Designator: Old Designator=C18 New Designator=C20
Change Component Designator: Old Designator=C19 New Designator=C21
Change Component Designator: Old Designator=C20 New Designator=C22
Change Component Designator: Old Designator=C21 New Designator=C23
Change Component Designator: Old Designator=C22 New Designator=C24
Change Component Designator: Old Designator=C23 New Designator=C25
Change Component Designator: Old Designator=C24 New Designator=C26
Change Component Designator: Old Designator=C25 New Designator=C27
Change Component Designator: Old Designator=C26 New Designator=C28
Change Component Designator: Old Designator=C27 New Designator=C29
Change Component Designator: Old Designator=C28 New Designator=C31
Change Component Designator: Old Designator=C29 New Designator=C32
Change Component Designator: Old Designator=C31 New Designator=C33
Change Component Designator: Old Designator=Q3 New Designator=Q2
Change Component Designator: Old Designator=R3 New Designator=R19
Change Component Designator: Old Designator=R4 New Designator=R20
Change Component Designator: Old Designator=R13 New Designator=R15
Change Component Designator: Old Designator=R17 New Designator=R21
Change Component Designator: Old Designator=R18 New Designator=R22
Change Component Designator: Old Designator=R19 New Designator=R23
Change Component Designator: Old Designator=R45 New Designator=R18
Change Component Designator: Old Designator=R79 New Designator=R16
Change Component Designator: Old Designator=R80 New Designator=R17
Change Component Designator: Old Designator=SW1 New Designator=SW2
Change Component Designator: Old Designator=SW2 New Designator=SW1
Change Component Designator: Old Designator=U6 New Designator=U7
Change Component Designator: Old Designator=U6 New Designator=U7
Change Component Designator: Old Designator=U7 New Designator=U10
Change Component Designator: Old Designator=U7 New Designator=U10
Change Component Designator: Old Designator=U8 New Designator=U11
Change Component Designator: Old Designator=U13 New Designator=U8
Change Component Designator: Old Designator=U21 New Designator=U9
Change Component Designator: Old Designator=VD15 New Designator=VD7
Change Component Designator: Old Designator=VD17 New Designator=VD8
Change Component Designator: Old Designator=VD18 New Designator=VD9
Change Component Designator: Old Designator=X11 New Designator=X9
Change Component Designator: Old Designator=X12 New Designator=X8
