Change Component Designator: Old Designator=C56 New Designator=C54
Change Component Designator: Old Designator=C58 New Designator=C57
Change Component Designator: Old Designator=C? New Designator=C55
Change Component Designator: Old Designator=C? New Designator=C56
Change Component Designator: Old Designator=C? New Designator=C58
Change Component Designator: Old Designator=C? New Designator=C59
Change Component Designator: Old Designator=C? New Designator=C60
Change Component Designator: Old Designator=C? New Designator=C61
Change Component Designator: Old Designator=C? New Designator=C62
Change Component Designator: Old Designator=C? New Designator=C63
Change Component Designator: Old Designator=C? New Designator=C64
Change Component Designator: Old Designator=C? New Designator=C65
Change Component Designator: Old Designator=C? New Designator=C66
Change Component Designator: Old Designator=C? New Designator=C67
Change Component Designator: Old Designator=C? New Designator=C68
Change Component Designator: Old Designator=C? New Designator=C69
Change Component Designator: Old Designator=C? New Designator=C70
Change Component Designator: Old Designator=R? New Designator=R67
Change Component Designator: Old Designator=R? New Designator=R68
Change Component Designator: Old Designator=R? New Designator=R69
Change Component Designator: Old Designator=R? New Designator=R70
Change Component Designator: Old Designator=R? New Designator=R71
Change Component Designator: Old Designator=R? New Designator=R72
Change Component Designator: Old Designator=R? New Designator=R73
Change Component Designator: Old Designator=R? New Designator=R74
Change Component Designator: Old Designator=R? New Designator=R75
Change Component Designator: Old Designator=R? New Designator=R76
Change Component Designator: Old Designator=R? New Designator=R77
Change Component Designator: Old Designator=R? New Designator=R78
Change Component Designator: Old Designator=R? New Designator=R79
Change Component Designator: Old Designator=R? New Designator=R80
Change Component Designator: Old Designator=R? New Designator=R81
Change Component Designator: Old Designator=R? New Designator=R82
Change Component Designator: Old Designator=R? New Designator=R83
Change Component Designator: Old Designator=U19 New Designator=U18
Change Component Designator: Old Designator=U20 New Designator=U19
Change Component Designator: Old Designator=U21 New Designator=U20
Change Component Designator: Old Designator=U22 New Designator=U21
Change Component Designator: Old Designator=VD? New Designator=VD24
Change Component Designator: Old Designator=VD? New Designator=VD25
Change Component Designator: Old Designator=VD? New Designator=VD26
Change Component Designator: Old Designator=VD? New Designator=VD27
Change Component Designator: Old Designator=VD? New Designator=VD28
Change Component Designator: Old Designator=VD? New Designator=VD29
Change Component Designator: Old Designator=X17 New Designator=X14
Change Component Designator: Old Designator=X18 New Designator=X15
Change Component Designator: Old Designator=X19 New Designator=X16
Change Component Designator: Old Designator=X20 New Designator=X17
Change Component Designator: Old Designator=X21 New Designator=X18
Change Component Designator: Old Designator=X22 New Designator=X19
Change Component Designator: Old Designator=X23 New Designator=X22
Change Component Designator: Old Designator=X24 New Designator=X23
Change Component Designator: Old Designator=X26 New Designator=X20
Change Component Designator: Old Designator=X27 New Designator=X21
Change Component Designator: Old Designator=X? New Designator=X25
Change Component Designator: Old Designator=X? New Designator=X26
Change Component Designator: Old Designator=X? New Designator=X27
