Change Component Designator: Old Designator=C44 New Designator=C37
Change Component Designator: Old Designator=C45 New Designator=C39
Change Component Designator: Old Designator=C46 New Designator=C45
Change Component Designator: Old Designator=C47 New Designator=C46
Change Component Designator: Old Designator=C? New Designator=C34
Change Component Designator: Old Designator=C? New Designator=C35
Change Component Designator: Old Designator=C? New Designator=C36
Change Component Designator: Old Designator=C? New Designator=C38
Change Component Designator: Old Designator=C? New Designator=C40
Change Component Designator: Old Designator=C? New Designator=C41
Change Component Designator: Old Designator=C? New Designator=C42
Change Component Designator: Old Designator=C? New Designator=C43
Change Component Designator: Old Designator=C? New Designator=C44
Change Component Designator: Old Designator=D12 New Designator=D8
Change Component Designator: Old Designator=D13 New Designator=D9
Change Component Designator: Old Designator=D14 New Designator=D12
Change Component Designator: Old Designator=D15 New Designator=D13
Change Component Designator: Old Designator=D16 New Designator=D10
Change Component Designator: Old Designator=D17 New Designator=D11
Change Component Designator: Old Designator=D18 New Designator=D14
Change Component Designator: Old Designator=D19 New Designator=D15
Change Component Designator: Old Designator=F4 New Designator=F1
Change Component Designator: Old Designator=F5 New Designator=F2
Change Component Designator: Old Designator=F6 New Designator=F10
Change Component Designator: Old Designator=F7 New Designator=F11
Change Component Designator: Old Designator=F8 New Designator=F3
Change Component Designator: Old Designator=F9 New Designator=F4
Change Component Designator: Old Designator=F10 New Designator=F5
Change Component Designator: Old Designator=F11 New Designator=F6
Change Component Designator: Old Designator=F12 New Designator=F7
Change Component Designator: Old Designator=F13 New Designator=F8
Change Component Designator: Old Designator=F14 New Designator=F9
Change Component Designator: Old Designator=P6 New Designator=P3
Change Component Designator: Old Designator=P8 New Designator=P4
Change Component Designator: Old Designator=P9 New Designator=P5
Change Component Designator: Old Designator=P10 New Designator=P6
Change Component Designator: Old Designator=R61 New Designator=R36
Change Component Designator: Old Designator=R62 New Designator=R38
Change Component Designator: Old Designator=R64 New Designator=R49
Change Component Designator: Old Designator=R65 New Designator=R39
Change Component Designator: Old Designator=R66 New Designator=R40
Change Component Designator: Old Designator=R67 New Designator=R50
Change Component Designator: Old Designator=R68 New Designator=R51
Change Component Designator: Old Designator=R69 New Designator=R41
Change Component Designator: Old Designator=R70 New Designator=R52
Change Component Designator: Old Designator=R? New Designator=R37
Change Component Designator: Old Designator=R? New Designator=R42
Change Component Designator: Old Designator=R? New Designator=R43
Change Component Designator: Old Designator=R? New Designator=R44
Change Component Designator: Old Designator=R? New Designator=R45
Change Component Designator: Old Designator=R? New Designator=R46
Change Component Designator: Old Designator=R? New Designator=R47
Change Component Designator: Old Designator=R? New Designator=R48
Change Component Designator: Old Designator=R? New Designator=R53
Change Component Designator: Old Designator=R? New Designator=R54
Change Component Designator: Old Designator=R? New Designator=R55
Change Component Designator: Old Designator=R? New Designator=R56
Change Component Designator: Old Designator=U13 New Designator=U10
Change Component Designator: Old Designator=U15 New Designator=U13
Change Component Designator: Old Designator=U16 New Designator=U11
Change Component Designator: Old Designator=U? New Designator=U8
Change Component Designator: Old Designator=U? New Designator=U9
Change Component Designator: Old Designator=U? New Designator=U12
Change Component Designator: Old Designator=VD? New Designator=VD5
Change Component Designator: Old Designator=VD? New Designator=VD6
Change Component Designator: Old Designator=X? New Designator=X8
Change Component Designator: Old Designator=X? New Designator=X9
Change Component Designator: Old Designator=X? New Designator=X10
Change Component Designator: Old Designator=X? New Designator=X11
