Removed Pin From Net: NetName=SUPPLY Pin=P4-1
Removed Pin From Net: NetName=GND Pin=P7-1
Removed Pin From Net: NetName=5 V Pin=P7-4
Removed Pin From Net: NetName=3.3 V Pin=R21-2
Removed Pin From Net: NetName=3.3 V Pin=R24-2
Removed Pin From Net: NetName=3.3 V Pin=R25-2
Removed Pin From Net: NetName=3.3 V Pin=R26-2
Removed Pin From Net: NetName=NetR17_2 Pin=X6-1
Removed Pin From Net: NetName=GND Pin=X6-2
Removed Member From Class: ClassName=Sheet4 Member=F9
Removed Member From Class: ClassName=Sheet4 Member=F10
Removed Member From Class: ClassName=Sheet4 Member=F11
Removed Member From Class: ClassName=Sheet4 Member=P6
Removed Member From Class: ClassName=Sheet4 Member=P7
Removed Member From Class: ClassName=Sheet2 Member=R32
Removed Member From Class: ClassName=Sheet2 Member=R33
Removed Member From Class: ClassName=Sheet2 Member=R34
Removed Member From Class: ClassName=Sheet2 Member=R35
Removed Member From Class: ClassName=Sheet2 Member=U10
Change Component Footprint: Designator=X6 Old Footprint=CON: WF-03 New Footprint=CON: CWF-4
Change Component Designator: OldDesignator=F6 NewDesignator=F3
Change Component Designator: OldDesignator=F7 NewDesignator=F4
Change Component Designator: OldDesignator=F8 NewDesignator=F5
Change Component Designator: OldDesignator=F9 NewDesignator=F6
Change Component Designator: OldDesignator=F10 NewDesignator=F7
Change Component Designator: OldDesignator=F11 NewDesignator=F8
Change Component Designator: OldDesignator=P5 NewDesignator=P4
Change Component Designator: OldDesignator=P6 NewDesignator=P5
Change Component Designator: OldDesignator=R22 NewDesignator=R21
Change Component Designator: OldDesignator=R23 NewDesignator=R22
Change Component Designator: OldDesignator=R27 NewDesignator=R23
Change Component Designator: OldDesignator=R28 NewDesignator=R24
Change Component Designator: OldDesignator=R29 NewDesignator=R25
Change Component Designator: OldDesignator=R30 NewDesignator=R26
Change Component Designator: OldDesignator=R31 NewDesignator=R27
Change Component Designator: OldDesignator=R32 NewDesignator=R28
Change Component Designator: OldDesignator=R33 NewDesignator=R29
Change Component Designator: OldDesignator=R34 NewDesignator=R30
Change Component Designator: OldDesignator=R35 NewDesignator=R31
Change Component Designator: OldDesignator=R36 NewDesignator=R32
Change Component Designator: OldDesignator=R37 NewDesignator=R33
Change Component Designator: OldDesignator=R38 NewDesignator=R34
Change Component Designator: OldDesignator=R39 NewDesignator=R35
Change Component Designator: OldDesignator=R40 NewDesignator=R36
Change Component Designator: OldDesignator=R41 NewDesignator=R37
Change Component Designator: OldDesignator=R42 NewDesignator=R38
Change Component Designator: OldDesignator=R43 NewDesignator=R39
Change Component Designator: OldDesignator=R44 NewDesignator=R40
Change Component Designator: OldDesignator=R45 NewDesignator=R41
Change Component Designator: OldDesignator=R46 NewDesignator=R42
Change Component Designator: OldDesignator=R47 NewDesignator=R43
Change Component Designator: OldDesignator=R48 NewDesignator=R44
Change Component Designator: OldDesignator=R49 NewDesignator=R45
Change Component Designator: OldDesignator=R50 NewDesignator=R46
Change Component Designator: OldDesignator=R51 NewDesignator=R47
Change Component Designator: OldDesignator=R52 NewDesignator=R48
Change Component Designator: OldDesignator=R53 NewDesignator=R49
Change Component Designator: OldDesignator=R54 NewDesignator=R50
Change Component Designator: OldDesignator=R55 NewDesignator=R51
Change Component Designator: OldDesignator=R56 NewDesignator=R52
Change component parameters: Designator = "X6"; Footprint = "CON: CWF-4"; UniqueID = "\LODHDUFW"
Change component parameters. Clean all parameters for all variants
Change component parameters (AddParameter): Name = "ComponentKind"; Value = ""; VariantName = "[No Variations]"
Change component parameters (AddParameter): Name = "HelpURL"; Value = ""; VariantName = "[No Variations]"
Change component parameters (AddParameter): Name = "Manufacturer"; Value = ""; VariantName = "[No Variations]"
Change component parameters (AddParameter): Name = "Model"; Value = ""; VariantName = "[No Variations]"
Added Component: Designator=X12(CON: CWF-4)
Add component. Clean all parameters for all variants
Add component (AddParameter): Name = "ComponentKind"; Value = ""; VariantName = "[No Variations]"
Add component (AddParameter): Name = "HelpURL"; Value = ""; VariantName = "[No Variations]"
Add component (AddParameter): Name = "Manufacturer"; Value = ""; VariantName = "[No Variations]"
Add component (AddParameter): Name = "Model"; Value = ""; VariantName = "[No Variations]"
Added Pin To Net: NetName=5 V Pin=X6-1
Added Pin To Net: NetName=NetR17_2 Pin=X6-2
Added Pin To Net: NetName=GND Pin=X6-4
Added Pin To Net: NetName=5 V Pin=X12-1
Added Pin To Net: NetName=GND Pin=X12-4
Change Net Name : Old Net Name=NetF6_1 New Net Name=NetF3_1
Change Net Name : Old Net Name=NetF6_2 New Net Name=NetF3_2
Change Net Name : Old Net Name=NetF7_1 New Net Name=NetF4_1
Change Net Name : Old Net Name=NetF7_2 New Net Name=NetF4_2
Change Net Name : Old Net Name=NetF8_1 New Net Name=NetF5_1
Change Net Name : Old Net Name=NetF8_2 New Net Name=NetF5_2
Change Net Name : Old Net Name=NetF9_1 New Net Name=NetF6_1
Change Net Name : Old Net Name=NetF9_2 New Net Name=NetF6_2
Change Net Name : Old Net Name=NetR28_2 New Net Name=NetR24_2
Change Net Name : Old Net Name=NetR34_1 New Net Name=NetR30_1
Change Net Name : Old Net Name=NetR37_2 New Net Name=NetR33_2
Change Net Name : Old Net Name=NetR44_2 New Net Name=NetR40_2
Change Net Name : Old Net Name=NetR45_2 New Net Name=NetR41_2
Change Net Name : Old Net Name=NetR48_1 New Net Name=NetR44_1
Change Net Name : Old Net Name=NetR48_2 New Net Name=NetR44_2
Change Net Name : Old Net Name=NetR49_2 New Net Name=NetR45_2
Added Pin To Net: NetName=NetF7_1 Pin=F7-1
Added Pin To Net: NetName=NetF7_1 Pin=X12-2
Added Net: Name=NetF7_1
Added Pin To Net: NetName=NetF8_1 Pin=F8-1
Added Pin To Net: NetName=NetF8_1 Pin=X12-3
Added Net: Name=NetF8_1
Added Member To Class: ClassName=Sheet2 Member=Component C22 12
Added Member To Class: ClassName=Sheet2 Member=Component C29 0,1 לך
Added Member To Class: ClassName=Sheet2 Member=Component U8 REF3030AIDBZR
Added Member To Class: ClassName=Sheet4 Member=Component U9 AD8495CRMZ
Added Member To Class: ClassName=Sheet4 Member=Component U12 TBD62003AFWG
Added Member To Class: ClassName=Sheet4 Member=Component U13 DS90LV047ATMTC/NOPB
Added Member To Class: ClassName=Sheet4 Member=Component X12 *
