Removed Member From Class: ClassName=Sheet4 Member=R27
Removed Member From Class: ClassName=Sheet4 Member=R30
Added Member To Class: ClassName=Sheet4 Member=Component F3 0,12 À
Added Member To Class: ClassName=Sheet4 Member=Component F4 0,12 À
Added Member To Class: ClassName=Sheet4 Member=Component F5 0,12 À
Added Member To Class: ClassName=Sheet4 Member=Component F6 0,12 À
Added Member To Class: ClassName=Sheet4 Member=Component P4 15EDGVC-3.5-03P
Added Member To Class: ClassName=Sheet4 Member=Component P5 15EDGVC-3.5-03P
Added Member To Class: ClassName=Sheet2 Member=Component R21 4,7 ê
Added Member To Class: ClassName=Sheet2 Member=Component R23 4,7 ê
Added Member To Class: ClassName=Sheet2 Member=Component R24 1 ê
Added Member To Class: ClassName=Sheet2 Member=Component R25 150
Added Member To Class: ClassName=Sheet2 Member=Component R26 150
Added Member To Class: ClassName=Sheet2 Member=Component R28 10 ê
Added Member To Class: ClassName=Sheet2 Member=Component R29 10 ê
Added Member To Class: ClassName=Sheet2 Member=Component R30 100
Added Member To Class: ClassName=Sheet2 Member=Component R31 10 ê
Added Member To Class: ClassName=Sheet4 Member=Component R34 10 ê
Added Member To Class: ClassName=Sheet4 Member=Component R35 150
Added Member To Class: ClassName=Sheet4 Member=Component R36 150
Added Member To Class: ClassName=Sheet4 Member=Component R40 100
Added Member To Class: ClassName=Sheet4 Member=Component R42 1 Ì
Added Member To Class: ClassName=Sheet4 Member=Component R43 10 ê
Added Member To Class: ClassName=Sheet4 Member=Component R45 10 ê
Added Member To Class: ClassName=Sheet4 Member=Component R47 150
Added Member To Class: ClassName=Sheet4 Member=Component R48 120
Added Member To Class: ClassName=Sheet4 Member=Component R49 100
Added Member To Class: ClassName=Sheet4 Member=Component R50 100
Added Member To Class: ClassName=Sheet4 Member=Component R51 100
