Removed Pin From Net: NetName=3.3 V Pin=C17-1
Removed Pin From Net: NetName=GND Pin=C17-2
Removed Pin From Net: NetName=3.3 V Pin=C21-1
Removed Pin From Net: NetName=GND Pin=C21-2
Change Component Footprint: Designator=C11 Old Footprint=CAP_0805 New Footprint=CAP_0603
Change Component Footprint: Designator=C13 Old Footprint=CAP_0805 New Footprint=CAP_0603
Change Component Footprint: Designator=C17 Old Footprint=CAP_0805 New Footprint=CAP_0603
Change Component Footprint: Designator=C21 Old Footprint=CAP_0805 New Footprint=CAP_0603
Change Component Footprint: Designator=C27 Old Footprint=CAP_0805 New Footprint=CAP_0603
Change component parameters: Designator = "C27" ("C27"); Footprint = "CAP_0805"; UniqueID = "\WYFERWSR" ("\WYFERWSR")
Change component parameters (AddParameter): Name = "ChipDip"; Value = ""; VariantName = "[No Variations]"
Change component parameters (AddParameter): Name = "Mount"; Value = "SMD"; VariantName = "[No Variations]"
Change component parameters (AddParameter): Name = "Type"; Value = "CAP_CERAMIC"; VariantName = "[No Variations]"
Change component parameters (AddParameter): Name = "Value"; Value = "4,7 לך"; VariantName = "[No Variations]"
Added Pin To Net: NetName=GND Pin=C17-1
Added Pin To Net: NetName=3.3 V Pin=C17-2
Added Pin To Net: NetName=GND Pin=C21-1
Added Pin To Net: NetName=3.3 V Pin=C21-2
Added Room: Name=Sheet1
Added Room: Name=U_Motor_Module
