Removed Pin From Net: NetName=CAN_H Pin=X2-1
Removed Pin From Net: NetName=CAN_L Pin=X2-3
Removed Pin From Net: NetName=STOP_P Pin=X2-5
Removed Pin From Net: NetName=STOP_N Pin=X2-7
Removed Pin From Net: NetName=SYNC_P Pin=X2-9
Removed Pin From Net: NetName=SYNC_N Pin=X2-11
Removed Pin From Net: NetName=COCK_P Pin=X2-13
Removed Pin From Net: NetName=COCK_N Pin=X2-15
Removed Pin From Net: NetName=SUPPLY Pin=X2-17
Removed Pin From Net: NetName=SUPPLY Pin=X2-17
Removed Pin From Net: NetName=GND Pin=X2-18
Removed Pin From Net: NetName=GND Pin=X2-18
Removed Pin From Net: NetName=GND Pin=X2-18
Removed Pin From Net: NetName=GND Pin=X2-18
Removed Member From Class: ClassName=Power_line Member=NetC12_2
Change Component Designator: OldDesignator=C12 NewDesignator=C14
Change Component Designator: OldDesignator=C13 NewDesignator=C15
Change Component Designator: OldDesignator=C14 NewDesignator=C16
Change Component Designator: OldDesignator=C15 NewDesignator=C17
Change Component Designator: OldDesignator=C16 NewDesignator=C18
Change Component Designator: OldDesignator=C17 NewDesignator=C12
Change Component Designator: OldDesignator=C18 NewDesignator=C13
Change Component Designator: OldDesignator=C19 NewDesignator=C21
Change Component Designator: OldDesignator=C20 NewDesignator=C22
Change Component Designator: OldDesignator=C21 NewDesignator=C19
Change Component Designator: OldDesignator=C22 NewDesignator=C20
Change Component Designator: OldDesignator=U3 NewDesignator=U4
Change Component Designator: OldDesignator=U4 NewDesignator=U3
Change Component Designator: OldDesignator=U6 NewDesignator=U7
Change Component Designator: OldDesignator=U7 NewDesignator=U9
Change Component Designator: OldDesignator=X1 NewDesignator=X2
Added Component: Designator=R14(RES_0603)
Add component. Clean all parameters for all variants
Add component (AddParameter): Name = "ChipDip"; Value = ""; VariantName = "[No Variations]"
Add component (AddParameter): Name = "Mount"; Value = "SMD"; VariantName = "[No Variations]"
Add component (AddParameter): Name = "Type"; Value = "RESISTOR"; VariantName = "[No Variations]"
Add component (AddParameter): Name = "Value"; Value = "100"; VariantName = "[No Variations]"
Added Component: Designator=R15(RES_0603)
Add component. Clean all parameters for all variants
Add component (AddParameter): Name = "ChipDip"; Value = ""; VariantName = "[No Variations]"
Add component (AddParameter): Name = "Mount"; Value = "SMD"; VariantName = "[No Variations]"
Add component (AddParameter): Name = "Type"; Value = "RESISTOR"; VariantName = "[No Variations]"
Add component (AddParameter): Name = "Value"; Value = "100"; VariantName = "[No Variations]"
Added Component: Designator=R16(RES_0603)
Add component. Clean all parameters for all variants
Add component (AddParameter): Name = "ChipDip"; Value = ""; VariantName = "[No Variations]"
Add component (AddParameter): Name = "Mount"; Value = "SMD"; VariantName = "[No Variations]"
Add component (AddParameter): Name = "Type"; Value = "RESISTOR"; VariantName = "[No Variations]"
Add component (AddParameter): Name = "Value"; Value = "100"; VariantName = "[No Variations]"
Added Component: Designator=R17(RES_0603)
Add component. Clean all parameters for all variants
Add component (AddParameter): Name = "ChipDip"; Value = ""; VariantName = "[No Variations]"
Add component (AddParameter): Name = "Mount"; Value = "SMD"; VariantName = "[No Variations]"
Add component (AddParameter): Name = "Type"; Value = "RESISTOR"; VariantName = "[No Variations]"
Add component (AddParameter): Name = "Value"; Value = "100"; VariantName = "[No Variations]"
Added Component: Designator=R18(RES_0603)
Add component. Clean all parameters for all variants
Add component (AddParameter): Name = "ChipDip"; Value = ""; VariantName = "[No Variations]"
Add component (AddParameter): Name = "Mount"; Value = "SMD"; VariantName = "[No Variations]"
Add component (AddParameter): Name = "Type"; Value = "RESISTOR"; VariantName = "[No Variations]"
Add component (AddParameter): Name = "Value"; Value = "100"; VariantName = "[No Variations]"
Added Component: Designator=U6(NXP-SOT457_L)
Add component. Clean all parameters for all variants
Add component (AddParameter): Name = "ChipDip"; Value = "9001067611"; VariantName = "[No Variations]"
Add component (AddParameter): Name = "Model"; Value = "IP4220CZ6"; VariantName = "[No Variations]"
Add component (AddParameter): Name = "Mount"; Value = "SMD"; VariantName = "[No Variations]"
Add component (AddParameter): Name = "Type"; Value = "IC"; VariantName = "[No Variations]"
Added Component: Designator=U8(NXP-SOT457_L)
Add component. Clean all parameters for all variants
Add component (AddParameter): Name = "ChipDip"; Value = "9001067611"; VariantName = "[No Variations]"
Add component (AddParameter): Name = "Model"; Value = "IP4220CZ6"; VariantName = "[No Variations]"
Add component (AddParameter): Name = "Mount"; Value = "SMD"; VariantName = "[No Variations]"
Add component (AddParameter): Name = "Type"; Value = "IC"; VariantName = "[No Variations]"
Added Component: Designator=X1(CON: CWF-6R)
Add component. Clean all parameters for all variants
Add component (AddParameter): Name = "ComponentKind"; Value = ""; VariantName = "[No Variations]"
Add component (AddParameter): Name = "HelpURL"; Value = ""; VariantName = "[No Variations]"
Add component (AddParameter): Name = "Manufacturer"; Value = ""; VariantName = "[No Variations]"
Add component (AddParameter): Name = "Model"; Value = ""; VariantName = "[No Variations]"
Added Component: Designator=X3(CON: CWF-4R)
Add component. Clean all parameters for all variants
Add component (AddParameter): Name = "ComponentKind"; Value = ""; VariantName = "[No Variations]"
Add component (AddParameter): Name = "HelpURL"; Value = ""; VariantName = "[No Variations]"
Add component (AddParameter): Name = "Manufacturer"; Value = ""; VariantName = "[No Variations]"
Add component (AddParameter): Name = "Model"; Value = ""; VariantName = "[No Variations]"
Added Component: Designator=X4(CNC_PCB_PCB)
Add component. Clean all parameters for all variants
Added Component: Designator=X5(CON: CWF-6R)
Add component. Clean all parameters for all variants
Add component (AddParameter): Name = "ComponentKind"; Value = ""; VariantName = "[No Variations]"
Add component (AddParameter): Name = "HelpURL"; Value = ""; VariantName = "[No Variations]"
Add component (AddParameter): Name = "Manufacturer"; Value = ""; VariantName = "[No Variations]"
Add component (AddParameter): Name = "Model"; Value = ""; VariantName = "[No Variations]"
Added Pin To Net: NetName=GND Pin=U6-2
Added Pin To Net: NetName=VDD Pin=U6-5
Added Pin To Net: NetName=GND Pin=U8-2
Added Pin To Net: NetName=VDD Pin=U8-5
Added Pin To Net: NetName=GND Pin=X1-6
Added Pin To Net: NetName=NetU1_5 Pin=X3-1
Added Pin To Net: NetName=NetU1_7 Pin=X3-2
Added Pin To Net: NetName=NetU1_10 Pin=X3-3
Added Pin To Net: NetName=NetU1_8 Pin=X3-4
Added Pin To Net: NetName=CAN_H Pin=X4-1
Added Pin To Net: NetName=CAN_L Pin=X4-3
Added Pin To Net: NetName=STOP_P Pin=X4-5
Added Pin To Net: NetName=STOP_N Pin=X4-7
Added Pin To Net: NetName=SYNC_P Pin=X4-9
Added Pin To Net: NetName=SYNC_N Pin=X4-11
Added Pin To Net: NetName=COCK_P Pin=X4-13
Added Pin To Net: NetName=COCK_N Pin=X4-15
Added Pin To Net: NetName=SUPPLY Pin=X4-17
Added Pin To Net: NetName=SUPPLY Pin=X4-17
Added Pin To Net: NetName=GND Pin=X4-18
Added Pin To Net: NetName=GND Pin=X4-18
Added Pin To Net: NetName=GND Pin=X4-18
Added Pin To Net: NetName=GND Pin=X4-18
Change Net Name : Old Net Name=NetC12_1 New Net Name=NetC14_1
Change Net Name : Old Net Name=NetC12_2 New Net Name=NetC14_2
Change Net Name : Old Net Name=NetC13_1 New Net Name=NetC15_1
Change Net Name : Old Net Name=VDD New Net Name=3.3 V
Added Pin To Net: NetName=NetR14_2 Pin=R14-2
Added Pin To Net: NetName=NetR14_2 Pin=X1-1
Added Net: Name=NetR14_2
Added Pin To Net: NetName=NetR15_2 Pin=R15-2
Added Pin To Net: NetName=NetR15_2 Pin=X1-2
Added Net: Name=NetR15_2
Added Pin To Net: NetName=NetR16_2 Pin=R16-2
Added Pin To Net: NetName=NetR16_2 Pin=X1-3
Added Net: Name=NetR16_2
Added Pin To Net: NetName=NetR17_2 Pin=R17-2
Added Pin To Net: NetName=NetR17_2 Pin=X1-4
Added Net: Name=NetR17_2
Added Pin To Net: NetName=NetR18_2 Pin=R18-2
Added Pin To Net: NetName=NetR18_2 Pin=X1-5
Added Net: Name=NetR18_2
Added Pin To Net: NetName=RESET_PIN Pin=R16-1
Added Pin To Net: NetName=RESET_PIN Pin=U8-3
Added Net: Name=RESET_PIN
Added Pin To Net: NetName=SYS_SWCLK Pin=R17-1
Added Pin To Net: NetName=SYS_SWCLK Pin=U8-1
Added Net: Name=SYS_SWCLK
Added Pin To Net: NetName=SYS_SWDIO Pin=R18-1
Added Pin To Net: NetName=SYS_SWDIO Pin=U8-4
Added Net: Name=SYS_SWDIO
Added Pin To Net: NetName=UART_RX Pin=R14-1
Added Pin To Net: NetName=UART_RX Pin=U6-1
Added Pin To Net: NetName=UART_RX Pin=U6-6
Added Net: Name=UART_RX
Added Pin To Net: NetName=UART_TX Pin=R15-1
Added Pin To Net: NetName=UART_TX Pin=U6-3
Added Pin To Net: NetName=UART_TX Pin=U6-4
Added Net: Name=UART_TX
Added Member To Class: ClassName=Sheet1 Member=Component R14 100
Added Member To Class: ClassName=Sheet1 Member=Component R15 100
Added Member To Class: ClassName=Sheet1 Member=Component R16 100
Added Member To Class: ClassName=Sheet1 Member=Component R17 100
Added Member To Class: ClassName=Sheet1 Member=Component R18 100
Added Member To Class: ClassName=Sheet1 Member=Component U8 IP4220CZ6
Added Member To Class: ClassName=Sheet1 Member=Component U9 REF3030AIDBZR
Added Member To Class: ClassName=Sheet1 Member=Component X3 *
Added Member To Class: ClassName=Sheet1 Member=Component X4 CNC_PCB_PCB
Added Member To Class: ClassName=Sheet1 Member=Component X5 *
Added Member To Class: ClassName=Power_line Member=Wire NetC14_2
