Removed Pin From Net: NetName=VCC Pin=TP1-1
Removed Pin From Net: NetName=GND Pin=TP3-1
Removed Pin From Net: NetName=CURRENT_REF Pin=TP6-1
Change Component Comment : Designator=R6 Old Comment=1 ך New Comment=5,1 ך
Change Component Comment : Designator=TP6 Old Comment=CURRENT New Comment=GND
Change Component Comment : Designator=TP4 Old Comment=DECAY New Comment=SUP
Change Component Comment : Designator=TP3 Old Comment=GND New Comment=CURRENT
Change Component Comment : Designator=TP5 Old Comment=NHOME New Comment=SUP
Change Component Comment : Designator=TP1 Old Comment=SUP New Comment=DECAY
Change Component Comment : Designator=TP2 Old Comment=SUP New Comment=NHOME
Change Component Designator: OldDesignator=U4 NewDesignator=U3
Change Component Designator: OldDesignator=X1 NewDesignator=X2
Change component parameters: Designator = "TP1"; Footprint = "PAD_RND_1MM"; UniqueID = "\APVRKUGQ\HBFGPMXF"
Change component parameters. Clean all parameters for all variants
Change component parameters (AddParameter): Name = "CustomTxt"; Value = "DECAY"; VariantName = "[No Variations]"
Change component parameters (AddParameter): Name = "Type"; Value = ""; VariantName = "[No Variations]"
Change component parameters: Designator = "TP2"; Footprint = "PAD_RND_1MM"; UniqueID = "\APVRKUGQ\BKXHFGPD"
Change component parameters. Clean all parameters for all variants
Change component parameters (AddParameter): Name = "CustomTxt"; Value = "NHOME"; VariantName = "[No Variations]"
Change component parameters (AddParameter): Name = "Type"; Value = ""; VariantName = "[No Variations]"
Change component parameters: Designator = "TP3"; Footprint = "PAD_RND_1MM"; UniqueID = "\APVRKUGQ\ZRPOEZRG"
Change component parameters. Clean all parameters for all variants
Change component parameters (AddParameter): Name = "CustomTxt"; Value = "CURRENT"; VariantName = "[No Variations]"
Change component parameters (AddParameter): Name = "Type"; Value = ""; VariantName = "[No Variations]"
Change component parameters: Designator = "TP4"; Footprint = "PAD_RND_1MM"; UniqueID = "\APVRKUGQ\ZYYWFSDB"
Change component parameters. Clean all parameters for all variants
Change component parameters (AddParameter): Name = "CustomTxt"; Value = "SUP"; VariantName = "[No Variations]"
Change component parameters (AddParameter): Name = "Type"; Value = ""; VariantName = "[No Variations]"
Change component parameters: Designator = "TP5"; Footprint = "PAD_RND_1MM"; UniqueID = "\APVRKUGQ\FWBLODSD"
Change component parameters. Clean all parameters for all variants
Change component parameters (AddParameter): Name = "CustomTxt"; Value = "SUP"; VariantName = "[No Variations]"
Change component parameters (AddParameter): Name = "Type"; Value = ""; VariantName = "[No Variations]"
Change component parameters: Designator = "TP6"; Footprint = "PAD_RND_1MM"; UniqueID = "\APVRKUGQ\TSHLORXP"
Change component parameters. Clean all parameters for all variants
Change component parameters (AddParameter): Name = "CustomTxt"; Value = "GND"; VariantName = "[No Variations]"
Change component parameters (AddParameter): Name = "Type"; Value = ""; VariantName = "[No Variations]"
Change component parameters: Designator = "R6"; Footprint = "RES_0603"; UniqueID = "\APVRKUGQ\RBMGUQWM"
Change component parameters. Clean all parameters for all variants
Change component parameters (AddParameter): Name = "Type"; Value = "RESISTOR"; VariantName = "[No Variations]"
Change component parameters (AddParameter): Name = "Value"; Value = "5,1 ך"; VariantName = "[No Variations]"
Added Component: Designator=C7(CAP_0603)
Add component. Clean all parameters for all variants
Add component (AddParameter): Name = "Mount"; Value = "SMD"; VariantName = "[No Variations]"
Add component (AddParameter): Name = "Type"; Value = "CAP_CERAMIC"; VariantName = "[No Variations]"
Add component (AddParameter): Name = "Value"; Value = "100 ם"; VariantName = "[No Variations]"
Added Component: Designator=C8(CAP_0603)
Add component. Clean all parameters for all variants
Add component (AddParameter): Name = "Mount"; Value = "SMD"; VariantName = "[No Variations]"
Add component (AddParameter): Name = "Type"; Value = "CAP_CERAMIC"; VariantName = "[No Variations]"
Add component (AddParameter): Name = "Value"; Value = "N/A"; VariantName = "[No Variations]"
Added Component: Designator=C9(TANTAL_B)
Add component. Clean all parameters for all variants
Add component (AddParameter): Name = "ChipDip"; Value = "9000629219"; VariantName = "[No Variations]"
Add component (AddParameter): Name = "Model"; Value = ""; VariantName = "[No Variations]"
Add component (AddParameter): Name = "Mount"; Value = "SMD"; VariantName = "[No Variations]"
Add component (AddParameter): Name = "Type"; Value = "CAP_TANTALUM"; VariantName = "[No Variations]"
Add component (AddParameter): Name = "Value"; Value = "22 לך"; VariantName = "[No Variations]"
Add component (AddParameter): Name = "Voltage"; Value = "6,3"; VariantName = "[No Variations]"
Added Component: Designator=C10(TANTAL_B)
Add component. Clean all parameters for all variants
Add component (AddParameter): Name = "ChipDip"; Value = "9000629219"; VariantName = "[No Variations]"
Add component (AddParameter): Name = "Model"; Value = ""; VariantName = "[No Variations]"
Add component (AddParameter): Name = "Mount"; Value = "SMD"; VariantName = "[No Variations]"
Add component (AddParameter): Name = "Type"; Value = "CAP_TANTALUM"; VariantName = "[No Variations]"
Add component (AddParameter): Name = "Value"; Value = "22 לך"; VariantName = "[No Variations]"
Add component (AddParameter): Name = "Voltage"; Value = "6,3"; VariantName = "[No Variations]"
Added Component: Designator=C11(CAP_AE_SMD_D6MM3_H5M55)
Add component. Clean all parameters for all variants
Add component (AddParameter): Name = "ChipDip"; Value = "9000565717"; VariantName = "[No Variations]"
Add component (AddParameter): Name = "Model"; Value = "JCK1V100M050054"; VariantName = "[No Variations]"
Add component (AddParameter): Name = "Mount"; Value = "SMD"; VariantName = "[No Variations]"
Add component (AddParameter): Name = "Type"; Value = "CAP_ELECTROLYTIC"; VariantName = "[No Variations]"
Add component (AddParameter): Name = "Value"; Value = "10 לך"; VariantName = "[No Variations]"
Add component (AddParameter): Name = "Voltage"; Value = "35"; VariantName = "[No Variations]"
Added Component: Designator=C12(CAP_0603)
Add component. Clean all parameters for all variants
Add component (AddParameter): Name = "Mount"; Value = "SMD"; VariantName = "[No Variations]"
Add component (AddParameter): Name = "Type"; Value = "CAP_CERAMIC"; VariantName = "[No Variations]"
Add component (AddParameter): Name = "Value"; Value = "100 ם"; VariantName = "[No Variations]"
Added Component: Designator=C13(CAP_0603)
Add component. Clean all parameters for all variants
Add component (AddParameter): Name = "Mount"; Value = "SMD"; VariantName = "[No Variations]"
Add component (AddParameter): Name = "Type"; Value = "CAP_CERAMIC"; VariantName = "[No Variations]"
Add component (AddParameter): Name = "Value"; Value = "N/A"; VariantName = "[No Variations]"
Added Component: Designator=C14(TANTAL_B)
Add component. Clean all parameters for all variants
Add component (AddParameter): Name = "ChipDip"; Value = "9000629219"; VariantName = "[No Variations]"
Add component (AddParameter): Name = "Model"; Value = ""; VariantName = "[No Variations]"
Add component (AddParameter): Name = "Mount"; Value = "SMD"; VariantName = "[No Variations]"
Add component (AddParameter): Name = "Type"; Value = "CAP_TANTALUM"; VariantName = "[No Variations]"
Add component (AddParameter): Name = "Value"; Value = "22 לך"; VariantName = "[No Variations]"
Add component (AddParameter): Name = "Voltage"; Value = "6,3"; VariantName = "[No Variations]"
Added Component: Designator=C15(TANTAL_B)
Add component. Clean all parameters for all variants
Add component (AddParameter): Name = "ChipDip"; Value = "9000629219"; VariantName = "[No Variations]"
Add component (AddParameter): Name = "Model"; Value = ""; VariantName = "[No Variations]"
Add component (AddParameter): Name = "Mount"; Value = "SMD"; VariantName = "[No Variations]"
Add component (AddParameter): Name = "Type"; Value = "CAP_TANTALUM"; VariantName = "[No Variations]"
Add component (AddParameter): Name = "Value"; Value = "22 לך"; VariantName = "[No Variations]"
Add component (AddParameter): Name = "Voltage"; Value = "6,3"; VariantName = "[No Variations]"
Added Component: Designator=C16(CAP_AE_SMD_D6MM3_H5M55)
Add component. Clean all parameters for all variants
Add component (AddParameter): Name = "ChipDip"; Value = "9000565717"; VariantName = "[No Variations]"
Add component (AddParameter): Name = "Model"; Value = "JCK1V100M050054"; VariantName = "[No Variations]"
Add component (AddParameter): Name = "Mount"; Value = "SMD"; VariantName = "[No Variations]"
Add component (AddParameter): Name = "Type"; Value = "CAP_ELECTROLYTIC"; VariantName = "[No Variations]"
Add component (AddParameter): Name = "Value"; Value = "10 לך"; VariantName = "[No Variations]"
Add component (AddParameter): Name = "Voltage"; Value = "35"; VariantName = "[No Variations]"
Added Component: Designator=C17(CAP_0805)
Add component. Clean all parameters for all variants
Add component (AddParameter): Name = "ChipDip"; Value = ""; VariantName = "[No Variations]"
Add component (AddParameter): Name = "Mount"; Value = "SMD"; VariantName = "[No Variations]"
Add component (AddParameter): Name = "Type"; Value = "CAP_CERAMIC"; VariantName = "[No Variations]"
Add component (AddParameter): Name = "Value"; Value = "4,7 לך"; VariantName = "[No Variations]"
Added Component: Designator=C18(CAP_0603)
Add component. Clean all parameters for all variants
Add component (AddParameter): Name = "ChipDip"; Value = ""; VariantName = "[No Variations]"
Add component (AddParameter): Name = "Mount"; Value = "SMD"; VariantName = "[No Variations]"
Add component (AddParameter): Name = "Type"; Value = "CAP_CERAMIC"; VariantName = "[No Variations]"
Add component (AddParameter): Name = "Value"; Value = "0,1 לך"; VariantName = "[No Variations]"
Added Component: Designator=C19(CAP_0603)
Add component. Clean all parameters for all variants
Add component (AddParameter): Name = "ChipDip"; Value = ""; VariantName = "[No Variations]"
Add component (AddParameter): Name = "Mount"; Value = "SMD"; VariantName = "[No Variations]"
Add component (AddParameter): Name = "Type"; Value = "CAP_CERAMIC"; VariantName = "[No Variations]"
Add component (AddParameter): Name = "Value"; Value = "12"; VariantName = "[No Variations]"
Added Component: Designator=C20(CAP_0603)
Add component. Clean all parameters for all variants
Add component (AddParameter): Name = "ChipDip"; Value = ""; VariantName = "[No Variations]"
Add component (AddParameter): Name = "Mount"; Value = "SMD"; VariantName = "[No Variations]"
Add component (AddParameter): Name = "Type"; Value = "CAP_CERAMIC"; VariantName = "[No Variations]"
Add component (AddParameter): Name = "Value"; Value = "12"; VariantName = "[No Variations]"
Added Component: Designator=C21(CAP_0805)
Add component. Clean all parameters for all variants
Add component (AddParameter): Name = "ChipDip"; Value = ""; VariantName = "[No Variations]"
Add component (AddParameter): Name = "Mount"; Value = "SMD"; VariantName = "[No Variations]"
Add component (AddParameter): Name = "Type"; Value = "CAP_CERAMIC"; VariantName = "[No Variations]"
Add component (AddParameter): Name = "Value"; Value = "4,7 לך"; VariantName = "[No Variations]"
Added Component: Designator=C22(CAP_0603)
Add component. Clean all parameters for all variants
Add component (AddParameter): Name = "ChipDip"; Value = ""; VariantName = "[No Variations]"
Add component (AddParameter): Name = "Mount"; Value = "SMD"; VariantName = "[No Variations]"
Add component (AddParameter): Name = "Type"; Value = "CAP_CERAMIC"; VariantName = "[No Variations]"
Add component (AddParameter): Name = "Value"; Value = "0,1 לך"; VariantName = "[No Variations]"
Added Component: Designator=C23(CAP_0805)
Add component. Clean all parameters for all variants
Add component (AddParameter): Name = "ChipDip"; Value = ""; VariantName = "[No Variations]"
Add component (AddParameter): Name = "Mount"; Value = "SMD"; VariantName = "[No Variations]"
Add component (AddParameter): Name = "Type"; Value = "CAP_CERAMIC"; VariantName = "[No Variations]"
Add component (AddParameter): Name = "Value"; Value = "4,7 לך"; VariantName = "[No Variations]"
Added Component: Designator=C24(CAP_0603)
Add component. Clean all parameters for all variants
Add component (AddParameter): Name = "ChipDip"; Value = ""; VariantName = "[No Variations]"
Add component (AddParameter): Name = "Mount"; Value = "SMD"; VariantName = "[No Variations]"
Add component (AddParameter): Name = "Type"; Value = "CAP_CERAMIC"; VariantName = "[No Variations]"
Add component (AddParameter): Name = "Value"; Value = "0,1 לך"; VariantName = "[No Variations]"
Added Component: Designator=C25(CAP_0603)
Add component. Clean all parameters for all variants
Add component (AddParameter): Name = "ChipDip"; Value = ""; VariantName = "[No Variations]"
Add component (AddParameter): Name = "Mount"; Value = "SMD"; VariantName = "[No Variations]"
Add component (AddParameter): Name = "Type"; Value = "CAP_CERAMIC"; VariantName = "[No Variations]"
Add component (AddParameter): Name = "Value"; Value = "0,1 לך"; VariantName = "[No Variations]"
Added Component: Designator=C26(CAP_0603)
Add component. Clean all parameters for all variants
Add component (AddParameter): Name = "ChipDip"; Value = ""; VariantName = "[No Variations]"
Add component (AddParameter): Name = "Mount"; Value = "SMD"; VariantName = "[No Variations]"
Add component (AddParameter): Name = "Type"; Value = "CAP_CERAMIC"; VariantName = "[No Variations]"
Add component (AddParameter): Name = "Value"; Value = "0,1 לך"; VariantName = "[No Variations]"
Added Component: Designator=C27(CAP_0603)
Add component. Clean all parameters for all variants
Add component (AddParameter): Name = "ChipDip"; Value = ""; VariantName = "[No Variations]"
Add component (AddParameter): Name = "Mount"; Value = "SMD"; VariantName = "[No Variations]"
Add component (AddParameter): Name = "Type"; Value = "CAP_CERAMIC"; VariantName = "[No Variations]"
Add component (AddParameter): Name = "Value"; Value = "0,1 לך"; VariantName = "[No Variations]"
Added Component: Designator=C28(CAP_0603)
Add component. Clean all parameters for all variants
Add component (AddParameter): Name = "ChipDip"; Value = ""; VariantName = "[No Variations]"
Add component (AddParameter): Name = "Type"; Value = "CAP_CERAMIC"; VariantName = "[No Variations]"
Add component (AddParameter): Name = "Value"; Value = "0,1 לך"; VariantName = "[No Variations]"
Added Component: Designator=C29(CAP_0805)
Add component. Clean all parameters for all variants
Add component (AddParameter): Name = "Type"; Value = "CAP_CERAMIC"; VariantName = "[No Variations]"
Add component (AddParameter): Name = "Value"; Value = "4,7 לך"; VariantName = "[No Variations]"
Added Component: Designator=C30(CAP_0603)
Add component. Clean all parameters for all variants
Add component (AddParameter): Name = "ChipDip"; Value = ""; VariantName = "[No Variations]"
Add component (AddParameter): Name = "Type"; Value = "CAP_CERAMIC"; VariantName = "[No Variations]"
Add component (AddParameter): Name = "Value"; Value = "0,1 לך"; VariantName = "[No Variations]"
Added Component: Designator=D1(LED_0603_GREEN)
Add component. Clean all parameters for all variants
Add component (AddParameter): Name = "ChipDip"; Value = ""; VariantName = "[No Variations]"
Add component (AddParameter): Name = "Model"; Value = ""; VariantName = "[No Variations]"
Add component (AddParameter): Name = "Mount"; Value = "SMD"; VariantName = "[No Variations]"
Add component (AddParameter): Name = "Type"; Value = "LED"; VariantName = "[No Variations]"
Add component (AddParameter): Name = "Value"; Value = "GREEN"; VariantName = "[No Variations]"
Added Component: Designator=D2(LED_0603_GREEN)
Add component. Clean all parameters for all variants
Add component (AddParameter): Name = "ChipDip"; Value = ""; VariantName = "[No Variations]"
Add component (AddParameter): Name = "Model"; Value = ""; VariantName = "[No Variations]"
Add component (AddParameter): Name = "Mount"; Value = "SMD"; VariantName = "[No Variations]"
Add component (AddParameter): Name = "Type"; Value = "LED"; VariantName = "[No Variations]"
Add component (AddParameter): Name = "Value"; Value = "GREEN"; VariantName = "[No Variations]"
Added Component: Designator=L1(NRS5020)
Add component. Clean all parameters for all variants
Add component (AddParameter): Name = "ChipDip"; Value = "450851416"; VariantName = "[No Variations]"
Add component (AddParameter): Name = "Mount"; Value = "SMD"; VariantName = "[No Variations]"
Add component (AddParameter): Name = "Type"; Value = "INDUCTOR"; VariantName = "[No Variations]"
Add component (AddParameter): Name = "Value"; Value = "4,7 לך"; VariantName = "[No Variations]"
Added Component: Designator=L2(NRS5020)
Add component. Clean all parameters for all variants
Add component (AddParameter): Name = "ChipDip"; Value = "450851416"; VariantName = "[No Variations]"
Add component (AddParameter): Name = "Mount"; Value = "SMD"; VariantName = "[No Variations]"
Add component (AddParameter): Name = "Type"; Value = "INDUCTOR"; VariantName = "[No Variations]"
Add component (AddParameter): Name = "Value"; Value = "4,7 לך"; VariantName = "[No Variations]"
Added Component: Designator=L3(res_0805)
Add component. Clean all parameters for all variants
Add component (AddParameter): Name = "ChipDip"; Value = "WCM2012F2SF-900T04"; VariantName = "[No Variations]"
Add component (AddParameter): Name = "Type"; Value = "INDUCTOR"; VariantName = "[No Variations]"
Added Component: Designator=L4(res_0805)
Add component. Clean all parameters for all variants
Add component (AddParameter): Name = "ChipDip"; Value = "WCM2012F2SF-900T04"; VariantName = "[No Variations]"
Add component (AddParameter): Name = "Type"; Value = "INDUCTOR"; VariantName = "[No Variations]"
Added Component: Designator=R7(RES_0603)
Add component. Clean all parameters for all variants
Add component (AddParameter): Name = "Mount"; Value = "SMD"; VariantName = "[No Variations]"
Add component (AddParameter): Name = "Type"; Value = "RESISTOR"; VariantName = "[No Variations]"
Add component (AddParameter): Name = "Value"; Value = "31,25 ך"; VariantName = "[No Variations]"
Added Component: Designator=R8(RES_0603)
Add component. Clean all parameters for all variants
Add component (AddParameter): Name = "ChipDip"; Value = ""; VariantName = "[No Variations]"
Add component (AddParameter): Name = "Mount"; Value = "SMD"; VariantName = "[No Variations]"
Add component (AddParameter): Name = "Type"; Value = "RESISTOR"; VariantName = "[No Variations]"
Add component (AddParameter): Name = "Value"; Value = "150"; VariantName = "[No Variations]"
Added Component: Designator=R9(RES_0603)
Add component. Clean all parameters for all variants
Add component (AddParameter): Name = "Mount"; Value = "SMD"; VariantName = "[No Variations]"
Add component (AddParameter): Name = "Type"; Value = "RESISTOR"; VariantName = "[No Variations]"
Add component (AddParameter): Name = "Value"; Value = "10 ך"; VariantName = "[No Variations]"
Added Component: Designator=R10(RES_0603)
Add component. Clean all parameters for all variants
Add component (AddParameter): Name = "Mount"; Value = "SMD"; VariantName = "[No Variations]"
Add component (AddParameter): Name = "Type"; Value = "RESISTOR"; VariantName = "[No Variations]"
Add component (AddParameter): Name = "Value"; Value = ""; VariantName = "[No Variations]"
Added Component: Designator=R11(RES_0603)
Add component. Clean all parameters for all variants
Add component (AddParameter): Name = "ChipDip"; Value = ""; VariantName = "[No Variations]"
Add component (AddParameter): Name = "Mount"; Value = "SMD"; VariantName = "[No Variations]"
Add component (AddParameter): Name = "Type"; Value = "RESISTOR"; VariantName = "[No Variations]"
Add component (AddParameter): Name = "Value"; Value = "150"; VariantName = "[No Variations]"
Added Component: Designator=R12(RES_0603)
Add component. Clean all parameters for all variants
Add component (AddParameter): Name = "Mount"; Value = "SMD"; VariantName = "[No Variations]"
Add component (AddParameter): Name = "Type"; Value = "RESISTOR"; VariantName = "[No Variations]"
Add component (AddParameter): Name = "Value"; Value = ""; VariantName = "[No Variations]"
Added Component: Designator=R13(RES_0603)
Add component. Clean all parameters for all variants
Add component (AddParameter): Name = "ChipDip"; Value = ""; VariantName = "[No Variations]"
Add component (AddParameter): Name = "Mount"; Value = "SMD"; VariantName = "[No Variations]"
Add component (AddParameter): Name = "Type"; Value = "RESISTOR"; VariantName = "[No Variations]"
Add component (AddParameter): Name = "Value"; Value = "10 ך"; VariantName = "[No Variations]"
Added Component: Designator=TP7(PAD_RND_1MM)
Add component. Clean all parameters for all variants
Add component (AddParameter): Name = "CustomTxt"; Value = "3.3 V"; VariantName = "[No Variations]"
Add component (AddParameter): Name = "Type"; Value = ""; VariantName = "[No Variations]"
Added Component: Designator=TP8(PAD_RND_1MM)
Add component. Clean all parameters for all variants
Add component (AddParameter): Name = "CustomTxt"; Value = "5 V"; VariantName = "[No Variations]"
Add component (AddParameter): Name = "Type"; Value = ""; VariantName = "[No Variations]"
Added Component: Designator=U2(SOT-23-6)
Add component. Clean all parameters for all variants
Add component (AddParameter): Name = "ChipDip"; Value = "8026700717"; VariantName = "[No Variations]"
Add component (AddParameter): Name = "Model"; Value = "RY8310"; VariantName = "[No Variations]"
Add component (AddParameter): Name = "Mount"; Value = "SMD"; VariantName = "[No Variations]"
Add component (AddParameter): Name = "Type"; Value = "IC"; VariantName = "[No Variations]"
Added Component: Designator=U4(MTC16_M)
Add component. Clean all parameters for all variants
Add component (AddParameter): Name = "ChipDip"; Value = "9001070381"; VariantName = "[No Variations]"
Add component (AddParameter): Name = "ComponentLink1Description"; Value = "DS90LV047A Datasheet"; VariantName = "[No Variations]"
Add component (AddParameter): Name = "ComponentLink1URL"; Value = "http://www.national.com/ds/DS/DS90LV047A.pdf"; VariantName = "[No Variations]"
Add component (AddParameter): Name = "ComponentLink2Description"; Value = "DS90LV047A Web Page"; VariantName = "[No Variations]"
Add component (AddParameter): Name = "ComponentLink2URL"; Value = "http://www.national.com/pf/DS/DS90LV047A.html"; VariantName = "[No Variations]"
Add component (AddParameter): Name = "ComponentLink3Description"; Value = "MTC16 Package Page"; VariantName = "[No Variations]"
Add component (AddParameter): Name = "ComponentLink3URL"; Value = "http://www.national.com/packaging/folders/mtc16.html"; VariantName = "[No Variations]"
Add component (AddParameter): Name = "Model"; Value = "SN65LVDS048APWR"; VariantName = "[No Variations]"
Add component (AddParameter): Name = "Mount"; Value = "SMD"; VariantName = "[No Variations]"
Add component (AddParameter): Name = "Type"; Value = "IC"; VariantName = "[No Variations]"
Added Component: Designator=U5(SOT-23-6)
Add component. Clean all parameters for all variants
Add component (AddParameter): Name = "ChipDip"; Value = "8026700717"; VariantName = "[No Variations]"
Add component (AddParameter): Name = "Model"; Value = "RY8310"; VariantName = "[No Variations]"
Add component (AddParameter): Name = "Mount"; Value = "SMD"; VariantName = "[No Variations]"
Add component (AddParameter): Name = "Type"; Value = "IC"; VariantName = "[No Variations]"
Added Component: Designator=U6(D0008A_N)
Add component. Clean all parameters for all variants
Add component (AddParameter): Name = "ChipDip"; Value = "9000342409"; VariantName = "[No Variations]"
Add component (AddParameter): Name = "ComponentLink1Description"; Value = "Datasheet"; VariantName = "[No Variations]"
Add component (AddParameter): Name = "ComponentLink1URL"; Value = "http://www.ti.com/general/docs/lit/getliterature.tsp?genericPartNumber=SN65HVD251&fileType=pdf"; VariantName = "[No Variations]"
Add component (AddParameter): Name = "ComponentLink2Description"; Value = ""; VariantName = "[No Variations]"
Add component (AddParameter): Name = "ComponentLink2URL"; Value = ""; VariantName = "[No Variations]"
Add component (AddParameter): Name = "Model"; Value = "SN65HVD251DR"; VariantName = "[No Variations]"
Add component (AddParameter): Name = "Mount"; Value = "SMD"; VariantName = "[No Variations]"
Add component (AddParameter): Name = "Type"; Value = "IC"; VariantName = "[No Variations]"
Added Component: Designator=U7(DBZ0003A_N)
Add component. Clean all parameters for all variants
Add component (AddParameter): Name = "ChipDip"; Value = ""; VariantName = "[No Variations]"
Add component (AddParameter): Name = "ComponentLink1Description"; Value = "Manufacturer URL"; VariantName = "[No Variations]"
Add component (AddParameter): Name = "ComponentLink1URL"; Value = "http://www.ti.com/"; VariantName = "[No Variations]"
Add component (AddParameter): Name = "ComponentLink2Description"; Value = "Datasheet"; VariantName = "[No Variations]"
Add component (AddParameter): Name = "ComponentLink2URL"; Value = "http://www.ti.com/general/docs/lit/getliterature.tsp?genericPartNumber=REF3020&fileType=pdf"; VariantName = "[No Variations]"
Add component (AddParameter): Name = "ComponentLink3Description"; Value = "Package Specification"; VariantName = "[No Variations]"
Add component (AddParameter): Name = "ComponentLink3URL"; Value = "http://www.ti.com/litv/pdf/mpds108a"; VariantName = "[No Variations]"
Add component (AddParameter): Name = "ComponentLink4Description"; Value = "URL Link1"; VariantName = "[No Variations]"
Add component (AddParameter): Name = "ComponentLink4URL"; Value = "Samples URL:http://www.ti.com/product/ref3020"; VariantName = "[No Variations]"
Add component (AddParameter): Name = "Model"; Value = "REF3030AIDBZR"; VariantName = "[No Variations]"
Add component (AddParameter): Name = "Type"; Value = "IC"; VariantName = "[No Variations]"
Added Component: Designator=X1(XTAL_3225)
Add component. Clean all parameters for all variants
Add component (AddParameter): Name = "ChipDip"; Value = "8026581531"; VariantName = "[No Variations]"
Add component (AddParameter): Name = "Model"; Value = "X322525MOB4SI"; VariantName = "[No Variations]"
Add component (AddParameter): Name = "Mount"; Value = "SMD"; VariantName = "[No Variations]"
Add component (AddParameter): Name = "Type"; Value = "CRYSTAL"; VariantName = "[No Variations]"
Add component (AddParameter): Name = "Value"; Value = "25 M"; VariantName = "[No Variations]"
Added Pin To Net: NetName=GND Pin=C9-2
Added Pin To Net: NetName=GND Pin=C10-2
Added Pin To Net: NetName=VCC Pin=C11-1
Added Pin To Net: NetName=GND Pin=C11-2
Added Pin To Net: NetName=GND Pin=C14-2
Added Pin To Net: NetName=GND Pin=C15-2
Added Pin To Net: NetName=VCC Pin=C16-1
Added Pin To Net: NetName=GND Pin=C16-2
Added Pin To Net: NetName=GND Pin=C17-1
Added Pin To Net: NetName=GND Pin=C18-1
Added Pin To Net: NetName=GND Pin=C19-2
Added Pin To Net: NetName=GND Pin=C20-2
Added Pin To Net: NetName=GND Pin=C21-2
Added Pin To Net: NetName=GND Pin=C22-2
Added Pin To Net: NetName=GND Pin=C23-2
Added Pin To Net: NetName=GND Pin=C24-2
Added Pin To Net: NetName=GND Pin=C25-2
Added Pin To Net: NetName=GND Pin=C26-2
Added Pin To Net: NetName=GND Pin=C27-2
Added Pin To Net: NetName=GND Pin=C28-1
Added Pin To Net: NetName=GND Pin=C28-2
Added Pin To Net: NetName=GND Pin=C29-1
Added Pin To Net: NetName=GND Pin=C29-2
Added Pin To Net: NetName=GND Pin=C30-2
Added Pin To Net: NetName=GND Pin=L3-1
Added Pin To Net: NetName=GND Pin=R8-1
Added Pin To Net: NetName=GND Pin=R9-2
Added Pin To Net: NetName=GND Pin=R11-1
Added Pin To Net: NetName=GND Pin=R12-2
Added Pin To Net: NetName=GND Pin=R13-1
Added Pin To Net: NetName=CURRENT_REF Pin=TP3-1
Added Pin To Net: NetName=VCC Pin=TP4-1
Added Pin To Net: NetName=GND Pin=TP6-1
Added Pin To Net: NetName=GND Pin=U2-2
Added Pin To Net: NetName=VCC Pin=U2-4
Added Pin To Net: NetName=VCC Pin=U2-5
Added Pin To Net: NetName=CURRENT_REF Pin=U3-12
Added Pin To Net: NetName=GND Pin=U3-19
Added Pin To Net: NetName=GND Pin=U3-23
Added Pin To Net: NetName=GND Pin=U3-35
Added Pin To Net: NetName=GND Pin=U3-47
Added Pin To Net: NetName=GND Pin=U4-9
Added Pin To Net: NetName=GND Pin=U4-12
Added Pin To Net: NetName=GND Pin=U5-2
Added Pin To Net: NetName=VCC Pin=U5-4
Added Pin To Net: NetName=VCC Pin=U5-5
Added Pin To Net: NetName=GND Pin=U6-2
Added Pin To Net: NetName=GND Pin=U7-2
Added Pin To Net: NetName=GND Pin=U7-3
Added Pin To Net: NetName=GND Pin=X1-2
Added Pin To Net: NetName=GND Pin=X1-4
Added Pin To Net: NetName=VCC Pin=X2-17
Added Pin To Net: NetName=VCC Pin=X2-17
Added Pin To Net: NetName=GND Pin=X2-18
Added Pin To Net: NetName=GND Pin=X2-18
Added Pin To Net: NetName=GND Pin=X2-18
Added Pin To Net: NetName=GND Pin=X2-18
Change Net Name : Old Net Name=NetR1_2 New Net Name=M_EN
Change Net Name : Old Net Name=NetR3_2 New Net Name=M_RESET
Change Net Name : Old Net Name=NetR4_1 New Net Name=M_FAULT
Change Net Name : Old Net Name=NetRA1_3 New Net Name=M_STEP
Change Net Name : Old Net Name=NetRA1_4 New Net Name=M_DIR
Change Net Name : Old Net Name=NetRA2_2 New Net Name=MODE_0
Change Net Name : Old Net Name=NetRA2_3 New Net Name=MODE_1
Change Net Name : Old Net Name=NetRA2_4 New Net Name=MODE_2
Change Net Name : Old Net Name=VCC New Net Name=SUPPLY
Added Pin To Net: NetName=5 V Pin=C13-2
Added Pin To Net: NetName=5 V Pin=C14-1
Added Pin To Net: NetName=5 V Pin=C15-1
Added Pin To Net: NetName=5 V Pin=D2-A
Added Pin To Net: NetName=5 V Pin=L2-2
Added Pin To Net: NetName=5 V Pin=R10-1
Added Pin To Net: NetName=5 V Pin=TP8-1
Added Net: Name=5 V
Added Pin To Net: NetName=CAN_H Pin=X2-1
Added Net: Name=CAN_H
Added Pin To Net: NetName=CAN_L Pin=X2-3
Added Net: Name=CAN_L
Added Pin To Net: NetName=CAN_N Pin=U6-6
Added Net: Name=CAN_N
Added Pin To Net: NetName=CAN_P Pin=U6-7
Added Net: Name=CAN_P
Added Pin To Net: NetName=CAN_RX Pin=U3-33
Added Pin To Net: NetName=CAN_RX Pin=U6-4
Added Net: Name=CAN_RX
Added Pin To Net: NetName=CAN_TX Pin=U3-34
Added Pin To Net: NetName=CAN_TX Pin=U6-1
Added Net: Name=CAN_TX
Added Pin To Net: NetName=COCK_N Pin=U4-3
Added Pin To Net: NetName=COCK_N Pin=X2-15
Added Net: Name=COCK_N
Added Pin To Net: NetName=COCK_P Pin=U4-4
Added Pin To Net: NetName=COCK_P Pin=X2-13
Added Net: Name=COCK_P
Added Pin To Net: NetName=COCK Pin=U4-14
Added Net: Name=COCK
Added Pin To Net: NetName=NetC7_1 Pin=C7-1
Added Pin To Net: NetName=NetC7_1 Pin=U2-1
Added Net: Name=NetC7_1
Added Pin To Net: NetName=NetC7_2 Pin=C7-2
Added Pin To Net: NetName=NetC7_2 Pin=L1-1
Added Pin To Net: NetName=NetC7_2 Pin=U2-6
Added Net: Name=NetC7_2
Added Pin To Net: NetName=NetC8_1 Pin=C8-1
Added Pin To Net: NetName=NetC8_1 Pin=R7-2
Added Pin To Net: NetName=NetC8_1 Pin=R9-1
Added Pin To Net: NetName=NetC8_1 Pin=U2-3
Added Net: Name=NetC8_1
Added Pin To Net: NetName=NetC12_1 Pin=C12-1
Added Pin To Net: NetName=NetC12_1 Pin=U5-1
Added Net: Name=NetC12_1
Added Pin To Net: NetName=NetC12_2 Pin=C12-2
Added Pin To Net: NetName=NetC12_2 Pin=L2-1
Added Pin To Net: NetName=NetC12_2 Pin=U5-6
Added Net: Name=NetC12_2
Added Pin To Net: NetName=NetC13_1 Pin=C13-1
Added Pin To Net: NetName=NetC13_1 Pin=R10-2
Added Pin To Net: NetName=NetC13_1 Pin=R12-1
Added Pin To Net: NetName=NetC13_1 Pin=U5-3
Added Net: Name=NetC13_1
Added Pin To Net: NetName=NetD1_K Pin=D1-K
Added Pin To Net: NetName=NetD1_K Pin=R8-2
Added Net: Name=NetD1_K
Added Pin To Net: NetName=NetD2_K Pin=D2-K
Added Pin To Net: NetName=NetD2_K Pin=R11-2
Added Net: Name=NetD2_K
Added Pin To Net: NetName=NetR13_2 Pin=R13-2
Added Pin To Net: NetName=NetR13_2 Pin=U6-8
Added Net: Name=NetR13_2
Added Pin To Net: NetName=NetTP1_1 Pin=TP1-1
Added Pin To Net: NetName=NetTP1_1 Pin=U1-19
Added Net: Name=NetTP1_1
Added Pin To Net: NetName=NetTP2_1 Pin=TP2-1
Added Pin To Net: NetName=NetTP2_1 Pin=U1-27
Added Net: Name=NetTP2_1
Added Pin To Net: NetName=OSC_IN Pin=C20-1
Added Pin To Net: NetName=OSC_IN Pin=U3-5
Added Pin To Net: NetName=OSC_IN Pin=X1-3
Added Net: Name=OSC_IN
Added Pin To Net: NetName=OSC_OUT Pin=C19-1
Added Pin To Net: NetName=OSC_OUT Pin=U3-6
Added Pin To Net: NetName=OSC_OUT Pin=X1-1
Added Net: Name=OSC_OUT
Added Pin To Net: NetName=RST Pin=U3-7
Added Net: Name=RST
Added Pin To Net: NetName=STOP_N Pin=U4-1
Added Pin To Net: NetName=STOP_N Pin=X2-7
Added Net: Name=STOP_N
Added Pin To Net: NetName=STOP_P Pin=U4-2
Added Pin To Net: NetName=STOP_P Pin=X2-5
Added Net: Name=STOP_P
Added Pin To Net: NetName=STOP Pin=U4-15
Added Net: Name=STOP
Added Pin To Net: NetName=SWCLK Pin=U3-38
Added Net: Name=SWCLK
Added Pin To Net: NetName=SWDIO Pin=U3-37
Added Net: Name=SWDIO
Added Pin To Net: NetName=SYNC_N Pin=U4-5
Added Pin To Net: NetName=SYNC_N Pin=X2-11
Added Net: Name=SYNC_N
Added Pin To Net: NetName=SYNC_P Pin=U4-6
Added Pin To Net: NetName=SYNC_P Pin=X2-9
Added Net: Name=SYNC_P
Added Pin To Net: NetName=SYNC Pin=U4-11
Added Net: Name=SYNC
Added Pin To Net: NetName=VDDA Pin=C30-1
Added Pin To Net: NetName=VDDA Pin=L4-2
Added Pin To Net: NetName=VDDA Pin=U3-21
Added Net: Name=VDDA
Added Pin To Net: NetName=VDD Pin=C8-2
Added Pin To Net: NetName=VDD Pin=C9-1
Added Pin To Net: NetName=VDD Pin=C10-1
Added Pin To Net: NetName=VDD Pin=C17-2
Added Pin To Net: NetName=VDD Pin=C18-2
Added Pin To Net: NetName=VDD Pin=C21-1
Added Pin To Net: NetName=VDD Pin=C22-1
Added Pin To Net: NetName=VDD Pin=C23-1
Added Pin To Net: NetName=VDD Pin=C24-1
Added Pin To Net: NetName=VDD Pin=C25-1
Added Pin To Net: NetName=VDD Pin=C26-1
Added Pin To Net: NetName=VDD Pin=C27-1
Added Pin To Net: NetName=VDD Pin=D1-A
Added Pin To Net: NetName=VDD Pin=L1-2
Added Pin To Net: NetName=VDD Pin=L3-2
Added Pin To Net: NetName=VDD Pin=L4-1
Added Pin To Net: NetName=VDD Pin=R1-1
Added Pin To Net: NetName=VDD Pin=R7-1
Added Pin To Net: NetName=VDD Pin=TP5-1
Added Pin To Net: NetName=VDD Pin=TP7-1
Added Pin To Net: NetName=VDD Pin=U3-1
Added Pin To Net: NetName=VDD Pin=U3-24
Added Pin To Net: NetName=VDD Pin=U3-36
Added Pin To Net: NetName=VDD Pin=U3-48
Added Pin To Net: NetName=VDD Pin=U4-13
Added Pin To Net: NetName=VDD Pin=U4-16
Added Pin To Net: NetName=VDD Pin=U6-3
Added Net: Name=VDD
Added Pin To Net: NetName=VREF Pin=U3-20
Added Pin To Net: NetName=VREF Pin=U7-1
Added Net: Name=VREF
Added Class: Name=Power_line
Added Member To Class: ClassName=Sheet1 Member=Component C7 100 ם
Added Member To Class: ClassName=Sheet1 Member=Component C8 N/A
Added Member To Class: ClassName=Sheet1 Member=Component C9 22 לך
Added Member To Class: ClassName=Sheet1 Member=Component C10 22 לך
Added Member To Class: ClassName=Sheet1 Member=Component C11 10 לך
Added Member To Class: ClassName=Sheet1 Member=Component C12 100 ם
Added Member To Class: ClassName=Sheet1 Member=Component C13 N/A
Added Member To Class: ClassName=Sheet1 Member=Component C14 22 לך
Added Member To Class: ClassName=Sheet1 Member=Component C15 22 לך
Added Member To Class: ClassName=Sheet1 Member=Component C16 10 לך
Added Member To Class: ClassName=Sheet1 Member=Component C17 4,7 לך
Added Member To Class: ClassName=Sheet1 Member=Component C18 0,1 לך
Added Member To Class: ClassName=Sheet1 Member=Component C19 12
Added Member To Class: ClassName=Sheet1 Member=Component C20 12
Added Member To Class: ClassName=Sheet1 Member=Component C21 4,7 לך
Added Member To Class: ClassName=Sheet1 Member=Component C22 0,1 לך
Added Member To Class: ClassName=Sheet1 Member=Component C23 4,7 לך
Added Member To Class: ClassName=Sheet1 Member=Component C24 0,1 לך
Added Member To Class: ClassName=Sheet1 Member=Component C25 0,1 לך
Added Member To Class: ClassName=Sheet1 Member=Component C26 0,1 לך
Added Member To Class: ClassName=Sheet1 Member=Component C27 0,1 לך
Added Member To Class: ClassName=Sheet1 Member=Component C28 0,1 לך
Added Member To Class: ClassName=Sheet1 Member=Component C29 4,7 לך
Added Member To Class: ClassName=Sheet1 Member=Component C30 0,1 לך
Added Member To Class: ClassName=Sheet1 Member=Component D1 GREEN
Added Member To Class: ClassName=Sheet1 Member=Component D2 GREEN
Added Member To Class: ClassName=Sheet1 Member=Component L1 4,7 לך
Added Member To Class: ClassName=Sheet1 Member=Component L2 4,7 לך
Added Member To Class: ClassName=Sheet1 Member=Component L3 120 ־ל
Added Member To Class: ClassName=Sheet1 Member=Component L4 120 ־ל
Added Member To Class: ClassName=Sheet1 Member=Component R7 31,25 ך
Added Member To Class: ClassName=Sheet1 Member=Component R8 150
Added Member To Class: ClassName=Sheet1 Member=Component R9 10 ך
Added Member To Class: ClassName=Sheet1 Member=Component R10 *
Added Member To Class: ClassName=Sheet1 Member=Component R11 150
Added Member To Class: ClassName=Sheet1 Member=Component R12 *
Added Member To Class: ClassName=Sheet1 Member=Component R13 10 ך
Added Member To Class: ClassName=Sheet1 Member=Component TP7 3.3 V
Added Member To Class: ClassName=Sheet1 Member=Component TP8 5 V
Added Member To Class: ClassName=Sheet1 Member=Component U2 RY8310
Added Member To Class: ClassName=Sheet1 Member=Component U5 RY8310
Added Member To Class: ClassName=Sheet1 Member=Component U6 SN65HVD251DR
Added Member To Class: ClassName=Sheet1 Member=Component U7 REF3030AIDBZR
Added Member To Class: ClassName=Sheet1 Member=Component X2 CNC_PCB_PCB
