Removed Pin From Net: NetName=SUPPLY Pin=C6-1
Removed Pin From Net: NetName=GND Pin=C6-2
Removed Pin From Net: NetName=SUPPLY Pin=C7-1
Removed Pin From Net: NetName=GND Pin=C7-2
Removed Member From Class: ClassName=U_Motor_Module Member=C6
Removed Member From Class: ClassName=U_Motor_Module Member=C7
Change component parameters: Designator = "C29"; Footprint = "FP-RAD-TH-D_5_0_5-L_11_1-MFG"; UniqueID = "\APVRKUGQ\XNXBIEHQ"
Change component parameters. Clean all parameters for all variants
Change component parameters (AddParameter): Name = "ChipDip"; Value = "9000565873 "; VariantName = "[No Variations]"
Change component parameters (AddParameter): Name = "Model"; Value = "JRB1C470M02000500110000B"; VariantName = "[No Variations]"
Change component parameters (AddParameter): Name = "Mount"; Value = "THT"; VariantName = "[No Variations]"
Change component parameters (AddParameter): Name = "Type"; Value = "CAP_ELECTROLYTIC"; VariantName = "[No Variations]"
Change component parameters (AddParameter): Name = "Value"; Value = "47 לך"; VariantName = "[No Variations]"
Change component parameters (AddParameter): Name = "Voltage"; Value = "16"; VariantName = "[No Variations]"
Change component parameters: Designator = "C30"; Footprint = "FP-RAD-TH-D_5_0_5-L_11_1-MFG"; UniqueID = "\APVRKUGQ\EEPLLPFW"
Change component parameters. Clean all parameters for all variants
Change component parameters (AddParameter): Name = "ChipDip"; Value = "9000565873 "; VariantName = "[No Variations]"
Change component parameters (AddParameter): Name = "Model"; Value = "JRB1C470M02000500110000B"; VariantName = "[No Variations]"
Change component parameters (AddParameter): Name = "Mount"; Value = "THT"; VariantName = "[No Variations]"
Change component parameters (AddParameter): Name = "Type"; Value = "CAP_ELECTROLYTIC"; VariantName = "[No Variations]"
Change component parameters (AddParameter): Name = "Value"; Value = "47 לך"; VariantName = "[No Variations]"
Change component parameters (AddParameter): Name = "Voltage"; Value = "16"; VariantName = "[No Variations]"
Added Pin To Net: NetName=GND Pin=C29-1
Added Pin To Net: NetName=SUPPLY Pin=C29-2
Added Pin To Net: NetName=GND Pin=C30-1
Added Pin To Net: NetName=SUPPLY Pin=C30-2
