Removed Pin From Net: NetName=3.3 V Pin=C?-1
Removed Pin From Net: NetName=5 V Pin=C?-1
Removed Pin From Net: NetName=NetC?_1 Pin=C?-1
Removed Pin From Net: NetName=3.3 V Pin=C?-2
Removed Pin From Net: NetName=5 V Pin=C?-2
Removed Pin From Net: NetName=GND Pin=C?-2
Removed Pin From Net: NetName=GND Pin=C?-2
Removed Member From Class: ClassName=Sheet1 Member=C?
Removed Member From Class: ClassName=Sheet1 Member=R?
Removed Member From Class: ClassName=Sheet1 Member=U?
Removed Member From Class: ClassName=Power_line Member=NetC?_2
Change Component Designator: OldDesignator=C? NewDesignator=C1
Change Component Designator: OldDesignator=C? NewDesignator=C2
Change Component Designator: OldDesignator=C? NewDesignator=C3
Change Component Designator: OldDesignator=C? NewDesignator=C4
Change Component Designator: OldDesignator=C? NewDesignator=C5
Change Component Designator: OldDesignator=C? NewDesignator=C6
Change Component Designator: OldDesignator=C? NewDesignator=C7
Change Component Designator: OldDesignator=C? NewDesignator=C8
Change Component Designator: OldDesignator=C? NewDesignator=C9
Change Component Designator: OldDesignator=C? NewDesignator=C10
Change Component Designator: OldDesignator=C? NewDesignator=C11
Change Component Designator: OldDesignator=C? NewDesignator=C12
Change Component Designator: OldDesignator=C? NewDesignator=C13
Change Component Designator: OldDesignator=C? NewDesignator=C14
Change Component Designator: OldDesignator=C? NewDesignator=C15
Change Component Designator: OldDesignator=C? NewDesignator=C16
Change Component Designator: OldDesignator=C? NewDesignator=C17
Change Component Designator: OldDesignator=C? NewDesignator=C18
Change Component Designator: OldDesignator=C? NewDesignator=C19
Change Component Designator: OldDesignator=C? NewDesignator=C20
Change Component Designator: OldDesignator=C? NewDesignator=C21
Change Component Designator: OldDesignator=C? NewDesignator=C22
Change Component Designator: OldDesignator=C? NewDesignator=C23
Change Component Designator: OldDesignator=C? NewDesignator=C24
Change Component Designator: OldDesignator=C? NewDesignator=C25
Change Component Designator: OldDesignator=C? NewDesignator=C26
Change Component Designator: OldDesignator=L? NewDesignator=L1
Change Component Designator: OldDesignator=L? NewDesignator=L2
Change Component Designator: OldDesignator=L? NewDesignator=L3
Change Component Designator: OldDesignator=L? NewDesignator=L4
Change Component Designator: OldDesignator=R? NewDesignator=R1
Change Component Designator: OldDesignator=R? NewDesignator=R2
Change Component Designator: OldDesignator=R? NewDesignator=R3
Change Component Designator: OldDesignator=R? NewDesignator=R4
Change Component Designator: OldDesignator=R? NewDesignator=R5
Change Component Designator: OldDesignator=R? NewDesignator=R6
Change Component Designator: OldDesignator=R? NewDesignator=R7
Change Component Designator: OldDesignator=R? NewDesignator=R8
Change Component Designator: OldDesignator=R? NewDesignator=R9
Change Component Designator: OldDesignator=R? NewDesignator=R10
Change Component Designator: OldDesignator=R? NewDesignator=R11
Change Component Designator: OldDesignator=R? NewDesignator=R12
Change Component Designator: OldDesignator=R? NewDesignator=R13
Change Component Designator: OldDesignator=R? NewDesignator=R14
Change Component Designator: OldDesignator=R? NewDesignator=R15
Change Component Designator: OldDesignator=R? NewDesignator=R16
Change Component Designator: OldDesignator=RA? NewDesignator=RA1
Change Component Designator: OldDesignator=RA? NewDesignator=RA2
Change Component Designator: OldDesignator=TP? NewDesignator=TP1
Change Component Designator: OldDesignator=TP? NewDesignator=TP2
Change Component Designator: OldDesignator=TP? NewDesignator=TP3
Change Component Designator: OldDesignator=U? NewDesignator=U1
Change Component Designator: OldDesignator=U? NewDesignator=U2
Change Component Designator: OldDesignator=U? NewDesignator=U3
Change Component Designator: OldDesignator=U? NewDesignator=U4
Change Component Designator: OldDesignator=U? NewDesignator=U5
Change Component Designator: OldDesignator=U? NewDesignator=U6
Change Component Designator: OldDesignator=U? NewDesignator=U7
Change Component Designator: OldDesignator=U? NewDesignator=U8
Change Component Designator: OldDesignator=U? NewDesignator=U9
Change Component Designator: OldDesignator=X? NewDesignator=X1
Change Component Designator: OldDesignator=X? NewDesignator=X2
Change Component Designator: OldDesignator=X? NewDesignator=X3
Change Component Designator: OldDesignator=X? NewDesignator=X4
Change Component Designator: OldDesignator=X? NewDesignator=X5
Change Net Name : Old Net Name=NetC?_1 New Net Name=NetC1_1
Change Net Name : Old Net Name=NetC?_1 New Net Name=NetC2_1
Change Net Name : Old Net Name=NetC?_1 New Net Name=NetC7_1
Change Net Name : Old Net Name=NetC?_1 New Net Name=NetC12_1
Change Net Name : Old Net Name=NetC?_1 New Net Name=NetR7_2
Change Net Name : Old Net Name=NetC?_1 New Net Name=NetR9_2
Change Net Name : Old Net Name=NetC?_2 New Net Name=NetC2_2
Change Net Name : Old Net Name=NetC?_2 New Net Name=NetC3_2
Change Net Name : Old Net Name=NetC?_2 New Net Name=NetC7_2
Change Net Name : Old Net Name=NetC?_2 New Net Name=NetC12_2
Change Net Name : Old Net Name=NetR?_1 New Net Name=NetR2_1
Change Net Name : Old Net Name=NetR?_1 New Net Name=NetR3_1
Change Net Name : Old Net Name=NetR?_1 New Net Name=NetR5_1
Change Net Name : Old Net Name=NetR?_2 New Net Name=NetR11_2
Change Net Name : Old Net Name=NetR?_2 New Net Name=NetR12_2
Change Net Name : Old Net Name=NetR?_2 New Net Name=NetR13_2
Change Net Name : Old Net Name=NetR?_2 New Net Name=NetR14_2
Change Net Name : Old Net Name=NetR?_2 New Net Name=NetR15_2
Change Net Name : Old Net Name=NetR?_2 New Net Name=NetR16_2
Change Net Name : Old Net Name=NetU?_5 New Net Name=NetU1_5
Change Net Name : Old Net Name=NetU?_7 New Net Name=NetU1_7
Change Net Name : Old Net Name=NetU?_8 New Net Name=NetU1_8
Change Net Name : Old Net Name=NetU?_10 New Net Name=NetU1_10
Added Member To Class: ClassName=U_Motor_Module Member=Component C2 10 ם
Added Member To Class: ClassName=U_Motor_Module Member=Component C3 0,1 לך
Added Member To Class: ClassName=U_Motor_Module Member=Component C4 0,47 לך
Added Member To Class: ClassName=U_Motor_Module Member=Component C5 0,47 לך
Added Member To Class: ClassName=U_Motor_Module Member=Component C6 47 לך
Added Member To Class: ClassName=Sheet1 Member=Component C7 100 ם
Added Member To Class: ClassName=Sheet1 Member=Component C8 22 לך
Added Member To Class: ClassName=Sheet1 Member=Component C9 10 לך
Added Member To Class: ClassName=Sheet1 Member=Component C10 4,7 לך
Added Member To Class: ClassName=Sheet1 Member=Component C11 0,1 לך
Added Member To Class: ClassName=Sheet1 Member=Component C12 100 ם
Added Member To Class: ClassName=Sheet1 Member=Component C13 22 לך
Added Member To Class: ClassName=Sheet1 Member=Component C14 10 לך
Added Member To Class: ClassName=Sheet1 Member=Component C15 4,7 לך
Added Member To Class: ClassName=Sheet1 Member=Component C16 0,1 לך
Added Member To Class: ClassName=Sheet1 Member=Component C17 12
Added Member To Class: ClassName=Sheet1 Member=Component C18 12
Added Member To Class: ClassName=Sheet1 Member=Component C19 4,7 לך
Added Member To Class: ClassName=Sheet1 Member=Component C20 0,1 לך
Added Member To Class: ClassName=Sheet1 Member=Component C21 0,1 לך
Added Member To Class: ClassName=Sheet1 Member=Component C22 0,1 לך
Added Member To Class: ClassName=Sheet1 Member=Component C23 0,1 לך
Added Member To Class: ClassName=Sheet1 Member=Component C24 0,1 לך
Added Member To Class: ClassName=Sheet1 Member=Component C25 4,7 לך
Added Member To Class: ClassName=Sheet1 Member=Component C26 0,1 לך
Added Member To Class: ClassName=Sheet1 Member=Component L2 4,7 לך
Added Member To Class: ClassName=Sheet1 Member=Component L3 120 ־ל
Added Member To Class: ClassName=Sheet1 Member=Component L4 120 ־ל
Added Member To Class: ClassName=U_Motor_Module Member=Component R2 100 ל־ל
Added Member To Class: ClassName=U_Motor_Module Member=Component R3 10 ך
Added Member To Class: ClassName=U_Motor_Module Member=Component R4 1,5 ך
Added Member To Class: ClassName=U_Motor_Module Member=Component R5 100 ל־ל
Added Member To Class: ClassName=U_Motor_Module Member=Component R6 5,1 ך
Added Member To Class: ClassName=Sheet1 Member=Component R7 31,25 ך
Added Member To Class: ClassName=Sheet1 Member=Component R8 10 ך
Added Member To Class: ClassName=Sheet1 Member=Component R9 *
Added Member To Class: ClassName=Sheet1 Member=Component R10 *
Added Member To Class: ClassName=Sheet1 Member=Component R11 10 ך
Added Member To Class: ClassName=Sheet1 Member=Component R12 100
Added Member To Class: ClassName=Sheet1 Member=Component R13 100
Added Member To Class: ClassName=Sheet1 Member=Component R14 100
Added Member To Class: ClassName=Sheet1 Member=Component R15 100
Added Member To Class: ClassName=Sheet1 Member=Component R16 100
Added Member To Class: ClassName=U_Motor_Module Member=Component RA2 RES_ARR-XB-28V
Added Member To Class: ClassName=U_Motor_Module Member=Component TP2 SUP
Added Member To Class: ClassName=U_Motor_Module Member=Component TP3 GND
Added Member To Class: ClassName=Sheet1 Member=Component U2 RY8310
Added Member To Class: ClassName=Sheet1 Member=Component U3 SN65LVDS048APWR
Added Member To Class: ClassName=Sheet1 Member=Component U4 STM32G431CBT6
Added Member To Class: ClassName=Sheet1 Member=Component U5 RY8310
Added Member To Class: ClassName=Sheet1 Member=Component U6 IP4220CZ6
Added Member To Class: ClassName=Sheet1 Member=Component U7 SN65HVD251DR
Added Member To Class: ClassName=Sheet1 Member=Component U8 IP4220CZ6
Added Member To Class: ClassName=Sheet1 Member=Component U9 REF3030AIDBZR
Added Member To Class: ClassName=Sheet1 Member=Component X1 *
Added Member To Class: ClassName=Sheet1 Member=Component X3 *
Added Member To Class: ClassName=Sheet1 Member=Component X4 CNC_PCB_PCB
Added Member To Class: ClassName=Sheet1 Member=Component X5 *
Added Member To Class: ClassName=Power_line Member=Wire NetC7_2
Added Member To Class: ClassName=Power_line Member=Wire NetC12_2
