Removed Pin From Net: NetName=CURRENT_REF Pin=U4-12
Removed Member From Class: ClassName=U_Motor_Module Member=U3
Removed Member From Class: ClassName=Sheet1 Member=X3
Removed Member From Class: ClassName=Sheet1 Member=X5
Removed Member From Class: ClassName=Power_line Member=NetC7_2
Removed Member From Class: ClassName=Power_line Member=NetC12_2
Change Component Designator: OldDesignator=C1 NewDesignator=C?
Change Component Designator: OldDesignator=C2 NewDesignator=C?
Change Component Designator: OldDesignator=C3 NewDesignator=C?
Change Component Designator: OldDesignator=C4 NewDesignator=C?
Change Component Designator: OldDesignator=C5 NewDesignator=C?
Change Component Designator: OldDesignator=C6 NewDesignator=C?
Change Component Designator: OldDesignator=C7 NewDesignator=C?
Change Component Designator: OldDesignator=C8 NewDesignator=C?
Change Component Designator: OldDesignator=C9 NewDesignator=C?
Change Component Designator: OldDesignator=C10 NewDesignator=C?
Change Component Designator: OldDesignator=C11 NewDesignator=C?
Change Component Designator: OldDesignator=C12 NewDesignator=C?
Change Component Designator: OldDesignator=C13 NewDesignator=C?
Change Component Designator: OldDesignator=C14 NewDesignator=C?
Change Component Designator: OldDesignator=C15 NewDesignator=C?
Change Component Designator: OldDesignator=C16 NewDesignator=C?
Change Component Designator: OldDesignator=C17 NewDesignator=C?
Change Component Designator: OldDesignator=C18 NewDesignator=C?
Change Component Designator: OldDesignator=C19 NewDesignator=C?
Change Component Designator: OldDesignator=C20 NewDesignator=C?
Change Component Designator: OldDesignator=C21 NewDesignator=C?
Change Component Designator: OldDesignator=C22 NewDesignator=C?
Change Component Designator: OldDesignator=C23 NewDesignator=C?
Change Component Designator: OldDesignator=C24 NewDesignator=C?
Change Component Designator: OldDesignator=C25 NewDesignator=C?
Change Component Designator: OldDesignator=C26 NewDesignator=C?
Change Component Designator: OldDesignator=L1 NewDesignator=L?
Change Component Designator: OldDesignator=L2 NewDesignator=L?
Change Component Designator: OldDesignator=L3 NewDesignator=L?
Change Component Designator: OldDesignator=L4 NewDesignator=L?
Change Component Designator: OldDesignator=R1 NewDesignator=R?
Change Component Designator: OldDesignator=R2 NewDesignator=R?
Change Component Designator: OldDesignator=R3 NewDesignator=R?
Change Component Designator: OldDesignator=R4 NewDesignator=R?
Change Component Designator: OldDesignator=R5 NewDesignator=R?
Change Component Designator: OldDesignator=R6 NewDesignator=R?
Change Component Designator: OldDesignator=R7 NewDesignator=R?
Change Component Designator: OldDesignator=R8 NewDesignator=R?
Change Component Designator: OldDesignator=R9 NewDesignator=R?
Change Component Designator: OldDesignator=R10 NewDesignator=R?
Change Component Designator: OldDesignator=R11 NewDesignator=R?
Change Component Designator: OldDesignator=R12 NewDesignator=R?
Change Component Designator: OldDesignator=R13 NewDesignator=R?
Change Component Designator: OldDesignator=R14 NewDesignator=R?
Change Component Designator: OldDesignator=R15 NewDesignator=R?
Change Component Designator: OldDesignator=R16 NewDesignator=R?
Change Component Designator: OldDesignator=RA1 NewDesignator=RA?
Change Component Designator: OldDesignator=RA2 NewDesignator=RA?
Change Component Designator: OldDesignator=TP1 NewDesignator=TP?
Change Component Designator: OldDesignator=TP2 NewDesignator=TP?
Change Component Designator: OldDesignator=TP3 NewDesignator=TP?
Change Component Designator: OldDesignator=U1 NewDesignator=U?
Change Component Designator: OldDesignator=U2 NewDesignator=U?
Change Component Designator: OldDesignator=U3 NewDesignator=U?
Change Component Designator: OldDesignator=U4 NewDesignator=U?
Change Component Designator: OldDesignator=U5 NewDesignator=U?
Change Component Designator: OldDesignator=U6 NewDesignator=U?
Change Component Designator: OldDesignator=U7 NewDesignator=U?
Change Component Designator: OldDesignator=U8 NewDesignator=U?
Change Component Designator: OldDesignator=U9 NewDesignator=U?
Change Component Designator: OldDesignator=X1 NewDesignator=X?
Change Component Designator: OldDesignator=X2 NewDesignator=X?
Change Component Designator: OldDesignator=X4 NewDesignator=X?
Added Component: Designator=C?(CAP_0603)
Add component. Clean all parameters for all variants
Add component (AddParameter): Name = "ChipDip"; Value = ""; VariantName = "[No Variations]"
Add component (AddParameter): Name = "Mount"; Value = "SMD"; VariantName = "[No Variations]"
Add component (AddParameter): Name = "Type"; Value = "CAP_CERAMIC"; VariantName = "[No Variations]"
Add component (AddParameter): Name = "Value"; Value = "0,1 לך"; VariantName = "[No Variations]"
Added Component: Designator=C?(CAP_0805)
Add component. Clean all parameters for all variants
Add component (AddParameter): Name = "ChipDip"; Value = ""; VariantName = "[No Variations]"
Add component (AddParameter): Name = "Mount"; Value = "SMD"; VariantName = "[No Variations]"
Add component (AddParameter): Name = "Type"; Value = "CAP_CERAMIC"; VariantName = "[No Variations]"
Add component (AddParameter): Name = "Value"; Value = "4,7 לך"; VariantName = "[No Variations]"
Added Component: Designator=U?(MTC16_M)
Add component. Clean all parameters for all variants
Add component (AddParameter): Name = "ChipDip"; Value = "9001070381"; VariantName = "[No Variations]"
Add component (AddParameter): Name = "ComponentLink1Description"; Value = "DS90LV047A Datasheet"; VariantName = "[No Variations]"
Add component (AddParameter): Name = "ComponentLink1URL"; Value = "http://www.national.com/ds/DS/DS90LV047A.pdf"; VariantName = "[No Variations]"
Add component (AddParameter): Name = "ComponentLink2Description"; Value = "DS90LV047A Web Page"; VariantName = "[No Variations]"
Add component (AddParameter): Name = "ComponentLink2URL"; Value = "http://www.national.com/pf/DS/DS90LV047A.html"; VariantName = "[No Variations]"
Add component (AddParameter): Name = "ComponentLink3Description"; Value = "MTC16 Package Page"; VariantName = "[No Variations]"
Add component (AddParameter): Name = "ComponentLink3URL"; Value = "http://www.national.com/packaging/folders/mtc16.html"; VariantName = "[No Variations]"
Add component (AddParameter): Name = "Model"; Value = "SN65LVDS048APWR"; VariantName = "[No Variations]"
Add component (AddParameter): Name = "Mount"; Value = "SMD"; VariantName = "[No Variations]"
Add component (AddParameter): Name = "Type"; Value = "IC"; VariantName = "[No Variations]"
Added Pin To Net: NetName=GND Pin=C?-1
Added Pin To Net: NetName=GND Pin=C?-1
Added Pin To Net: NetName=3.3 V Pin=C?-2
Added Pin To Net: NetName=3.3 V Pin=C?-2
Added Pin To Net: NetName=COCK Pin=U?-8
Added Pin To Net: NetName=GND Pin=U?-9
Added Pin To Net: NetName=GND Pin=U?-12
Added Pin To Net: NetName=3.3 V Pin=U?-13
Added Pin To Net: NetName=M_STEP Pin=U?-14
Added Pin To Net: NetName=M_DIR Pin=U?-15
Added Pin To Net: NetName=3.3 V Pin=U?-16
Added Pin To Net: NetName=M_EN Pin=U?-16
Added Pin To Net: NetName=M_RESET Pin=U?-17
Added Pin To Net: NetName=M_FAULT Pin=U?-18
Added Pin To Net: NetName=STOP Pin=U?-28
Added Pin To Net: NetName=SYNC Pin=U?-29
Added Pin To Net: NetName=UART_RX Pin=U?-39
Added Pin To Net: NetName=UART_TX Pin=U?-40
Change Net Name : Old Net Name=NetC1_1 New Net Name=NetC?_1
Change Net Name : Old Net Name=NetC2_1 New Net Name=NetC?_1
Change Net Name : Old Net Name=NetC2_2 New Net Name=NetC?_2
Change Net Name : Old Net Name=NetC3_2 New Net Name=NetC?_2
Change Net Name : Old Net Name=NetC7_1 New Net Name=NetC?_1
Change Net Name : Old Net Name=NetC7_2 New Net Name=NetC?_2
Change Net Name : Old Net Name=NetC12_1 New Net Name=NetC?_1
Change Net Name : Old Net Name=NetC12_2 New Net Name=NetC?_2
Change Net Name : Old Net Name=NetR2_1 New Net Name=NetR?_1
Change Net Name : Old Net Name=NetR3_1 New Net Name=NetR?_1
Change Net Name : Old Net Name=NetR5_1 New Net Name=NetR?_1
Change Net Name : Old Net Name=NetR7_2 New Net Name=NetR?_1
Change Net Name : Old Net Name=NetR9_2 New Net Name=NetR?_1
Change Net Name : Old Net Name=NetR11_2 New Net Name=NetR?_2
Change Net Name : Old Net Name=NetR12_2 New Net Name=NetR?_2
Change Net Name : Old Net Name=NetR13_2 New Net Name=NetR?_2
Change Net Name : Old Net Name=NetR14_2 New Net Name=NetR?_2
Change Net Name : Old Net Name=NetR15_2 New Net Name=NetR?_2
Change Net Name : Old Net Name=NetR16_2 New Net Name=NetR?_2
Added Pin To Net: NetName=ENC_AN Pin=U?-1
Added Net: Name=ENC_AN
Added Pin To Net: NetName=ENC_AP Pin=U?-2
Added Net: Name=ENC_AP
Added Pin To Net: NetName=ENC_A Pin=U?-15
Added Pin To Net: NetName=ENC_A Pin=U?-31
Added Net: Name=ENC_A
Added Pin To Net: NetName=ENC_BN Pin=U?-4
Added Net: Name=ENC_BN
Added Pin To Net: NetName=ENC_BP Pin=U?-3
Added Net: Name=ENC_BP
Added Pin To Net: NetName=ENC_B Pin=U?-14
Added Pin To Net: NetName=ENC_B Pin=U?-30
Added Net: Name=ENC_B
Added Pin To Net: NetName=ENC_ZN Pin=U?-5
Added Net: Name=ENC_ZN
Added Pin To Net: NetName=ENC_ZP Pin=U?-6
Added Net: Name=ENC_ZP
Added Pin To Net: NetName=ENC_Z Pin=U?-11
Added Pin To Net: NetName=ENC_Z Pin=U?-32
Added Net: Name=ENC_Z
Added Pin To Net: NetName=I_REF Pin=U?-13
Added Net: Name=I_REF
Added Pin To Net: NetName=M_A1 Pin=U?-5
Added Net: Name=M_A1
Added Pin To Net: NetName=M_A2 Pin=U?-7
Added Net: Name=M_A2
Added Pin To Net: NetName=M_B1 Pin=U?-10
Added Net: Name=M_B1
Added Pin To Net: NetName=M_B2 Pin=U?-8
Added Net: Name=M_B2
Added Pin To Net: NetName=M_DECAY Pin=U?-12
Added Pin To Net: NetName=M_DECAY Pin=U?-19
Added Net: Name=M_DECAY
Added Pin To Net: NetName=M_MODE_0 Pin=RA?-2
Added Pin To Net: NetName=M_MODE_0 Pin=U?-11
Added Pin To Net: NetName=M_MODE_0 Pin=U?-24
Added Net: Name=M_MODE_0
Added Pin To Net: NetName=M_MODE_1 Pin=RA?-3
Added Pin To Net: NetName=M_MODE_1 Pin=U?-10
Added Pin To Net: NetName=M_MODE_1 Pin=U?-25
Added Net: Name=M_MODE_1
Added Pin To Net: NetName=M_MODE_2 Pin=RA?-4
Added Pin To Net: NetName=M_MODE_2 Pin=U?-9
Added Pin To Net: NetName=M_MODE_2 Pin=U?-26
Added Net: Name=M_MODE_2
Added Member To Class: ClassName=Sheet1 Member=Component C? 0,1 לך
Added Member To Class: ClassName=Sheet1 Member=Component C? 4,7 לך
Added Member To Class: ClassName=U_Motor_Module Member=Component C? 0,47 לך
Added Member To Class: ClassName=Sheet1 Member=Component R? 10 ך
Added Member To Class: ClassName=Sheet1 Member=Component R? 10 ך
Added Member To Class: ClassName=U_Motor_Module Member=Component R? 10 ך
Added Member To Class: ClassName=U_Motor_Module Member=Component RA? RES_ARR-XB-28V
Added Member To Class: ClassName=U_Motor_Module Member=Component TP? GND
Added Member To Class: ClassName=U_Motor_Module Member=Component TP? SUP
Added Member To Class: ClassName=U_Motor_Module Member=Component TP? SUP
Added Member To Class: ClassName=Sheet1 Member=Component U? SN65LVDS048APWR
Added Member To Class: ClassName=U_Motor_Module Member=Component U? DRV8825PWP
Added Member To Class: ClassName=Sheet1 Member=Component X? 25 M
Added Member To Class: ClassName=Power_line Member=Wire NetC?_2
