Added Member To Class: ClassName=Sheet1 Member=Component C? 4,7 לך
Added Member To Class: ClassName=Sheet1 Member=Component C? 0,1 לך
Added Member To Class: ClassName=Sheet1 Member=Component C? 4,7 לך
Added Member To Class: ClassName=Sheet1 Member=Component C? 22 לך
Added Member To Class: ClassName=Sheet1 Member=Component C? 4,7 לך
Added Member To Class: ClassName=Sheet1 Member=Component C? 0,1 לך
Added Member To Class: ClassName=Sheet1 Member=Component C? 100 ם
Added Member To Class: ClassName=Sheet1 Member=Component C? 10 לך
Added Member To Class: ClassName=Sheet1 Member=Component C? 100 ם
Added Member To Class: ClassName=Sheet1 Member=Component C? 22 לך
Added Member To Class: ClassName=Sheet1 Member=Component C? 0,1 לך
Added Member To Class: ClassName=Sheet1 Member=Component C? 4,7 לך
Added Member To Class: ClassName=Sheet1 Member=Component C? 0,1 לך
Added Member To Class: ClassName=Sheet1 Member=Component C? 0,1 לך
Added Member To Class: ClassName=Sheet1 Member=Component C? 0,1 לך
Added Member To Class: ClassName=Sheet1 Member=Component C? 0,1 לך
Added Member To Class: ClassName=Sheet1 Member=Component C? 10 לך
Added Member To Class: ClassName=Sheet1 Member=Component C? 0,1 לך
Added Member To Class: ClassName=Sheet1 Member=Component C? 4,7 לך
Added Member To Class: ClassName=Sheet1 Member=Component C? 0,1 לך
Added Member To Class: ClassName=Sheet1 Member=Component C? 12
Added Member To Class: ClassName=U_Motor_Module Member=Component C? 0,47 לך
Added Member To Class: ClassName=U_Motor_Module Member=Component C? 10 ם
Added Member To Class: ClassName=U_Motor_Module Member=Component C? 0,47 לך
Added Member To Class: ClassName=U_Motor_Module Member=Component C? 0,1 לך
Added Member To Class: ClassName=U_Motor_Module Member=Component C? 47 לך
Added Member To Class: ClassName=Sheet1 Member=Component L? 4,7 לך
Added Member To Class: ClassName=Sheet1 Member=Component L? 120 ־ל
Added Member To Class: ClassName=Sheet1 Member=Component L? 120 ־ל
Added Member To Class: ClassName=Sheet1 Member=Component R? 10 ך
Added Member To Class: ClassName=Sheet1 Member=Component R? *
Added Member To Class: ClassName=Sheet1 Member=Component R? *
Added Member To Class: ClassName=Sheet1 Member=Component R? 10 ך
Added Member To Class: ClassName=Sheet1 Member=Component R? 100
Added Member To Class: ClassName=Sheet1 Member=Component R? 100
Added Member To Class: ClassName=Sheet1 Member=Component R? 100
Added Member To Class: ClassName=Sheet1 Member=Component R? 100
Added Member To Class: ClassName=Sheet1 Member=Component R? 100
Added Member To Class: ClassName=U_Motor_Module Member=Component R? 10 ך
Added Member To Class: ClassName=U_Motor_Module Member=Component R? 100 ל־ל
Added Member To Class: ClassName=U_Motor_Module Member=Component R? 5,1 ך
Added Member To Class: ClassName=U_Motor_Module Member=Component R? 10 ך
Added Member To Class: ClassName=U_Motor_Module Member=Component R? 1,5 ך
Added Member To Class: ClassName=U_Motor_Module Member=Component RA? RES_ARR-XB-28V
Added Member To Class: ClassName=U_Motor_Module Member=Component TP? SUP
Added Member To Class: ClassName=U_Motor_Module Member=Component TP? GND
Added Member To Class: ClassName=Sheet1 Member=Component U? RY8310
Added Member To Class: ClassName=Sheet1 Member=Component U? SN65HVD251DR
Added Member To Class: ClassName=Sheet1 Member=Component U? RY8310
Added Member To Class: ClassName=Sheet1 Member=Component U? STM32G431CBT6
Added Member To Class: ClassName=Sheet1 Member=Component U? SN65LVDS048APWR
Added Member To Class: ClassName=Sheet1 Member=Component U? IP4220CZ6
Added Member To Class: ClassName=Sheet1 Member=Component U? IP4220CZ6
Added Member To Class: ClassName=Sheet1 Member=Component U? SN65LVDS048APWR
Added Member To Class: ClassName=Sheet1 Member=Component X? 25 M
Added Member To Class: ClassName=Sheet1 Member=Component X? *
Added Member To Class: ClassName=Power_line Member=Wire SUPPLY
Added Room: Name=Sheet1
Added Room: Name=U_Motor_Module
