Change Managed Component Library Link : Designator=C29 Old VaultGUID= New VaultGUID=B7D15EC3-160A-466F-A46C-7801FE6295A7 Old ItemGUID= New ItemGUID=9B75B397-0A92-47F3-AD8D-C7860B152859 Old RevisionGUID= New RevisionGUID=CB641C92-0A13-4346-AE6F-249E1776019C
Change Managed Component Library Link : Designator=C30 Old VaultGUID= New VaultGUID=B7D15EC3-160A-466F-A46C-7801FE6295A7 Old ItemGUID= New ItemGUID=9B75B397-0A92-47F3-AD8D-C7860B152859 Old RevisionGUID= New RevisionGUID=CB641C92-0A13-4346-AE6F-249E1776019C
Change Managed Component Library Link : Designator=U1 Old VaultGUID= New VaultGUID=B7D15EC3-160A-466F-A46C-7801FE6295A7 Old ItemGUID= New ItemGUID=99CEB394-A06C-41F0-80ED-186FA1370A0B Old RevisionGUID= New RevisionGUID=11C84FA6-0B99-4DFE-81B3-04F3FFCCD07D
Change Managed Component Library Link : Designator=U3 Old VaultGUID= New VaultGUID=B7D15EC3-160A-466F-A46C-7801FE6295A7 Old ItemGUID= New ItemGUID=EDDF055E-45BB-4CEC-B2B3-ABA0BEBE8D84 Old RevisionGUID= New RevisionGUID=64F35849-C38A-41D6-AB2C-B7440AD068F1
Change Managed Component Library Link : Designator=U4 Old VaultGUID= New VaultGUID=B7D15EC3-160A-466F-A46C-7801FE6295A7 Old ItemGUID= New ItemGUID=EDDF055E-45BB-4CEC-B2B3-ABA0BEBE8D84 Old RevisionGUID= New RevisionGUID=64F35849-C38A-41D6-AB2C-B7440AD068F1
Change Managed Component Library Link : Designator=U5 Old VaultGUID= New VaultGUID=B7D15EC3-160A-466F-A46C-7801FE6295A7 Old ItemGUID= New ItemGUID=0EBA5A9A-07CD-4D07-A1EE-B8A2E0C4005C Old RevisionGUID= New RevisionGUID=EB9DBF57-0BDF-4566-BF76-E8040E885458
Change Managed Component Library Link : Designator=U7 Old VaultGUID= New VaultGUID=B7D15EC3-160A-466F-A46C-7801FE6295A7 Old ItemGUID= New ItemGUID=4C878D5D-3AF2-4A73-A77F-388DC77FCAB7 Old RevisionGUID= New RevisionGUID=A0872617-C032-4918-8DCC-D2E75EB02F78
Change Managed Component Library Link : Designator=U8 Old VaultGUID= New VaultGUID=B7D15EC3-160A-466F-A46C-7801FE6295A7 Old ItemGUID= New ItemGUID=7E0A2988-67BB-4229-B1AD-0ED88C78F4F3 Old RevisionGUID= New RevisionGUID=285AD856-AD2C-4B2F-A588-E9A122592A5C
Change Managed Component Library Link : Designator=U9 Old VaultGUID= New VaultGUID=B7D15EC3-160A-466F-A46C-7801FE6295A7 Old ItemGUID= New ItemGUID=7E0A2988-67BB-4229-B1AD-0ED88C78F4F3 Old RevisionGUID= New RevisionGUID=285AD856-AD2C-4B2F-A588-E9A122592A5C
Change Managed Component Library Link : Designator=U10 Old VaultGUID= New VaultGUID=B7D15EC3-160A-466F-A46C-7801FE6295A7 Old ItemGUID= New ItemGUID=83DD71C0-8752-42F2-9C7C-ED7B9CC86D27 Old RevisionGUID= New RevisionGUID=17C76386-4D58-40D3-B4D4-2F5A3878CA86
Added Pin To Net: NetName=CAN_H Pin=X2-2
Added Pin To Net: NetName=CAN_L Pin=X2-4
Added Pin To Net: NetName=STOP_P Pin=X2-6
Added Pin To Net: NetName=STOP_N Pin=X2-8
Added Pin To Net: NetName=SYNC_P Pin=X2-10
Added Pin To Net: NetName=SYNC_N Pin=X2-12
Added Pin To Net: NetName=COCK_P Pin=X2-14
Added Pin To Net: NetName=COCK_N Pin=X2-16
Added Room: Name=Sheet1
Added Room: Name=U_Motor_Module
