Removed Pin From Net: NetName=SUPPLY Pin=C6-1
Removed Pin From Net: NetName=GND Pin=C6-2
Removed Member From Class: ClassName=U_Motor_Module Member=C6
Added Component: Designator=C29(FP-RAD-TH-D_5_0_5-L_11_1-MFG)
Add component. Clean all parameters for all variants
Add component (AddParameter): Name = "ChipDip"; Value = "9000565873"; VariantName = "[No Variations]"
Add component (AddParameter): Name = "Model"; Value = "JRB1C470M02000500110000B"; VariantName = "[No Variations]"
Add component (AddParameter): Name = "Mount"; Value = "THT"; VariantName = "[No Variations]"
Add component (AddParameter): Name = "Type"; Value = "CAP_ELECTROLYTIC"; VariantName = "[No Variations]"
Add component (AddParameter): Name = "Value"; Value = "47 לך"; VariantName = "[No Variations]"
Add component (AddParameter): Name = "Voltage"; Value = "16"; VariantName = "[No Variations]"
Added Component: Designator=C30(FP-RAD-TH-D_5_0_5-L_11_1-MFG)
Add component. Clean all parameters for all variants
Add component (AddParameter): Name = "ChipDip"; Value = "9000565873"; VariantName = "[No Variations]"
Add component (AddParameter): Name = "Model"; Value = "JRB1C470M02000500110000B"; VariantName = "[No Variations]"
Add component (AddParameter): Name = "Mount"; Value = "THT"; VariantName = "[No Variations]"
Add component (AddParameter): Name = "Type"; Value = "CAP_ELECTROLYTIC"; VariantName = "[No Variations]"
Add component (AddParameter): Name = "Value"; Value = "47 לך"; VariantName = "[No Variations]"
Add component (AddParameter): Name = "Voltage"; Value = "16"; VariantName = "[No Variations]"
Added Pin To Net: NetName=GND Pin=C29-1
Added Pin To Net: NetName=SUPPLY Pin=C29-2
Added Pin To Net: NetName=GND Pin=C30-1
Added Pin To Net: NetName=SUPPLY Pin=C30-2
Added Member To Class: ClassName=U_Motor_Module Member=Component C29 ECA2AM2R2
Added Member To Class: ClassName=U_Motor_Module Member=Component C30 ECA2AM2R2
