Removed Member From Class: ClassName=U_Motor_Module Member=R8
Removed Member From Class: ClassName=U_Motor_Module Member=U3
Change Component Footprint: Designator=C9 Old Footprint=CAP_AE_SMD_D6MM3_H5M55 New Footprint=CAP_0805
Change Component Footprint: Designator=C16 Old Footprint=CAP_AE_SMD_D6MM3_H5M55 New Footprint=CAP_0805
Change Component Comment : Designator=C9 Old Comment=10 לך New Comment=0,47 לך
Change Component Comment : Designator=C16 Old Comment=10 לך New Comment=0,47 לך
Change component parameters: Designator = "C9"; Footprint = "CAP_0805"; UniqueID = "\XYOEUWHN"
Change component parameters. Clean all parameters for all variants
Change component parameters (AddParameter): Name = "Type"; Value = "CAP_CERAMIC"; VariantName = "[No Variations]"
Change component parameters (AddParameter): Name = "Value"; Value = "0,47 לך"; VariantName = "[No Variations]"
Change component parameters (AddParameter): Name = "Voltage"; Value = "50"; VariantName = "[No Variations]"
Change component parameters: Designator = "C16"; Footprint = "CAP_0805"; UniqueID = "\RYGBLBWB"
Change component parameters. Clean all parameters for all variants
Change component parameters (AddParameter): Name = "Type"; Value = "CAP_CERAMIC"; VariantName = "[No Variations]"
Change component parameters (AddParameter): Name = "Value"; Value = "0,47 לך"; VariantName = "[No Variations]"
Change component parameters (AddParameter): Name = "Voltage"; Value = "50"; VariantName = "[No Variations]"
Added Member To Class: ClassName=U_Motor_Module Member=Component C1 0,47 לך
Added Member To Class: ClassName=U_Motor_Module Member=Component R1 10 ך
Added Member To Class: ClassName=U_Motor_Module Member=Component RA1 RES_ARR-XB-28V
Added Member To Class: ClassName=U_Motor_Module Member=Component U1 DRV8825PWP
Added Member To Class: ClassName=Sheet1 Member=Component X1 25 M
